I 05.20/15:47:39 main.py:23  ] => Experiment directory: /storage/hujiacong/zxd/Huawei/TransNet/exps/01878_seed42_400ep
I 05.20/15:47:39 main.py:24  ] => PyTorch Version: 2.5.1
I 05.20/15:47:39 init.py:13  ] Random seed set to 42
I 05.20/15:47:39 init.py:38  ] Running on GPU 0
I 05.20/15:47:41 init.py:69  ] => Model Name: TransNet [pretrained: None]
I 05.20/15:47:41 init.py:70  ] => Model Config: compression ratio=1/4; input shape=(2, 64, 64); input dim=8192
I 05.20/15:47:41 init.py:73  ] => Model Flops: 168.133M
I 05.20/15:47:41 init.py:74  ] => Model Params Num: 34.094M

I 05.20/15:47:41 init.py:75  ] 
**********
Transformer(
  (encoder): TransformerEncoder(
    (layer): TransformerEncoderLayer(
      (self_attn): MultiheadAttention(
        (out_proj): Linear(in_features=64, out_features=64, bias=True)
      )
      (linear1): Linear(in_features=64, out_features=2048, bias=True)
      (dropout): Dropout(p=0.0, inplace=False)
      (linear2): Linear(in_features=2048, out_features=64, bias=True)
      (norm1): LayerNorm((64,), eps=1e-05, elementwise_affine=True)
      (norm2): LayerNorm((64,), eps=1e-05, elementwise_affine=True)
      (dropout1): Dropout(p=0.0, inplace=False)
      (dropout2): Dropout(p=0.0, inplace=False)
    )
  )
  (decoder): TransformerDecoder(
    (layer): TransformerDecoderLayer(
      (self_attn): MultiheadAttention(
        (out_proj): Linear(in_features=64, out_features=64, bias=True)
      )
      (multihead_attn): MultiheadAttention(
        (out_proj): Linear(in_features=64, out_features=64, bias=True)
      )
      (linear1): Linear(in_features=64, out_features=2048, bias=True)
      (dropout): Dropout(p=0.0, inplace=False)
      (linear2): Linear(in_features=2048, out_features=64, bias=True)
      (norm1): LayerNorm((64,), eps=1e-05, elementwise_affine=True)
      (norm2): LayerNorm((64,), eps=1e-05, elementwise_affine=True)
      (norm3): LayerNorm((64,), eps=1e-05, elementwise_affine=True)
      (dropout1): Dropout(p=0.0, inplace=False)
      (dropout2): Dropout(p=0.0, inplace=False)
      (dropout3): Dropout(p=0.0, inplace=False)
    )
    (norm): LayerNorm((64,), eps=1e-05, elementwise_affine=True)
  )
  (fc_encoder): Linear(in_features=8192, out_features=2048, bias=True)
  (fc_decoder): Linear(in_features=2048, out_features=8192, bias=True)
)
**********

I 05.20/15:47:44 solver.py:151 ] => Train  Loss: 1.4976e+00

I 05.20/15:47:46 solver.py:151 ] => Train  Loss: 1.4825e+00

I 05.20/15:47:48 solver.py:151 ] => Train  Loss: 1.4486e+00

I 05.20/15:47:50 solver.py:151 ] => Train  Loss: 1.3929e+00

I 05.20/15:47:52 solver.py:151 ] => Train  Loss: 1.3155e+00

I 05.20/15:47:54 solver.py:151 ] => Train  Loss: 1.2221e+00

I 05.20/15:47:56 solver.py:151 ] => Train  Loss: 1.1187e+00

I 05.20/15:47:59 solver.py:151 ] => Train  Loss: 1.0134e+00

I 05.20/15:48:01 solver.py:151 ] => Train  Loss: 9.1170e-01

I 05.20/15:48:03 solver.py:151 ] => Train  Loss: 8.1744e-01

I 05.20/15:48:03 solver.py:151 ] => Val  Loss: 7.8748e-01

I 05.20/15:48:04 solver.py:285 ] => Test NMSE: 9.1878e-02

I 05.20/15:48:06 solver.py:206 ] 
=! Best NMSE: 9.1878e-02 (epoch=10)

I 05.20/15:48:07 solver.py:151 ] => Train  Loss: 7.3110e-01

I 05.20/15:48:08 solver.py:206 ] 
=! Best NMSE: 9.1878e-02 (epoch=10)

I 05.20/15:48:09 solver.py:151 ] => Train  Loss: 6.5366e-01

I 05.20/15:48:10 solver.py:206 ] 
=! Best NMSE: 9.1878e-02 (epoch=10)

I 05.20/15:48:11 solver.py:151 ] => Train  Loss: 5.8601e-01

I 05.20/15:48:12 solver.py:206 ] 
=! Best NMSE: 9.1878e-02 (epoch=10)

I 05.20/15:48:13 solver.py:151 ] => Train  Loss: 5.2567e-01

I 05.20/15:48:14 solver.py:206 ] 
=! Best NMSE: 9.1878e-02 (epoch=10)

I 05.20/15:48:15 solver.py:151 ] => Train  Loss: 4.7291e-01

I 05.20/15:48:17 solver.py:206 ] 
=! Best NMSE: 9.1878e-02 (epoch=10)

I 05.20/15:48:18 solver.py:151 ] => Train  Loss: 4.2689e-01

I 05.20/15:48:19 solver.py:206 ] 
=! Best NMSE: 9.1878e-02 (epoch=10)

I 05.20/15:48:20 solver.py:151 ] => Train  Loss: 3.8635e-01

I 05.20/15:48:21 solver.py:206 ] 
=! Best NMSE: 9.1878e-02 (epoch=10)

I 05.20/15:48:22 solver.py:151 ] => Train  Loss: 3.5099e-01

I 05.20/15:48:23 solver.py:206 ] 
=! Best NMSE: 9.1878e-02 (epoch=10)

I 05.20/15:48:24 solver.py:151 ] => Train  Loss: 3.1923e-01

I 05.20/15:48:25 solver.py:206 ] 
=! Best NMSE: 9.1878e-02 (epoch=10)

I 05.20/15:48:26 solver.py:151 ] => Train  Loss: 2.9230e-01

I 05.20/15:48:27 solver.py:151 ] => Val  Loss: 2.9102e-01

I 05.20/15:48:27 solver.py:285 ] => Test NMSE: -4.3063e+00

I 05.20/15:48:29 solver.py:206 ] 
=! Best NMSE: -4.3063e+00 (epoch=20)

I 05.20/15:48:31 solver.py:151 ] => Train  Loss: 2.6903e-01

I 05.20/15:48:32 solver.py:206 ] 
=! Best NMSE: -4.3063e+00 (epoch=20)

I 05.20/15:48:33 solver.py:151 ] => Train  Loss: 2.4906e-01

I 05.20/15:48:34 solver.py:206 ] 
=! Best NMSE: -4.3063e+00 (epoch=20)

I 05.20/15:48:36 solver.py:151 ] => Train  Loss: 2.3241e-01

I 05.20/15:48:37 solver.py:206 ] 
=! Best NMSE: -4.3063e+00 (epoch=20)

I 05.20/15:48:39 solver.py:151 ] => Train  Loss: 2.1822e-01

I 05.20/15:48:42 solver.py:206 ] 
=! Best NMSE: -4.3063e+00 (epoch=20)

I 05.20/15:48:44 solver.py:151 ] => Train  Loss: 2.0661e-01

I 05.20/15:48:45 solver.py:206 ] 
=! Best NMSE: -4.3063e+00 (epoch=20)

I 05.20/15:48:47 solver.py:151 ] => Train  Loss: 1.9604e-01

I 05.20/15:48:48 solver.py:206 ] 
=! Best NMSE: -4.3063e+00 (epoch=20)

I 05.20/15:48:49 solver.py:151 ] => Train  Loss: 1.8731e-01

I 05.20/15:48:50 solver.py:206 ] 
=! Best NMSE: -4.3063e+00 (epoch=20)

I 05.20/15:48:52 solver.py:151 ] => Train  Loss: 1.7972e-01

I 05.20/15:48:53 solver.py:206 ] 
=! Best NMSE: -4.3063e+00 (epoch=20)

I 05.20/15:48:54 solver.py:151 ] => Train  Loss: 1.7317e-01

I 05.20/15:48:55 solver.py:206 ] 
=! Best NMSE: -4.3063e+00 (epoch=20)

I 05.20/15:48:57 solver.py:151 ] => Train  Loss: 1.6693e-01

I 05.20/15:48:57 solver.py:151 ] => Val  Loss: 1.7561e-01

I 05.20/15:48:57 solver.py:285 ] => Test NMSE: -6.5215e+00

I 05.20/15:49:00 solver.py:206 ] 
=! Best NMSE: -6.5215e+00 (epoch=30)

I 05.20/15:49:02 solver.py:151 ] => Train  Loss: 1.6173e-01

I 05.20/15:49:04 solver.py:206 ] 
=! Best NMSE: -6.5215e+00 (epoch=30)

I 05.20/15:49:06 solver.py:151 ] => Train  Loss: 1.5672e-01

I 05.20/15:49:08 solver.py:206 ] 
=! Best NMSE: -6.5215e+00 (epoch=30)

I 05.20/15:49:10 solver.py:151 ] => Train  Loss: 1.5216e-01

I 05.20/15:49:11 solver.py:206 ] 
=! Best NMSE: -6.5215e+00 (epoch=30)

I 05.20/15:49:13 solver.py:151 ] => Train  Loss: 1.4836e-01

I 05.20/15:49:15 solver.py:206 ] 
=! Best NMSE: -6.5215e+00 (epoch=30)

I 05.20/15:49:17 solver.py:151 ] => Train  Loss: 1.4466e-01

I 05.20/15:49:18 solver.py:206 ] 
=! Best NMSE: -6.5215e+00 (epoch=30)

I 05.20/15:49:20 solver.py:151 ] => Train  Loss: 1.4150e-01

I 05.20/15:49:21 solver.py:206 ] 
=! Best NMSE: -6.5215e+00 (epoch=30)

I 05.20/15:49:24 solver.py:151 ] => Train  Loss: 1.3816e-01

I 05.20/15:49:25 solver.py:206 ] 
=! Best NMSE: -6.5215e+00 (epoch=30)

I 05.20/15:49:27 solver.py:151 ] => Train  Loss: 1.3514e-01

I 05.20/15:49:29 solver.py:206 ] 
=! Best NMSE: -6.5215e+00 (epoch=30)

I 05.20/15:49:32 solver.py:151 ] => Train  Loss: 1.3228e-01

I 05.20/15:49:33 solver.py:206 ] 
=! Best NMSE: -6.5215e+00 (epoch=30)

I 05.20/15:49:35 solver.py:151 ] => Train  Loss: 1.2955e-01

I 05.20/15:49:36 solver.py:151 ] => Val  Loss: 1.3911e-01

I 05.20/15:49:36 solver.py:285 ] => Test NMSE: -7.5108e+00

I 05.20/15:49:39 solver.py:206 ] 
=! Best NMSE: -7.5108e+00 (epoch=40)

I 05.20/15:49:41 solver.py:151 ] => Train  Loss: 1.2686e-01

I 05.20/15:49:42 solver.py:206 ] 
=! Best NMSE: -7.5108e+00 (epoch=40)

I 05.20/15:49:44 solver.py:151 ] => Train  Loss: 1.2432e-01

I 05.20/15:49:45 solver.py:206 ] 
=! Best NMSE: -7.5108e+00 (epoch=40)

I 05.20/15:49:48 solver.py:151 ] => Train  Loss: 1.2205e-01

I 05.20/15:49:49 solver.py:206 ] 
=! Best NMSE: -7.5108e+00 (epoch=40)

I 05.20/15:49:51 solver.py:151 ] => Train  Loss: 1.1999e-01

I 05.20/15:49:52 solver.py:206 ] 
=! Best NMSE: -7.5108e+00 (epoch=40)

I 05.20/15:49:53 solver.py:151 ] => Train  Loss: 1.1790e-01

I 05.20/15:49:54 solver.py:206 ] 
=! Best NMSE: -7.5108e+00 (epoch=40)

I 05.20/15:49:56 solver.py:151 ] => Train  Loss: 1.1618e-01

I 05.20/15:49:58 solver.py:206 ] 
=! Best NMSE: -7.5108e+00 (epoch=40)

I 05.20/15:49:59 solver.py:151 ] => Train  Loss: 1.1432e-01

I 05.20/15:50:00 solver.py:206 ] 
=! Best NMSE: -7.5108e+00 (epoch=40)

I 05.20/15:50:01 solver.py:151 ] => Train  Loss: 1.1245e-01

I 05.20/15:50:03 solver.py:206 ] 
=! Best NMSE: -7.5108e+00 (epoch=40)

I 05.20/15:50:04 solver.py:151 ] => Train  Loss: 1.1090e-01

I 05.20/15:50:06 solver.py:206 ] 
=! Best NMSE: -7.5108e+00 (epoch=40)

I 05.20/15:50:08 solver.py:151 ] => Train  Loss: 1.0947e-01

I 05.20/15:50:08 solver.py:151 ] => Val  Loss: 1.1823e-01

I 05.20/15:50:09 solver.py:285 ] => Test NMSE: -8.1931e+00

I 05.20/15:50:12 solver.py:206 ] 
=! Best NMSE: -8.1931e+00 (epoch=50)

I 05.20/15:50:14 solver.py:151 ] => Train  Loss: 1.0783e-01

I 05.20/15:50:16 solver.py:206 ] 
=! Best NMSE: -8.1931e+00 (epoch=50)

I 05.20/15:50:18 solver.py:151 ] => Train  Loss: 1.0639e-01

I 05.20/15:50:20 solver.py:206 ] 
=! Best NMSE: -8.1931e+00 (epoch=50)

I 05.20/15:50:22 solver.py:151 ] => Train  Loss: 1.0516e-01

I 05.20/15:50:24 solver.py:206 ] 
=! Best NMSE: -8.1931e+00 (epoch=50)

I 05.20/15:50:26 solver.py:151 ] => Train  Loss: 1.0393e-01

I 05.20/15:50:27 solver.py:206 ] 
=! Best NMSE: -8.1931e+00 (epoch=50)

I 05.20/15:50:28 solver.py:151 ] => Train  Loss: 1.0271e-01

I 05.20/15:50:29 solver.py:206 ] 
=! Best NMSE: -8.1931e+00 (epoch=50)

I 05.20/15:50:32 solver.py:151 ] => Train  Loss: 1.0141e-01

I 05.20/15:50:34 solver.py:206 ] 
=! Best NMSE: -8.1931e+00 (epoch=50)

I 05.20/15:50:36 solver.py:151 ] => Train  Loss: 1.0032e-01

I 05.20/15:50:37 solver.py:206 ] 
=! Best NMSE: -8.1931e+00 (epoch=50)

I 05.20/15:50:38 solver.py:151 ] => Train  Loss: 9.9220e-02

I 05.20/15:50:40 solver.py:206 ] 
=! Best NMSE: -8.1931e+00 (epoch=50)

I 05.20/15:50:41 solver.py:151 ] => Train  Loss: 9.8061e-02

I 05.20/15:50:43 solver.py:206 ] 
=! Best NMSE: -8.1931e+00 (epoch=50)

I 05.20/15:50:44 solver.py:151 ] => Train  Loss: 9.7129e-02

I 05.20/15:50:45 solver.py:151 ] => Val  Loss: 1.0491e-01

I 05.20/15:50:45 solver.py:285 ] => Test NMSE: -8.7043e+00

I 05.20/15:50:47 solver.py:206 ] 
=! Best NMSE: -8.7043e+00 (epoch=60)

I 05.20/15:50:49 solver.py:151 ] => Train  Loss: 9.6108e-02

I 05.20/15:50:50 solver.py:206 ] 
=! Best NMSE: -8.7043e+00 (epoch=60)

I 05.20/15:50:51 solver.py:151 ] => Train  Loss: 9.5071e-02

I 05.20/15:50:52 solver.py:206 ] 
=! Best NMSE: -8.7043e+00 (epoch=60)

I 05.20/15:50:55 solver.py:151 ] => Train  Loss: 9.4140e-02

I 05.20/15:50:56 solver.py:206 ] 
=! Best NMSE: -8.7043e+00 (epoch=60)

I 05.20/15:50:59 solver.py:151 ] => Train  Loss: 9.3213e-02

I 05.20/15:51:00 solver.py:206 ] 
=! Best NMSE: -8.7043e+00 (epoch=60)

I 05.20/15:51:03 solver.py:151 ] => Train  Loss: 9.2202e-02

I 05.20/15:51:04 solver.py:206 ] 
=! Best NMSE: -8.7043e+00 (epoch=60)

I 05.20/15:51:06 solver.py:151 ] => Train  Loss: 9.1444e-02

I 05.20/15:51:08 solver.py:206 ] 
=! Best NMSE: -8.7043e+00 (epoch=60)

I 05.20/15:51:11 solver.py:151 ] => Train  Loss: 9.0533e-02

I 05.20/15:51:12 solver.py:206 ] 
=! Best NMSE: -8.7043e+00 (epoch=60)

I 05.20/15:51:15 solver.py:151 ] => Train  Loss: 8.9575e-02

I 05.20/15:51:16 solver.py:206 ] 
=! Best NMSE: -8.7043e+00 (epoch=60)

I 05.20/15:51:18 solver.py:151 ] => Train  Loss: 8.8785e-02

I 05.20/15:51:20 solver.py:206 ] 
=! Best NMSE: -8.7043e+00 (epoch=60)

I 05.20/15:51:21 solver.py:151 ] => Train  Loss: 8.7893e-02

I 05.20/15:51:21 solver.py:151 ] => Val  Loss: 9.4931e-02

I 05.20/15:51:21 solver.py:285 ] => Test NMSE: -9.1408e+00

I 05.20/15:51:24 solver.py:206 ] 
=! Best NMSE: -9.1408e+00 (epoch=70)

I 05.20/15:51:25 solver.py:151 ] => Train  Loss: 8.7141e-02

I 05.20/15:51:26 solver.py:206 ] 
=! Best NMSE: -9.1408e+00 (epoch=70)

I 05.20/15:51:29 solver.py:151 ] => Train  Loss: 8.6325e-02

I 05.20/15:51:30 solver.py:206 ] 
=! Best NMSE: -9.1408e+00 (epoch=70)

I 05.20/15:51:32 solver.py:151 ] => Train  Loss: 8.5611e-02

I 05.20/15:51:34 solver.py:206 ] 
=! Best NMSE: -9.1408e+00 (epoch=70)

I 05.20/15:51:36 solver.py:151 ] => Train  Loss: 8.4714e-02

I 05.20/15:51:37 solver.py:206 ] 
=! Best NMSE: -9.1408e+00 (epoch=70)

I 05.20/15:51:39 solver.py:151 ] => Train  Loss: 8.3987e-02

I 05.20/15:51:40 solver.py:206 ] 
=! Best NMSE: -9.1408e+00 (epoch=70)

I 05.20/15:51:41 solver.py:151 ] => Train  Loss: 8.3254e-02

I 05.20/15:51:42 solver.py:206 ] 
=! Best NMSE: -9.1408e+00 (epoch=70)

I 05.20/15:51:44 solver.py:151 ] => Train  Loss: 8.2558e-02

I 05.20/15:51:45 solver.py:206 ] 
=! Best NMSE: -9.1408e+00 (epoch=70)

I 05.20/15:51:46 solver.py:151 ] => Train  Loss: 8.1764e-02

I 05.20/15:51:47 solver.py:206 ] 
=! Best NMSE: -9.1408e+00 (epoch=70)

I 05.20/15:51:49 solver.py:151 ] => Train  Loss: 8.1096e-02

I 05.20/15:51:50 solver.py:206 ] 
=! Best NMSE: -9.1408e+00 (epoch=70)

I 05.20/15:51:51 solver.py:151 ] => Train  Loss: 8.0417e-02

I 05.20/15:51:52 solver.py:151 ] => Val  Loss: 8.6779e-02

I 05.20/15:51:52 solver.py:285 ] => Test NMSE: -9.5402e+00

I 05.20/15:51:55 solver.py:206 ] 
=! Best NMSE: -9.5402e+00 (epoch=80)

I 05.20/15:51:56 solver.py:151 ] => Train  Loss: 7.9679e-02

I 05.20/15:51:57 solver.py:206 ] 
=! Best NMSE: -9.5402e+00 (epoch=80)

I 05.20/15:52:00 solver.py:151 ] => Train  Loss: 7.9055e-02

I 05.20/15:52:01 solver.py:206 ] 
=! Best NMSE: -9.5402e+00 (epoch=80)

I 05.20/15:52:03 solver.py:151 ] => Train  Loss: 7.8379e-02

I 05.20/15:52:06 solver.py:206 ] 
=! Best NMSE: -9.5402e+00 (epoch=80)

I 05.20/15:52:08 solver.py:151 ] => Train  Loss: 7.7646e-02

I 05.20/15:52:10 solver.py:206 ] 
=! Best NMSE: -9.5402e+00 (epoch=80)

I 05.20/15:52:12 solver.py:151 ] => Train  Loss: 7.7065e-02

I 05.20/15:52:13 solver.py:206 ] 
=! Best NMSE: -9.5402e+00 (epoch=80)

I 05.20/15:52:14 solver.py:151 ] => Train  Loss: 7.6363e-02

I 05.20/15:52:16 solver.py:206 ] 
=! Best NMSE: -9.5402e+00 (epoch=80)

I 05.20/15:52:18 solver.py:151 ] => Train  Loss: 7.5739e-02

I 05.20/15:52:20 solver.py:206 ] 
=! Best NMSE: -9.5402e+00 (epoch=80)

I 05.20/15:52:22 solver.py:151 ] => Train  Loss: 7.5099e-02

I 05.20/15:52:24 solver.py:206 ] 
=! Best NMSE: -9.5402e+00 (epoch=80)

I 05.20/15:52:26 solver.py:151 ] => Train  Loss: 7.4484e-02

I 05.20/15:52:28 solver.py:206 ] 
=! Best NMSE: -9.5402e+00 (epoch=80)

I 05.20/15:52:30 solver.py:151 ] => Train  Loss: 7.3868e-02

I 05.20/15:52:30 solver.py:151 ] => Val  Loss: 7.9755e-02

I 05.20/15:52:30 solver.py:285 ] => Test NMSE: -9.9162e+00

I 05.20/15:52:34 solver.py:206 ] 
=! Best NMSE: -9.9162e+00 (epoch=90)

I 05.20/15:52:35 solver.py:151 ] => Train  Loss: 7.3329e-02

I 05.20/15:52:37 solver.py:206 ] 
=! Best NMSE: -9.9162e+00 (epoch=90)

I 05.20/15:52:38 solver.py:151 ] => Train  Loss: 7.2659e-02

I 05.20/15:52:40 solver.py:206 ] 
=! Best NMSE: -9.9162e+00 (epoch=90)

I 05.20/15:52:42 solver.py:151 ] => Train  Loss: 7.2121e-02

I 05.20/15:52:43 solver.py:206 ] 
=! Best NMSE: -9.9162e+00 (epoch=90)

I 05.20/15:52:46 solver.py:151 ] => Train  Loss: 7.1428e-02

I 05.20/15:52:47 solver.py:206 ] 
=! Best NMSE: -9.9162e+00 (epoch=90)

I 05.20/15:52:49 solver.py:151 ] => Train  Loss: 7.0818e-02

I 05.20/15:52:51 solver.py:206 ] 
=! Best NMSE: -9.9162e+00 (epoch=90)

I 05.20/15:52:53 solver.py:151 ] => Train  Loss: 7.0301e-02

I 05.20/15:52:54 solver.py:206 ] 
=! Best NMSE: -9.9162e+00 (epoch=90)

I 05.20/15:52:57 solver.py:151 ] => Train  Loss: 6.9781e-02

I 05.20/15:52:58 solver.py:206 ] 
=! Best NMSE: -9.9162e+00 (epoch=90)

I 05.20/15:53:00 solver.py:151 ] => Train  Loss: 6.9188e-02

I 05.20/15:53:01 solver.py:206 ] 
=! Best NMSE: -9.9162e+00 (epoch=90)

I 05.20/15:53:03 solver.py:151 ] => Train  Loss: 6.8606e-02

I 05.20/15:53:04 solver.py:206 ] 
=! Best NMSE: -9.9162e+00 (epoch=90)

I 05.20/15:53:06 solver.py:151 ] => Train  Loss: 6.8014e-02

I 05.20/15:53:06 solver.py:151 ] => Val  Loss: 7.3523e-02

I 05.20/15:53:07 solver.py:285 ] => Test NMSE: -1.0281e+01

I 05.20/15:53:10 solver.py:206 ] 
=! Best NMSE: -1.0281e+01 (epoch=100)

I 05.20/15:53:12 solver.py:151 ] => Train  Loss: 6.7534e-02

I 05.20/15:53:13 solver.py:206 ] 
=! Best NMSE: -1.0281e+01 (epoch=100)

I 05.20/15:53:14 solver.py:151 ] => Train  Loss: 6.6898e-02

I 05.20/15:53:16 solver.py:206 ] 
=! Best NMSE: -1.0281e+01 (epoch=100)

I 05.20/15:53:17 solver.py:151 ] => Train  Loss: 6.6369e-02

I 05.20/15:53:18 solver.py:206 ] 
=! Best NMSE: -1.0281e+01 (epoch=100)

I 05.20/15:53:20 solver.py:151 ] => Train  Loss: 6.5938e-02

I 05.20/15:53:22 solver.py:206 ] 
=! Best NMSE: -1.0281e+01 (epoch=100)

I 05.20/15:53:24 solver.py:151 ] => Train  Loss: 6.5379e-02

I 05.20/15:53:25 solver.py:206 ] 
=! Best NMSE: -1.0281e+01 (epoch=100)

I 05.20/15:53:28 solver.py:151 ] => Train  Loss: 6.4841e-02

I 05.20/15:53:29 solver.py:206 ] 
=! Best NMSE: -1.0281e+01 (epoch=100)

I 05.20/15:53:31 solver.py:151 ] => Train  Loss: 6.4261e-02

I 05.20/15:53:33 solver.py:206 ] 
=! Best NMSE: -1.0281e+01 (epoch=100)

I 05.20/15:53:35 solver.py:151 ] => Train  Loss: 6.3811e-02

I 05.20/15:53:36 solver.py:206 ] 
=! Best NMSE: -1.0281e+01 (epoch=100)

I 05.20/15:53:37 solver.py:151 ] => Train  Loss: 6.3262e-02

I 05.20/15:53:39 solver.py:206 ] 
=! Best NMSE: -1.0281e+01 (epoch=100)

I 05.20/15:53:40 solver.py:151 ] => Train  Loss: 6.2789e-02

I 05.20/15:53:40 solver.py:151 ] => Val  Loss: 6.7917e-02

I 05.20/15:53:41 solver.py:285 ] => Test NMSE: -1.0637e+01

I 05.20/15:53:43 solver.py:206 ] 
=! Best NMSE: -1.0637e+01 (epoch=110)

I 05.20/15:53:44 solver.py:151 ] => Train  Loss: 6.2293e-02

I 05.20/15:53:46 solver.py:206 ] 
=! Best NMSE: -1.0637e+01 (epoch=110)

I 05.20/15:53:48 solver.py:151 ] => Train  Loss: 6.1757e-02

I 05.20/15:53:49 solver.py:206 ] 
=! Best NMSE: -1.0637e+01 (epoch=110)

I 05.20/15:53:50 solver.py:151 ] => Train  Loss: 6.1292e-02

I 05.20/15:53:52 solver.py:206 ] 
=! Best NMSE: -1.0637e+01 (epoch=110)

I 05.20/15:53:53 solver.py:151 ] => Train  Loss: 6.0813e-02

I 05.20/15:53:55 solver.py:206 ] 
=! Best NMSE: -1.0637e+01 (epoch=110)

I 05.20/15:53:56 solver.py:151 ] => Train  Loss: 6.0348e-02

I 05.20/15:53:58 solver.py:206 ] 
=! Best NMSE: -1.0637e+01 (epoch=110)

I 05.20/15:53:59 solver.py:151 ] => Train  Loss: 5.9858e-02

I 05.20/15:54:01 solver.py:206 ] 
=! Best NMSE: -1.0637e+01 (epoch=110)

I 05.20/15:54:03 solver.py:151 ] => Train  Loss: 5.9378e-02

I 05.20/15:54:04 solver.py:206 ] 
=! Best NMSE: -1.0637e+01 (epoch=110)

I 05.20/15:54:07 solver.py:151 ] => Train  Loss: 5.8927e-02

I 05.20/15:54:08 solver.py:206 ] 
=! Best NMSE: -1.0637e+01 (epoch=110)

I 05.20/15:54:09 solver.py:151 ] => Train  Loss: 5.8449e-02

I 05.20/15:54:11 solver.py:206 ] 
=! Best NMSE: -1.0637e+01 (epoch=110)

I 05.20/15:54:12 solver.py:151 ] => Train  Loss: 5.7956e-02

I 05.20/15:54:12 solver.py:151 ] => Val  Loss: 6.2830e-02

I 05.20/15:54:12 solver.py:285 ] => Test NMSE: -1.0985e+01

I 05.20/15:54:15 solver.py:206 ] 
=! Best NMSE: -1.0985e+01 (epoch=120)

I 05.20/15:54:17 solver.py:151 ] => Train  Loss: 5.7507e-02

I 05.20/15:54:19 solver.py:206 ] 
=! Best NMSE: -1.0985e+01 (epoch=120)

I 05.20/15:54:21 solver.py:151 ] => Train  Loss: 5.7123e-02

I 05.20/15:54:22 solver.py:206 ] 
=! Best NMSE: -1.0985e+01 (epoch=120)

I 05.20/15:54:23 solver.py:151 ] => Train  Loss: 5.6690e-02

I 05.20/15:54:25 solver.py:206 ] 
=! Best NMSE: -1.0985e+01 (epoch=120)

I 05.20/15:54:26 solver.py:151 ] => Train  Loss: 5.6166e-02

I 05.20/15:54:27 solver.py:206 ] 
=! Best NMSE: -1.0985e+01 (epoch=120)

I 05.20/15:54:29 solver.py:151 ] => Train  Loss: 5.5763e-02

I 05.20/15:54:31 solver.py:206 ] 
=! Best NMSE: -1.0985e+01 (epoch=120)

I 05.20/15:54:34 solver.py:151 ] => Train  Loss: 5.5309e-02

I 05.20/15:54:35 solver.py:206 ] 
=! Best NMSE: -1.0985e+01 (epoch=120)

I 05.20/15:54:38 solver.py:151 ] => Train  Loss: 5.4878e-02

I 05.20/15:54:39 solver.py:206 ] 
=! Best NMSE: -1.0985e+01 (epoch=120)

I 05.20/15:54:41 solver.py:151 ] => Train  Loss: 5.4509e-02

I 05.20/15:54:42 solver.py:206 ] 
=! Best NMSE: -1.0985e+01 (epoch=120)

I 05.20/15:54:43 solver.py:151 ] => Train  Loss: 5.4049e-02

I 05.20/15:54:45 solver.py:206 ] 
=! Best NMSE: -1.0985e+01 (epoch=120)

I 05.20/15:54:46 solver.py:151 ] => Train  Loss: 5.3627e-02

I 05.20/15:54:47 solver.py:151 ] => Val  Loss: 5.8222e-02

I 05.20/15:54:47 solver.py:285 ] => Test NMSE: -1.1327e+01

I 05.20/15:54:50 solver.py:206 ] 
=! Best NMSE: -1.1327e+01 (epoch=130)

I 05.20/15:54:51 solver.py:151 ] => Train  Loss: 5.3204e-02

I 05.20/15:54:52 solver.py:206 ] 
=! Best NMSE: -1.1327e+01 (epoch=130)

I 05.20/15:54:54 solver.py:151 ] => Train  Loss: 5.2773e-02

I 05.20/15:54:55 solver.py:206 ] 
=! Best NMSE: -1.1327e+01 (epoch=130)

I 05.20/15:54:56 solver.py:151 ] => Train  Loss: 5.2405e-02

I 05.20/15:54:58 solver.py:206 ] 
=! Best NMSE: -1.1327e+01 (epoch=130)

I 05.20/15:54:59 solver.py:151 ] => Train  Loss: 5.2026e-02

I 05.20/15:55:01 solver.py:206 ] 
=! Best NMSE: -1.1327e+01 (epoch=130)

I 05.20/15:55:02 solver.py:151 ] => Train  Loss: 5.1628e-02

I 05.20/15:55:04 solver.py:206 ] 
=! Best NMSE: -1.1327e+01 (epoch=130)

I 05.20/15:55:06 solver.py:151 ] => Train  Loss: 5.1197e-02

I 05.20/15:55:07 solver.py:206 ] 
=! Best NMSE: -1.1327e+01 (epoch=130)

I 05.20/15:55:10 solver.py:151 ] => Train  Loss: 5.0836e-02

I 05.20/15:55:11 solver.py:206 ] 
=! Best NMSE: -1.1327e+01 (epoch=130)

I 05.20/15:55:13 solver.py:151 ] => Train  Loss: 5.0497e-02

I 05.20/15:55:15 solver.py:206 ] 
=! Best NMSE: -1.1327e+01 (epoch=130)

I 05.20/15:55:16 solver.py:151 ] => Train  Loss: 5.0046e-02

I 05.20/15:55:17 solver.py:206 ] 
=! Best NMSE: -1.1327e+01 (epoch=130)

I 05.20/15:55:18 solver.py:151 ] => Train  Loss: 4.9682e-02

I 05.20/15:55:18 solver.py:151 ] => Val  Loss: 5.4017e-02

I 05.20/15:55:19 solver.py:285 ] => Test NMSE: -1.1664e+01

I 05.20/15:55:22 solver.py:206 ] 
=! Best NMSE: -1.1664e+01 (epoch=140)

I 05.20/15:55:24 solver.py:151 ] => Train  Loss: 4.9344e-02

I 05.20/15:55:25 solver.py:206 ] 
=! Best NMSE: -1.1664e+01 (epoch=140)

I 05.20/15:55:27 solver.py:151 ] => Train  Loss: 4.8946e-02

I 05.20/15:55:29 solver.py:206 ] 
=! Best NMSE: -1.1664e+01 (epoch=140)

I 05.20/15:55:31 solver.py:151 ] => Train  Loss: 4.8498e-02

I 05.20/15:55:32 solver.py:206 ] 
=! Best NMSE: -1.1664e+01 (epoch=140)

I 05.20/15:55:34 solver.py:151 ] => Train  Loss: 4.8142e-02

I 05.20/15:55:36 solver.py:206 ] 
=! Best NMSE: -1.1664e+01 (epoch=140)

I 05.20/15:55:37 solver.py:151 ] => Train  Loss: 4.7840e-02

I 05.20/15:55:38 solver.py:206 ] 
=! Best NMSE: -1.1664e+01 (epoch=140)

I 05.20/15:55:39 solver.py:151 ] => Train  Loss: 4.7476e-02

I 05.20/15:55:41 solver.py:206 ] 
=! Best NMSE: -1.1664e+01 (epoch=140)

I 05.20/15:55:43 solver.py:151 ] => Train  Loss: 4.7098e-02

I 05.20/15:55:44 solver.py:206 ] 
=! Best NMSE: -1.1664e+01 (epoch=140)

I 05.20/15:55:46 solver.py:151 ] => Train  Loss: 4.6754e-02

I 05.20/15:55:47 solver.py:206 ] 
=! Best NMSE: -1.1664e+01 (epoch=140)

I 05.20/15:55:49 solver.py:151 ] => Train  Loss: 4.6351e-02

I 05.20/15:55:50 solver.py:206 ] 
=! Best NMSE: -1.1664e+01 (epoch=140)

I 05.20/15:55:51 solver.py:151 ] => Train  Loss: 4.6093e-02

I 05.20/15:55:51 solver.py:151 ] => Val  Loss: 5.0190e-02

I 05.20/15:55:52 solver.py:285 ] => Test NMSE: -1.1997e+01

I 05.20/15:55:54 solver.py:206 ] 
=! Best NMSE: -1.1997e+01 (epoch=150)

I 05.20/15:55:55 solver.py:151 ] => Train  Loss: 4.5707e-02

I 05.20/15:55:57 solver.py:206 ] 
=! Best NMSE: -1.1997e+01 (epoch=150)

I 05.20/15:55:58 solver.py:151 ] => Train  Loss: 4.5357e-02

I 05.20/15:55:59 solver.py:206 ] 
=! Best NMSE: -1.1997e+01 (epoch=150)

I 05.20/15:56:01 solver.py:151 ] => Train  Loss: 4.4980e-02

I 05.20/15:56:03 solver.py:206 ] 
=! Best NMSE: -1.1997e+01 (epoch=150)

I 05.20/15:56:04 solver.py:151 ] => Train  Loss: 4.4632e-02

I 05.20/15:56:06 solver.py:206 ] 
=! Best NMSE: -1.1997e+01 (epoch=150)

I 05.20/15:56:07 solver.py:151 ] => Train  Loss: 4.4355e-02

I 05.20/15:56:09 solver.py:206 ] 
=! Best NMSE: -1.1997e+01 (epoch=150)

I 05.20/15:56:11 solver.py:151 ] => Train  Loss: 4.4016e-02

I 05.20/15:56:13 solver.py:206 ] 
=! Best NMSE: -1.1997e+01 (epoch=150)

I 05.20/15:56:14 solver.py:151 ] => Train  Loss: 4.3685e-02

I 05.20/15:56:16 solver.py:206 ] 
=! Best NMSE: -1.1997e+01 (epoch=150)

I 05.20/15:56:18 solver.py:151 ] => Train  Loss: 4.3358e-02

I 05.20/15:56:19 solver.py:206 ] 
=! Best NMSE: -1.1997e+01 (epoch=150)

I 05.20/15:56:22 solver.py:151 ] => Train  Loss: 4.3047e-02

I 05.20/15:56:24 solver.py:206 ] 
=! Best NMSE: -1.1997e+01 (epoch=150)

I 05.20/15:56:26 solver.py:151 ] => Train  Loss: 4.2760e-02

I 05.20/15:56:27 solver.py:151 ] => Val  Loss: 4.6707e-02

I 05.20/15:56:27 solver.py:285 ] => Test NMSE: -1.2323e+01

I 05.20/15:56:30 solver.py:206 ] 
=! Best NMSE: -1.2323e+01 (epoch=160)

I 05.20/15:56:31 solver.py:151 ] => Train  Loss: 4.2403e-02

I 05.20/15:56:33 solver.py:206 ] 
=! Best NMSE: -1.2323e+01 (epoch=160)

I 05.20/15:56:34 solver.py:151 ] => Train  Loss: 4.2093e-02

I 05.20/15:56:35 solver.py:206 ] 
=! Best NMSE: -1.2323e+01 (epoch=160)

I 05.20/15:56:36 solver.py:151 ] => Train  Loss: 4.1759e-02

I 05.20/15:56:38 solver.py:206 ] 
=! Best NMSE: -1.2323e+01 (epoch=160)

I 05.20/15:56:39 solver.py:151 ] => Train  Loss: 4.1444e-02

I 05.20/15:56:40 solver.py:206 ] 
=! Best NMSE: -1.2323e+01 (epoch=160)

I 05.20/15:56:42 solver.py:151 ] => Train  Loss: 4.1193e-02

I 05.20/15:56:44 solver.py:206 ] 
=! Best NMSE: -1.2323e+01 (epoch=160)

I 05.20/15:56:46 solver.py:151 ] => Train  Loss: 4.0932e-02

I 05.20/15:56:47 solver.py:206 ] 
=! Best NMSE: -1.2323e+01 (epoch=160)

I 05.20/15:56:50 solver.py:151 ] => Train  Loss: 4.0558e-02

I 05.20/15:56:52 solver.py:206 ] 
=! Best NMSE: -1.2323e+01 (epoch=160)

I 05.20/15:56:55 solver.py:151 ] => Train  Loss: 4.0294e-02

I 05.20/15:56:57 solver.py:206 ] 
=! Best NMSE: -1.2323e+01 (epoch=160)

I 05.20/15:56:59 solver.py:151 ] => Train  Loss: 3.9962e-02

I 05.20/15:57:00 solver.py:206 ] 
=! Best NMSE: -1.2323e+01 (epoch=160)

I 05.20/15:57:02 solver.py:151 ] => Train  Loss: 3.9663e-02

I 05.20/15:57:02 solver.py:151 ] => Val  Loss: 4.3534e-02

I 05.20/15:57:02 solver.py:285 ] => Test NMSE: -1.2645e+01

I 05.20/15:57:06 solver.py:206 ] 
=! Best NMSE: -1.2645e+01 (epoch=170)

I 05.20/15:57:09 solver.py:151 ] => Train  Loss: 3.9404e-02

I 05.20/15:57:11 solver.py:206 ] 
=! Best NMSE: -1.2645e+01 (epoch=170)

I 05.20/15:57:14 solver.py:151 ] => Train  Loss: 3.9104e-02

I 05.20/15:57:15 solver.py:206 ] 
=! Best NMSE: -1.2645e+01 (epoch=170)

I 05.20/15:57:18 solver.py:151 ] => Train  Loss: 3.8815e-02

I 05.20/15:57:19 solver.py:206 ] 
=! Best NMSE: -1.2645e+01 (epoch=170)

I 05.20/15:57:22 solver.py:151 ] => Train  Loss: 3.8557e-02

I 05.20/15:57:23 solver.py:206 ] 
=! Best NMSE: -1.2645e+01 (epoch=170)

I 05.20/15:57:24 solver.py:151 ] => Train  Loss: 3.8284e-02

I 05.20/15:57:25 solver.py:206 ] 
=! Best NMSE: -1.2645e+01 (epoch=170)

I 05.20/15:57:28 solver.py:151 ] => Train  Loss: 3.8026e-02

I 05.20/15:57:29 solver.py:206 ] 
=! Best NMSE: -1.2645e+01 (epoch=170)

I 05.20/15:57:31 solver.py:151 ] => Train  Loss: 3.7756e-02

I 05.20/15:57:33 solver.py:206 ] 
=! Best NMSE: -1.2645e+01 (epoch=170)

I 05.20/15:57:36 solver.py:151 ] => Train  Loss: 3.7490e-02

I 05.20/15:57:37 solver.py:206 ] 
=! Best NMSE: -1.2645e+01 (epoch=170)

I 05.20/15:57:40 solver.py:151 ] => Train  Loss: 3.7200e-02

I 05.20/15:57:42 solver.py:206 ] 
=! Best NMSE: -1.2645e+01 (epoch=170)

I 05.20/15:57:44 solver.py:151 ] => Train  Loss: 3.6919e-02

I 05.20/15:57:44 solver.py:151 ] => Val  Loss: 4.0646e-02

I 05.20/15:57:45 solver.py:285 ] => Test NMSE: -1.2957e+01

I 05.20/15:57:48 solver.py:206 ] 
=! Best NMSE: -1.2957e+01 (epoch=180)

I 05.20/15:57:50 solver.py:151 ] => Train  Loss: 3.6664e-02

I 05.20/15:57:51 solver.py:206 ] 
=! Best NMSE: -1.2957e+01 (epoch=180)

I 05.20/15:57:52 solver.py:151 ] => Train  Loss: 3.6431e-02

I 05.20/15:57:54 solver.py:206 ] 
=! Best NMSE: -1.2957e+01 (epoch=180)

I 05.20/15:57:55 solver.py:151 ] => Train  Loss: 3.6155e-02

I 05.20/15:57:56 solver.py:206 ] 
=! Best NMSE: -1.2957e+01 (epoch=180)

I 05.20/15:57:59 solver.py:151 ] => Train  Loss: 3.5899e-02

I 05.20/15:58:00 solver.py:206 ] 
=! Best NMSE: -1.2957e+01 (epoch=180)

I 05.20/15:58:01 solver.py:151 ] => Train  Loss: 3.5658e-02

I 05.20/15:58:03 solver.py:206 ] 
=! Best NMSE: -1.2957e+01 (epoch=180)

I 05.20/15:58:05 solver.py:151 ] => Train  Loss: 3.5403e-02

I 05.20/15:58:07 solver.py:206 ] 
=! Best NMSE: -1.2957e+01 (epoch=180)

I 05.20/15:58:10 solver.py:151 ] => Train  Loss: 3.5162e-02

I 05.20/15:58:12 solver.py:206 ] 
=! Best NMSE: -1.2957e+01 (epoch=180)

I 05.20/15:58:14 solver.py:151 ] => Train  Loss: 3.4935e-02

I 05.20/15:58:16 solver.py:206 ] 
=! Best NMSE: -1.2957e+01 (epoch=180)

I 05.20/15:58:19 solver.py:151 ] => Train  Loss: 3.4708e-02

I 05.20/15:58:21 solver.py:206 ] 
=! Best NMSE: -1.2957e+01 (epoch=180)

I 05.20/15:58:23 solver.py:151 ] => Train  Loss: 3.4395e-02

I 05.20/15:58:23 solver.py:151 ] => Val  Loss: 3.8027e-02

I 05.20/15:58:24 solver.py:285 ] => Test NMSE: -1.3263e+01

I 05.20/15:58:27 solver.py:206 ] 
=! Best NMSE: -1.3263e+01 (epoch=190)

I 05.20/15:58:28 solver.py:151 ] => Train  Loss: 3.4167e-02

I 05.20/15:58:29 solver.py:206 ] 
=! Best NMSE: -1.3263e+01 (epoch=190)

I 05.20/15:58:31 solver.py:151 ] => Train  Loss: 3.3984e-02

I 05.20/15:58:32 solver.py:206 ] 
=! Best NMSE: -1.3263e+01 (epoch=190)

I 05.20/15:58:34 solver.py:151 ] => Train  Loss: 3.3759e-02

I 05.20/15:58:36 solver.py:206 ] 
=! Best NMSE: -1.3263e+01 (epoch=190)

I 05.20/15:58:37 solver.py:151 ] => Train  Loss: 3.3481e-02

I 05.20/15:58:38 solver.py:206 ] 
=! Best NMSE: -1.3263e+01 (epoch=190)

I 05.20/15:58:39 solver.py:151 ] => Train  Loss: 3.3309e-02

I 05.20/15:58:41 solver.py:206 ] 
=! Best NMSE: -1.3263e+01 (epoch=190)

I 05.20/15:58:43 solver.py:151 ] => Train  Loss: 3.3036e-02

I 05.20/15:58:45 solver.py:206 ] 
=! Best NMSE: -1.3263e+01 (epoch=190)

I 05.20/15:58:47 solver.py:151 ] => Train  Loss: 3.2794e-02

I 05.20/15:58:48 solver.py:206 ] 
=! Best NMSE: -1.3263e+01 (epoch=190)

I 05.20/15:58:50 solver.py:151 ] => Train  Loss: 3.2634e-02

I 05.20/15:58:52 solver.py:206 ] 
=! Best NMSE: -1.3263e+01 (epoch=190)

I 05.20/15:58:54 solver.py:151 ] => Train  Loss: 3.2373e-02

I 05.20/15:58:55 solver.py:206 ] 
=! Best NMSE: -1.3263e+01 (epoch=190)

I 05.20/15:58:56 solver.py:151 ] => Train  Loss: 3.2168e-02

I 05.20/15:58:57 solver.py:151 ] => Val  Loss: 3.5655e-02

I 05.20/15:58:57 solver.py:285 ] => Test NMSE: -1.3559e+01

I 05.20/15:58:59 solver.py:206 ] 
=! Best NMSE: -1.3559e+01 (epoch=200)

I 05.20/15:59:00 solver.py:151 ] => Train  Loss: 3.1966e-02

I 05.20/15:59:02 solver.py:206 ] 
=! Best NMSE: -1.3559e+01 (epoch=200)

I 05.20/15:59:03 solver.py:151 ] => Train  Loss: 3.1733e-02

I 05.20/15:59:05 solver.py:206 ] 
=! Best NMSE: -1.3559e+01 (epoch=200)

I 05.20/15:59:07 solver.py:151 ] => Train  Loss: 3.1544e-02

I 05.20/15:59:09 solver.py:206 ] 
=! Best NMSE: -1.3559e+01 (epoch=200)

I 05.20/15:59:11 solver.py:151 ] => Train  Loss: 3.1364e-02

I 05.20/15:59:13 solver.py:206 ] 
=! Best NMSE: -1.3559e+01 (epoch=200)

I 05.20/15:59:15 solver.py:151 ] => Train  Loss: 3.1144e-02

I 05.20/15:59:16 solver.py:206 ] 
=! Best NMSE: -1.3559e+01 (epoch=200)

I 05.20/15:59:17 solver.py:151 ] => Train  Loss: 3.0894e-02

I 05.20/15:59:18 solver.py:206 ] 
=! Best NMSE: -1.3559e+01 (epoch=200)

I 05.20/15:59:21 solver.py:151 ] => Train  Loss: 3.0757e-02

I 05.20/15:59:22 solver.py:206 ] 
=! Best NMSE: -1.3559e+01 (epoch=200)

I 05.20/15:59:25 solver.py:151 ] => Train  Loss: 3.0518e-02

I 05.20/15:59:26 solver.py:206 ] 
=! Best NMSE: -1.3559e+01 (epoch=200)

I 05.20/15:59:28 solver.py:151 ] => Train  Loss: 3.0355e-02

I 05.20/15:59:29 solver.py:206 ] 
=! Best NMSE: -1.3559e+01 (epoch=200)

I 05.20/15:59:31 solver.py:151 ] => Train  Loss: 3.0148e-02

I 05.20/15:59:31 solver.py:151 ] => Val  Loss: 3.3524e-02

I 05.20/15:59:31 solver.py:285 ] => Test NMSE: -1.3845e+01

I 05.20/15:59:35 solver.py:206 ] 
=! Best NMSE: -1.3845e+01 (epoch=210)

I 05.20/15:59:38 solver.py:151 ] => Train  Loss: 2.9961e-02

I 05.20/15:59:40 solver.py:206 ] 
=! Best NMSE: -1.3845e+01 (epoch=210)

I 05.20/15:59:42 solver.py:151 ] => Train  Loss: 2.9718e-02

I 05.20/15:59:43 solver.py:206 ] 
=! Best NMSE: -1.3845e+01 (epoch=210)

I 05.20/15:59:46 solver.py:151 ] => Train  Loss: 2.9567e-02

I 05.20/15:59:47 solver.py:206 ] 
=! Best NMSE: -1.3845e+01 (epoch=210)

I 05.20/15:59:49 solver.py:151 ] => Train  Loss: 2.9325e-02

I 05.20/15:59:51 solver.py:206 ] 
=! Best NMSE: -1.3845e+01 (epoch=210)

I 05.20/15:59:53 solver.py:151 ] => Train  Loss: 2.9173e-02

I 05.20/15:59:55 solver.py:206 ] 
=! Best NMSE: -1.3845e+01 (epoch=210)

I 05.20/15:59:56 solver.py:151 ] => Train  Loss: 2.8972e-02

I 05.20/15:59:59 solver.py:206 ] 
=! Best NMSE: -1.3845e+01 (epoch=210)

I 05.20/16:00:02 solver.py:151 ] => Train  Loss: 2.8797e-02

I 05.20/16:00:03 solver.py:206 ] 
=! Best NMSE: -1.3845e+01 (epoch=210)

I 05.20/16:00:06 solver.py:151 ] => Train  Loss: 2.8652e-02

I 05.20/16:00:08 solver.py:206 ] 
=! Best NMSE: -1.3845e+01 (epoch=210)

I 05.20/16:00:10 solver.py:151 ] => Train  Loss: 2.8458e-02

I 05.20/16:00:13 solver.py:206 ] 
=! Best NMSE: -1.3845e+01 (epoch=210)

I 05.20/16:00:15 solver.py:151 ] => Train  Loss: 2.8306e-02

I 05.20/16:00:16 solver.py:151 ] => Val  Loss: 3.1605e-02

I 05.20/16:00:16 solver.py:285 ] => Test NMSE: -1.4118e+01

I 05.20/16:00:19 solver.py:206 ] 
=! Best NMSE: -1.4118e+01 (epoch=220)

I 05.20/16:00:21 solver.py:151 ] => Train  Loss: 2.8127e-02

I 05.20/16:00:23 solver.py:206 ] 
=! Best NMSE: -1.4118e+01 (epoch=220)

I 05.20/16:00:25 solver.py:151 ] => Train  Loss: 2.7958e-02

I 05.20/16:00:26 solver.py:206 ] 
=! Best NMSE: -1.4118e+01 (epoch=220)

I 05.20/16:00:27 solver.py:151 ] => Train  Loss: 2.7763e-02

I 05.20/16:00:28 solver.py:206 ] 
=! Best NMSE: -1.4118e+01 (epoch=220)

I 05.20/16:00:30 solver.py:151 ] => Train  Loss: 2.7598e-02

I 05.20/16:00:32 solver.py:206 ] 
=! Best NMSE: -1.4118e+01 (epoch=220)

I 05.20/16:00:34 solver.py:151 ] => Train  Loss: 2.7425e-02

I 05.20/16:00:36 solver.py:206 ] 
=! Best NMSE: -1.4118e+01 (epoch=220)

I 05.20/16:00:38 solver.py:151 ] => Train  Loss: 2.7271e-02

I 05.20/16:00:39 solver.py:206 ] 
=! Best NMSE: -1.4118e+01 (epoch=220)

I 05.20/16:00:40 solver.py:151 ] => Train  Loss: 2.7136e-02

I 05.20/16:00:42 solver.py:206 ] 
=! Best NMSE: -1.4118e+01 (epoch=220)

I 05.20/16:00:43 solver.py:151 ] => Train  Loss: 2.6929e-02

I 05.20/16:00:44 solver.py:206 ] 
=! Best NMSE: -1.4118e+01 (epoch=220)

I 05.20/16:00:46 solver.py:151 ] => Train  Loss: 2.6822e-02

I 05.20/16:00:48 solver.py:206 ] 
=! Best NMSE: -1.4118e+01 (epoch=220)

I 05.20/16:00:50 solver.py:151 ] => Train  Loss: 2.6653e-02

I 05.20/16:00:50 solver.py:151 ] => Val  Loss: 2.9877e-02

I 05.20/16:00:51 solver.py:285 ] => Test NMSE: -1.4380e+01

I 05.20/16:00:54 solver.py:206 ] 
=! Best NMSE: -1.4380e+01 (epoch=230)

I 05.20/16:00:56 solver.py:151 ] => Train  Loss: 2.6469e-02

I 05.20/16:00:57 solver.py:206 ] 
=! Best NMSE: -1.4380e+01 (epoch=230)

I 05.20/16:01:00 solver.py:151 ] => Train  Loss: 2.6304e-02

I 05.20/16:01:01 solver.py:206 ] 
=! Best NMSE: -1.4380e+01 (epoch=230)

I 05.20/16:01:04 solver.py:151 ] => Train  Loss: 2.6178e-02

I 05.20/16:01:05 solver.py:206 ] 
=! Best NMSE: -1.4380e+01 (epoch=230)

I 05.20/16:01:06 solver.py:151 ] => Train  Loss: 2.6014e-02

I 05.20/16:01:08 solver.py:206 ] 
=! Best NMSE: -1.4380e+01 (epoch=230)

I 05.20/16:01:11 solver.py:151 ] => Train  Loss: 2.5823e-02

I 05.20/16:01:12 solver.py:206 ] 
=! Best NMSE: -1.4380e+01 (epoch=230)

I 05.20/16:01:13 solver.py:151 ] => Train  Loss: 2.5701e-02

I 05.20/16:01:15 solver.py:206 ] 
=! Best NMSE: -1.4380e+01 (epoch=230)

I 05.20/16:01:18 solver.py:151 ] => Train  Loss: 2.5574e-02

I 05.20/16:01:19 solver.py:206 ] 
=! Best NMSE: -1.4380e+01 (epoch=230)

I 05.20/16:01:22 solver.py:151 ] => Train  Loss: 2.5440e-02

I 05.20/16:01:24 solver.py:206 ] 
=! Best NMSE: -1.4380e+01 (epoch=230)

I 05.20/16:01:26 solver.py:151 ] => Train  Loss: 2.5251e-02

I 05.20/16:01:28 solver.py:206 ] 
=! Best NMSE: -1.4380e+01 (epoch=230)

I 05.20/16:01:30 solver.py:151 ] => Train  Loss: 2.5141e-02

I 05.20/16:01:31 solver.py:151 ] => Val  Loss: 2.8325e-02

I 05.20/16:01:31 solver.py:285 ] => Test NMSE: -1.4629e+01

I 05.20/16:01:34 solver.py:206 ] 
=! Best NMSE: -1.4629e+01 (epoch=240)

I 05.20/16:01:35 solver.py:151 ] => Train  Loss: 2.4968e-02

I 05.20/16:01:36 solver.py:206 ] 
=! Best NMSE: -1.4629e+01 (epoch=240)

I 05.20/16:01:38 solver.py:151 ] => Train  Loss: 2.4863e-02

I 05.20/16:01:39 solver.py:206 ] 
=! Best NMSE: -1.4629e+01 (epoch=240)

I 05.20/16:01:42 solver.py:151 ] => Train  Loss: 2.4687e-02

I 05.20/16:01:43 solver.py:206 ] 
=! Best NMSE: -1.4629e+01 (epoch=240)

I 05.20/16:01:44 solver.py:151 ] => Train  Loss: 2.4553e-02

I 05.20/16:01:46 solver.py:206 ] 
=! Best NMSE: -1.4629e+01 (epoch=240)

I 05.20/16:01:48 solver.py:151 ] => Train  Loss: 2.4419e-02

I 05.20/16:01:49 solver.py:206 ] 
=! Best NMSE: -1.4629e+01 (epoch=240)

I 05.20/16:01:51 solver.py:151 ] => Train  Loss: 2.4305e-02

I 05.20/16:01:52 solver.py:206 ] 
=! Best NMSE: -1.4629e+01 (epoch=240)

I 05.20/16:01:53 solver.py:151 ] => Train  Loss: 2.4172e-02

I 05.20/16:01:54 solver.py:206 ] 
=! Best NMSE: -1.4629e+01 (epoch=240)

I 05.20/16:01:56 solver.py:151 ] => Train  Loss: 2.4045e-02

I 05.20/16:01:57 solver.py:206 ] 
=! Best NMSE: -1.4629e+01 (epoch=240)

I 05.20/16:01:59 solver.py:151 ] => Train  Loss: 2.3942e-02

I 05.20/16:02:00 solver.py:206 ] 
=! Best NMSE: -1.4629e+01 (epoch=240)

I 05.20/16:02:02 solver.py:151 ] => Train  Loss: 2.3793e-02

I 05.20/16:02:02 solver.py:151 ] => Val  Loss: 2.6932e-02

I 05.20/16:02:02 solver.py:285 ] => Test NMSE: -1.4865e+01

I 05.20/16:02:06 solver.py:206 ] 
=! Best NMSE: -1.4865e+01 (epoch=250)

I 05.20/16:02:08 solver.py:151 ] => Train  Loss: 2.3629e-02

I 05.20/16:02:10 solver.py:206 ] 
=! Best NMSE: -1.4865e+01 (epoch=250)

I 05.20/16:02:12 solver.py:151 ] => Train  Loss: 2.3521e-02

I 05.20/16:02:14 solver.py:206 ] 
=! Best NMSE: -1.4865e+01 (epoch=250)

I 05.20/16:02:16 solver.py:151 ] => Train  Loss: 2.3424e-02

I 05.20/16:02:18 solver.py:206 ] 
=! Best NMSE: -1.4865e+01 (epoch=250)

I 05.20/16:02:21 solver.py:151 ] => Train  Loss: 2.3312e-02

I 05.20/16:02:22 solver.py:206 ] 
=! Best NMSE: -1.4865e+01 (epoch=250)

I 05.20/16:02:24 solver.py:151 ] => Train  Loss: 2.3177e-02

I 05.20/16:02:26 solver.py:206 ] 
=! Best NMSE: -1.4865e+01 (epoch=250)

I 05.20/16:02:27 solver.py:151 ] => Train  Loss: 2.3086e-02

I 05.20/16:02:28 solver.py:206 ] 
=! Best NMSE: -1.4865e+01 (epoch=250)

I 05.20/16:02:29 solver.py:151 ] => Train  Loss: 2.2969e-02

I 05.20/16:02:31 solver.py:206 ] 
=! Best NMSE: -1.4865e+01 (epoch=250)

I 05.20/16:02:33 solver.py:151 ] => Train  Loss: 2.2810e-02

I 05.20/16:02:35 solver.py:206 ] 
=! Best NMSE: -1.4865e+01 (epoch=250)

I 05.20/16:02:38 solver.py:151 ] => Train  Loss: 2.2734e-02

I 05.20/16:02:40 solver.py:206 ] 
=! Best NMSE: -1.4865e+01 (epoch=250)

I 05.20/16:02:43 solver.py:151 ] => Train  Loss: 2.2647e-02

I 05.20/16:02:43 solver.py:151 ] => Val  Loss: 2.5685e-02

I 05.20/16:02:43 solver.py:285 ] => Test NMSE: -1.5090e+01

I 05.20/16:02:46 solver.py:206 ] 
=! Best NMSE: -1.5090e+01 (epoch=260)

I 05.20/16:02:48 solver.py:151 ] => Train  Loss: 2.2465e-02

I 05.20/16:02:49 solver.py:206 ] 
=! Best NMSE: -1.5090e+01 (epoch=260)

I 05.20/16:02:51 solver.py:151 ] => Train  Loss: 2.2376e-02

I 05.20/16:02:53 solver.py:206 ] 
=! Best NMSE: -1.5090e+01 (epoch=260)

I 05.20/16:02:54 solver.py:151 ] => Train  Loss: 2.2256e-02

I 05.20/16:02:56 solver.py:206 ] 
=! Best NMSE: -1.5090e+01 (epoch=260)

I 05.20/16:02:58 solver.py:151 ] => Train  Loss: 2.2180e-02

I 05.20/16:02:59 solver.py:206 ] 
=! Best NMSE: -1.5090e+01 (epoch=260)

I 05.20/16:03:01 solver.py:151 ] => Train  Loss: 2.2098e-02

I 05.20/16:03:03 solver.py:206 ] 
=! Best NMSE: -1.5090e+01 (epoch=260)

I 05.20/16:03:05 solver.py:151 ] => Train  Loss: 2.1934e-02

I 05.20/16:03:07 solver.py:206 ] 
=! Best NMSE: -1.5090e+01 (epoch=260)

I 05.20/16:03:09 solver.py:151 ] => Train  Loss: 2.1841e-02

I 05.20/16:03:11 solver.py:206 ] 
=! Best NMSE: -1.5090e+01 (epoch=260)

I 05.20/16:03:13 solver.py:151 ] => Train  Loss: 2.1715e-02

I 05.20/16:03:15 solver.py:206 ] 
=! Best NMSE: -1.5090e+01 (epoch=260)

I 05.20/16:03:17 solver.py:151 ] => Train  Loss: 2.1616e-02

I 05.20/16:03:18 solver.py:206 ] 
=! Best NMSE: -1.5090e+01 (epoch=260)

I 05.20/16:03:20 solver.py:151 ] => Train  Loss: 2.1498e-02

I 05.20/16:03:21 solver.py:151 ] => Val  Loss: 2.4571e-02

I 05.20/16:03:21 solver.py:285 ] => Test NMSE: -1.5300e+01

I 05.20/16:03:24 solver.py:206 ] 
=! Best NMSE: -1.5300e+01 (epoch=270)

I 05.20/16:03:26 solver.py:151 ] => Train  Loss: 2.1447e-02

I 05.20/16:03:28 solver.py:206 ] 
=! Best NMSE: -1.5300e+01 (epoch=270)

I 05.20/16:03:30 solver.py:151 ] => Train  Loss: 2.1336e-02

I 05.20/16:03:31 solver.py:206 ] 
=! Best NMSE: -1.5300e+01 (epoch=270)

I 05.20/16:03:32 solver.py:151 ] => Train  Loss: 2.1244e-02

I 05.20/16:03:33 solver.py:206 ] 
=! Best NMSE: -1.5300e+01 (epoch=270)

I 05.20/16:03:36 solver.py:151 ] => Train  Loss: 2.1160e-02

I 05.20/16:03:37 solver.py:206 ] 
=! Best NMSE: -1.5300e+01 (epoch=270)

I 05.20/16:03:39 solver.py:151 ] => Train  Loss: 2.1027e-02

I 05.20/16:03:41 solver.py:206 ] 
=! Best NMSE: -1.5300e+01 (epoch=270)

I 05.20/16:03:43 solver.py:151 ] => Train  Loss: 2.0958e-02

I 05.20/16:03:45 solver.py:206 ] 
=! Best NMSE: -1.5300e+01 (epoch=270)

I 05.20/16:03:48 solver.py:151 ] => Train  Loss: 2.0858e-02

I 05.20/16:03:49 solver.py:206 ] 
=! Best NMSE: -1.5300e+01 (epoch=270)

I 05.20/16:03:52 solver.py:151 ] => Train  Loss: 2.0739e-02

I 05.20/16:03:54 solver.py:206 ] 
=! Best NMSE: -1.5300e+01 (epoch=270)

I 05.20/16:03:57 solver.py:151 ] => Train  Loss: 2.0668e-02

I 05.20/16:03:58 solver.py:206 ] 
=! Best NMSE: -1.5300e+01 (epoch=270)

I 05.20/16:04:01 solver.py:151 ] => Train  Loss: 2.0588e-02

I 05.20/16:04:01 solver.py:151 ] => Val  Loss: 2.3578e-02

I 05.20/16:04:01 solver.py:285 ] => Test NMSE: -1.5495e+01

I 05.20/16:04:04 solver.py:206 ] 
=! Best NMSE: -1.5495e+01 (epoch=280)

I 05.20/16:04:07 solver.py:151 ] => Train  Loss: 2.0519e-02

I 05.20/16:04:08 solver.py:206 ] 
=! Best NMSE: -1.5495e+01 (epoch=280)

I 05.20/16:04:10 solver.py:151 ] => Train  Loss: 2.0363e-02

I 05.20/16:04:11 solver.py:206 ] 
=! Best NMSE: -1.5495e+01 (epoch=280)

I 05.20/16:04:14 solver.py:151 ] => Train  Loss: 2.0365e-02

I 05.20/16:04:15 solver.py:206 ] 
=! Best NMSE: -1.5495e+01 (epoch=280)

I 05.20/16:04:16 solver.py:151 ] => Train  Loss: 2.0241e-02

I 05.20/16:04:18 solver.py:206 ] 
=! Best NMSE: -1.5495e+01 (epoch=280)

I 05.20/16:04:20 solver.py:151 ] => Train  Loss: 2.0184e-02

I 05.20/16:04:21 solver.py:206 ] 
=! Best NMSE: -1.5495e+01 (epoch=280)

I 05.20/16:04:24 solver.py:151 ] => Train  Loss: 2.0063e-02

I 05.20/16:04:25 solver.py:206 ] 
=! Best NMSE: -1.5495e+01 (epoch=280)

I 05.20/16:04:27 solver.py:151 ] => Train  Loss: 2.0012e-02

I 05.20/16:04:28 solver.py:206 ] 
=! Best NMSE: -1.5495e+01 (epoch=280)

I 05.20/16:04:31 solver.py:151 ] => Train  Loss: 1.9918e-02

I 05.20/16:04:32 solver.py:206 ] 
=! Best NMSE: -1.5495e+01 (epoch=280)

I 05.20/16:04:34 solver.py:151 ] => Train  Loss: 1.9844e-02

I 05.20/16:04:36 solver.py:206 ] 
=! Best NMSE: -1.5495e+01 (epoch=280)

I 05.20/16:04:37 solver.py:151 ] => Train  Loss: 1.9750e-02

I 05.20/16:04:38 solver.py:151 ] => Val  Loss: 2.2696e-02

I 05.20/16:04:38 solver.py:285 ] => Test NMSE: -1.5676e+01

I 05.20/16:04:41 solver.py:206 ] 
=! Best NMSE: -1.5676e+01 (epoch=290)

I 05.20/16:04:43 solver.py:151 ] => Train  Loss: 1.9712e-02

I 05.20/16:04:45 solver.py:206 ] 
=! Best NMSE: -1.5676e+01 (epoch=290)

I 05.20/16:04:46 solver.py:151 ] => Train  Loss: 1.9594e-02

I 05.20/16:04:47 solver.py:206 ] 
=! Best NMSE: -1.5676e+01 (epoch=290)

I 05.20/16:04:49 solver.py:151 ] => Train  Loss: 1.9530e-02

I 05.20/16:04:51 solver.py:206 ] 
=! Best NMSE: -1.5676e+01 (epoch=290)

I 05.20/16:04:52 solver.py:151 ] => Train  Loss: 1.9448e-02

I 05.20/16:04:53 solver.py:206 ] 
=! Best NMSE: -1.5676e+01 (epoch=290)

I 05.20/16:04:55 solver.py:151 ] => Train  Loss: 1.9406e-02

I 05.20/16:04:57 solver.py:206 ] 
=! Best NMSE: -1.5676e+01 (epoch=290)

I 05.20/16:04:59 solver.py:151 ] => Train  Loss: 1.9321e-02

I 05.20/16:05:01 solver.py:206 ] 
=! Best NMSE: -1.5676e+01 (epoch=290)

I 05.20/16:05:03 solver.py:151 ] => Train  Loss: 1.9184e-02

I 05.20/16:05:05 solver.py:206 ] 
=! Best NMSE: -1.5676e+01 (epoch=290)

I 05.20/16:05:07 solver.py:151 ] => Train  Loss: 1.9141e-02

I 05.20/16:05:09 solver.py:206 ] 
=! Best NMSE: -1.5676e+01 (epoch=290)

I 05.20/16:05:12 solver.py:151 ] => Train  Loss: 1.9115e-02

I 05.20/16:05:14 solver.py:206 ] 
=! Best NMSE: -1.5676e+01 (epoch=290)

I 05.20/16:05:16 solver.py:151 ] => Train  Loss: 1.9000e-02

I 05.20/16:05:16 solver.py:151 ] => Val  Loss: 2.1907e-02

I 05.20/16:05:16 solver.py:285 ] => Test NMSE: -1.5845e+01

I 05.20/16:05:19 solver.py:206 ] 
=! Best NMSE: -1.5845e+01 (epoch=300)

I 05.20/16:05:21 solver.py:151 ] => Train  Loss: 1.8931e-02

I 05.20/16:05:23 solver.py:206 ] 
=! Best NMSE: -1.5845e+01 (epoch=300)

I 05.20/16:05:25 solver.py:151 ] => Train  Loss: 1.8833e-02

I 05.20/16:05:26 solver.py:206 ] 
=! Best NMSE: -1.5845e+01 (epoch=300)

I 05.20/16:05:27 solver.py:151 ] => Train  Loss: 1.8758e-02

I 05.20/16:05:29 solver.py:206 ] 
=! Best NMSE: -1.5845e+01 (epoch=300)

I 05.20/16:05:30 solver.py:151 ] => Train  Loss: 1.8720e-02

I 05.20/16:05:31 solver.py:206 ] 
=! Best NMSE: -1.5845e+01 (epoch=300)

I 05.20/16:05:32 solver.py:151 ] => Train  Loss: 1.8674e-02

I 05.20/16:05:33 solver.py:206 ] 
=! Best NMSE: -1.5845e+01 (epoch=300)

I 05.20/16:05:35 solver.py:151 ] => Train  Loss: 1.8601e-02

I 05.20/16:05:36 solver.py:206 ] 
=! Best NMSE: -1.5845e+01 (epoch=300)

I 05.20/16:05:38 solver.py:151 ] => Train  Loss: 1.8517e-02

I 05.20/16:05:39 solver.py:206 ] 
=! Best NMSE: -1.5845e+01 (epoch=300)

I 05.20/16:05:41 solver.py:151 ] => Train  Loss: 1.8439e-02

I 05.20/16:05:42 solver.py:206 ] 
=! Best NMSE: -1.5845e+01 (epoch=300)

I 05.20/16:05:43 solver.py:151 ] => Train  Loss: 1.8372e-02

I 05.20/16:05:44 solver.py:206 ] 
=! Best NMSE: -1.5845e+01 (epoch=300)

I 05.20/16:05:45 solver.py:151 ] => Train  Loss: 1.8291e-02

I 05.20/16:05:46 solver.py:151 ] => Val  Loss: 2.1205e-02

I 05.20/16:05:46 solver.py:285 ] => Test NMSE: -1.6001e+01

I 05.20/16:05:48 solver.py:206 ] 
=! Best NMSE: -1.6001e+01 (epoch=310)

I 05.20/16:05:50 solver.py:151 ] => Train  Loss: 1.8276e-02

I 05.20/16:05:51 solver.py:206 ] 
=! Best NMSE: -1.6001e+01 (epoch=310)

I 05.20/16:05:53 solver.py:151 ] => Train  Loss: 1.8192e-02

I 05.20/16:05:55 solver.py:206 ] 
=! Best NMSE: -1.6001e+01 (epoch=310)

I 05.20/16:05:56 solver.py:151 ] => Train  Loss: 1.8131e-02

I 05.20/16:05:57 solver.py:206 ] 
=! Best NMSE: -1.6001e+01 (epoch=310)

I 05.20/16:05:59 solver.py:151 ] => Train  Loss: 1.8070e-02

I 05.20/16:06:00 solver.py:206 ] 
=! Best NMSE: -1.6001e+01 (epoch=310)

I 05.20/16:06:02 solver.py:151 ] => Train  Loss: 1.8022e-02

I 05.20/16:06:04 solver.py:206 ] 
=! Best NMSE: -1.6001e+01 (epoch=310)

I 05.20/16:06:05 solver.py:151 ] => Train  Loss: 1.7978e-02

I 05.20/16:06:07 solver.py:206 ] 
=! Best NMSE: -1.6001e+01 (epoch=310)

I 05.20/16:06:09 solver.py:151 ] => Train  Loss: 1.7900e-02

I 05.20/16:06:10 solver.py:206 ] 
=! Best NMSE: -1.6001e+01 (epoch=310)

I 05.20/16:06:11 solver.py:151 ] => Train  Loss: 1.7840e-02

I 05.20/16:06:13 solver.py:206 ] 
=! Best NMSE: -1.6001e+01 (epoch=310)

I 05.20/16:06:14 solver.py:151 ] => Train  Loss: 1.7757e-02

I 05.20/16:06:15 solver.py:206 ] 
=! Best NMSE: -1.6001e+01 (epoch=310)

I 05.20/16:06:17 solver.py:151 ] => Train  Loss: 1.7741e-02

I 05.20/16:06:17 solver.py:151 ] => Val  Loss: 2.0569e-02

I 05.20/16:06:18 solver.py:285 ] => Test NMSE: -1.6147e+01

I 05.20/16:06:21 solver.py:206 ] 
=! Best NMSE: -1.6147e+01 (epoch=320)

I 05.20/16:06:23 solver.py:151 ] => Train  Loss: 1.7643e-02

I 05.20/16:06:25 solver.py:206 ] 
=! Best NMSE: -1.6147e+01 (epoch=320)

I 05.20/16:06:27 solver.py:151 ] => Train  Loss: 1.7598e-02

I 05.20/16:06:28 solver.py:206 ] 
=! Best NMSE: -1.6147e+01 (epoch=320)

I 05.20/16:06:30 solver.py:151 ] => Train  Loss: 1.7545e-02

I 05.20/16:06:31 solver.py:206 ] 
=! Best NMSE: -1.6147e+01 (epoch=320)

I 05.20/16:06:33 solver.py:151 ] => Train  Loss: 1.7499e-02

I 05.20/16:06:35 solver.py:206 ] 
=! Best NMSE: -1.6147e+01 (epoch=320)

I 05.20/16:06:36 solver.py:151 ] => Train  Loss: 1.7451e-02

I 05.20/16:06:37 solver.py:206 ] 
=! Best NMSE: -1.6147e+01 (epoch=320)

I 05.20/16:06:38 solver.py:151 ] => Train  Loss: 1.7388e-02

I 05.20/16:06:40 solver.py:206 ] 
=! Best NMSE: -1.6147e+01 (epoch=320)

I 05.20/16:06:42 solver.py:151 ] => Train  Loss: 1.7304e-02

I 05.20/16:06:43 solver.py:206 ] 
=! Best NMSE: -1.6147e+01 (epoch=320)

I 05.20/16:06:45 solver.py:151 ] => Train  Loss: 1.7281e-02

I 05.20/16:06:47 solver.py:206 ] 
=! Best NMSE: -1.6147e+01 (epoch=320)

I 05.20/16:06:49 solver.py:151 ] => Train  Loss: 1.7236e-02

I 05.20/16:06:51 solver.py:206 ] 
=! Best NMSE: -1.6147e+01 (epoch=320)

I 05.20/16:06:53 solver.py:151 ] => Train  Loss: 1.7202e-02

I 05.20/16:06:53 solver.py:151 ] => Val  Loss: 1.9997e-02

I 05.20/16:06:53 solver.py:285 ] => Test NMSE: -1.6283e+01

I 05.20/16:06:56 solver.py:206 ] 
=! Best NMSE: -1.6283e+01 (epoch=330)

I 05.20/16:06:58 solver.py:151 ] => Train  Loss: 1.7135e-02

I 05.20/16:06:59 solver.py:206 ] 
=! Best NMSE: -1.6283e+01 (epoch=330)

I 05.20/16:07:01 solver.py:151 ] => Train  Loss: 1.7067e-02

I 05.20/16:07:02 solver.py:206 ] 
=! Best NMSE: -1.6283e+01 (epoch=330)

I 05.20/16:07:03 solver.py:151 ] => Train  Loss: 1.7039e-02

I 05.20/16:07:04 solver.py:206 ] 
=! Best NMSE: -1.6283e+01 (epoch=330)

I 05.20/16:07:06 solver.py:151 ] => Train  Loss: 1.6967e-02

I 05.20/16:07:08 solver.py:206 ] 
=! Best NMSE: -1.6283e+01 (epoch=330)

I 05.20/16:07:11 solver.py:151 ] => Train  Loss: 1.6925e-02

I 05.20/16:07:13 solver.py:206 ] 
=! Best NMSE: -1.6283e+01 (epoch=330)

I 05.20/16:07:15 solver.py:151 ] => Train  Loss: 1.6894e-02

I 05.20/16:07:17 solver.py:206 ] 
=! Best NMSE: -1.6283e+01 (epoch=330)

I 05.20/16:07:19 solver.py:151 ] => Train  Loss: 1.6823e-02

I 05.20/16:07:21 solver.py:206 ] 
=! Best NMSE: -1.6283e+01 (epoch=330)

I 05.20/16:07:24 solver.py:151 ] => Train  Loss: 1.6808e-02

I 05.20/16:07:25 solver.py:206 ] 
=! Best NMSE: -1.6283e+01 (epoch=330)

I 05.20/16:07:27 solver.py:151 ] => Train  Loss: 1.6734e-02

I 05.20/16:07:28 solver.py:206 ] 
=! Best NMSE: -1.6283e+01 (epoch=330)

I 05.20/16:07:29 solver.py:151 ] => Train  Loss: 1.6667e-02

I 05.20/16:07:30 solver.py:151 ] => Val  Loss: 1.9490e-02

I 05.20/16:07:30 solver.py:285 ] => Test NMSE: -1.6406e+01

I 05.20/16:07:32 solver.py:206 ] 
=! Best NMSE: -1.6406e+01 (epoch=340)

I 05.20/16:07:33 solver.py:151 ] => Train  Loss: 1.6660e-02

I 05.20/16:07:35 solver.py:206 ] 
=! Best NMSE: -1.6406e+01 (epoch=340)

I 05.20/16:07:37 solver.py:151 ] => Train  Loss: 1.6624e-02

I 05.20/16:07:38 solver.py:206 ] 
=! Best NMSE: -1.6406e+01 (epoch=340)

I 05.20/16:07:40 solver.py:151 ] => Train  Loss: 1.6583e-02

I 05.20/16:07:41 solver.py:206 ] 
=! Best NMSE: -1.6406e+01 (epoch=340)

I 05.20/16:07:43 solver.py:151 ] => Train  Loss: 1.6491e-02

I 05.20/16:07:44 solver.py:206 ] 
=! Best NMSE: -1.6406e+01 (epoch=340)

I 05.20/16:07:46 solver.py:151 ] => Train  Loss: 1.6470e-02

I 05.20/16:07:47 solver.py:206 ] 
=! Best NMSE: -1.6406e+01 (epoch=340)

I 05.20/16:07:48 solver.py:151 ] => Train  Loss: 1.6423e-02

I 05.20/16:07:50 solver.py:206 ] 
=! Best NMSE: -1.6406e+01 (epoch=340)

I 05.20/16:07:51 solver.py:151 ] => Train  Loss: 1.6405e-02

I 05.20/16:07:52 solver.py:206 ] 
=! Best NMSE: -1.6406e+01 (epoch=340)

I 05.20/16:07:55 solver.py:151 ] => Train  Loss: 1.6361e-02

I 05.20/16:07:56 solver.py:206 ] 
=! Best NMSE: -1.6406e+01 (epoch=340)

I 05.20/16:07:57 solver.py:151 ] => Train  Loss: 1.6303e-02

I 05.20/16:07:58 solver.py:206 ] 
=! Best NMSE: -1.6406e+01 (epoch=340)

I 05.20/16:07:59 solver.py:151 ] => Train  Loss: 1.6275e-02

I 05.20/16:08:00 solver.py:151 ] => Val  Loss: 1.9016e-02

I 05.20/16:08:00 solver.py:285 ] => Test NMSE: -1.6524e+01

I 05.20/16:08:03 solver.py:206 ] 
=! Best NMSE: -1.6524e+01 (epoch=350)

I 05.20/16:08:05 solver.py:151 ] => Train  Loss: 1.6239e-02

I 05.20/16:08:07 solver.py:206 ] 
=! Best NMSE: -1.6524e+01 (epoch=350)

I 05.20/16:08:09 solver.py:151 ] => Train  Loss: 1.6163e-02

I 05.20/16:08:11 solver.py:206 ] 
=! Best NMSE: -1.6524e+01 (epoch=350)

I 05.20/16:08:13 solver.py:151 ] => Train  Loss: 1.6130e-02

I 05.20/16:08:14 solver.py:206 ] 
=! Best NMSE: -1.6524e+01 (epoch=350)

I 05.20/16:08:16 solver.py:151 ] => Train  Loss: 1.6070e-02

I 05.20/16:08:17 solver.py:206 ] 
=! Best NMSE: -1.6524e+01 (epoch=350)

I 05.20/16:08:18 solver.py:151 ] => Train  Loss: 1.6031e-02

I 05.20/16:08:19 solver.py:206 ] 
=! Best NMSE: -1.6524e+01 (epoch=350)

I 05.20/16:08:22 solver.py:151 ] => Train  Loss: 1.5998e-02

I 05.20/16:08:23 solver.py:206 ] 
=! Best NMSE: -1.6524e+01 (epoch=350)

I 05.20/16:08:25 solver.py:151 ] => Train  Loss: 1.5969e-02

I 05.20/16:08:27 solver.py:206 ] 
=! Best NMSE: -1.6524e+01 (epoch=350)

I 05.20/16:08:30 solver.py:151 ] => Train  Loss: 1.5918e-02

I 05.20/16:08:31 solver.py:206 ] 
=! Best NMSE: -1.6524e+01 (epoch=350)

I 05.20/16:08:33 solver.py:151 ] => Train  Loss: 1.5904e-02

I 05.20/16:08:35 solver.py:206 ] 
=! Best NMSE: -1.6524e+01 (epoch=350)

I 05.20/16:08:38 solver.py:151 ] => Train  Loss: 1.5865e-02

I 05.20/16:08:38 solver.py:151 ] => Val  Loss: 1.8591e-02

I 05.20/16:08:38 solver.py:285 ] => Test NMSE: -1.6633e+01

I 05.20/16:08:41 solver.py:206 ] 
=! Best NMSE: -1.6633e+01 (epoch=360)

I 05.20/16:08:42 solver.py:151 ] => Train  Loss: 1.5775e-02

I 05.20/16:08:44 solver.py:206 ] 
=! Best NMSE: -1.6633e+01 (epoch=360)

I 05.20/16:08:46 solver.py:151 ] => Train  Loss: 1.5767e-02

I 05.20/16:08:47 solver.py:206 ] 
=! Best NMSE: -1.6633e+01 (epoch=360)

I 05.20/16:08:49 solver.py:151 ] => Train  Loss: 1.5755e-02

I 05.20/16:08:51 solver.py:206 ] 
=! Best NMSE: -1.6633e+01 (epoch=360)

I 05.20/16:08:53 solver.py:151 ] => Train  Loss: 1.5696e-02

I 05.20/16:08:54 solver.py:206 ] 
=! Best NMSE: -1.6633e+01 (epoch=360)

I 05.20/16:08:55 solver.py:151 ] => Train  Loss: 1.5667e-02

I 05.20/16:08:57 solver.py:206 ] 
=! Best NMSE: -1.6633e+01 (epoch=360)

I 05.20/16:08:58 solver.py:151 ] => Train  Loss: 1.5617e-02

I 05.20/16:08:59 solver.py:206 ] 
=! Best NMSE: -1.6633e+01 (epoch=360)

I 05.20/16:09:02 solver.py:151 ] => Train  Loss: 1.5577e-02

I 05.20/16:09:03 solver.py:206 ] 
=! Best NMSE: -1.6633e+01 (epoch=360)

I 05.20/16:09:05 solver.py:151 ] => Train  Loss: 1.5575e-02

I 05.20/16:09:07 solver.py:206 ] 
=! Best NMSE: -1.6633e+01 (epoch=360)

I 05.20/16:09:09 solver.py:151 ] => Train  Loss: 1.5503e-02

I 05.20/16:09:10 solver.py:206 ] 
=! Best NMSE: -1.6633e+01 (epoch=360)

I 05.20/16:09:12 solver.py:151 ] => Train  Loss: 1.5490e-02

I 05.20/16:09:13 solver.py:151 ] => Val  Loss: 1.8193e-02

I 05.20/16:09:13 solver.py:285 ] => Test NMSE: -1.6737e+01

I 05.20/16:09:16 solver.py:206 ] 
=! Best NMSE: -1.6737e+01 (epoch=370)

I 05.20/16:09:17 solver.py:151 ] => Train  Loss: 1.5501e-02

I 05.20/16:09:18 solver.py:206 ] 
=! Best NMSE: -1.6737e+01 (epoch=370)

I 05.20/16:09:20 solver.py:151 ] => Train  Loss: 1.5419e-02

I 05.20/16:09:21 solver.py:206 ] 
=! Best NMSE: -1.6737e+01 (epoch=370)

I 05.20/16:09:22 solver.py:151 ] => Train  Loss: 1.5358e-02

I 05.20/16:09:24 solver.py:206 ] 
=! Best NMSE: -1.6737e+01 (epoch=370)

I 05.20/16:09:25 solver.py:151 ] => Train  Loss: 1.5367e-02

I 05.20/16:09:26 solver.py:206 ] 
=! Best NMSE: -1.6737e+01 (epoch=370)

I 05.20/16:09:28 solver.py:151 ] => Train  Loss: 1.5327e-02

I 05.20/16:09:29 solver.py:206 ] 
=! Best NMSE: -1.6737e+01 (epoch=370)

I 05.20/16:09:31 solver.py:151 ] => Train  Loss: 1.5296e-02

I 05.20/16:09:32 solver.py:206 ] 
=! Best NMSE: -1.6737e+01 (epoch=370)

I 05.20/16:09:33 solver.py:151 ] => Train  Loss: 1.5247e-02

I 05.20/16:09:34 solver.py:206 ] 
=! Best NMSE: -1.6737e+01 (epoch=370)

I 05.20/16:09:36 solver.py:151 ] => Train  Loss: 1.5190e-02

I 05.20/16:09:37 solver.py:206 ] 
=! Best NMSE: -1.6737e+01 (epoch=370)

I 05.20/16:09:38 solver.py:151 ] => Train  Loss: 1.5156e-02

I 05.20/16:09:39 solver.py:206 ] 
=! Best NMSE: -1.6737e+01 (epoch=370)

I 05.20/16:09:41 solver.py:151 ] => Train  Loss: 1.5130e-02

I 05.20/16:09:41 solver.py:151 ] => Val  Loss: 1.7827e-02

I 05.20/16:09:41 solver.py:285 ] => Test NMSE: -1.6836e+01

I 05.20/16:09:44 solver.py:206 ] 
=! Best NMSE: -1.6836e+01 (epoch=380)

I 05.20/16:09:46 solver.py:151 ] => Train  Loss: 1.5100e-02

I 05.20/16:09:48 solver.py:206 ] 
=! Best NMSE: -1.6836e+01 (epoch=380)

I 05.20/16:09:50 solver.py:151 ] => Train  Loss: 1.5074e-02

I 05.20/16:09:51 solver.py:206 ] 
=! Best NMSE: -1.6836e+01 (epoch=380)

I 05.20/16:09:52 solver.py:151 ] => Train  Loss: 1.5058e-02

I 05.20/16:09:53 solver.py:206 ] 
=! Best NMSE: -1.6836e+01 (epoch=380)

I 05.20/16:09:55 solver.py:151 ] => Train  Loss: 1.5017e-02

I 05.20/16:09:56 solver.py:206 ] 
=! Best NMSE: -1.6836e+01 (epoch=380)

I 05.20/16:09:57 solver.py:151 ] => Train  Loss: 1.4981e-02

I 05.20/16:09:59 solver.py:206 ] 
=! Best NMSE: -1.6836e+01 (epoch=380)

I 05.20/16:10:00 solver.py:151 ] => Train  Loss: 1.4920e-02

I 05.20/16:10:01 solver.py:206 ] 
=! Best NMSE: -1.6836e+01 (epoch=380)

I 05.20/16:10:03 solver.py:151 ] => Train  Loss: 1.4907e-02

I 05.20/16:10:05 solver.py:206 ] 
=! Best NMSE: -1.6836e+01 (epoch=380)

I 05.20/16:10:06 solver.py:151 ] => Train  Loss: 1.4868e-02

I 05.20/16:10:08 solver.py:206 ] 
=! Best NMSE: -1.6836e+01 (epoch=380)

I 05.20/16:10:09 solver.py:151 ] => Train  Loss: 1.4861e-02

I 05.20/16:10:10 solver.py:206 ] 
=! Best NMSE: -1.6836e+01 (epoch=380)

I 05.20/16:10:12 solver.py:151 ] => Train  Loss: 1.4853e-02

I 05.20/16:10:12 solver.py:151 ] => Val  Loss: 1.7489e-02

I 05.20/16:10:13 solver.py:285 ] => Test NMSE: -1.6928e+01

I 05.20/16:10:16 solver.py:206 ] 
=! Best NMSE: -1.6928e+01 (epoch=390)

I 05.20/16:10:18 solver.py:151 ] => Train  Loss: 1.4798e-02

I 05.20/16:10:19 solver.py:206 ] 
=! Best NMSE: -1.6928e+01 (epoch=390)

I 05.20/16:10:21 solver.py:151 ] => Train  Loss: 1.4752e-02

I 05.20/16:10:22 solver.py:206 ] 
=! Best NMSE: -1.6928e+01 (epoch=390)

I 05.20/16:10:25 solver.py:151 ] => Train  Loss: 1.4740e-02

I 05.20/16:10:27 solver.py:206 ] 
=! Best NMSE: -1.6928e+01 (epoch=390)

I 05.20/16:10:29 solver.py:151 ] => Train  Loss: 1.4689e-02

I 05.20/16:10:31 solver.py:206 ] 
=! Best NMSE: -1.6928e+01 (epoch=390)

I 05.20/16:10:33 solver.py:151 ] => Train  Loss: 1.4685e-02

I 05.20/16:10:35 solver.py:206 ] 
=! Best NMSE: -1.6928e+01 (epoch=390)

I 05.20/16:10:36 solver.py:151 ] => Train  Loss: 1.4639e-02

I 05.20/16:10:37 solver.py:206 ] 
=! Best NMSE: -1.6928e+01 (epoch=390)

I 05.20/16:10:39 solver.py:151 ] => Train  Loss: 1.4572e-02

I 05.20/16:10:40 solver.py:206 ] 
=! Best NMSE: -1.6928e+01 (epoch=390)

I 05.20/16:10:43 solver.py:151 ] => Train  Loss: 1.4589e-02

I 05.20/16:10:44 solver.py:206 ] 
=! Best NMSE: -1.6928e+01 (epoch=390)

I 05.20/16:10:47 solver.py:151 ] => Train  Loss: 1.4555e-02

I 05.20/16:10:49 solver.py:206 ] 
=! Best NMSE: -1.6928e+01 (epoch=390)

I 05.20/16:10:51 solver.py:151 ] => Train  Loss: 1.4542e-02

I 05.20/16:10:51 solver.py:151 ] => Val  Loss: 1.7156e-02

I 05.20/16:10:52 solver.py:285 ] => Test NMSE: -1.7022e+01

I 05.20/16:10:54 solver.py:206 ] 
=! Best NMSE: -1.7022e+01 (epoch=400)

I 05.20/16:10:55 solver.py:229 ] => Saved encoder outputs to /storage/hujiacong/zxd/Huawei/TransNet/exps/01878_seed42_400ep/encoder_output.pth
I 05.20/16:10:55 solver.py:285 ] => Test NMSE: -1.7022e+01

I 05.20/16:10:55 solver.py:254 ] 
=> Test result: 
loss: 1.4883e-02    NMSE: -1.7022e+01

I 05.20/16:10:55 main.py:87  ] 
=! Final test loss: 1.4883e-02
         test NMSE: -1.7022e+01

