I 05.20/21:15:00 main.py:23  ] => Experiment directory: /storage/hujiacong/zxd/Huawei/TransNet/exps/freeze_decoder_self_attn
I 05.20/21:15:00 main.py:24  ] => PyTorch Version: 2.5.1
I 05.20/21:15:00 init.py:14  ] Random seed set to 3447
I 05.20/21:15:01 init.py:69  ] Running on GPU 0
I 05.20/21:15:04 init.py:100 ] => Model Name: TransNet [pretrained: None]
I 05.20/21:15:04 init.py:101 ] => Model Config: compression ratio=1/4; input shape=(2, 64, 64); input dim=8192
I 05.20/21:15:04 init.py:104 ] => Model Flops: 168.133M
I 05.20/21:15:04 init.py:105 ] => Model Params Num: 34.094M

I 05.20/21:15:04 init.py:106 ] 
**********
Transformer(
  (encoder): TransformerEncoder(
    (layer): TransformerEncoderLayer(
      (self_attn): MultiheadAttention(
        (out_proj): Linear(in_features=64, out_features=64, bias=True)
      )
      (linear1): Linear(in_features=64, out_features=2048, bias=True)
      (dropout): Dropout(p=0.0, inplace=False)
      (linear2): Linear(in_features=2048, out_features=64, bias=True)
      (norm1): LayerNorm((64,), eps=1e-05, elementwise_affine=True)
      (norm2): LayerNorm((64,), eps=1e-05, elementwise_affine=True)
      (dropout1): Dropout(p=0.0, inplace=False)
      (dropout2): Dropout(p=0.0, inplace=False)
    )
  )
  (decoder): TransformerDecoder(
    (layer): TransformerDecoderLayer(
      (self_attn): MultiheadAttention(
        (out_proj): Linear(in_features=64, out_features=64, bias=True)
      )
      (multihead_attn): MultiheadAttention(
        (out_proj): Linear(in_features=64, out_features=64, bias=True)
      )
      (linear1): Linear(in_features=64, out_features=2048, bias=True)
      (dropout): Dropout(p=0.0, inplace=False)
      (linear2): Linear(in_features=2048, out_features=64, bias=True)
      (norm1): LayerNorm((64,), eps=1e-05, elementwise_affine=True)
      (norm2): LayerNorm((64,), eps=1e-05, elementwise_affine=True)
      (norm3): LayerNorm((64,), eps=1e-05, elementwise_affine=True)
      (dropout1): Dropout(p=0.0, inplace=False)
      (dropout2): Dropout(p=0.0, inplace=False)
      (dropout3): Dropout(p=0.0, inplace=False)
    )
    (norm): LayerNorm((64,), eps=1e-05, elementwise_affine=True)
  )
  (fc_encoder): Linear(in_features=8192, out_features=2048, bias=True)
  (fc_decoder): Linear(in_features=2048, out_features=8192, bias=True)
)
**********

I 05.20/21:15:04 init.py:42  ] => Frozen components: decoder_self_attn
I 05.20/21:15:04 init.py:46  ] 
**********
=> Parameter trainable status
**********
I 05.20/21:15:04 init.py:48  ] encoder.layer.self_attn.in_proj_weight | trainable=True | shape=(192, 64)
I 05.20/21:15:04 init.py:48  ] encoder.layer.self_attn.in_proj_bias | trainable=True | shape=(192,)
I 05.20/21:15:04 init.py:48  ] encoder.layer.self_attn.out_proj.weight | trainable=True | shape=(64, 64)
I 05.20/21:15:04 init.py:48  ] encoder.layer.self_attn.out_proj.bias | trainable=True | shape=(64,)
I 05.20/21:15:04 init.py:48  ] encoder.layer.linear1.weight | trainable=True | shape=(2048, 64)
I 05.20/21:15:04 init.py:48  ] encoder.layer.linear1.bias | trainable=True | shape=(2048,)
I 05.20/21:15:04 init.py:48  ] encoder.layer.linear2.weight | trainable=True | shape=(64, 2048)
I 05.20/21:15:04 init.py:48  ] encoder.layer.linear2.bias | trainable=True | shape=(64,)
I 05.20/21:15:04 init.py:48  ] encoder.layer.norm1.weight | trainable=True | shape=(64,)
I 05.20/21:15:04 init.py:48  ] encoder.layer.norm1.bias | trainable=True | shape=(64,)
I 05.20/21:15:04 init.py:48  ] encoder.layer.norm2.weight | trainable=True | shape=(64,)
I 05.20/21:15:04 init.py:48  ] encoder.layer.norm2.bias | trainable=True | shape=(64,)
I 05.20/21:15:04 init.py:48  ] decoder.layer.self_attn.in_proj_weight | trainable=False | shape=(192, 64)
I 05.20/21:15:04 init.py:48  ] decoder.layer.self_attn.in_proj_bias | trainable=False | shape=(192,)
I 05.20/21:15:04 init.py:48  ] decoder.layer.self_attn.out_proj.weight | trainable=False | shape=(64, 64)
I 05.20/21:15:04 init.py:48  ] decoder.layer.self_attn.out_proj.bias | trainable=False | shape=(64,)
I 05.20/21:15:04 init.py:48  ] decoder.layer.multihead_attn.in_proj_weight | trainable=True | shape=(192, 64)
I 05.20/21:15:04 init.py:48  ] decoder.layer.multihead_attn.in_proj_bias | trainable=True | shape=(192,)
I 05.20/21:15:04 init.py:48  ] decoder.layer.multihead_attn.out_proj.weight | trainable=True | shape=(64, 64)
I 05.20/21:15:04 init.py:48  ] decoder.layer.multihead_attn.out_proj.bias | trainable=True | shape=(64,)
I 05.20/21:15:04 init.py:48  ] decoder.layer.linear1.weight | trainable=True | shape=(2048, 64)
I 05.20/21:15:04 init.py:48  ] decoder.layer.linear1.bias | trainable=True | shape=(2048,)
I 05.20/21:15:04 init.py:48  ] decoder.layer.linear2.weight | trainable=True | shape=(64, 2048)
I 05.20/21:15:04 init.py:48  ] decoder.layer.linear2.bias | trainable=True | shape=(64,)
I 05.20/21:15:04 init.py:48  ] decoder.layer.norm1.weight | trainable=True | shape=(64,)
I 05.20/21:15:04 init.py:48  ] decoder.layer.norm1.bias | trainable=True | shape=(64,)
I 05.20/21:15:04 init.py:48  ] decoder.layer.norm2.weight | trainable=True | shape=(64,)
I 05.20/21:15:04 init.py:48  ] decoder.layer.norm2.bias | trainable=True | shape=(64,)
I 05.20/21:15:04 init.py:48  ] decoder.layer.norm3.weight | trainable=True | shape=(64,)
I 05.20/21:15:04 init.py:48  ] decoder.layer.norm3.bias | trainable=True | shape=(64,)
I 05.20/21:15:04 init.py:48  ] decoder.norm.weight | trainable=True | shape=(64,)
I 05.20/21:15:04 init.py:48  ] decoder.norm.bias | trainable=True | shape=(64,)
I 05.20/21:15:04 init.py:48  ] fc_encoder.weight | trainable=True | shape=(2048, 8192)
I 05.20/21:15:04 init.py:48  ] fc_encoder.bias | trainable=True | shape=(2048,)
I 05.20/21:15:04 init.py:48  ] fc_decoder.weight | trainable=True | shape=(8192, 2048)
I 05.20/21:15:04 init.py:48  ] fc_decoder.bias | trainable=True | shape=(8192,)
I 05.20/21:15:04 init.py:49  ] **********
I 05.20/21:15:09 solver.py:151 ] => Train  Loss: 1.4955e+00

I 05.20/21:15:10 solver.py:151 ] => Train  Loss: 1.4569e+00

I 05.20/21:15:15 solver.py:151 ] => Train  Loss: 1.3670e+00

I 05.20/21:15:21 solver.py:151 ] => Train  Loss: 1.2325e+00

I 05.20/21:15:26 solver.py:151 ] => Train  Loss: 1.0750e+00

I 05.20/21:15:32 solver.py:151 ] => Train  Loss: 9.1880e-01

I 05.20/21:15:36 solver.py:151 ] => Train  Loss: 7.7792e-01

I 05.20/21:15:40 solver.py:151 ] => Train  Loss: 6.5635e-01

I 05.20/21:15:45 solver.py:151 ] => Train  Loss: 5.5649e-01

I 05.20/21:15:49 solver.py:151 ] => Train  Loss: 4.7286e-01

I 05.20/21:15:50 solver.py:151 ] => Val  Loss: 4.4775e-01

I 05.20/21:15:50 solver.py:285 ] => Test NMSE: -2.3716e+00

I 05.20/21:15:54 solver.py:206 ] 
=! Best NMSE: -2.3716e+00 (epoch=10)

I 05.20/21:15:56 solver.py:151 ] => Train  Loss: 4.0468e-01

I 05.20/21:15:58 solver.py:206 ] 
=! Best NMSE: -2.3716e+00 (epoch=10)

I 05.20/21:16:00 solver.py:151 ] => Train  Loss: 3.4916e-01

I 05.20/21:16:02 solver.py:206 ] 
=! Best NMSE: -2.3716e+00 (epoch=10)

I 05.20/21:16:04 solver.py:151 ] => Train  Loss: 3.0345e-01

I 05.20/21:16:06 solver.py:206 ] 
=! Best NMSE: -2.3716e+00 (epoch=10)

I 05.20/21:16:08 solver.py:151 ] => Train  Loss: 2.6733e-01

I 05.20/21:16:10 solver.py:206 ] 
=! Best NMSE: -2.3716e+00 (epoch=10)

I 05.20/21:16:13 solver.py:151 ] => Train  Loss: 2.3906e-01

I 05.20/21:16:15 solver.py:206 ] 
=! Best NMSE: -2.3716e+00 (epoch=10)

I 05.20/21:16:17 solver.py:151 ] => Train  Loss: 2.1666e-01

I 05.20/21:16:19 solver.py:206 ] 
=! Best NMSE: -2.3716e+00 (epoch=10)

I 05.20/21:16:21 solver.py:151 ] => Train  Loss: 1.9951e-01

I 05.20/21:16:23 solver.py:206 ] 
=! Best NMSE: -2.3716e+00 (epoch=10)

I 05.20/21:16:25 solver.py:151 ] => Train  Loss: 1.8578e-01

I 05.20/21:16:26 solver.py:206 ] 
=! Best NMSE: -2.3716e+00 (epoch=10)

I 05.20/21:16:27 solver.py:151 ] => Train  Loss: 1.7440e-01

I 05.20/21:16:28 solver.py:206 ] 
=! Best NMSE: -2.3716e+00 (epoch=10)

I 05.20/21:16:31 solver.py:151 ] => Train  Loss: 1.6562e-01

I 05.20/21:16:31 solver.py:151 ] => Val  Loss: 1.7338e-01

I 05.20/21:16:32 solver.py:285 ] => Test NMSE: -6.5635e+00

I 05.20/21:16:34 solver.py:206 ] 
=! Best NMSE: -6.5635e+00 (epoch=20)

I 05.20/21:16:37 solver.py:151 ] => Train  Loss: 1.5823e-01

I 05.20/21:16:38 solver.py:206 ] 
=! Best NMSE: -6.5635e+00 (epoch=20)

I 05.20/21:16:39 solver.py:151 ] => Train  Loss: 1.5181e-01

I 05.20/21:16:40 solver.py:206 ] 
=! Best NMSE: -6.5635e+00 (epoch=20)

I 05.20/21:16:43 solver.py:151 ] => Train  Loss: 1.4609e-01

I 05.20/21:16:45 solver.py:206 ] 
=! Best NMSE: -6.5635e+00 (epoch=20)

I 05.20/21:16:47 solver.py:151 ] => Train  Loss: 1.4107e-01

I 05.20/21:16:49 solver.py:206 ] 
=! Best NMSE: -6.5635e+00 (epoch=20)

I 05.20/21:16:52 solver.py:151 ] => Train  Loss: 1.3626e-01

I 05.20/21:16:53 solver.py:206 ] 
=! Best NMSE: -6.5635e+00 (epoch=20)

I 05.20/21:16:55 solver.py:151 ] => Train  Loss: 1.3193e-01

I 05.20/21:16:56 solver.py:206 ] 
=! Best NMSE: -6.5635e+00 (epoch=20)

I 05.20/21:16:59 solver.py:151 ] => Train  Loss: 1.2767e-01

I 05.20/21:17:01 solver.py:206 ] 
=! Best NMSE: -6.5635e+00 (epoch=20)

I 05.20/21:17:04 solver.py:151 ] => Train  Loss: 1.2394e-01

I 05.20/21:17:05 solver.py:206 ] 
=! Best NMSE: -6.5635e+00 (epoch=20)

I 05.20/21:17:07 solver.py:151 ] => Train  Loss: 1.2076e-01

I 05.20/21:17:08 solver.py:206 ] 
=! Best NMSE: -6.5635e+00 (epoch=20)

I 05.20/21:17:11 solver.py:151 ] => Train  Loss: 1.1716e-01

I 05.20/21:17:12 solver.py:151 ] => Val  Loss: 1.2549e-01

I 05.20/21:17:12 solver.py:285 ] => Test NMSE: -7.9400e+00

I 05.20/21:17:15 solver.py:206 ] 
=! Best NMSE: -7.9400e+00 (epoch=30)

I 05.20/21:17:18 solver.py:151 ] => Train  Loss: 1.1400e-01

I 05.20/21:17:20 solver.py:206 ] 
=! Best NMSE: -7.9400e+00 (epoch=30)

I 05.20/21:17:23 solver.py:151 ] => Train  Loss: 1.1098e-01

I 05.20/21:17:24 solver.py:206 ] 
=! Best NMSE: -7.9400e+00 (epoch=30)

I 05.20/21:17:27 solver.py:151 ] => Train  Loss: 1.0847e-01

I 05.20/21:17:29 solver.py:206 ] 
=! Best NMSE: -7.9400e+00 (epoch=30)

I 05.20/21:17:33 solver.py:151 ] => Train  Loss: 1.0580e-01

I 05.20/21:17:35 solver.py:206 ] 
=! Best NMSE: -7.9400e+00 (epoch=30)

I 05.20/21:17:36 solver.py:151 ] => Train  Loss: 1.0327e-01

I 05.20/21:17:38 solver.py:206 ] 
=! Best NMSE: -7.9400e+00 (epoch=30)

I 05.20/21:17:39 solver.py:151 ] => Train  Loss: 1.0095e-01

I 05.20/21:17:40 solver.py:206 ] 
=! Best NMSE: -7.9400e+00 (epoch=30)

I 05.20/21:17:43 solver.py:151 ] => Train  Loss: 9.8566e-02

I 05.20/21:17:45 solver.py:206 ] 
=! Best NMSE: -7.9400e+00 (epoch=30)

I 05.20/21:17:47 solver.py:151 ] => Train  Loss: 9.6318e-02

I 05.20/21:17:49 solver.py:206 ] 
=! Best NMSE: -7.9400e+00 (epoch=30)

I 05.20/21:17:52 solver.py:151 ] => Train  Loss: 9.4342e-02

I 05.20/21:17:54 solver.py:206 ] 
=! Best NMSE: -7.9400e+00 (epoch=30)

I 05.20/21:17:57 solver.py:151 ] => Train  Loss: 9.2247e-02

I 05.20/21:17:57 solver.py:151 ] => Val  Loss: 9.8815e-02

I 05.20/21:17:58 solver.py:285 ] => Test NMSE: -8.9745e+00

I 05.20/21:18:01 solver.py:206 ] 
=! Best NMSE: -8.9745e+00 (epoch=40)

I 05.20/21:18:02 solver.py:151 ] => Train  Loss: 9.0135e-02

I 05.20/21:18:03 solver.py:206 ] 
=! Best NMSE: -8.9745e+00 (epoch=40)

I 05.20/21:18:05 solver.py:151 ] => Train  Loss: 8.8157e-02

I 05.20/21:18:07 solver.py:206 ] 
=! Best NMSE: -8.9745e+00 (epoch=40)

I 05.20/21:18:10 solver.py:151 ] => Train  Loss: 8.6100e-02

I 05.20/21:18:11 solver.py:206 ] 
=! Best NMSE: -8.9745e+00 (epoch=40)

I 05.20/21:18:12 solver.py:151 ] => Train  Loss: 8.4252e-02

I 05.20/21:18:13 solver.py:206 ] 
=! Best NMSE: -8.9745e+00 (epoch=40)

I 05.20/21:18:16 solver.py:151 ] => Train  Loss: 8.2452e-02

I 05.20/21:18:18 solver.py:206 ] 
=! Best NMSE: -8.9745e+00 (epoch=40)

I 05.20/21:18:21 solver.py:151 ] => Train  Loss: 8.0801e-02

I 05.20/21:18:23 solver.py:206 ] 
=! Best NMSE: -8.9745e+00 (epoch=40)

I 05.20/21:18:27 solver.py:151 ] => Train  Loss: 7.9046e-02

I 05.20/21:18:29 solver.py:206 ] 
=! Best NMSE: -8.9745e+00 (epoch=40)

I 05.20/21:18:32 solver.py:151 ] => Train  Loss: 7.7499e-02

I 05.20/21:18:33 solver.py:206 ] 
=! Best NMSE: -8.9745e+00 (epoch=40)

I 05.20/21:18:36 solver.py:151 ] => Train  Loss: 7.5978e-02

I 05.20/21:18:37 solver.py:206 ] 
=! Best NMSE: -8.9745e+00 (epoch=40)

I 05.20/21:18:39 solver.py:151 ] => Train  Loss: 7.4486e-02

I 05.20/21:18:39 solver.py:151 ] => Val  Loss: 8.0077e-02

I 05.20/21:18:39 solver.py:285 ] => Test NMSE: -9.9050e+00

I 05.20/21:18:43 solver.py:206 ] 
=! Best NMSE: -9.9050e+00 (epoch=50)

I 05.20/21:18:46 solver.py:151 ] => Train  Loss: 7.3042e-02

I 05.20/21:18:48 solver.py:206 ] 
=! Best NMSE: -9.9050e+00 (epoch=50)

I 05.20/21:18:50 solver.py:151 ] => Train  Loss: 7.1551e-02

I 05.20/21:18:51 solver.py:206 ] 
=! Best NMSE: -9.9050e+00 (epoch=50)

I 05.20/21:18:53 solver.py:151 ] => Train  Loss: 7.0201e-02

I 05.20/21:18:54 solver.py:206 ] 
=! Best NMSE: -9.9050e+00 (epoch=50)

I 05.20/21:18:57 solver.py:151 ] => Train  Loss: 6.8938e-02

I 05.20/21:18:59 solver.py:206 ] 
=! Best NMSE: -9.9050e+00 (epoch=50)

I 05.20/21:19:02 solver.py:151 ] => Train  Loss: 6.7589e-02

I 05.20/21:19:04 solver.py:206 ] 
=! Best NMSE: -9.9050e+00 (epoch=50)

I 05.20/21:19:05 solver.py:151 ] => Train  Loss: 6.6352e-02

I 05.20/21:19:06 solver.py:206 ] 
=! Best NMSE: -9.9050e+00 (epoch=50)

I 05.20/21:19:08 solver.py:151 ] => Train  Loss: 6.5115e-02

I 05.20/21:19:10 solver.py:206 ] 
=! Best NMSE: -9.9050e+00 (epoch=50)

I 05.20/21:19:11 solver.py:151 ] => Train  Loss: 6.3930e-02

I 05.20/21:19:13 solver.py:206 ] 
=! Best NMSE: -9.9050e+00 (epoch=50)

I 05.20/21:19:15 solver.py:151 ] => Train  Loss: 6.2730e-02

I 05.20/21:19:17 solver.py:206 ] 
=! Best NMSE: -9.9050e+00 (epoch=50)

I 05.20/21:19:20 solver.py:151 ] => Train  Loss: 6.1519e-02

I 05.20/21:19:20 solver.py:151 ] => Val  Loss: 6.6466e-02

I 05.20/21:19:20 solver.py:285 ] => Test NMSE: -1.0741e+01

I 05.20/21:19:24 solver.py:206 ] 
=! Best NMSE: -1.0741e+01 (epoch=60)

I 05.20/21:19:26 solver.py:151 ] => Train  Loss: 6.0459e-02

I 05.20/21:19:28 solver.py:206 ] 
=! Best NMSE: -1.0741e+01 (epoch=60)

I 05.20/21:19:30 solver.py:151 ] => Train  Loss: 5.9304e-02

I 05.20/21:19:32 solver.py:206 ] 
=! Best NMSE: -1.0741e+01 (epoch=60)

I 05.20/21:19:35 solver.py:151 ] => Train  Loss: 5.8211e-02

I 05.20/21:19:37 solver.py:206 ] 
=! Best NMSE: -1.0741e+01 (epoch=60)

I 05.20/21:19:39 solver.py:151 ] => Train  Loss: 5.7146e-02

I 05.20/21:19:40 solver.py:206 ] 
=! Best NMSE: -1.0741e+01 (epoch=60)

I 05.20/21:19:41 solver.py:151 ] => Train  Loss: 5.6096e-02

I 05.20/21:19:43 solver.py:206 ] 
=! Best NMSE: -1.0741e+01 (epoch=60)

I 05.20/21:19:45 solver.py:151 ] => Train  Loss: 5.5086e-02

I 05.20/21:19:47 solver.py:206 ] 
=! Best NMSE: -1.0741e+01 (epoch=60)

I 05.20/21:19:48 solver.py:151 ] => Train  Loss: 5.4082e-02

I 05.20/21:19:49 solver.py:206 ] 
=! Best NMSE: -1.0741e+01 (epoch=60)

I 05.20/21:19:51 solver.py:151 ] => Train  Loss: 5.3039e-02

I 05.20/21:19:53 solver.py:206 ] 
=! Best NMSE: -1.0741e+01 (epoch=60)

I 05.20/21:19:55 solver.py:151 ] => Train  Loss: 5.2092e-02

I 05.20/21:19:57 solver.py:206 ] 
=! Best NMSE: -1.0741e+01 (epoch=60)

I 05.20/21:19:59 solver.py:151 ] => Train  Loss: 5.1090e-02

I 05.20/21:20:00 solver.py:151 ] => Val  Loss: 5.5487e-02

I 05.20/21:20:00 solver.py:285 ] => Test NMSE: -1.1555e+01

I 05.20/21:20:03 solver.py:206 ] 
=! Best NMSE: -1.1555e+01 (epoch=70)

I 05.20/21:20:04 solver.py:151 ] => Train  Loss: 5.0177e-02

I 05.20/21:20:06 solver.py:206 ] 
=! Best NMSE: -1.1555e+01 (epoch=70)

I 05.20/21:20:07 solver.py:151 ] => Train  Loss: 4.9417e-02

I 05.20/21:20:09 solver.py:206 ] 
=! Best NMSE: -1.1555e+01 (epoch=70)

I 05.20/21:20:11 solver.py:151 ] => Train  Loss: 4.8551e-02

I 05.20/21:20:12 solver.py:206 ] 
=! Best NMSE: -1.1555e+01 (epoch=70)

I 05.20/21:20:13 solver.py:151 ] => Train  Loss: 4.7617e-02

I 05.20/21:20:15 solver.py:206 ] 
=! Best NMSE: -1.1555e+01 (epoch=70)

I 05.20/21:20:17 solver.py:151 ] => Train  Loss: 4.6798e-02

I 05.20/21:20:20 solver.py:206 ] 
=! Best NMSE: -1.1555e+01 (epoch=70)

I 05.20/21:20:22 solver.py:151 ] => Train  Loss: 4.5892e-02

I 05.20/21:20:24 solver.py:206 ] 
=! Best NMSE: -1.1555e+01 (epoch=70)

I 05.20/21:20:26 solver.py:151 ] => Train  Loss: 4.5067e-02

I 05.20/21:20:27 solver.py:206 ] 
=! Best NMSE: -1.1555e+01 (epoch=70)

I 05.20/21:20:30 solver.py:151 ] => Train  Loss: 4.4231e-02

I 05.20/21:20:31 solver.py:206 ] 
=! Best NMSE: -1.1555e+01 (epoch=70)

I 05.20/21:20:33 solver.py:151 ] => Train  Loss: 4.3377e-02

I 05.20/21:20:34 solver.py:206 ] 
=! Best NMSE: -1.1555e+01 (epoch=70)

I 05.20/21:20:35 solver.py:151 ] => Train  Loss: 4.2604e-02

I 05.20/21:20:36 solver.py:151 ] => Val  Loss: 4.6616e-02

I 05.20/21:20:36 solver.py:285 ] => Test NMSE: -1.2346e+01

I 05.20/21:20:38 solver.py:206 ] 
=! Best NMSE: -1.2346e+01 (epoch=80)

I 05.20/21:20:39 solver.py:151 ] => Train  Loss: 4.1840e-02

I 05.20/21:20:41 solver.py:206 ] 
=! Best NMSE: -1.2346e+01 (epoch=80)

I 05.20/21:20:42 solver.py:151 ] => Train  Loss: 4.1182e-02

I 05.20/21:20:44 solver.py:206 ] 
=! Best NMSE: -1.2346e+01 (epoch=80)

I 05.20/21:20:47 solver.py:151 ] => Train  Loss: 4.0382e-02

I 05.20/21:20:48 solver.py:206 ] 
=! Best NMSE: -1.2346e+01 (epoch=80)

I 05.20/21:20:51 solver.py:151 ] => Train  Loss: 3.9685e-02

I 05.20/21:20:52 solver.py:206 ] 
=! Best NMSE: -1.2346e+01 (epoch=80)

I 05.20/21:20:55 solver.py:151 ] => Train  Loss: 3.9022e-02

I 05.20/21:20:56 solver.py:206 ] 
=! Best NMSE: -1.2346e+01 (epoch=80)

I 05.20/21:20:59 solver.py:151 ] => Train  Loss: 3.8238e-02

I 05.20/21:21:00 solver.py:206 ] 
=! Best NMSE: -1.2346e+01 (epoch=80)

I 05.20/21:21:01 solver.py:151 ] => Train  Loss: 3.7631e-02

I 05.20/21:21:03 solver.py:206 ] 
=! Best NMSE: -1.2346e+01 (epoch=80)

I 05.20/21:21:04 solver.py:151 ] => Train  Loss: 3.6924e-02

I 05.20/21:21:05 solver.py:206 ] 
=! Best NMSE: -1.2346e+01 (epoch=80)

I 05.20/21:21:06 solver.py:151 ] => Train  Loss: 3.6253e-02

I 05.20/21:21:08 solver.py:206 ] 
=! Best NMSE: -1.2346e+01 (epoch=80)

I 05.20/21:21:09 solver.py:151 ] => Train  Loss: 3.5604e-02

I 05.20/21:21:09 solver.py:151 ] => Val  Loss: 3.9292e-02

I 05.20/21:21:09 solver.py:285 ] => Test NMSE: -1.3131e+01

I 05.20/21:21:13 solver.py:206 ] 
=! Best NMSE: -1.3131e+01 (epoch=90)

I 05.20/21:21:15 solver.py:151 ] => Train  Loss: 3.4958e-02

I 05.20/21:21:17 solver.py:206 ] 
=! Best NMSE: -1.3131e+01 (epoch=90)

I 05.20/21:21:20 solver.py:151 ] => Train  Loss: 3.4352e-02

I 05.20/21:21:22 solver.py:206 ] 
=! Best NMSE: -1.3131e+01 (epoch=90)

I 05.20/21:21:24 solver.py:151 ] => Train  Loss: 3.3696e-02

I 05.20/21:21:26 solver.py:206 ] 
=! Best NMSE: -1.3131e+01 (epoch=90)

I 05.20/21:21:27 solver.py:151 ] => Train  Loss: 3.3184e-02

I 05.20/21:21:29 solver.py:206 ] 
=! Best NMSE: -1.3131e+01 (epoch=90)

I 05.20/21:21:32 solver.py:151 ] => Train  Loss: 3.2546e-02

I 05.20/21:21:34 solver.py:206 ] 
=! Best NMSE: -1.3131e+01 (epoch=90)

I 05.20/21:21:35 solver.py:151 ] => Train  Loss: 3.1975e-02

I 05.20/21:21:37 solver.py:206 ] 
=! Best NMSE: -1.3131e+01 (epoch=90)

I 05.20/21:21:38 solver.py:151 ] => Train  Loss: 3.1361e-02

I 05.20/21:21:39 solver.py:206 ] 
=! Best NMSE: -1.3131e+01 (epoch=90)

I 05.20/21:21:41 solver.py:151 ] => Train  Loss: 3.0843e-02

I 05.20/21:21:42 solver.py:206 ] 
=! Best NMSE: -1.3131e+01 (epoch=90)

I 05.20/21:21:43 solver.py:151 ] => Train  Loss: 3.0282e-02

I 05.20/21:21:45 solver.py:206 ] 
=! Best NMSE: -1.3131e+01 (epoch=90)

I 05.20/21:21:47 solver.py:151 ] => Train  Loss: 2.9804e-02

I 05.20/21:21:47 solver.py:151 ] => Val  Loss: 3.3263e-02

I 05.20/21:21:47 solver.py:285 ] => Test NMSE: -1.3896e+01

I 05.20/21:21:50 solver.py:206 ] 
=! Best NMSE: -1.3896e+01 (epoch=100)

I 05.20/21:21:51 solver.py:151 ] => Train  Loss: 2.9239e-02

I 05.20/21:21:52 solver.py:206 ] 
=! Best NMSE: -1.3896e+01 (epoch=100)

I 05.20/21:21:54 solver.py:151 ] => Train  Loss: 2.8787e-02

I 05.20/21:21:55 solver.py:206 ] 
=! Best NMSE: -1.3896e+01 (epoch=100)

I 05.20/21:21:57 solver.py:151 ] => Train  Loss: 2.8212e-02

I 05.20/21:21:58 solver.py:206 ] 
=! Best NMSE: -1.3896e+01 (epoch=100)

I 05.20/21:22:00 solver.py:151 ] => Train  Loss: 2.7735e-02

I 05.20/21:22:02 solver.py:206 ] 
=! Best NMSE: -1.3896e+01 (epoch=100)

I 05.20/21:22:04 solver.py:151 ] => Train  Loss: 2.7230e-02

I 05.20/21:22:06 solver.py:206 ] 
=! Best NMSE: -1.3896e+01 (epoch=100)

I 05.20/21:22:07 solver.py:151 ] => Train  Loss: 2.6802e-02

I 05.20/21:22:08 solver.py:206 ] 
=! Best NMSE: -1.3896e+01 (epoch=100)

I 05.20/21:22:10 solver.py:151 ] => Train  Loss: 2.6326e-02

I 05.20/21:22:11 solver.py:206 ] 
=! Best NMSE: -1.3896e+01 (epoch=100)

I 05.20/21:22:13 solver.py:151 ] => Train  Loss: 2.5875e-02

I 05.20/21:22:14 solver.py:206 ] 
=! Best NMSE: -1.3896e+01 (epoch=100)

I 05.20/21:22:15 solver.py:151 ] => Train  Loss: 2.5455e-02

I 05.20/21:22:17 solver.py:206 ] 
=! Best NMSE: -1.3896e+01 (epoch=100)

I 05.20/21:22:18 solver.py:151 ] => Train  Loss: 2.5019e-02

I 05.20/21:22:18 solver.py:151 ] => Val  Loss: 2.8318e-02

I 05.20/21:22:18 solver.py:285 ] => Test NMSE: -1.4659e+01

I 05.20/21:22:21 solver.py:206 ] 
=! Best NMSE: -1.4659e+01 (epoch=110)

I 05.20/21:22:22 solver.py:151 ] => Train  Loss: 2.4581e-02

I 05.20/21:22:24 solver.py:206 ] 
=! Best NMSE: -1.4659e+01 (epoch=110)

I 05.20/21:22:25 solver.py:151 ] => Train  Loss: 2.4161e-02

I 05.20/21:22:26 solver.py:206 ] 
=! Best NMSE: -1.4659e+01 (epoch=110)

I 05.20/21:22:28 solver.py:151 ] => Train  Loss: 2.3773e-02

I 05.20/21:22:29 solver.py:206 ] 
=! Best NMSE: -1.4659e+01 (epoch=110)

I 05.20/21:22:31 solver.py:151 ] => Train  Loss: 2.3461e-02

I 05.20/21:22:32 solver.py:206 ] 
=! Best NMSE: -1.4659e+01 (epoch=110)

I 05.20/21:22:34 solver.py:151 ] => Train  Loss: 2.3043e-02

I 05.20/21:22:36 solver.py:206 ] 
=! Best NMSE: -1.4659e+01 (epoch=110)

I 05.20/21:22:38 solver.py:151 ] => Train  Loss: 2.2572e-02

I 05.20/21:22:40 solver.py:206 ] 
=! Best NMSE: -1.4659e+01 (epoch=110)

I 05.20/21:22:41 solver.py:151 ] => Train  Loss: 2.2285e-02

I 05.20/21:22:42 solver.py:206 ] 
=! Best NMSE: -1.4659e+01 (epoch=110)

I 05.20/21:22:43 solver.py:151 ] => Train  Loss: 2.1875e-02

I 05.20/21:22:45 solver.py:206 ] 
=! Best NMSE: -1.4659e+01 (epoch=110)

I 05.20/21:22:47 solver.py:151 ] => Train  Loss: 2.1549e-02

I 05.20/21:22:49 solver.py:206 ] 
=! Best NMSE: -1.4659e+01 (epoch=110)

I 05.20/21:22:50 solver.py:151 ] => Train  Loss: 2.1171e-02

I 05.20/21:22:50 solver.py:151 ] => Val  Loss: 2.4413e-02

I 05.20/21:22:50 solver.py:285 ] => Test NMSE: -1.5362e+01

I 05.20/21:22:53 solver.py:206 ] 
=! Best NMSE: -1.5362e+01 (epoch=120)

I 05.20/21:22:54 solver.py:151 ] => Train  Loss: 2.0858e-02

I 05.20/21:22:55 solver.py:206 ] 
=! Best NMSE: -1.5362e+01 (epoch=120)

I 05.20/21:22:57 solver.py:151 ] => Train  Loss: 2.0516e-02

I 05.20/21:22:59 solver.py:206 ] 
=! Best NMSE: -1.5362e+01 (epoch=120)

I 05.20/21:23:01 solver.py:151 ] => Train  Loss: 2.0231e-02

I 05.20/21:23:03 solver.py:206 ] 
=! Best NMSE: -1.5362e+01 (epoch=120)

I 05.20/21:23:05 solver.py:151 ] => Train  Loss: 1.9919e-02

I 05.20/21:23:06 solver.py:206 ] 
=! Best NMSE: -1.5362e+01 (epoch=120)

I 05.20/21:23:09 solver.py:151 ] => Train  Loss: 1.9650e-02

I 05.20/21:23:10 solver.py:206 ] 
=! Best NMSE: -1.5362e+01 (epoch=120)

I 05.20/21:23:11 solver.py:151 ] => Train  Loss: 1.9297e-02

I 05.20/21:23:12 solver.py:206 ] 
=! Best NMSE: -1.5362e+01 (epoch=120)

I 05.20/21:23:14 solver.py:151 ] => Train  Loss: 1.9009e-02

I 05.20/21:23:15 solver.py:206 ] 
=! Best NMSE: -1.5362e+01 (epoch=120)

I 05.20/21:23:16 solver.py:151 ] => Train  Loss: 1.8725e-02

I 05.20/21:23:17 solver.py:206 ] 
=! Best NMSE: -1.5362e+01 (epoch=120)

I 05.20/21:23:19 solver.py:151 ] => Train  Loss: 1.8490e-02

I 05.20/21:23:20 solver.py:206 ] 
=! Best NMSE: -1.5362e+01 (epoch=120)

I 05.20/21:23:23 solver.py:151 ] => Train  Loss: 1.8198e-02

I 05.20/21:23:23 solver.py:151 ] => Val  Loss: 2.1300e-02

I 05.20/21:23:23 solver.py:285 ] => Test NMSE: -1.6013e+01

I 05.20/21:23:26 solver.py:206 ] 
=! Best NMSE: -1.6013e+01 (epoch=130)

I 05.20/21:23:28 solver.py:151 ] => Train  Loss: 1.7946e-02

I 05.20/21:23:29 solver.py:206 ] 
=! Best NMSE: -1.6013e+01 (epoch=130)

I 05.20/21:23:31 solver.py:151 ] => Train  Loss: 1.7678e-02

I 05.20/21:23:32 solver.py:206 ] 
=! Best NMSE: -1.6013e+01 (epoch=130)

I 05.20/21:23:34 solver.py:151 ] => Train  Loss: 1.7479e-02

I 05.20/21:23:36 solver.py:206 ] 
=! Best NMSE: -1.6013e+01 (epoch=130)

I 05.20/21:23:38 solver.py:151 ] => Train  Loss: 1.7253e-02

I 05.20/21:23:39 solver.py:206 ] 
=! Best NMSE: -1.6013e+01 (epoch=130)

I 05.20/21:23:41 solver.py:151 ] => Train  Loss: 1.7018e-02

I 05.20/21:23:42 solver.py:206 ] 
=! Best NMSE: -1.6013e+01 (epoch=130)

I 05.20/21:23:43 solver.py:151 ] => Train  Loss: 1.6846e-02

I 05.20/21:23:45 solver.py:206 ] 
=! Best NMSE: -1.6013e+01 (epoch=130)

I 05.20/21:23:46 solver.py:151 ] => Train  Loss: 1.6569e-02

I 05.20/21:23:47 solver.py:206 ] 
=! Best NMSE: -1.6013e+01 (epoch=130)

I 05.20/21:23:48 solver.py:151 ] => Train  Loss: 1.6397e-02

I 05.20/21:23:49 solver.py:206 ] 
=! Best NMSE: -1.6013e+01 (epoch=130)

I 05.20/21:23:51 solver.py:151 ] => Train  Loss: 1.6193e-02

I 05.20/21:23:52 solver.py:206 ] 
=! Best NMSE: -1.6013e+01 (epoch=130)

I 05.20/21:23:54 solver.py:151 ] => Train  Loss: 1.6015e-02

I 05.20/21:23:54 solver.py:151 ] => Val  Loss: 1.9022e-02

I 05.20/21:23:54 solver.py:285 ] => Test NMSE: -1.6562e+01

I 05.20/21:23:57 solver.py:206 ] 
=! Best NMSE: -1.6562e+01 (epoch=140)

I 05.20/21:23:59 solver.py:151 ] => Train  Loss: 1.5820e-02

I 05.20/21:24:01 solver.py:206 ] 
=! Best NMSE: -1.6562e+01 (epoch=140)

I 05.20/21:24:03 solver.py:151 ] => Train  Loss: 1.5639e-02

I 05.20/21:24:05 solver.py:206 ] 
=! Best NMSE: -1.6562e+01 (epoch=140)

I 05.20/21:24:08 solver.py:151 ] => Train  Loss: 1.5487e-02

I 05.20/21:24:09 solver.py:206 ] 
=! Best NMSE: -1.6562e+01 (epoch=140)

I 05.20/21:24:12 solver.py:151 ] => Train  Loss: 1.5335e-02

I 05.20/21:24:13 solver.py:206 ] 
=! Best NMSE: -1.6562e+01 (epoch=140)

I 05.20/21:24:15 solver.py:151 ] => Train  Loss: 1.5134e-02

I 05.20/21:24:16 solver.py:206 ] 
=! Best NMSE: -1.6562e+01 (epoch=140)

I 05.20/21:24:17 solver.py:151 ] => Train  Loss: 1.4971e-02

I 05.20/21:24:19 solver.py:206 ] 
=! Best NMSE: -1.6562e+01 (epoch=140)

I 05.20/21:24:21 solver.py:151 ] => Train  Loss: 1.4864e-02

I 05.20/21:24:23 solver.py:206 ] 
=! Best NMSE: -1.6562e+01 (epoch=140)

I 05.20/21:24:24 solver.py:151 ] => Train  Loss: 1.4668e-02

I 05.20/21:24:25 solver.py:206 ] 
=! Best NMSE: -1.6562e+01 (epoch=140)

I 05.20/21:24:26 solver.py:151 ] => Train  Loss: 1.4554e-02

I 05.20/21:24:28 solver.py:206 ] 
=! Best NMSE: -1.6562e+01 (epoch=140)

I 05.20/21:24:30 solver.py:151 ] => Train  Loss: 1.4418e-02

I 05.20/21:24:30 solver.py:151 ] => Val  Loss: 1.7341e-02

I 05.20/21:24:30 solver.py:285 ] => Test NMSE: -1.7001e+01

I 05.20/21:24:34 solver.py:206 ] 
=! Best NMSE: -1.7001e+01 (epoch=150)

I 05.20/21:24:35 solver.py:151 ] => Train  Loss: 1.4294e-02

I 05.20/21:24:36 solver.py:206 ] 
=! Best NMSE: -1.7001e+01 (epoch=150)

I 05.20/21:24:37 solver.py:151 ] => Train  Loss: 1.4185e-02

I 05.20/21:24:39 solver.py:206 ] 
=! Best NMSE: -1.7001e+01 (epoch=150)

I 05.20/21:24:40 solver.py:151 ] => Train  Loss: 1.4027e-02

I 05.20/21:24:42 solver.py:206 ] 
=! Best NMSE: -1.7001e+01 (epoch=150)

I 05.20/21:24:43 solver.py:151 ] => Train  Loss: 1.3944e-02

I 05.20/21:24:45 solver.py:206 ] 
=! Best NMSE: -1.7001e+01 (epoch=150)

I 05.20/21:24:46 solver.py:151 ] => Train  Loss: 1.3859e-02

I 05.20/21:24:48 solver.py:206 ] 
=! Best NMSE: -1.7001e+01 (epoch=150)

I 05.20/21:24:49 solver.py:151 ] => Train  Loss: 1.3728e-02

I 05.20/21:24:51 solver.py:206 ] 
=! Best NMSE: -1.7001e+01 (epoch=150)

I 05.20/21:24:53 solver.py:151 ] => Train  Loss: 1.3578e-02

I 05.20/21:24:55 solver.py:206 ] 
=! Best NMSE: -1.7001e+01 (epoch=150)

I 05.20/21:24:57 solver.py:151 ] => Train  Loss: 1.3492e-02

I 05.20/21:24:58 solver.py:206 ] 
=! Best NMSE: -1.7001e+01 (epoch=150)

I 05.20/21:25:00 solver.py:151 ] => Train  Loss: 1.3417e-02

I 05.20/21:25:03 solver.py:206 ] 
=! Best NMSE: -1.7001e+01 (epoch=150)

I 05.20/21:25:05 solver.py:151 ] => Train  Loss: 1.3347e-02

I 05.20/21:25:05 solver.py:151 ] => Val  Loss: 1.6200e-02

I 05.20/21:25:06 solver.py:285 ] => Test NMSE: -1.7339e+01

I 05.20/21:25:10 solver.py:206 ] 
=! Best NMSE: -1.7339e+01 (epoch=160)

I 05.20/21:25:12 solver.py:151 ] => Train  Loss: 1.3284e-02

I 05.20/21:25:13 solver.py:206 ] 
=! Best NMSE: -1.7339e+01 (epoch=160)

I 05.20/21:25:16 solver.py:151 ] => Train  Loss: 1.3172e-02

I 05.20/21:25:17 solver.py:206 ] 
=! Best NMSE: -1.7339e+01 (epoch=160)

I 05.20/21:25:19 solver.py:151 ] => Train  Loss: 1.3096e-02

I 05.20/21:25:21 solver.py:206 ] 
=! Best NMSE: -1.7339e+01 (epoch=160)

I 05.20/21:25:23 solver.py:151 ] => Train  Loss: 1.2966e-02

I 05.20/21:25:25 solver.py:206 ] 
=! Best NMSE: -1.7339e+01 (epoch=160)

I 05.20/21:25:26 solver.py:151 ] => Train  Loss: 1.2927e-02

I 05.20/21:25:28 solver.py:206 ] 
=! Best NMSE: -1.7339e+01 (epoch=160)

I 05.20/21:25:29 solver.py:151 ] => Train  Loss: 1.2818e-02

I 05.20/21:25:30 solver.py:206 ] 
=! Best NMSE: -1.7339e+01 (epoch=160)

I 05.20/21:25:31 solver.py:151 ] => Train  Loss: 1.2808e-02

I 05.20/21:25:33 solver.py:206 ] 
=! Best NMSE: -1.7339e+01 (epoch=160)

I 05.20/21:25:34 solver.py:151 ] => Train  Loss: 1.2668e-02

I 05.20/21:25:36 solver.py:206 ] 
=! Best NMSE: -1.7339e+01 (epoch=160)

I 05.20/21:25:38 solver.py:151 ] => Train  Loss: 1.2651e-02

I 05.20/21:25:39 solver.py:206 ] 
=! Best NMSE: -1.7339e+01 (epoch=160)

I 05.20/21:25:40 solver.py:151 ] => Train  Loss: 1.2571e-02

I 05.20/21:25:40 solver.py:151 ] => Val  Loss: 1.5416e-02

I 05.20/21:25:40 solver.py:285 ] => Test NMSE: -1.7574e+01

I 05.20/21:25:43 solver.py:206 ] 
=! Best NMSE: -1.7574e+01 (epoch=170)

I 05.20/21:25:45 solver.py:151 ] => Train  Loss: 1.2531e-02

I 05.20/21:25:46 solver.py:206 ] 
=! Best NMSE: -1.7574e+01 (epoch=170)

I 05.20/21:25:47 solver.py:151 ] => Train  Loss: 1.2443e-02

I 05.20/21:25:48 solver.py:206 ] 
=! Best NMSE: -1.7574e+01 (epoch=170)

I 05.20/21:25:50 solver.py:151 ] => Train  Loss: 1.2433e-02

I 05.20/21:25:52 solver.py:206 ] 
=! Best NMSE: -1.7574e+01 (epoch=170)

I 05.20/21:25:54 solver.py:151 ] => Train  Loss: 1.2339e-02

I 05.20/21:25:56 solver.py:206 ] 
=! Best NMSE: -1.7574e+01 (epoch=170)

I 05.20/21:25:59 solver.py:151 ] => Train  Loss: 1.2289e-02

I 05.20/21:26:01 solver.py:206 ] 
=! Best NMSE: -1.7574e+01 (epoch=170)

I 05.20/21:26:03 solver.py:151 ] => Train  Loss: 1.2293e-02

I 05.20/21:26:05 solver.py:206 ] 
=! Best NMSE: -1.7574e+01 (epoch=170)

I 05.20/21:26:08 solver.py:151 ] => Train  Loss: 1.2231e-02

I 05.20/21:26:10 solver.py:206 ] 
=! Best NMSE: -1.7574e+01 (epoch=170)

I 05.20/21:26:12 solver.py:151 ] => Train  Loss: 1.2193e-02

I 05.20/21:26:14 solver.py:206 ] 
=! Best NMSE: -1.7574e+01 (epoch=170)

I 05.20/21:26:17 solver.py:151 ] => Train  Loss: 1.2143e-02

I 05.20/21:26:19 solver.py:206 ] 
=! Best NMSE: -1.7574e+01 (epoch=170)

I 05.20/21:26:21 solver.py:151 ] => Train  Loss: 1.2073e-02

I 05.20/21:26:21 solver.py:151 ] => Val  Loss: 1.4853e-02

I 05.20/21:26:21 solver.py:285 ] => Test NMSE: -1.7757e+01

I 05.20/21:26:24 solver.py:206 ] 
=! Best NMSE: -1.7757e+01 (epoch=180)

I 05.20/21:26:26 solver.py:151 ] => Train  Loss: 1.2080e-02

I 05.20/21:26:27 solver.py:206 ] 
=! Best NMSE: -1.7757e+01 (epoch=180)

I 05.20/21:26:28 solver.py:151 ] => Train  Loss: 1.2024e-02

I 05.20/21:26:30 solver.py:206 ] 
=! Best NMSE: -1.7757e+01 (epoch=180)

I 05.20/21:26:31 solver.py:151 ] => Train  Loss: 1.1985e-02

I 05.20/21:26:33 solver.py:206 ] 
=! Best NMSE: -1.7757e+01 (epoch=180)

I 05.20/21:26:35 solver.py:151 ] => Train  Loss: 1.1976e-02

I 05.20/21:26:37 solver.py:206 ] 
=! Best NMSE: -1.7757e+01 (epoch=180)

I 05.20/21:26:38 solver.py:151 ] => Train  Loss: 1.1910e-02

I 05.20/21:26:39 solver.py:206 ] 
=! Best NMSE: -1.7757e+01 (epoch=180)

I 05.20/21:26:40 solver.py:151 ] => Train  Loss: 1.1903e-02

I 05.20/21:26:42 solver.py:206 ] 
=! Best NMSE: -1.7757e+01 (epoch=180)

I 05.20/21:26:43 solver.py:151 ] => Train  Loss: 1.1874e-02

I 05.20/21:26:45 solver.py:206 ] 
=! Best NMSE: -1.7757e+01 (epoch=180)

I 05.20/21:26:47 solver.py:151 ] => Train  Loss: 1.1814e-02

I 05.20/21:26:48 solver.py:206 ] 
=! Best NMSE: -1.7757e+01 (epoch=180)

I 05.20/21:26:50 solver.py:151 ] => Train  Loss: 1.1792e-02

I 05.20/21:26:51 solver.py:206 ] 
=! Best NMSE: -1.7757e+01 (epoch=180)

I 05.20/21:26:54 solver.py:151 ] => Train  Loss: 1.1766e-02

I 05.20/21:26:54 solver.py:151 ] => Val  Loss: 1.4475e-02

I 05.20/21:26:54 solver.py:285 ] => Test NMSE: -1.7866e+01

I 05.20/21:26:57 solver.py:206 ] 
=! Best NMSE: -1.7866e+01 (epoch=190)

I 05.20/21:27:00 solver.py:151 ] => Train  Loss: 1.1742e-02

I 05.20/21:27:02 solver.py:206 ] 
=! Best NMSE: -1.7866e+01 (epoch=190)

I 05.20/21:27:05 solver.py:151 ] => Train  Loss: 1.1709e-02

I 05.20/21:27:07 solver.py:206 ] 
=! Best NMSE: -1.7866e+01 (epoch=190)

I 05.20/21:27:09 solver.py:151 ] => Train  Loss: 1.1699e-02

I 05.20/21:27:10 solver.py:206 ] 
=! Best NMSE: -1.7866e+01 (epoch=190)

I 05.20/21:27:12 solver.py:151 ] => Train  Loss: 1.1642e-02

I 05.20/21:27:13 solver.py:206 ] 
=! Best NMSE: -1.7866e+01 (epoch=190)

I 05.20/21:27:15 solver.py:151 ] => Train  Loss: 1.1663e-02

I 05.20/21:27:17 solver.py:206 ] 
=! Best NMSE: -1.7866e+01 (epoch=190)

I 05.20/21:27:19 solver.py:151 ] => Train  Loss: 1.1627e-02

I 05.20/21:27:20 solver.py:206 ] 
=! Best NMSE: -1.7866e+01 (epoch=190)

I 05.20/21:27:21 solver.py:151 ] => Train  Loss: 1.1599e-02

I 05.20/21:27:23 solver.py:206 ] 
=! Best NMSE: -1.7866e+01 (epoch=190)

I 05.20/21:27:24 solver.py:151 ] => Train  Loss: 1.1596e-02

I 05.20/21:27:25 solver.py:206 ] 
=! Best NMSE: -1.7866e+01 (epoch=190)

I 05.20/21:27:27 solver.py:151 ] => Train  Loss: 1.1523e-02

I 05.20/21:27:29 solver.py:206 ] 
=! Best NMSE: -1.7866e+01 (epoch=190)

I 05.20/21:27:30 solver.py:151 ] => Train  Loss: 1.1537e-02

I 05.20/21:27:30 solver.py:151 ] => Val  Loss: 1.4172e-02

I 05.20/21:27:30 solver.py:285 ] => Test NMSE: -1.7965e+01

I 05.20/21:27:32 solver.py:206 ] 
=! Best NMSE: -1.7965e+01 (epoch=200)

I 05.20/21:27:34 solver.py:151 ] => Train  Loss: 1.1501e-02

I 05.20/21:27:35 solver.py:206 ] 
=! Best NMSE: -1.7965e+01 (epoch=200)

I 05.20/21:27:36 solver.py:151 ] => Train  Loss: 1.1504e-02

I 05.20/21:27:37 solver.py:206 ] 
=! Best NMSE: -1.7965e+01 (epoch=200)

I 05.20/21:27:39 solver.py:151 ] => Train  Loss: 1.1478e-02

I 05.20/21:27:41 solver.py:206 ] 
=! Best NMSE: -1.7965e+01 (epoch=200)

I 05.20/21:27:42 solver.py:151 ] => Train  Loss: 1.1476e-02

I 05.20/21:27:43 solver.py:206 ] 
=! Best NMSE: -1.7965e+01 (epoch=200)

I 05.20/21:27:45 solver.py:151 ] => Train  Loss: 1.1424e-02

I 05.20/21:27:46 solver.py:206 ] 
=! Best NMSE: -1.7965e+01 (epoch=200)

I 05.20/21:27:47 solver.py:151 ] => Train  Loss: 1.1426e-02

I 05.20/21:27:49 solver.py:206 ] 
=! Best NMSE: -1.7965e+01 (epoch=200)

I 05.20/21:27:51 solver.py:151 ] => Train  Loss: 1.1416e-02

I 05.20/21:27:52 solver.py:206 ] 
=! Best NMSE: -1.7965e+01 (epoch=200)

I 05.20/21:27:54 solver.py:151 ] => Train  Loss: 1.1365e-02

I 05.20/21:27:56 solver.py:206 ] 
=! Best NMSE: -1.7965e+01 (epoch=200)

I 05.20/21:27:58 solver.py:151 ] => Train  Loss: 1.1365e-02

I 05.20/21:27:59 solver.py:206 ] 
=! Best NMSE: -1.7965e+01 (epoch=200)

I 05.20/21:28:00 solver.py:151 ] => Train  Loss: 1.1351e-02

I 05.20/21:28:00 solver.py:151 ] => Val  Loss: 1.3928e-02

I 05.20/21:28:01 solver.py:285 ] => Test NMSE: -1.8036e+01

I 05.20/21:28:04 solver.py:206 ] 
=! Best NMSE: -1.8036e+01 (epoch=210)

I 05.20/21:28:06 solver.py:151 ] => Train  Loss: 1.1359e-02

I 05.20/21:28:08 solver.py:206 ] 
=! Best NMSE: -1.8036e+01 (epoch=210)

I 05.20/21:28:11 solver.py:151 ] => Train  Loss: 1.1331e-02

I 05.20/21:28:13 solver.py:206 ] 
=! Best NMSE: -1.8036e+01 (epoch=210)

I 05.20/21:28:14 solver.py:151 ] => Train  Loss: 1.1323e-02

I 05.20/21:28:15 solver.py:206 ] 
=! Best NMSE: -1.8036e+01 (epoch=210)

I 05.20/21:28:17 solver.py:151 ] => Train  Loss: 1.1309e-02

I 05.20/21:28:19 solver.py:206 ] 
=! Best NMSE: -1.8036e+01 (epoch=210)

I 05.20/21:28:21 solver.py:151 ] => Train  Loss: 1.1254e-02

I 05.20/21:28:23 solver.py:206 ] 
=! Best NMSE: -1.8036e+01 (epoch=210)

I 05.20/21:28:26 solver.py:151 ] => Train  Loss: 1.1237e-02

I 05.20/21:28:27 solver.py:206 ] 
=! Best NMSE: -1.8036e+01 (epoch=210)

I 05.20/21:28:29 solver.py:151 ] => Train  Loss: 1.1249e-02

I 05.20/21:28:30 solver.py:206 ] 
=! Best NMSE: -1.8036e+01 (epoch=210)

I 05.20/21:28:31 solver.py:151 ] => Train  Loss: 1.1276e-02

I 05.20/21:28:33 solver.py:206 ] 
=! Best NMSE: -1.8036e+01 (epoch=210)

I 05.20/21:28:35 solver.py:151 ] => Train  Loss: 1.1216e-02

I 05.20/21:28:36 solver.py:206 ] 
=! Best NMSE: -1.8036e+01 (epoch=210)

I 05.20/21:28:39 solver.py:151 ] => Train  Loss: 1.1226e-02

I 05.20/21:28:39 solver.py:151 ] => Val  Loss: 1.3748e-02

I 05.20/21:28:39 solver.py:285 ] => Test NMSE: -1.8098e+01

I 05.20/21:28:42 solver.py:206 ] 
=! Best NMSE: -1.8098e+01 (epoch=220)

I 05.20/21:28:45 solver.py:151 ] => Train  Loss: 1.1174e-02

I 05.20/21:28:47 solver.py:206 ] 
=! Best NMSE: -1.8098e+01 (epoch=220)

I 05.20/21:28:49 solver.py:151 ] => Train  Loss: 1.1169e-02

I 05.20/21:28:51 solver.py:206 ] 
=! Best NMSE: -1.8098e+01 (epoch=220)

I 05.20/21:28:54 solver.py:151 ] => Train  Loss: 1.1195e-02

I 05.20/21:28:56 solver.py:206 ] 
=! Best NMSE: -1.8098e+01 (epoch=220)

I 05.20/21:28:57 solver.py:151 ] => Train  Loss: 1.1177e-02

I 05.20/21:28:58 solver.py:206 ] 
=! Best NMSE: -1.8098e+01 (epoch=220)

I 05.20/21:29:00 solver.py:151 ] => Train  Loss: 1.1177e-02

I 05.20/21:29:02 solver.py:206 ] 
=! Best NMSE: -1.8098e+01 (epoch=220)

I 05.20/21:29:04 solver.py:151 ] => Train  Loss: 1.1173e-02

I 05.20/21:29:06 solver.py:206 ] 
=! Best NMSE: -1.8098e+01 (epoch=220)

I 05.20/21:29:07 solver.py:151 ] => Train  Loss: 1.1151e-02

I 05.20/21:29:09 solver.py:206 ] 
=! Best NMSE: -1.8098e+01 (epoch=220)

I 05.20/21:29:10 solver.py:151 ] => Train  Loss: 1.1150e-02

I 05.20/21:29:12 solver.py:206 ] 
=! Best NMSE: -1.8098e+01 (epoch=220)

I 05.20/21:29:13 solver.py:151 ] => Train  Loss: 1.1099e-02

I 05.20/21:29:14 solver.py:206 ] 
=! Best NMSE: -1.8098e+01 (epoch=220)

I 05.20/21:29:16 solver.py:151 ] => Train  Loss: 1.1116e-02

I 05.20/21:29:16 solver.py:151 ] => Val  Loss: 1.3585e-02

I 05.20/21:29:17 solver.py:285 ] => Test NMSE: -1.8148e+01

I 05.20/21:29:20 solver.py:206 ] 
=! Best NMSE: -1.8148e+01 (epoch=230)

I 05.20/21:29:22 solver.py:151 ] => Train  Loss: 1.1085e-02

I 05.20/21:29:24 solver.py:206 ] 
=! Best NMSE: -1.8148e+01 (epoch=230)

I 05.20/21:29:25 solver.py:151 ] => Train  Loss: 1.1064e-02

I 05.20/21:29:27 solver.py:206 ] 
=! Best NMSE: -1.8148e+01 (epoch=230)

I 05.20/21:29:28 solver.py:151 ] => Train  Loss: 1.1061e-02

I 05.20/21:29:30 solver.py:206 ] 
=! Best NMSE: -1.8148e+01 (epoch=230)

I 05.20/21:29:32 solver.py:151 ] => Train  Loss: 1.1075e-02

I 05.20/21:29:34 solver.py:206 ] 
=! Best NMSE: -1.8148e+01 (epoch=230)

I 05.20/21:29:36 solver.py:151 ] => Train  Loss: 1.1087e-02

I 05.20/21:29:38 solver.py:206 ] 
=! Best NMSE: -1.8148e+01 (epoch=230)

I 05.20/21:29:40 solver.py:151 ] => Train  Loss: 1.1062e-02

I 05.20/21:29:42 solver.py:206 ] 
=! Best NMSE: -1.8148e+01 (epoch=230)

I 05.20/21:29:44 solver.py:151 ] => Train  Loss: 1.1030e-02

I 05.20/21:29:45 solver.py:206 ] 
=! Best NMSE: -1.8148e+01 (epoch=230)

I 05.20/21:29:46 solver.py:151 ] => Train  Loss: 1.1037e-02

I 05.20/21:29:47 solver.py:206 ] 
=! Best NMSE: -1.8148e+01 (epoch=230)

I 05.20/21:29:49 solver.py:151 ] => Train  Loss: 1.1037e-02

I 05.20/21:29:50 solver.py:206 ] 
=! Best NMSE: -1.8148e+01 (epoch=230)

I 05.20/21:29:53 solver.py:151 ] => Train  Loss: 1.1060e-02

I 05.20/21:29:53 solver.py:151 ] => Val  Loss: 1.3444e-02

I 05.20/21:29:53 solver.py:285 ] => Test NMSE: -1.8198e+01

I 05.20/21:29:57 solver.py:206 ] 
=! Best NMSE: -1.8198e+01 (epoch=240)

I 05.20/21:29:59 solver.py:151 ] => Train  Loss: 1.0988e-02

I 05.20/21:30:00 solver.py:206 ] 
=! Best NMSE: -1.8198e+01 (epoch=240)

I 05.20/21:30:02 solver.py:151 ] => Train  Loss: 1.0977e-02

I 05.20/21:30:04 solver.py:206 ] 
=! Best NMSE: -1.8198e+01 (epoch=240)

I 05.20/21:30:05 solver.py:151 ] => Train  Loss: 1.0999e-02

I 05.20/21:30:07 solver.py:206 ] 
=! Best NMSE: -1.8198e+01 (epoch=240)

I 05.20/21:30:09 solver.py:151 ] => Train  Loss: 1.0972e-02

I 05.20/21:30:11 solver.py:206 ] 
=! Best NMSE: -1.8198e+01 (epoch=240)

I 05.20/21:30:13 solver.py:151 ] => Train  Loss: 1.0962e-02

I 05.20/21:30:15 solver.py:206 ] 
=! Best NMSE: -1.8198e+01 (epoch=240)

I 05.20/21:30:17 solver.py:151 ] => Train  Loss: 1.1000e-02

I 05.20/21:30:19 solver.py:206 ] 
=! Best NMSE: -1.8198e+01 (epoch=240)

I 05.20/21:30:22 solver.py:151 ] => Train  Loss: 1.0975e-02

I 05.20/21:30:23 solver.py:206 ] 
=! Best NMSE: -1.8198e+01 (epoch=240)

I 05.20/21:30:25 solver.py:151 ] => Train  Loss: 1.0961e-02

I 05.20/21:30:27 solver.py:206 ] 
=! Best NMSE: -1.8198e+01 (epoch=240)

I 05.20/21:30:29 solver.py:151 ] => Train  Loss: 1.0969e-02

I 05.20/21:30:31 solver.py:206 ] 
=! Best NMSE: -1.8198e+01 (epoch=240)

I 05.20/21:30:33 solver.py:151 ] => Train  Loss: 1.0935e-02

I 05.20/21:30:34 solver.py:151 ] => Val  Loss: 1.3310e-02

I 05.20/21:30:34 solver.py:285 ] => Test NMSE: -1.8233e+01

I 05.20/21:30:37 solver.py:206 ] 
=! Best NMSE: -1.8233e+01 (epoch=250)

I 05.20/21:30:39 solver.py:151 ] => Train  Loss: 1.0949e-02

I 05.20/21:30:40 solver.py:206 ] 
=! Best NMSE: -1.8233e+01 (epoch=250)

I 05.20/21:30:41 solver.py:151 ] => Train  Loss: 1.0904e-02

I 05.20/21:30:43 solver.py:206 ] 
=! Best NMSE: -1.8233e+01 (epoch=250)

I 05.20/21:30:45 solver.py:151 ] => Train  Loss: 1.0908e-02

I 05.20/21:30:46 solver.py:206 ] 
=! Best NMSE: -1.8233e+01 (epoch=250)

I 05.20/21:30:47 solver.py:151 ] => Train  Loss: 1.0907e-02

I 05.20/21:30:48 solver.py:206 ] 
=! Best NMSE: -1.8233e+01 (epoch=250)

I 05.20/21:30:49 solver.py:151 ] => Train  Loss: 1.0905e-02

I 05.20/21:30:51 solver.py:206 ] 
=! Best NMSE: -1.8233e+01 (epoch=250)

I 05.20/21:30:52 solver.py:151 ] => Train  Loss: 1.0912e-02

I 05.20/21:30:54 solver.py:206 ] 
=! Best NMSE: -1.8233e+01 (epoch=250)

I 05.20/21:30:56 solver.py:151 ] => Train  Loss: 1.0927e-02

I 05.20/21:30:57 solver.py:206 ] 
=! Best NMSE: -1.8233e+01 (epoch=250)

I 05.20/21:30:59 solver.py:151 ] => Train  Loss: 1.0895e-02

I 05.20/21:31:00 solver.py:206 ] 
=! Best NMSE: -1.8233e+01 (epoch=250)

I 05.20/21:31:03 solver.py:151 ] => Train  Loss: 1.0858e-02

I 05.20/21:31:05 solver.py:206 ] 
=! Best NMSE: -1.8233e+01 (epoch=250)

I 05.20/21:31:07 solver.py:151 ] => Train  Loss: 1.0871e-02

I 05.20/21:31:07 solver.py:151 ] => Val  Loss: 1.3197e-02

I 05.20/21:31:07 solver.py:285 ] => Test NMSE: -1.8272e+01

I 05.20/21:31:10 solver.py:206 ] 
=! Best NMSE: -1.8272e+01 (epoch=260)

I 05.20/21:31:12 solver.py:151 ] => Train  Loss: 1.0911e-02

I 05.20/21:31:13 solver.py:206 ] 
=! Best NMSE: -1.8272e+01 (epoch=260)

I 05.20/21:31:14 solver.py:151 ] => Train  Loss: 1.0859e-02

I 05.20/21:31:16 solver.py:206 ] 
=! Best NMSE: -1.8272e+01 (epoch=260)

I 05.20/21:31:18 solver.py:151 ] => Train  Loss: 1.0855e-02

I 05.20/21:31:20 solver.py:206 ] 
=! Best NMSE: -1.8272e+01 (epoch=260)

I 05.20/21:31:22 solver.py:151 ] => Train  Loss: 1.0855e-02

I 05.20/21:31:23 solver.py:206 ] 
=! Best NMSE: -1.8272e+01 (epoch=260)

I 05.20/21:31:24 solver.py:151 ] => Train  Loss: 1.0844e-02

I 05.20/21:31:25 solver.py:206 ] 
=! Best NMSE: -1.8272e+01 (epoch=260)

I 05.20/21:31:27 solver.py:151 ] => Train  Loss: 1.0856e-02

I 05.20/21:31:28 solver.py:206 ] 
=! Best NMSE: -1.8272e+01 (epoch=260)

I 05.20/21:31:29 solver.py:151 ] => Train  Loss: 1.0831e-02

I 05.20/21:31:31 solver.py:206 ] 
=! Best NMSE: -1.8272e+01 (epoch=260)

I 05.20/21:31:33 solver.py:151 ] => Train  Loss: 1.0831e-02

I 05.20/21:31:35 solver.py:206 ] 
=! Best NMSE: -1.8272e+01 (epoch=260)

I 05.20/21:31:37 solver.py:151 ] => Train  Loss: 1.0810e-02

I 05.20/21:31:38 solver.py:206 ] 
=! Best NMSE: -1.8272e+01 (epoch=260)

I 05.20/21:31:40 solver.py:151 ] => Train  Loss: 1.0825e-02

I 05.20/21:31:40 solver.py:151 ] => Val  Loss: 1.3107e-02

I 05.20/21:31:40 solver.py:285 ] => Test NMSE: -1.8303e+01

I 05.20/21:31:44 solver.py:206 ] 
=! Best NMSE: -1.8303e+01 (epoch=270)

I 05.20/21:31:45 solver.py:151 ] => Train  Loss: 1.0822e-02

I 05.20/21:31:47 solver.py:206 ] 
=! Best NMSE: -1.8303e+01 (epoch=270)

I 05.20/21:31:48 solver.py:151 ] => Train  Loss: 1.0794e-02

I 05.20/21:31:50 solver.py:206 ] 
=! Best NMSE: -1.8303e+01 (epoch=270)

I 05.20/21:31:51 solver.py:151 ] => Train  Loss: 1.0788e-02

I 05.20/21:31:53 solver.py:206 ] 
=! Best NMSE: -1.8303e+01 (epoch=270)

I 05.20/21:31:54 solver.py:151 ] => Train  Loss: 1.0777e-02

I 05.20/21:31:55 solver.py:206 ] 
=! Best NMSE: -1.8303e+01 (epoch=270)

I 05.20/21:31:56 solver.py:151 ] => Train  Loss: 1.0826e-02

I 05.20/21:31:58 solver.py:206 ] 
=! Best NMSE: -1.8303e+01 (epoch=270)

I 05.20/21:32:00 solver.py:151 ] => Train  Loss: 1.0783e-02

I 05.20/21:32:01 solver.py:206 ] 
=! Best NMSE: -1.8303e+01 (epoch=270)

I 05.20/21:32:02 solver.py:151 ] => Train  Loss: 1.0807e-02

I 05.20/21:32:04 solver.py:206 ] 
=! Best NMSE: -1.8303e+01 (epoch=270)

I 05.20/21:32:06 solver.py:151 ] => Train  Loss: 1.0774e-02

I 05.20/21:32:08 solver.py:206 ] 
=! Best NMSE: -1.8303e+01 (epoch=270)

I 05.20/21:32:10 solver.py:151 ] => Train  Loss: 1.0754e-02

I 05.20/21:32:11 solver.py:206 ] 
=! Best NMSE: -1.8303e+01 (epoch=270)

I 05.20/21:32:12 solver.py:151 ] => Train  Loss: 1.0806e-02

I 05.20/21:32:12 solver.py:151 ] => Val  Loss: 1.3022e-02

I 05.20/21:32:12 solver.py:285 ] => Test NMSE: -1.8333e+01

I 05.20/21:32:15 solver.py:206 ] 
=! Best NMSE: -1.8333e+01 (epoch=280)

I 05.20/21:32:17 solver.py:151 ] => Train  Loss: 1.0756e-02

I 05.20/21:32:18 solver.py:206 ] 
=! Best NMSE: -1.8333e+01 (epoch=280)

I 05.20/21:32:20 solver.py:151 ] => Train  Loss: 1.0777e-02

I 05.20/21:32:20 solver.py:206 ] 
=! Best NMSE: -1.8333e+01 (epoch=280)

I 05.20/21:32:21 solver.py:151 ] => Train  Loss: 1.0775e-02

I 05.20/21:32:23 solver.py:206 ] 
=! Best NMSE: -1.8333e+01 (epoch=280)

I 05.20/21:32:25 solver.py:151 ] => Train  Loss: 1.0729e-02

I 05.20/21:32:26 solver.py:206 ] 
=! Best NMSE: -1.8333e+01 (epoch=280)

I 05.20/21:32:27 solver.py:151 ] => Train  Loss: 1.0752e-02

I 05.20/21:32:28 solver.py:206 ] 
=! Best NMSE: -1.8333e+01 (epoch=280)

I 05.20/21:32:30 solver.py:151 ] => Train  Loss: 1.0747e-02

I 05.20/21:32:31 solver.py:206 ] 
=! Best NMSE: -1.8333e+01 (epoch=280)

I 05.20/21:32:32 solver.py:151 ] => Train  Loss: 1.0751e-02

I 05.20/21:32:33 solver.py:206 ] 
=! Best NMSE: -1.8333e+01 (epoch=280)

I 05.20/21:32:35 solver.py:151 ] => Train  Loss: 1.0726e-02

I 05.20/21:32:37 solver.py:206 ] 
=! Best NMSE: -1.8333e+01 (epoch=280)

I 05.20/21:32:38 solver.py:151 ] => Train  Loss: 1.0720e-02

I 05.20/21:32:39 solver.py:206 ] 
=! Best NMSE: -1.8333e+01 (epoch=280)

I 05.20/21:32:40 solver.py:151 ] => Train  Loss: 1.0716e-02

I 05.20/21:32:40 solver.py:151 ] => Val  Loss: 1.2951e-02

I 05.20/21:32:41 solver.py:285 ] => Test NMSE: -1.8362e+01

I 05.20/21:32:43 solver.py:206 ] 
=! Best NMSE: -1.8362e+01 (epoch=290)

I 05.20/21:32:45 solver.py:151 ] => Train  Loss: 1.0715e-02

I 05.20/21:32:46 solver.py:206 ] 
=! Best NMSE: -1.8362e+01 (epoch=290)

I 05.20/21:32:47 solver.py:151 ] => Train  Loss: 1.0731e-02

I 05.20/21:32:49 solver.py:206 ] 
=! Best NMSE: -1.8362e+01 (epoch=290)

I 05.20/21:32:50 solver.py:151 ] => Train  Loss: 1.0736e-02

I 05.20/21:32:52 solver.py:206 ] 
=! Best NMSE: -1.8362e+01 (epoch=290)

I 05.20/21:32:53 solver.py:151 ] => Train  Loss: 1.0711e-02

I 05.20/21:32:54 solver.py:206 ] 
=! Best NMSE: -1.8362e+01 (epoch=290)

I 05.20/21:32:56 solver.py:151 ] => Train  Loss: 1.0707e-02

I 05.20/21:32:57 solver.py:206 ] 
=! Best NMSE: -1.8362e+01 (epoch=290)

I 05.20/21:33:00 solver.py:151 ] => Train  Loss: 1.0690e-02

I 05.20/21:33:01 solver.py:206 ] 
=! Best NMSE: -1.8362e+01 (epoch=290)

I 05.20/21:33:04 solver.py:151 ] => Train  Loss: 1.0710e-02

I 05.20/21:33:06 solver.py:206 ] 
=! Best NMSE: -1.8362e+01 (epoch=290)

I 05.20/21:33:08 solver.py:151 ] => Train  Loss: 1.0690e-02

I 05.20/21:33:10 solver.py:206 ] 
=! Best NMSE: -1.8362e+01 (epoch=290)

I 05.20/21:33:11 solver.py:151 ] => Train  Loss: 1.0700e-02

I 05.20/21:33:13 solver.py:206 ] 
=! Best NMSE: -1.8362e+01 (epoch=290)

I 05.20/21:33:15 solver.py:151 ] => Train  Loss: 1.0646e-02

I 05.20/21:33:16 solver.py:151 ] => Val  Loss: 1.2887e-02

I 05.20/21:33:16 solver.py:285 ] => Test NMSE: -1.8382e+01

I 05.20/21:33:18 solver.py:206 ] 
=! Best NMSE: -1.8382e+01 (epoch=300)

I 05.20/21:33:19 solver.py:151 ] => Train  Loss: 1.0666e-02

I 05.20/21:33:20 solver.py:206 ] 
=! Best NMSE: -1.8382e+01 (epoch=300)

I 05.20/21:33:21 solver.py:151 ] => Train  Loss: 1.0649e-02

I 05.20/21:33:23 solver.py:206 ] 
=! Best NMSE: -1.8382e+01 (epoch=300)

I 05.20/21:33:25 solver.py:151 ] => Train  Loss: 1.0671e-02

I 05.20/21:33:26 solver.py:206 ] 
=! Best NMSE: -1.8382e+01 (epoch=300)

I 05.20/21:33:28 solver.py:151 ] => Train  Loss: 1.0681e-02

I 05.20/21:33:29 solver.py:206 ] 
=! Best NMSE: -1.8382e+01 (epoch=300)

I 05.20/21:33:31 solver.py:151 ] => Train  Loss: 1.0644e-02

I 05.20/21:33:33 solver.py:206 ] 
=! Best NMSE: -1.8382e+01 (epoch=300)

I 05.20/21:33:35 solver.py:151 ] => Train  Loss: 1.0652e-02

I 05.20/21:33:37 solver.py:206 ] 
=! Best NMSE: -1.8382e+01 (epoch=300)

I 05.20/21:33:39 solver.py:151 ] => Train  Loss: 1.0672e-02

I 05.20/21:33:40 solver.py:206 ] 
=! Best NMSE: -1.8382e+01 (epoch=300)

I 05.20/21:33:42 solver.py:151 ] => Train  Loss: 1.0689e-02

I 05.20/21:33:43 solver.py:206 ] 
=! Best NMSE: -1.8382e+01 (epoch=300)

I 05.20/21:33:44 solver.py:151 ] => Train  Loss: 1.0654e-02

I 05.20/21:33:46 solver.py:206 ] 
=! Best NMSE: -1.8382e+01 (epoch=300)

I 05.20/21:33:47 solver.py:151 ] => Train  Loss: 1.0648e-02

I 05.20/21:33:47 solver.py:151 ] => Val  Loss: 1.2835e-02

I 05.20/21:33:47 solver.py:285 ] => Test NMSE: -1.8400e+01

I 05.20/21:33:50 solver.py:206 ] 
=! Best NMSE: -1.8400e+01 (epoch=310)

I 05.20/21:33:52 solver.py:151 ] => Train  Loss: 1.0632e-02

I 05.20/21:33:53 solver.py:206 ] 
=! Best NMSE: -1.8400e+01 (epoch=310)

I 05.20/21:33:54 solver.py:151 ] => Train  Loss: 1.0649e-02

I 05.20/21:33:55 solver.py:206 ] 
=! Best NMSE: -1.8400e+01 (epoch=310)

I 05.20/21:33:56 solver.py:151 ] => Train  Loss: 1.0617e-02

I 05.20/21:33:57 solver.py:206 ] 
=! Best NMSE: -1.8400e+01 (epoch=310)

I 05.20/21:33:58 solver.py:151 ] => Train  Loss: 1.0611e-02

I 05.20/21:33:59 solver.py:206 ] 
=! Best NMSE: -1.8400e+01 (epoch=310)

I 05.20/21:34:00 solver.py:151 ] => Train  Loss: 1.0634e-02

I 05.20/21:34:02 solver.py:206 ] 
=! Best NMSE: -1.8400e+01 (epoch=310)

I 05.20/21:34:03 solver.py:151 ] => Train  Loss: 1.0609e-02

I 05.20/21:34:04 solver.py:206 ] 
=! Best NMSE: -1.8400e+01 (epoch=310)

I 05.20/21:34:05 solver.py:151 ] => Train  Loss: 1.0606e-02

I 05.20/21:34:06 solver.py:206 ] 
=! Best NMSE: -1.8400e+01 (epoch=310)

I 05.20/21:34:07 solver.py:151 ] => Train  Loss: 1.0618e-02

I 05.20/21:34:08 solver.py:206 ] 
=! Best NMSE: -1.8400e+01 (epoch=310)

I 05.20/21:34:10 solver.py:151 ] => Train  Loss: 1.0608e-02

I 05.20/21:34:11 solver.py:206 ] 
=! Best NMSE: -1.8400e+01 (epoch=310)

I 05.20/21:34:12 solver.py:151 ] => Train  Loss: 1.0619e-02

I 05.20/21:34:12 solver.py:151 ] => Val  Loss: 1.2781e-02

I 05.20/21:34:12 solver.py:285 ] => Test NMSE: -1.8420e+01

I 05.20/21:34:15 solver.py:206 ] 
=! Best NMSE: -1.8420e+01 (epoch=320)

I 05.20/21:34:16 solver.py:151 ] => Train  Loss: 1.0612e-02

I 05.20/21:34:17 solver.py:206 ] 
=! Best NMSE: -1.8420e+01 (epoch=320)

I 05.20/21:34:18 solver.py:151 ] => Train  Loss: 1.0636e-02

I 05.20/21:34:19 solver.py:206 ] 
=! Best NMSE: -1.8420e+01 (epoch=320)

I 05.20/21:34:20 solver.py:151 ] => Train  Loss: 1.0604e-02

I 05.20/21:34:22 solver.py:206 ] 
=! Best NMSE: -1.8420e+01 (epoch=320)

I 05.20/21:34:23 solver.py:151 ] => Train  Loss: 1.0610e-02

I 05.20/21:34:24 solver.py:206 ] 
=! Best NMSE: -1.8420e+01 (epoch=320)

I 05.20/21:34:25 solver.py:151 ] => Train  Loss: 1.0588e-02

I 05.20/21:34:27 solver.py:206 ] 
=! Best NMSE: -1.8420e+01 (epoch=320)

I 05.20/21:34:28 solver.py:151 ] => Train  Loss: 1.0568e-02

I 05.20/21:34:29 solver.py:206 ] 
=! Best NMSE: -1.8420e+01 (epoch=320)

I 05.20/21:34:30 solver.py:151 ] => Train  Loss: 1.0591e-02

I 05.20/21:34:31 solver.py:206 ] 
=! Best NMSE: -1.8420e+01 (epoch=320)

I 05.20/21:34:32 solver.py:151 ] => Train  Loss: 1.0577e-02

I 05.20/21:34:34 solver.py:206 ] 
=! Best NMSE: -1.8420e+01 (epoch=320)

I 05.20/21:34:35 solver.py:151 ] => Train  Loss: 1.0541e-02

I 05.20/21:34:36 solver.py:206 ] 
=! Best NMSE: -1.8420e+01 (epoch=320)

I 05.20/21:34:37 solver.py:151 ] => Train  Loss: 1.0583e-02

I 05.20/21:34:37 solver.py:151 ] => Val  Loss: 1.2739e-02

I 05.20/21:34:37 solver.py:285 ] => Test NMSE: -1.8436e+01

I 05.20/21:34:40 solver.py:206 ] 
=! Best NMSE: -1.8436e+01 (epoch=330)

I 05.20/21:34:41 solver.py:151 ] => Train  Loss: 1.0576e-02

I 05.20/21:34:42 solver.py:206 ] 
=! Best NMSE: -1.8436e+01 (epoch=330)

I 05.20/21:34:43 solver.py:151 ] => Train  Loss: 1.0587e-02

I 05.20/21:34:44 solver.py:206 ] 
=! Best NMSE: -1.8436e+01 (epoch=330)

I 05.20/21:34:45 solver.py:151 ] => Train  Loss: 1.0611e-02

I 05.20/21:34:46 solver.py:206 ] 
=! Best NMSE: -1.8436e+01 (epoch=330)

I 05.20/21:34:47 solver.py:151 ] => Train  Loss: 1.0561e-02

I 05.20/21:34:49 solver.py:206 ] 
=! Best NMSE: -1.8436e+01 (epoch=330)

I 05.20/21:34:50 solver.py:151 ] => Train  Loss: 1.0574e-02

I 05.20/21:34:51 solver.py:206 ] 
=! Best NMSE: -1.8436e+01 (epoch=330)

I 05.20/21:34:52 solver.py:151 ] => Train  Loss: 1.0596e-02

I 05.20/21:34:54 solver.py:206 ] 
=! Best NMSE: -1.8436e+01 (epoch=330)

I 05.20/21:34:55 solver.py:151 ] => Train  Loss: 1.0573e-02

I 05.20/21:34:56 solver.py:206 ] 
=! Best NMSE: -1.8436e+01 (epoch=330)

I 05.20/21:34:57 solver.py:151 ] => Train  Loss: 1.0557e-02

I 05.20/21:34:58 solver.py:206 ] 
=! Best NMSE: -1.8436e+01 (epoch=330)

I 05.20/21:34:59 solver.py:151 ] => Train  Loss: 1.0576e-02

I 05.20/21:35:00 solver.py:206 ] 
=! Best NMSE: -1.8436e+01 (epoch=330)

I 05.20/21:35:01 solver.py:151 ] => Train  Loss: 1.0545e-02

I 05.20/21:35:02 solver.py:151 ] => Val  Loss: 1.2699e-02

I 05.20/21:35:02 solver.py:285 ] => Test NMSE: -1.8450e+01

I 05.20/21:35:05 solver.py:206 ] 
=! Best NMSE: -1.8450e+01 (epoch=340)

I 05.20/21:35:06 solver.py:151 ] => Train  Loss: 1.0521e-02

I 05.20/21:35:07 solver.py:206 ] 
=! Best NMSE: -1.8450e+01 (epoch=340)

I 05.20/21:35:08 solver.py:151 ] => Train  Loss: 1.0568e-02

I 05.20/21:35:10 solver.py:206 ] 
=! Best NMSE: -1.8450e+01 (epoch=340)

I 05.20/21:35:11 solver.py:151 ] => Train  Loss: 1.0544e-02

I 05.20/21:35:12 solver.py:206 ] 
=! Best NMSE: -1.8450e+01 (epoch=340)

I 05.20/21:35:13 solver.py:151 ] => Train  Loss: 1.0557e-02

I 05.20/21:35:14 solver.py:206 ] 
=! Best NMSE: -1.8450e+01 (epoch=340)

I 05.20/21:35:15 solver.py:151 ] => Train  Loss: 1.0505e-02

I 05.20/21:35:16 solver.py:206 ] 
=! Best NMSE: -1.8450e+01 (epoch=340)

I 05.20/21:35:17 solver.py:151 ] => Train  Loss: 1.0558e-02

I 05.20/21:35:19 solver.py:206 ] 
=! Best NMSE: -1.8450e+01 (epoch=340)

I 05.20/21:35:20 solver.py:151 ] => Train  Loss: 1.0503e-02

I 05.20/21:35:21 solver.py:206 ] 
=! Best NMSE: -1.8450e+01 (epoch=340)

I 05.20/21:35:22 solver.py:151 ] => Train  Loss: 1.0504e-02

I 05.20/21:35:23 solver.py:206 ] 
=! Best NMSE: -1.8450e+01 (epoch=340)

I 05.20/21:35:24 solver.py:151 ] => Train  Loss: 1.0573e-02

I 05.20/21:35:25 solver.py:206 ] 
=! Best NMSE: -1.8450e+01 (epoch=340)

I 05.20/21:35:26 solver.py:151 ] => Train  Loss: 1.0554e-02

I 05.20/21:35:27 solver.py:151 ] => Val  Loss: 1.2667e-02

I 05.20/21:35:27 solver.py:285 ] => Test NMSE: -1.8462e+01

I 05.20/21:35:29 solver.py:206 ] 
=! Best NMSE: -1.8462e+01 (epoch=350)

I 05.20/21:35:30 solver.py:151 ] => Train  Loss: 1.0538e-02

I 05.20/21:35:32 solver.py:206 ] 
=! Best NMSE: -1.8462e+01 (epoch=350)

I 05.20/21:35:33 solver.py:151 ] => Train  Loss: 1.0538e-02

I 05.20/21:35:34 solver.py:206 ] 
=! Best NMSE: -1.8462e+01 (epoch=350)

I 05.20/21:35:36 solver.py:151 ] => Train  Loss: 1.0497e-02

I 05.20/21:35:37 solver.py:206 ] 
=! Best NMSE: -1.8462e+01 (epoch=350)

I 05.20/21:35:38 solver.py:151 ] => Train  Loss: 1.0511e-02

I 05.20/21:35:39 solver.py:206 ] 
=! Best NMSE: -1.8462e+01 (epoch=350)

I 05.20/21:35:40 solver.py:151 ] => Train  Loss: 1.0571e-02

I 05.20/21:35:41 solver.py:206 ] 
=! Best NMSE: -1.8462e+01 (epoch=350)

I 05.20/21:35:42 solver.py:151 ] => Train  Loss: 1.0510e-02

I 05.20/21:35:43 solver.py:206 ] 
=! Best NMSE: -1.8462e+01 (epoch=350)

I 05.20/21:35:44 solver.py:151 ] => Train  Loss: 1.0499e-02

I 05.20/21:35:46 solver.py:206 ] 
=! Best NMSE: -1.8462e+01 (epoch=350)

I 05.20/21:35:47 solver.py:151 ] => Train  Loss: 1.0498e-02

I 05.20/21:35:48 solver.py:206 ] 
=! Best NMSE: -1.8462e+01 (epoch=350)

I 05.20/21:35:49 solver.py:151 ] => Train  Loss: 1.0500e-02

I 05.20/21:35:50 solver.py:206 ] 
=! Best NMSE: -1.8462e+01 (epoch=350)

I 05.20/21:35:51 solver.py:151 ] => Train  Loss: 1.0513e-02

I 05.20/21:35:51 solver.py:151 ] => Val  Loss: 1.2634e-02

I 05.20/21:35:52 solver.py:285 ] => Test NMSE: -1.8472e+01

I 05.20/21:35:54 solver.py:206 ] 
=! Best NMSE: -1.8472e+01 (epoch=360)

I 05.20/21:35:55 solver.py:151 ] => Train  Loss: 1.0489e-02

I 05.20/21:35:56 solver.py:206 ] 
=! Best NMSE: -1.8472e+01 (epoch=360)

I 05.20/21:35:57 solver.py:151 ] => Train  Loss: 1.0530e-02

I 05.20/21:35:58 solver.py:206 ] 
=! Best NMSE: -1.8472e+01 (epoch=360)

I 05.20/21:35:59 solver.py:151 ] => Train  Loss: 1.0493e-02

I 05.20/21:36:00 solver.py:206 ] 
=! Best NMSE: -1.8472e+01 (epoch=360)

I 05.20/21:36:01 solver.py:151 ] => Train  Loss: 1.0511e-02

I 05.20/21:36:03 solver.py:206 ] 
=! Best NMSE: -1.8472e+01 (epoch=360)

I 05.20/21:36:04 solver.py:151 ] => Train  Loss: 1.0480e-02

I 05.20/21:36:05 solver.py:206 ] 
=! Best NMSE: -1.8472e+01 (epoch=360)

I 05.20/21:36:06 solver.py:151 ] => Train  Loss: 1.0500e-02

I 05.20/21:36:07 solver.py:206 ] 
=! Best NMSE: -1.8472e+01 (epoch=360)

I 05.20/21:36:08 solver.py:151 ] => Train  Loss: 1.0498e-02

I 05.20/21:36:09 solver.py:206 ] 
=! Best NMSE: -1.8472e+01 (epoch=360)

I 05.20/21:36:10 solver.py:151 ] => Train  Loss: 1.0477e-02

I 05.20/21:36:11 solver.py:206 ] 
=! Best NMSE: -1.8472e+01 (epoch=360)

I 05.20/21:36:12 solver.py:151 ] => Train  Loss: 1.0487e-02

I 05.20/21:36:13 solver.py:206 ] 
=! Best NMSE: -1.8472e+01 (epoch=360)

I 05.20/21:36:14 solver.py:151 ] => Train  Loss: 1.0483e-02

I 05.20/21:36:15 solver.py:151 ] => Val  Loss: 1.2606e-02

I 05.20/21:36:15 solver.py:285 ] => Test NMSE: -1.8483e+01

I 05.20/21:36:17 solver.py:206 ] 
=! Best NMSE: -1.8483e+01 (epoch=370)

I 05.20/21:36:18 solver.py:151 ] => Train  Loss: 1.0479e-02

I 05.20/21:36:19 solver.py:206 ] 
=! Best NMSE: -1.8483e+01 (epoch=370)

I 05.20/21:36:21 solver.py:151 ] => Train  Loss: 1.0485e-02

I 05.20/21:36:22 solver.py:206 ] 
=! Best NMSE: -1.8483e+01 (epoch=370)

I 05.20/21:36:23 solver.py:151 ] => Train  Loss: 1.0477e-02

I 05.20/21:36:24 solver.py:206 ] 
=! Best NMSE: -1.8483e+01 (epoch=370)

I 05.20/21:36:25 solver.py:151 ] => Train  Loss: 1.0485e-02

I 05.20/21:36:26 solver.py:206 ] 
=! Best NMSE: -1.8483e+01 (epoch=370)

I 05.20/21:36:27 solver.py:151 ] => Train  Loss: 1.0492e-02

I 05.20/21:36:28 solver.py:206 ] 
=! Best NMSE: -1.8483e+01 (epoch=370)

I 05.20/21:36:29 solver.py:151 ] => Train  Loss: 1.0477e-02

I 05.20/21:36:30 solver.py:206 ] 
=! Best NMSE: -1.8483e+01 (epoch=370)

I 05.20/21:36:31 solver.py:151 ] => Train  Loss: 1.0452e-02

I 05.20/21:36:32 solver.py:206 ] 
=! Best NMSE: -1.8483e+01 (epoch=370)

I 05.20/21:36:33 solver.py:151 ] => Train  Loss: 1.0460e-02

I 05.20/21:36:35 solver.py:206 ] 
=! Best NMSE: -1.8483e+01 (epoch=370)

I 05.20/21:36:36 solver.py:151 ] => Train  Loss: 1.0475e-02

I 05.20/21:36:37 solver.py:206 ] 
=! Best NMSE: -1.8483e+01 (epoch=370)

I 05.20/21:36:38 solver.py:151 ] => Train  Loss: 1.0475e-02

I 05.20/21:36:38 solver.py:151 ] => Val  Loss: 1.2585e-02

I 05.20/21:36:38 solver.py:285 ] => Test NMSE: -1.8491e+01

I 05.20/21:36:40 solver.py:206 ] 
=! Best NMSE: -1.8491e+01 (epoch=380)

I 05.20/21:36:41 solver.py:151 ] => Train  Loss: 1.0483e-02

I 05.20/21:36:43 solver.py:206 ] 
=! Best NMSE: -1.8491e+01 (epoch=380)

I 05.20/21:36:44 solver.py:151 ] => Train  Loss: 1.0458e-02

I 05.20/21:36:45 solver.py:206 ] 
=! Best NMSE: -1.8491e+01 (epoch=380)

I 05.20/21:36:46 solver.py:151 ] => Train  Loss: 1.0465e-02

I 05.20/21:36:47 solver.py:206 ] 
=! Best NMSE: -1.8491e+01 (epoch=380)

I 05.20/21:36:48 solver.py:151 ] => Train  Loss: 1.0457e-02

I 05.20/21:36:49 solver.py:206 ] 
=! Best NMSE: -1.8491e+01 (epoch=380)

I 05.20/21:36:50 solver.py:151 ] => Train  Loss: 1.0484e-02

I 05.20/21:36:51 solver.py:206 ] 
=! Best NMSE: -1.8491e+01 (epoch=380)

I 05.20/21:36:52 solver.py:151 ] => Train  Loss: 1.0459e-02

I 05.20/21:36:53 solver.py:206 ] 
=! Best NMSE: -1.8491e+01 (epoch=380)

I 05.20/21:36:54 solver.py:151 ] => Train  Loss: 1.0456e-02

I 05.20/21:36:55 solver.py:206 ] 
=! Best NMSE: -1.8491e+01 (epoch=380)

I 05.20/21:36:56 solver.py:151 ] => Train  Loss: 1.0465e-02

I 05.20/21:36:58 solver.py:206 ] 
=! Best NMSE: -1.8491e+01 (epoch=380)

I 05.20/21:36:59 solver.py:151 ] => Train  Loss: 1.0454e-02

I 05.20/21:37:00 solver.py:206 ] 
=! Best NMSE: -1.8491e+01 (epoch=380)

I 05.20/21:37:01 solver.py:151 ] => Train  Loss: 1.0472e-02

I 05.20/21:37:01 solver.py:151 ] => Val  Loss: 1.2556e-02

I 05.20/21:37:01 solver.py:285 ] => Test NMSE: -1.8501e+01

I 05.20/21:37:04 solver.py:206 ] 
=! Best NMSE: -1.8501e+01 (epoch=390)

I 05.20/21:37:05 solver.py:151 ] => Train  Loss: 1.0431e-02

I 05.20/21:37:06 solver.py:206 ] 
=! Best NMSE: -1.8501e+01 (epoch=390)

I 05.20/21:37:07 solver.py:151 ] => Train  Loss: 1.0508e-02

I 05.20/21:37:08 solver.py:206 ] 
=! Best NMSE: -1.8501e+01 (epoch=390)

I 05.20/21:37:09 solver.py:151 ] => Train  Loss: 1.0453e-02

I 05.20/21:37:10 solver.py:206 ] 
=! Best NMSE: -1.8501e+01 (epoch=390)

I 05.20/21:37:11 solver.py:151 ] => Train  Loss: 1.0466e-02

I 05.20/21:37:12 solver.py:206 ] 
=! Best NMSE: -1.8501e+01 (epoch=390)

I 05.20/21:37:13 solver.py:151 ] => Train  Loss: 1.0473e-02

I 05.20/21:37:14 solver.py:206 ] 
=! Best NMSE: -1.8501e+01 (epoch=390)

I 05.20/21:37:15 solver.py:151 ] => Train  Loss: 1.0463e-02

I 05.20/21:37:17 solver.py:206 ] 
=! Best NMSE: -1.8501e+01 (epoch=390)

I 05.20/21:37:18 solver.py:151 ] => Train  Loss: 1.0431e-02

I 05.20/21:37:19 solver.py:206 ] 
=! Best NMSE: -1.8501e+01 (epoch=390)

I 05.20/21:37:20 solver.py:151 ] => Train  Loss: 1.0464e-02

I 05.20/21:37:21 solver.py:206 ] 
=! Best NMSE: -1.8501e+01 (epoch=390)

I 05.20/21:37:22 solver.py:151 ] => Train  Loss: 1.0439e-02

I 05.20/21:37:23 solver.py:206 ] 
=! Best NMSE: -1.8501e+01 (epoch=390)

I 05.20/21:37:24 solver.py:151 ] => Train  Loss: 1.0430e-02

I 05.20/21:37:24 solver.py:151 ] => Val  Loss: 1.2537e-02

I 05.20/21:37:24 solver.py:285 ] => Test NMSE: -1.8508e+01

I 05.20/21:37:27 solver.py:206 ] 
=! Best NMSE: -1.8508e+01 (epoch=400)

I 05.20/21:37:27 solver.py:229 ] => Saved encoder outputs to /storage/hujiacong/zxd/Huawei/TransNet/exps/freeze_decoder_self_attn/encoder_output.pth
I 05.20/21:37:27 solver.py:285 ] => Test NMSE: -1.8508e+01

I 05.20/21:37:27 solver.py:254 ] 
=> Test result: 
loss: 1.0571e-02    NMSE: -1.8508e+01

I 05.20/21:37:27 main.py:87  ] 
=! Final test loss: 1.0571e-02
         test NMSE: -1.8508e+01

