I 05.19/20:24:05 main.py:23  ] => Experiment directory: /storage/hujiacong/zxd/Huawei/TransNet/exps/exp1
I 05.19/20:24:05 main.py:24  ] => PyTorch Version: 2.5.1
I 05.19/20:24:05 init.py:34  ] Running on GPU0
I 05.19/20:24:07 init.py:65  ] => Model Name: TransNet [pretrained: None]
I 05.19/20:24:07 init.py:66  ] => Model Config: compression ratio=1/4; input shape=(2, 64, 64); input dim=8192
I 05.19/20:24:07 init.py:69  ] => Model Flops: 168.133M
I 05.19/20:24:07 init.py:70  ] => Model Params Num: 34.094M

I 05.19/20:24:07 init.py:71  ] 
**********
Transformer(
  (encoder): TransformerEncoder(
    (layer): TransformerEncoderLayer(
      (self_attn): MultiheadAttention(
        (out_proj): Linear(in_features=64, out_features=64, bias=True)
      )
      (linear1): Linear(in_features=64, out_features=2048, bias=True)
      (dropout): Dropout(p=0.0, inplace=False)
      (linear2): Linear(in_features=2048, out_features=64, bias=True)
      (norm1): LayerNorm((64,), eps=1e-05, elementwise_affine=True)
      (norm2): LayerNorm((64,), eps=1e-05, elementwise_affine=True)
      (dropout1): Dropout(p=0.0, inplace=False)
      (dropout2): Dropout(p=0.0, inplace=False)
    )
  )
  (decoder): TransformerDecoder(
    (layer): TransformerDecoderLayer(
      (self_attn): MultiheadAttention(
        (out_proj): Linear(in_features=64, out_features=64, bias=True)
      )
      (multihead_attn): MultiheadAttention(
        (out_proj): Linear(in_features=64, out_features=64, bias=True)
      )
      (linear1): Linear(in_features=64, out_features=2048, bias=True)
      (dropout): Dropout(p=0.0, inplace=False)
      (linear2): Linear(in_features=2048, out_features=64, bias=True)
      (norm1): LayerNorm((64,), eps=1e-05, elementwise_affine=True)
      (norm2): LayerNorm((64,), eps=1e-05, elementwise_affine=True)
      (norm3): LayerNorm((64,), eps=1e-05, elementwise_affine=True)
      (dropout1): Dropout(p=0.0, inplace=False)
      (dropout2): Dropout(p=0.0, inplace=False)
      (dropout3): Dropout(p=0.0, inplace=False)
    )
    (norm): LayerNorm((64,), eps=1e-05, elementwise_affine=True)
  )
  (fc_encoder): Linear(in_features=8192, out_features=2048, bias=True)
  (fc_decoder): Linear(in_features=2048, out_features=8192, bias=True)
)
**********

I 05.19/20:24:09 solver.py:151 ] => Train  Loss: 1.4888e+00

I 05.19/20:24:11 solver.py:151 ] => Train  Loss: 1.4015e+00

I 05.19/20:24:13 solver.py:151 ] => Train  Loss: 1.2107e+00

I 05.19/20:24:15 solver.py:151 ] => Train  Loss: 9.7841e-01

I 05.19/20:24:17 solver.py:151 ] => Train  Loss: 7.7037e-01

I 05.19/20:24:19 solver.py:151 ] => Train  Loss: 6.0558e-01

I 05.19/20:24:21 solver.py:151 ] => Train  Loss: 4.8135e-01

I 05.19/20:24:23 solver.py:151 ] => Train  Loss: 3.8720e-01

I 05.19/20:24:25 solver.py:151 ] => Train  Loss: 3.1720e-01

I 05.19/20:24:27 solver.py:151 ] => Train  Loss: 2.6560e-01

I 05.19/20:24:27 solver.py:151 ] => Val  Loss: 2.4185e-01

I 05.19/20:24:27 solver.py:285 ] => Test NMSE: -4.9156e+00

I 05.19/20:24:29 solver.py:206 ] 
=! Best NMSE: -4.9156e+00 (epoch=10)

I 05.19/20:24:30 solver.py:151 ] => Train  Loss: 2.2909e-01

I 05.19/20:24:31 solver.py:206 ] 
=! Best NMSE: -4.9156e+00 (epoch=10)

I 05.19/20:24:32 solver.py:151 ] => Train  Loss: 2.0306e-01

I 05.19/20:24:33 solver.py:206 ] 
=! Best NMSE: -4.9156e+00 (epoch=10)

I 05.19/20:24:34 solver.py:151 ] => Train  Loss: 1.8394e-01

I 05.19/20:24:35 solver.py:206 ] 
=! Best NMSE: -4.9156e+00 (epoch=10)

I 05.19/20:24:36 solver.py:151 ] => Train  Loss: 1.6972e-01

I 05.19/20:24:37 solver.py:206 ] 
=! Best NMSE: -4.9156e+00 (epoch=10)

I 05.19/20:24:38 solver.py:151 ] => Train  Loss: 1.5889e-01

I 05.19/20:24:39 solver.py:206 ] 
=! Best NMSE: -4.9156e+00 (epoch=10)

I 05.19/20:24:40 solver.py:151 ] => Train  Loss: 1.4931e-01

I 05.19/20:24:41 solver.py:206 ] 
=! Best NMSE: -4.9156e+00 (epoch=10)

I 05.19/20:24:42 solver.py:151 ] => Train  Loss: 1.4179e-01

I 05.19/20:24:43 solver.py:206 ] 
=! Best NMSE: -4.9156e+00 (epoch=10)

I 05.19/20:24:44 solver.py:151 ] => Train  Loss: 1.3457e-01

I 05.19/20:24:45 solver.py:206 ] 
=! Best NMSE: -4.9156e+00 (epoch=10)

I 05.19/20:24:46 solver.py:151 ] => Train  Loss: 1.2816e-01

I 05.19/20:24:47 solver.py:206 ] 
=! Best NMSE: -4.9156e+00 (epoch=10)

I 05.19/20:24:48 solver.py:151 ] => Train  Loss: 1.2219e-01

I 05.19/20:24:48 solver.py:151 ] => Val  Loss: 1.2283e-01

I 05.19/20:24:48 solver.py:285 ] => Test NMSE: -7.8586e+00

I 05.19/20:24:50 solver.py:206 ] 
=! Best NMSE: -7.8586e+00 (epoch=20)

I 05.19/20:24:51 solver.py:151 ] => Train  Loss: 1.1698e-01

I 05.19/20:24:52 solver.py:206 ] 
=! Best NMSE: -7.8586e+00 (epoch=20)

I 05.19/20:24:53 solver.py:151 ] => Train  Loss: 1.1256e-01

I 05.19/20:24:54 solver.py:206 ] 
=! Best NMSE: -7.8586e+00 (epoch=20)

I 05.19/20:24:55 solver.py:151 ] => Train  Loss: 1.0816e-01

I 05.19/20:24:56 solver.py:206 ] 
=! Best NMSE: -7.8586e+00 (epoch=20)

I 05.19/20:24:57 solver.py:151 ] => Train  Loss: 1.0399e-01

I 05.19/20:24:58 solver.py:206 ] 
=! Best NMSE: -7.8586e+00 (epoch=20)

I 05.19/20:24:59 solver.py:151 ] => Train  Loss: 1.0044e-01

I 05.19/20:25:00 solver.py:206 ] 
=! Best NMSE: -7.8586e+00 (epoch=20)

I 05.19/20:25:01 solver.py:151 ] => Train  Loss: 9.6720e-02

I 05.19/20:25:02 solver.py:206 ] 
=! Best NMSE: -7.8586e+00 (epoch=20)

I 05.19/20:25:03 solver.py:151 ] => Train  Loss: 9.3303e-02

I 05.19/20:25:04 solver.py:206 ] 
=! Best NMSE: -7.8586e+00 (epoch=20)

I 05.19/20:25:05 solver.py:151 ] => Train  Loss: 9.0209e-02

I 05.19/20:25:06 solver.py:206 ] 
=! Best NMSE: -7.8586e+00 (epoch=20)

I 05.19/20:25:07 solver.py:151 ] => Train  Loss: 8.7016e-02

I 05.19/20:25:08 solver.py:206 ] 
=! Best NMSE: -7.8586e+00 (epoch=20)

I 05.19/20:25:09 solver.py:151 ] => Train  Loss: 8.3894e-02

I 05.19/20:25:09 solver.py:151 ] => Val  Loss: 8.5056e-02

I 05.19/20:25:10 solver.py:285 ] => Test NMSE: -9.4562e+00

I 05.19/20:25:12 solver.py:206 ] 
=! Best NMSE: -9.4562e+00 (epoch=30)

I 05.19/20:25:13 solver.py:151 ] => Train  Loss: 8.1057e-02

I 05.19/20:25:14 solver.py:206 ] 
=! Best NMSE: -9.4562e+00 (epoch=30)

I 05.19/20:25:15 solver.py:151 ] => Train  Loss: 7.8264e-02

I 05.19/20:25:16 solver.py:206 ] 
=! Best NMSE: -9.4562e+00 (epoch=30)

I 05.19/20:25:17 solver.py:151 ] => Train  Loss: 7.5574e-02

I 05.19/20:25:18 solver.py:206 ] 
=! Best NMSE: -9.4562e+00 (epoch=30)

I 05.19/20:25:19 solver.py:151 ] => Train  Loss: 7.2791e-02

I 05.19/20:25:20 solver.py:206 ] 
=! Best NMSE: -9.4562e+00 (epoch=30)

I 05.19/20:25:21 solver.py:151 ] => Train  Loss: 7.0034e-02

I 05.19/20:25:22 solver.py:206 ] 
=! Best NMSE: -9.4562e+00 (epoch=30)

I 05.19/20:25:23 solver.py:151 ] => Train  Loss: 6.7472e-02

I 05.19/20:25:24 solver.py:206 ] 
=! Best NMSE: -9.4562e+00 (epoch=30)

I 05.19/20:25:25 solver.py:151 ] => Train  Loss: 6.4850e-02

I 05.19/20:25:26 solver.py:206 ] 
=! Best NMSE: -9.4562e+00 (epoch=30)

I 05.19/20:25:27 solver.py:151 ] => Train  Loss: 6.2390e-02

I 05.19/20:25:28 solver.py:206 ] 
=! Best NMSE: -9.4562e+00 (epoch=30)

I 05.19/20:25:29 solver.py:151 ] => Train  Loss: 5.9883e-02

I 05.19/20:25:30 solver.py:206 ] 
=! Best NMSE: -9.4562e+00 (epoch=30)

I 05.19/20:25:31 solver.py:151 ] => Train  Loss: 5.7460e-02

I 05.19/20:25:31 solver.py:151 ] => Val  Loss: 5.7601e-02

I 05.19/20:25:31 solver.py:285 ] => Test NMSE: -1.1151e+01

I 05.19/20:25:34 solver.py:206 ] 
=! Best NMSE: -1.1151e+01 (epoch=40)

I 05.19/20:25:34 solver.py:151 ] => Train  Loss: 5.5111e-02

I 05.19/20:25:36 solver.py:206 ] 
=! Best NMSE: -1.1151e+01 (epoch=40)

I 05.19/20:25:37 solver.py:151 ] => Train  Loss: 5.2765e-02

I 05.19/20:25:38 solver.py:206 ] 
=! Best NMSE: -1.1151e+01 (epoch=40)

I 05.19/20:25:39 solver.py:151 ] => Train  Loss: 5.0573e-02

I 05.19/20:25:40 solver.py:206 ] 
=! Best NMSE: -1.1151e+01 (epoch=40)

I 05.19/20:25:41 solver.py:151 ] => Train  Loss: 4.8417e-02

I 05.19/20:25:42 solver.py:206 ] 
=! Best NMSE: -1.1151e+01 (epoch=40)

I 05.19/20:25:43 solver.py:151 ] => Train  Loss: 4.6502e-02

I 05.19/20:25:44 solver.py:206 ] 
=! Best NMSE: -1.1151e+01 (epoch=40)

I 05.19/20:25:45 solver.py:151 ] => Train  Loss: 4.4481e-02

I 05.19/20:25:46 solver.py:206 ] 
=! Best NMSE: -1.1151e+01 (epoch=40)

I 05.19/20:25:47 solver.py:151 ] => Train  Loss: 4.2586e-02

I 05.19/20:25:48 solver.py:206 ] 
=! Best NMSE: -1.1151e+01 (epoch=40)

I 05.19/20:25:49 solver.py:151 ] => Train  Loss: 4.0828e-02

I 05.19/20:25:50 solver.py:206 ] 
=! Best NMSE: -1.1151e+01 (epoch=40)

I 05.19/20:25:51 solver.py:151 ] => Train  Loss: 3.9133e-02

I 05.19/20:25:52 solver.py:206 ] 
=! Best NMSE: -1.1151e+01 (epoch=40)

I 05.19/20:25:53 solver.py:151 ] => Train  Loss: 3.7444e-02

I 05.19/20:25:53 solver.py:151 ] => Val  Loss: 3.7483e-02

I 05.19/20:25:53 solver.py:285 ] => Test NMSE: -1.3021e+01

I 05.19/20:25:55 solver.py:206 ] 
=! Best NMSE: -1.3021e+01 (epoch=50)

I 05.19/20:25:56 solver.py:151 ] => Train  Loss: 3.6066e-02

I 05.19/20:25:57 solver.py:206 ] 
=! Best NMSE: -1.3021e+01 (epoch=50)

I 05.19/20:25:58 solver.py:151 ] => Train  Loss: 3.4423e-02

I 05.19/20:25:59 solver.py:206 ] 
=! Best NMSE: -1.3021e+01 (epoch=50)

I 05.19/20:26:00 solver.py:151 ] => Train  Loss: 3.2910e-02

I 05.19/20:26:01 solver.py:206 ] 
=! Best NMSE: -1.3021e+01 (epoch=50)

I 05.19/20:26:02 solver.py:151 ] => Train  Loss: 3.1532e-02

I 05.19/20:26:03 solver.py:206 ] 
=! Best NMSE: -1.3021e+01 (epoch=50)

I 05.19/20:26:04 solver.py:151 ] => Train  Loss: 3.0265e-02

I 05.19/20:26:05 solver.py:206 ] 
=! Best NMSE: -1.3021e+01 (epoch=50)

I 05.19/20:26:06 solver.py:151 ] => Train  Loss: 2.8996e-02

I 05.19/20:26:07 solver.py:206 ] 
=! Best NMSE: -1.3021e+01 (epoch=50)

I 05.19/20:26:08 solver.py:151 ] => Train  Loss: 2.7864e-02

I 05.19/20:26:09 solver.py:206 ] 
=! Best NMSE: -1.3021e+01 (epoch=50)

I 05.19/20:26:10 solver.py:151 ] => Train  Loss: 2.6688e-02

I 05.19/20:26:11 solver.py:206 ] 
=! Best NMSE: -1.3021e+01 (epoch=50)

I 05.19/20:26:12 solver.py:151 ] => Train  Loss: 2.5611e-02

I 05.19/20:26:13 solver.py:206 ] 
=! Best NMSE: -1.3021e+01 (epoch=50)

I 05.19/20:26:14 solver.py:151 ] => Train  Loss: 2.4596e-02

I 05.19/20:26:14 solver.py:151 ] => Val  Loss: 2.4573e-02

I 05.19/20:26:14 solver.py:285 ] => Test NMSE: -1.4863e+01

I 05.19/20:26:17 solver.py:206 ] 
=! Best NMSE: -1.4863e+01 (epoch=60)

I 05.19/20:26:17 solver.py:151 ] => Train  Loss: 2.3583e-02

I 05.19/20:26:19 solver.py:206 ] 
=! Best NMSE: -1.4863e+01 (epoch=60)

I 05.19/20:26:19 solver.py:151 ] => Train  Loss: 2.2615e-02

I 05.19/20:26:21 solver.py:206 ] 
=! Best NMSE: -1.4863e+01 (epoch=60)

I 05.19/20:26:21 solver.py:151 ] => Train  Loss: 2.1728e-02

I 05.19/20:26:23 solver.py:206 ] 
=! Best NMSE: -1.4863e+01 (epoch=60)

I 05.19/20:26:24 solver.py:151 ] => Train  Loss: 2.0925e-02

I 05.19/20:26:25 solver.py:206 ] 
=! Best NMSE: -1.4863e+01 (epoch=60)

I 05.19/20:26:26 solver.py:151 ] => Train  Loss: 2.0122e-02

I 05.19/20:26:27 solver.py:206 ] 
=! Best NMSE: -1.4863e+01 (epoch=60)

I 05.19/20:26:29 solver.py:151 ] => Train  Loss: 1.9289e-02

I 05.19/20:26:30 solver.py:206 ] 
=! Best NMSE: -1.4863e+01 (epoch=60)

I 05.19/20:26:31 solver.py:151 ] => Train  Loss: 1.8677e-02

I 05.19/20:26:32 solver.py:206 ] 
=! Best NMSE: -1.4863e+01 (epoch=60)

I 05.19/20:26:34 solver.py:151 ] => Train  Loss: 1.7992e-02

I 05.19/20:26:35 solver.py:206 ] 
=! Best NMSE: -1.4863e+01 (epoch=60)

I 05.19/20:26:36 solver.py:151 ] => Train  Loss: 1.7355e-02

I 05.19/20:26:37 solver.py:206 ] 
=! Best NMSE: -1.4863e+01 (epoch=60)

I 05.19/20:26:39 solver.py:151 ] => Train  Loss: 1.6835e-02

I 05.19/20:26:39 solver.py:151 ] => Val  Loss: 1.6878e-02

I 05.19/20:26:39 solver.py:285 ] => Test NMSE: -1.6507e+01

I 05.19/20:26:41 solver.py:206 ] 
=! Best NMSE: -1.6507e+01 (epoch=70)

I 05.19/20:26:43 solver.py:151 ] => Train  Loss: 1.6255e-02

I 05.19/20:26:44 solver.py:206 ] 
=! Best NMSE: -1.6507e+01 (epoch=70)

I 05.19/20:26:45 solver.py:151 ] => Train  Loss: 1.5777e-02

I 05.19/20:26:46 solver.py:206 ] 
=! Best NMSE: -1.6507e+01 (epoch=70)

I 05.19/20:26:48 solver.py:151 ] => Train  Loss: 1.5344e-02

I 05.19/20:26:49 solver.py:206 ] 
=! Best NMSE: -1.6507e+01 (epoch=70)

I 05.19/20:26:50 solver.py:151 ] => Train  Loss: 1.4936e-02

I 05.19/20:26:51 solver.py:206 ] 
=! Best NMSE: -1.6507e+01 (epoch=70)

I 05.19/20:26:53 solver.py:151 ] => Train  Loss: 1.4543e-02

I 05.19/20:26:54 solver.py:206 ] 
=! Best NMSE: -1.6507e+01 (epoch=70)

I 05.19/20:26:55 solver.py:151 ] => Train  Loss: 1.4230e-02

I 05.19/20:26:56 solver.py:206 ] 
=! Best NMSE: -1.6507e+01 (epoch=70)

I 05.19/20:26:57 solver.py:151 ] => Train  Loss: 1.3948e-02

I 05.19/20:26:58 solver.py:206 ] 
=! Best NMSE: -1.6507e+01 (epoch=70)

I 05.19/20:27:00 solver.py:151 ] => Train  Loss: 1.3640e-02

I 05.19/20:27:01 solver.py:206 ] 
=! Best NMSE: -1.6507e+01 (epoch=70)

I 05.19/20:27:02 solver.py:151 ] => Train  Loss: 1.3401e-02

I 05.19/20:27:03 solver.py:206 ] 
=! Best NMSE: -1.6507e+01 (epoch=70)

I 05.19/20:27:04 solver.py:151 ] => Train  Loss: 1.3194e-02

I 05.19/20:27:05 solver.py:151 ] => Val  Loss: 1.3265e-02

I 05.19/20:27:05 solver.py:285 ] => Test NMSE: -1.7564e+01

I 05.19/20:27:07 solver.py:206 ] 
=! Best NMSE: -1.7564e+01 (epoch=80)

I 05.19/20:27:08 solver.py:151 ] => Train  Loss: 1.2949e-02

I 05.19/20:27:09 solver.py:206 ] 
=! Best NMSE: -1.7564e+01 (epoch=80)

I 05.19/20:27:10 solver.py:151 ] => Train  Loss: 1.2800e-02

I 05.19/20:27:11 solver.py:206 ] 
=! Best NMSE: -1.7564e+01 (epoch=80)

I 05.19/20:27:13 solver.py:151 ] => Train  Loss: 1.2562e-02

I 05.19/20:27:14 solver.py:206 ] 
=! Best NMSE: -1.7564e+01 (epoch=80)

I 05.19/20:27:15 solver.py:151 ] => Train  Loss: 1.2387e-02

I 05.19/20:27:16 solver.py:206 ] 
=! Best NMSE: -1.7564e+01 (epoch=80)

I 05.19/20:27:17 solver.py:151 ] => Train  Loss: 1.2243e-02

I 05.19/20:27:18 solver.py:206 ] 
=! Best NMSE: -1.7564e+01 (epoch=80)

I 05.19/20:27:19 solver.py:151 ] => Train  Loss: 1.2159e-02

I 05.19/20:27:20 solver.py:206 ] 
=! Best NMSE: -1.7564e+01 (epoch=80)

I 05.19/20:27:21 solver.py:151 ] => Train  Loss: 1.2032e-02

I 05.19/20:27:22 solver.py:206 ] 
=! Best NMSE: -1.7564e+01 (epoch=80)

I 05.19/20:27:24 solver.py:151 ] => Train  Loss: 1.1919e-02

I 05.19/20:27:25 solver.py:206 ] 
=! Best NMSE: -1.7564e+01 (epoch=80)

I 05.19/20:27:26 solver.py:151 ] => Train  Loss: 1.1867e-02

I 05.19/20:27:27 solver.py:206 ] 
=! Best NMSE: -1.7564e+01 (epoch=80)

I 05.19/20:27:28 solver.py:151 ] => Train  Loss: 1.1790e-02

I 05.19/20:27:28 solver.py:151 ] => Val  Loss: 1.1916e-02

I 05.19/20:27:28 solver.py:285 ] => Test NMSE: -1.8033e+01

I 05.19/20:27:30 solver.py:206 ] 
=! Best NMSE: -1.8033e+01 (epoch=90)

I 05.19/20:27:31 solver.py:151 ] => Train  Loss: 1.1696e-02

I 05.19/20:27:33 solver.py:206 ] 
=! Best NMSE: -1.8033e+01 (epoch=90)

I 05.19/20:27:34 solver.py:151 ] => Train  Loss: 1.1638e-02

I 05.19/20:27:35 solver.py:206 ] 
=! Best NMSE: -1.8033e+01 (epoch=90)

I 05.19/20:27:36 solver.py:151 ] => Train  Loss: 1.1549e-02

I 05.19/20:27:37 solver.py:206 ] 
=! Best NMSE: -1.8033e+01 (epoch=90)

I 05.19/20:27:38 solver.py:151 ] => Train  Loss: 1.1525e-02

I 05.19/20:27:39 solver.py:206 ] 
=! Best NMSE: -1.8033e+01 (epoch=90)

I 05.19/20:27:40 solver.py:151 ] => Train  Loss: 1.1481e-02

I 05.19/20:27:41 solver.py:206 ] 
=! Best NMSE: -1.8033e+01 (epoch=90)

I 05.19/20:27:43 solver.py:151 ] => Train  Loss: 1.1351e-02

I 05.19/20:27:44 solver.py:206 ] 
=! Best NMSE: -1.8033e+01 (epoch=90)

I 05.19/20:27:45 solver.py:151 ] => Train  Loss: 1.1373e-02

I 05.19/20:27:46 solver.py:206 ] 
=! Best NMSE: -1.8033e+01 (epoch=90)

I 05.19/20:27:47 solver.py:151 ] => Train  Loss: 1.1332e-02

I 05.19/20:27:48 solver.py:206 ] 
=! Best NMSE: -1.8033e+01 (epoch=90)

I 05.19/20:27:50 solver.py:151 ] => Train  Loss: 1.1306e-02

I 05.19/20:27:51 solver.py:206 ] 
=! Best NMSE: -1.8033e+01 (epoch=90)

I 05.19/20:27:52 solver.py:151 ] => Train  Loss: 1.1289e-02

I 05.19/20:27:52 solver.py:151 ] => Val  Loss: 1.1315e-02

I 05.19/20:27:52 solver.py:285 ] => Test NMSE: -1.8258e+01

I 05.19/20:27:55 solver.py:206 ] 
=! Best NMSE: -1.8258e+01 (epoch=100)

I 05.19/20:27:56 solver.py:151 ] => Train  Loss: 1.1165e-02

I 05.19/20:27:57 solver.py:206 ] 
=! Best NMSE: -1.8258e+01 (epoch=100)

I 05.19/20:27:58 solver.py:151 ] => Train  Loss: 1.1159e-02

I 05.19/20:27:59 solver.py:206 ] 
=! Best NMSE: -1.8258e+01 (epoch=100)

I 05.19/20:28:01 solver.py:151 ] => Train  Loss: 1.1169e-02

I 05.19/20:28:02 solver.py:206 ] 
=! Best NMSE: -1.8258e+01 (epoch=100)

I 05.19/20:28:03 solver.py:151 ] => Train  Loss: 1.1058e-02

I 05.19/20:28:04 solver.py:206 ] 
=! Best NMSE: -1.8258e+01 (epoch=100)

I 05.19/20:28:05 solver.py:151 ] => Train  Loss: 1.1041e-02

I 05.19/20:28:06 solver.py:206 ] 
=! Best NMSE: -1.8258e+01 (epoch=100)

I 05.19/20:28:08 solver.py:151 ] => Train  Loss: 1.0997e-02

I 05.19/20:28:09 solver.py:206 ] 
=! Best NMSE: -1.8258e+01 (epoch=100)

I 05.19/20:28:10 solver.py:151 ] => Train  Loss: 1.0952e-02

I 05.19/20:28:11 solver.py:206 ] 
=! Best NMSE: -1.8258e+01 (epoch=100)

I 05.19/20:28:13 solver.py:151 ] => Train  Loss: 1.0965e-02

I 05.19/20:28:14 solver.py:206 ] 
=! Best NMSE: -1.8258e+01 (epoch=100)

I 05.19/20:28:16 solver.py:151 ] => Train  Loss: 1.0989e-02

I 05.19/20:28:17 solver.py:206 ] 
=! Best NMSE: -1.8258e+01 (epoch=100)

I 05.19/20:28:19 solver.py:151 ] => Train  Loss: 1.0908e-02

I 05.19/20:28:19 solver.py:151 ] => Val  Loss: 1.0891e-02

I 05.19/20:28:19 solver.py:285 ] => Test NMSE: -1.8424e+01

I 05.19/20:28:21 solver.py:206 ] 
=! Best NMSE: -1.8424e+01 (epoch=110)

I 05.19/20:28:23 solver.py:151 ] => Train  Loss: 1.0843e-02

I 05.19/20:28:24 solver.py:206 ] 
=! Best NMSE: -1.8424e+01 (epoch=110)

I 05.19/20:28:26 solver.py:151 ] => Train  Loss: 1.0871e-02

I 05.19/20:28:27 solver.py:206 ] 
=! Best NMSE: -1.8424e+01 (epoch=110)

I 05.19/20:28:29 solver.py:151 ] => Train  Loss: 1.0872e-02

I 05.19/20:28:30 solver.py:206 ] 
=! Best NMSE: -1.8424e+01 (epoch=110)

I 05.19/20:28:32 solver.py:151 ] => Train  Loss: 1.0831e-02

I 05.19/20:28:33 solver.py:206 ] 
=! Best NMSE: -1.8424e+01 (epoch=110)

I 05.19/20:28:34 solver.py:151 ] => Train  Loss: 1.0807e-02

I 05.19/20:28:35 solver.py:206 ] 
=! Best NMSE: -1.8424e+01 (epoch=110)

I 05.19/20:28:37 solver.py:151 ] => Train  Loss: 1.0751e-02

I 05.19/20:28:38 solver.py:206 ] 
=! Best NMSE: -1.8424e+01 (epoch=110)

I 05.19/20:28:40 solver.py:151 ] => Train  Loss: 1.0719e-02

I 05.19/20:28:41 solver.py:206 ] 
=! Best NMSE: -1.8424e+01 (epoch=110)

I 05.19/20:28:43 solver.py:151 ] => Train  Loss: 1.0686e-02

I 05.19/20:28:44 solver.py:206 ] 
=! Best NMSE: -1.8424e+01 (epoch=110)

I 05.19/20:28:46 solver.py:151 ] => Train  Loss: 1.0723e-02

I 05.19/20:28:47 solver.py:206 ] 
=! Best NMSE: -1.8424e+01 (epoch=110)

I 05.19/20:28:48 solver.py:151 ] => Train  Loss: 1.0685e-02

I 05.19/20:28:48 solver.py:151 ] => Val  Loss: 1.0576e-02

I 05.19/20:28:49 solver.py:285 ] => Test NMSE: -1.8552e+01

I 05.19/20:28:51 solver.py:206 ] 
=! Best NMSE: -1.8552e+01 (epoch=120)

I 05.19/20:28:53 solver.py:151 ] => Train  Loss: 1.0631e-02

I 05.19/20:28:54 solver.py:206 ] 
=! Best NMSE: -1.8552e+01 (epoch=120)

I 05.19/20:28:55 solver.py:151 ] => Train  Loss: 1.0648e-02

I 05.19/20:28:57 solver.py:206 ] 
=! Best NMSE: -1.8552e+01 (epoch=120)

I 05.19/20:28:58 solver.py:151 ] => Train  Loss: 1.0619e-02

I 05.19/20:28:59 solver.py:206 ] 
=! Best NMSE: -1.8552e+01 (epoch=120)

I 05.19/20:29:01 solver.py:151 ] => Train  Loss: 1.0633e-02

I 05.19/20:29:02 solver.py:206 ] 
=! Best NMSE: -1.8552e+01 (epoch=120)

I 05.19/20:29:03 solver.py:151 ] => Train  Loss: 1.0571e-02

I 05.19/20:29:05 solver.py:206 ] 
=! Best NMSE: -1.8552e+01 (epoch=120)

I 05.19/20:29:06 solver.py:151 ] => Train  Loss: 1.0593e-02

I 05.19/20:29:07 solver.py:206 ] 
=! Best NMSE: -1.8552e+01 (epoch=120)

I 05.19/20:29:09 solver.py:151 ] => Train  Loss: 1.0523e-02

I 05.19/20:29:10 solver.py:206 ] 
=! Best NMSE: -1.8552e+01 (epoch=120)

I 05.19/20:29:12 solver.py:151 ] => Train  Loss: 1.0483e-02

I 05.19/20:29:13 solver.py:206 ] 
=! Best NMSE: -1.8552e+01 (epoch=120)

I 05.19/20:29:15 solver.py:151 ] => Train  Loss: 1.0487e-02

I 05.19/20:29:16 solver.py:206 ] 
=! Best NMSE: -1.8552e+01 (epoch=120)

I 05.19/20:29:18 solver.py:151 ] => Train  Loss: 1.0478e-02

I 05.19/20:29:18 solver.py:151 ] => Val  Loss: 1.0314e-02

I 05.19/20:29:18 solver.py:285 ] => Test NMSE: -1.8661e+01

I 05.19/20:29:20 solver.py:206 ] 
=! Best NMSE: -1.8661e+01 (epoch=130)

I 05.19/20:29:22 solver.py:151 ] => Train  Loss: 1.0457e-02

I 05.19/20:29:23 solver.py:206 ] 
=! Best NMSE: -1.8661e+01 (epoch=130)

I 05.19/20:29:25 solver.py:151 ] => Train  Loss: 1.0432e-02

I 05.19/20:29:26 solver.py:206 ] 
=! Best NMSE: -1.8661e+01 (epoch=130)

I 05.19/20:29:28 solver.py:151 ] => Train  Loss: 1.0461e-02

I 05.19/20:29:29 solver.py:206 ] 
=! Best NMSE: -1.8661e+01 (epoch=130)

I 05.19/20:29:30 solver.py:151 ] => Train  Loss: 1.0388e-02

I 05.19/20:29:32 solver.py:206 ] 
=! Best NMSE: -1.8661e+01 (epoch=130)

I 05.19/20:29:33 solver.py:151 ] => Train  Loss: 1.0412e-02

I 05.19/20:29:34 solver.py:206 ] 
=! Best NMSE: -1.8661e+01 (epoch=130)

I 05.19/20:29:36 solver.py:151 ] => Train  Loss: 1.0414e-02

I 05.19/20:29:37 solver.py:206 ] 
=! Best NMSE: -1.8661e+01 (epoch=130)

I 05.19/20:29:39 solver.py:151 ] => Train  Loss: 1.0318e-02

I 05.19/20:29:40 solver.py:206 ] 
=! Best NMSE: -1.8661e+01 (epoch=130)

I 05.19/20:29:41 solver.py:151 ] => Train  Loss: 1.0402e-02

I 05.19/20:29:42 solver.py:206 ] 
=! Best NMSE: -1.8661e+01 (epoch=130)

I 05.19/20:29:44 solver.py:151 ] => Train  Loss: 1.0319e-02

I 05.19/20:29:45 solver.py:206 ] 
=! Best NMSE: -1.8661e+01 (epoch=130)

I 05.19/20:29:47 solver.py:151 ] => Train  Loss: 1.0300e-02

I 05.19/20:29:47 solver.py:151 ] => Val  Loss: 1.0090e-02

I 05.19/20:29:47 solver.py:285 ] => Test NMSE: -1.8758e+01

I 05.19/20:29:50 solver.py:206 ] 
=! Best NMSE: -1.8758e+01 (epoch=140)

I 05.19/20:29:51 solver.py:151 ] => Train  Loss: 1.0331e-02

I 05.19/20:29:52 solver.py:206 ] 
=! Best NMSE: -1.8758e+01 (epoch=140)

I 05.19/20:29:54 solver.py:151 ] => Train  Loss: 1.0305e-02

I 05.19/20:29:55 solver.py:206 ] 
=! Best NMSE: -1.8758e+01 (epoch=140)

I 05.19/20:29:57 solver.py:151 ] => Train  Loss: 1.0253e-02

I 05.19/20:29:58 solver.py:206 ] 
=! Best NMSE: -1.8758e+01 (epoch=140)

I 05.19/20:30:00 solver.py:151 ] => Train  Loss: 1.0300e-02

I 05.19/20:30:01 solver.py:206 ] 
=! Best NMSE: -1.8758e+01 (epoch=140)

I 05.19/20:30:02 solver.py:151 ] => Train  Loss: 1.0226e-02

I 05.19/20:30:03 solver.py:206 ] 
=! Best NMSE: -1.8758e+01 (epoch=140)

I 05.19/20:30:05 solver.py:151 ] => Train  Loss: 1.0260e-02

I 05.19/20:30:06 solver.py:206 ] 
=! Best NMSE: -1.8758e+01 (epoch=140)

I 05.19/20:30:08 solver.py:151 ] => Train  Loss: 1.0228e-02

I 05.19/20:30:09 solver.py:206 ] 
=! Best NMSE: -1.8758e+01 (epoch=140)

I 05.19/20:30:10 solver.py:151 ] => Train  Loss: 1.0255e-02

I 05.19/20:30:12 solver.py:206 ] 
=! Best NMSE: -1.8758e+01 (epoch=140)

I 05.19/20:30:13 solver.py:151 ] => Train  Loss: 1.0217e-02

I 05.19/20:30:14 solver.py:206 ] 
=! Best NMSE: -1.8758e+01 (epoch=140)

I 05.19/20:30:16 solver.py:151 ] => Train  Loss: 1.0199e-02

I 05.19/20:30:16 solver.py:151 ] => Val  Loss: 9.9050e-03

I 05.19/20:30:16 solver.py:285 ] => Test NMSE: -1.8839e+01

I 05.19/20:30:19 solver.py:206 ] 
=! Best NMSE: -1.8839e+01 (epoch=150)

I 05.19/20:30:20 solver.py:151 ] => Train  Loss: 1.0166e-02

I 05.19/20:30:21 solver.py:206 ] 
=! Best NMSE: -1.8839e+01 (epoch=150)

I 05.19/20:30:23 solver.py:151 ] => Train  Loss: 1.0140e-02

I 05.19/20:30:24 solver.py:206 ] 
=! Best NMSE: -1.8839e+01 (epoch=150)

I 05.19/20:30:26 solver.py:151 ] => Train  Loss: 1.0148e-02

I 05.19/20:30:27 solver.py:206 ] 
=! Best NMSE: -1.8839e+01 (epoch=150)

I 05.19/20:30:28 solver.py:151 ] => Train  Loss: 1.0149e-02

I 05.19/20:30:29 solver.py:206 ] 
=! Best NMSE: -1.8839e+01 (epoch=150)

I 05.19/20:30:31 solver.py:151 ] => Train  Loss: 1.0132e-02

I 05.19/20:30:32 solver.py:206 ] 
=! Best NMSE: -1.8839e+01 (epoch=150)

I 05.19/20:30:34 solver.py:151 ] => Train  Loss: 1.0068e-02

I 05.19/20:30:35 solver.py:206 ] 
=! Best NMSE: -1.8839e+01 (epoch=150)

I 05.19/20:30:37 solver.py:151 ] => Train  Loss: 1.0117e-02

I 05.19/20:30:38 solver.py:206 ] 
=! Best NMSE: -1.8839e+01 (epoch=150)

I 05.19/20:30:40 solver.py:151 ] => Train  Loss: 1.0097e-02

I 05.19/20:30:41 solver.py:206 ] 
=! Best NMSE: -1.8839e+01 (epoch=150)

I 05.19/20:30:42 solver.py:151 ] => Train  Loss: 1.0014e-02

I 05.19/20:30:44 solver.py:206 ] 
=! Best NMSE: -1.8839e+01 (epoch=150)

I 05.19/20:30:45 solver.py:151 ] => Train  Loss: 1.0100e-02

I 05.19/20:30:45 solver.py:151 ] => Val  Loss: 9.7428e-03

I 05.19/20:30:46 solver.py:285 ] => Test NMSE: -1.8911e+01

I 05.19/20:30:48 solver.py:206 ] 
=! Best NMSE: -1.8911e+01 (epoch=160)

I 05.19/20:30:50 solver.py:151 ] => Train  Loss: 1.0042e-02

I 05.19/20:30:51 solver.py:206 ] 
=! Best NMSE: -1.8911e+01 (epoch=160)

I 05.19/20:30:52 solver.py:151 ] => Train  Loss: 1.0026e-02

I 05.19/20:30:53 solver.py:206 ] 
=! Best NMSE: -1.8911e+01 (epoch=160)

I 05.19/20:30:55 solver.py:151 ] => Train  Loss: 1.0078e-02

I 05.19/20:30:56 solver.py:206 ] 
=! Best NMSE: -1.8911e+01 (epoch=160)

I 05.19/20:30:58 solver.py:151 ] => Train  Loss: 9.9879e-03

I 05.19/20:30:59 solver.py:206 ] 
=! Best NMSE: -1.8911e+01 (epoch=160)

I 05.19/20:31:01 solver.py:151 ] => Train  Loss: 1.0003e-02

I 05.19/20:31:02 solver.py:206 ] 
=! Best NMSE: -1.8911e+01 (epoch=160)

I 05.19/20:31:03 solver.py:151 ] => Train  Loss: 1.0009e-02

I 05.19/20:31:05 solver.py:206 ] 
=! Best NMSE: -1.8911e+01 (epoch=160)

I 05.19/20:31:06 solver.py:151 ] => Train  Loss: 9.9844e-03

I 05.19/20:31:08 solver.py:206 ] 
=! Best NMSE: -1.8911e+01 (epoch=160)

I 05.19/20:31:09 solver.py:151 ] => Train  Loss: 9.9436e-03

I 05.19/20:31:10 solver.py:206 ] 
=! Best NMSE: -1.8911e+01 (epoch=160)

I 05.19/20:31:12 solver.py:151 ] => Train  Loss: 9.9283e-03

I 05.19/20:31:13 solver.py:206 ] 
=! Best NMSE: -1.8911e+01 (epoch=160)

I 05.19/20:31:15 solver.py:151 ] => Train  Loss: 9.8763e-03

I 05.19/20:31:15 solver.py:151 ] => Val  Loss: 9.5847e-03

I 05.19/20:31:15 solver.py:285 ] => Test NMSE: -1.8982e+01

I 05.19/20:31:18 solver.py:206 ] 
=! Best NMSE: -1.8982e+01 (epoch=170)

I 05.19/20:31:19 solver.py:151 ] => Train  Loss: 9.8614e-03

I 05.19/20:31:20 solver.py:206 ] 
=! Best NMSE: -1.8982e+01 (epoch=170)

I 05.19/20:31:22 solver.py:151 ] => Train  Loss: 9.9189e-03

I 05.19/20:31:23 solver.py:206 ] 
=! Best NMSE: -1.8982e+01 (epoch=170)

I 05.19/20:31:25 solver.py:151 ] => Train  Loss: 9.9026e-03

I 05.19/20:31:26 solver.py:206 ] 
=! Best NMSE: -1.8982e+01 (epoch=170)

I 05.19/20:31:27 solver.py:151 ] => Train  Loss: 9.8766e-03

I 05.19/20:31:29 solver.py:206 ] 
=! Best NMSE: -1.8982e+01 (epoch=170)

I 05.19/20:31:30 solver.py:151 ] => Train  Loss: 9.8536e-03

I 05.19/20:31:31 solver.py:206 ] 
=! Best NMSE: -1.8982e+01 (epoch=170)

I 05.19/20:31:33 solver.py:151 ] => Train  Loss: 9.8422e-03

I 05.19/20:31:34 solver.py:206 ] 
=! Best NMSE: -1.8982e+01 (epoch=170)

I 05.19/20:31:36 solver.py:151 ] => Train  Loss: 9.8566e-03

I 05.19/20:31:37 solver.py:206 ] 
=! Best NMSE: -1.8982e+01 (epoch=170)

I 05.19/20:31:39 solver.py:151 ] => Train  Loss: 9.8515e-03

I 05.19/20:31:40 solver.py:206 ] 
=! Best NMSE: -1.8982e+01 (epoch=170)

I 05.19/20:31:41 solver.py:151 ] => Train  Loss: 9.8145e-03

I 05.19/20:31:43 solver.py:206 ] 
=! Best NMSE: -1.8982e+01 (epoch=170)

I 05.19/20:31:44 solver.py:151 ] => Train  Loss: 9.8805e-03

I 05.19/20:31:44 solver.py:151 ] => Val  Loss: 9.4610e-03

I 05.19/20:31:45 solver.py:285 ] => Test NMSE: -1.9038e+01

I 05.19/20:31:47 solver.py:206 ] 
=! Best NMSE: -1.9038e+01 (epoch=180)

I 05.19/20:31:49 solver.py:151 ] => Train  Loss: 9.8210e-03

I 05.19/20:31:50 solver.py:206 ] 
=! Best NMSE: -1.9038e+01 (epoch=180)

I 05.19/20:31:51 solver.py:151 ] => Train  Loss: 9.7570e-03

I 05.19/20:31:53 solver.py:206 ] 
=! Best NMSE: -1.9038e+01 (epoch=180)

I 05.19/20:31:54 solver.py:151 ] => Train  Loss: 9.7958e-03

I 05.19/20:31:55 solver.py:206 ] 
=! Best NMSE: -1.9038e+01 (epoch=180)

I 05.19/20:31:57 solver.py:151 ] => Train  Loss: 9.8002e-03

I 05.19/20:31:58 solver.py:206 ] 
=! Best NMSE: -1.9038e+01 (epoch=180)

I 05.19/20:31:59 solver.py:151 ] => Train  Loss: 9.7847e-03

I 05.19/20:32:01 solver.py:206 ] 
=! Best NMSE: -1.9038e+01 (epoch=180)

I 05.19/20:32:02 solver.py:151 ] => Train  Loss: 9.7534e-03

I 05.19/20:32:03 solver.py:206 ] 
=! Best NMSE: -1.9038e+01 (epoch=180)

I 05.19/20:32:04 solver.py:151 ] => Train  Loss: 9.7177e-03

I 05.19/20:32:06 solver.py:206 ] 
=! Best NMSE: -1.9038e+01 (epoch=180)

I 05.19/20:32:07 solver.py:151 ] => Train  Loss: 9.7392e-03

I 05.19/20:32:08 solver.py:206 ] 
=! Best NMSE: -1.9038e+01 (epoch=180)

I 05.19/20:32:10 solver.py:151 ] => Train  Loss: 9.7345e-03

I 05.19/20:32:11 solver.py:206 ] 
=! Best NMSE: -1.9038e+01 (epoch=180)

I 05.19/20:32:13 solver.py:151 ] => Train  Loss: 9.7333e-03

I 05.19/20:32:13 solver.py:151 ] => Val  Loss: 9.3222e-03

I 05.19/20:32:13 solver.py:285 ] => Test NMSE: -1.9103e+01

I 05.19/20:32:16 solver.py:206 ] 
=! Best NMSE: -1.9103e+01 (epoch=190)

I 05.19/20:32:17 solver.py:151 ] => Train  Loss: 9.6907e-03

I 05.19/20:32:18 solver.py:206 ] 
=! Best NMSE: -1.9103e+01 (epoch=190)

I 05.19/20:32:20 solver.py:151 ] => Train  Loss: 9.6794e-03

I 05.19/20:32:21 solver.py:206 ] 
=! Best NMSE: -1.9103e+01 (epoch=190)

I 05.19/20:32:23 solver.py:151 ] => Train  Loss: 9.7181e-03

I 05.19/20:32:24 solver.py:206 ] 
=! Best NMSE: -1.9103e+01 (epoch=190)

I 05.19/20:32:26 solver.py:151 ] => Train  Loss: 9.6863e-03

I 05.19/20:32:27 solver.py:206 ] 
=! Best NMSE: -1.9103e+01 (epoch=190)

I 05.19/20:32:29 solver.py:151 ] => Train  Loss: 9.6663e-03

I 05.19/20:32:30 solver.py:206 ] 
=! Best NMSE: -1.9103e+01 (epoch=190)

I 05.19/20:32:31 solver.py:151 ] => Train  Loss: 9.6171e-03

I 05.19/20:32:33 solver.py:206 ] 
=! Best NMSE: -1.9103e+01 (epoch=190)

I 05.19/20:32:34 solver.py:151 ] => Train  Loss: 9.5885e-03

I 05.19/20:32:35 solver.py:206 ] 
=! Best NMSE: -1.9103e+01 (epoch=190)

I 05.19/20:32:37 solver.py:151 ] => Train  Loss: 9.6027e-03

I 05.19/20:32:38 solver.py:206 ] 
=! Best NMSE: -1.9103e+01 (epoch=190)

I 05.19/20:32:40 solver.py:151 ] => Train  Loss: 9.6815e-03

I 05.19/20:32:41 solver.py:206 ] 
=! Best NMSE: -1.9103e+01 (epoch=190)

I 05.19/20:32:42 solver.py:151 ] => Train  Loss: 9.6103e-03

I 05.19/20:32:43 solver.py:151 ] => Val  Loss: 9.2012e-03

I 05.19/20:32:43 solver.py:285 ] => Test NMSE: -1.9159e+01

I 05.19/20:32:45 solver.py:206 ] 
=! Best NMSE: -1.9159e+01 (epoch=200)

I 05.19/20:32:47 solver.py:151 ] => Train  Loss: 9.5910e-03

I 05.19/20:32:48 solver.py:206 ] 
=! Best NMSE: -1.9159e+01 (epoch=200)

I 05.19/20:32:49 solver.py:151 ] => Train  Loss: 9.5674e-03

I 05.19/20:32:51 solver.py:206 ] 
=! Best NMSE: -1.9159e+01 (epoch=200)

I 05.19/20:32:52 solver.py:151 ] => Train  Loss: 9.5504e-03

I 05.19/20:32:53 solver.py:206 ] 
=! Best NMSE: -1.9159e+01 (epoch=200)

I 05.19/20:32:55 solver.py:151 ] => Train  Loss: 9.5447e-03

I 05.19/20:32:56 solver.py:206 ] 
=! Best NMSE: -1.9159e+01 (epoch=200)

I 05.19/20:32:58 solver.py:151 ] => Train  Loss: 9.5453e-03

I 05.19/20:32:59 solver.py:206 ] 
=! Best NMSE: -1.9159e+01 (epoch=200)

I 05.19/20:33:01 solver.py:151 ] => Train  Loss: 9.5242e-03

I 05.19/20:33:02 solver.py:206 ] 
=! Best NMSE: -1.9159e+01 (epoch=200)

I 05.19/20:33:03 solver.py:151 ] => Train  Loss: 9.5399e-03

I 05.19/20:33:04 solver.py:206 ] 
=! Best NMSE: -1.9159e+01 (epoch=200)

I 05.19/20:33:06 solver.py:151 ] => Train  Loss: 9.5091e-03

I 05.19/20:33:07 solver.py:206 ] 
=! Best NMSE: -1.9159e+01 (epoch=200)

I 05.19/20:33:09 solver.py:151 ] => Train  Loss: 9.5123e-03

I 05.19/20:33:10 solver.py:206 ] 
=! Best NMSE: -1.9159e+01 (epoch=200)

I 05.19/20:33:12 solver.py:151 ] => Train  Loss: 9.5127e-03

I 05.19/20:33:12 solver.py:151 ] => Val  Loss: 9.1109e-03

I 05.19/20:33:12 solver.py:285 ] => Test NMSE: -1.9202e+01

I 05.19/20:33:14 solver.py:206 ] 
=! Best NMSE: -1.9202e+01 (epoch=210)

I 05.19/20:33:16 solver.py:151 ] => Train  Loss: 9.5222e-03

I 05.19/20:33:17 solver.py:206 ] 
=! Best NMSE: -1.9202e+01 (epoch=210)

I 05.19/20:33:19 solver.py:151 ] => Train  Loss: 9.4621e-03

I 05.19/20:33:20 solver.py:206 ] 
=! Best NMSE: -1.9202e+01 (epoch=210)

I 05.19/20:33:22 solver.py:151 ] => Train  Loss: 9.4960e-03

I 05.19/20:33:23 solver.py:206 ] 
=! Best NMSE: -1.9202e+01 (epoch=210)

I 05.19/20:33:24 solver.py:151 ] => Train  Loss: 9.4900e-03

I 05.19/20:33:25 solver.py:206 ] 
=! Best NMSE: -1.9202e+01 (epoch=210)

I 05.19/20:33:27 solver.py:151 ] => Train  Loss: 9.4433e-03

I 05.19/20:33:28 solver.py:206 ] 
=! Best NMSE: -1.9202e+01 (epoch=210)

I 05.19/20:33:30 solver.py:151 ] => Train  Loss: 9.3883e-03

I 05.19/20:33:31 solver.py:206 ] 
=! Best NMSE: -1.9202e+01 (epoch=210)

I 05.19/20:33:33 solver.py:151 ] => Train  Loss: 9.4091e-03

I 05.19/20:33:34 solver.py:206 ] 
=! Best NMSE: -1.9202e+01 (epoch=210)

I 05.19/20:33:35 solver.py:151 ] => Train  Loss: 9.3921e-03

I 05.19/20:33:36 solver.py:206 ] 
=! Best NMSE: -1.9202e+01 (epoch=210)

I 05.19/20:33:37 solver.py:151 ] => Train  Loss: 9.3840e-03

I 05.19/20:33:38 solver.py:206 ] 
=! Best NMSE: -1.9202e+01 (epoch=210)

I 05.19/20:33:39 solver.py:151 ] => Train  Loss: 9.3955e-03

I 05.19/20:33:39 solver.py:151 ] => Val  Loss: 8.9807e-03

I 05.19/20:33:39 solver.py:285 ] => Test NMSE: -1.9264e+01

I 05.19/20:33:42 solver.py:206 ] 
=! Best NMSE: -1.9264e+01 (epoch=220)

I 05.19/20:33:42 solver.py:151 ] => Train  Loss: 9.3982e-03

I 05.19/20:33:44 solver.py:206 ] 
=! Best NMSE: -1.9264e+01 (epoch=220)

I 05.19/20:33:45 solver.py:151 ] => Train  Loss: 9.3880e-03

I 05.19/20:33:46 solver.py:206 ] 
=! Best NMSE: -1.9264e+01 (epoch=220)

I 05.19/20:33:48 solver.py:151 ] => Train  Loss: 9.3286e-03

I 05.19/20:33:49 solver.py:206 ] 
=! Best NMSE: -1.9264e+01 (epoch=220)

I 05.19/20:33:51 solver.py:151 ] => Train  Loss: 9.3339e-03

I 05.19/20:33:52 solver.py:206 ] 
=! Best NMSE: -1.9264e+01 (epoch=220)

I 05.19/20:33:53 solver.py:151 ] => Train  Loss: 9.3452e-03

I 05.19/20:33:54 solver.py:206 ] 
=! Best NMSE: -1.9264e+01 (epoch=220)

I 05.19/20:33:56 solver.py:151 ] => Train  Loss: 9.3717e-03

I 05.19/20:33:57 solver.py:206 ] 
=! Best NMSE: -1.9264e+01 (epoch=220)

I 05.19/20:33:58 solver.py:151 ] => Train  Loss: 9.2920e-03

I 05.19/20:33:59 solver.py:206 ] 
=! Best NMSE: -1.9264e+01 (epoch=220)

I 05.19/20:34:01 solver.py:151 ] => Train  Loss: 9.3376e-03

I 05.19/20:34:02 solver.py:206 ] 
=! Best NMSE: -1.9264e+01 (epoch=220)

I 05.19/20:34:04 solver.py:151 ] => Train  Loss: 9.3368e-03

I 05.19/20:34:05 solver.py:206 ] 
=! Best NMSE: -1.9264e+01 (epoch=220)

I 05.19/20:34:07 solver.py:151 ] => Train  Loss: 9.3414e-03

I 05.19/20:34:07 solver.py:151 ] => Val  Loss: 8.8981e-03

I 05.19/20:34:07 solver.py:285 ] => Test NMSE: -1.9304e+01

I 05.19/20:34:09 solver.py:206 ] 
=! Best NMSE: -1.9304e+01 (epoch=230)

I 05.19/20:34:11 solver.py:151 ] => Train  Loss: 9.3178e-03

I 05.19/20:34:12 solver.py:206 ] 
=! Best NMSE: -1.9304e+01 (epoch=230)

I 05.19/20:34:14 solver.py:151 ] => Train  Loss: 9.3325e-03

I 05.19/20:34:15 solver.py:206 ] 
=! Best NMSE: -1.9304e+01 (epoch=230)

I 05.19/20:34:17 solver.py:151 ] => Train  Loss: 9.2624e-03

I 05.19/20:34:18 solver.py:206 ] 
=! Best NMSE: -1.9304e+01 (epoch=230)

I 05.19/20:34:20 solver.py:151 ] => Train  Loss: 9.2494e-03

I 05.19/20:34:21 solver.py:206 ] 
=! Best NMSE: -1.9304e+01 (epoch=230)

I 05.19/20:34:22 solver.py:151 ] => Train  Loss: 9.2547e-03

I 05.19/20:34:24 solver.py:206 ] 
=! Best NMSE: -1.9304e+01 (epoch=230)

I 05.19/20:34:25 solver.py:151 ] => Train  Loss: 9.2857e-03

I 05.19/20:34:26 solver.py:206 ] 
=! Best NMSE: -1.9304e+01 (epoch=230)

I 05.19/20:34:28 solver.py:151 ] => Train  Loss: 9.2253e-03

I 05.19/20:34:29 solver.py:206 ] 
=! Best NMSE: -1.9304e+01 (epoch=230)

I 05.19/20:34:31 solver.py:151 ] => Train  Loss: 9.2107e-03

I 05.19/20:34:32 solver.py:206 ] 
=! Best NMSE: -1.9304e+01 (epoch=230)

I 05.19/20:34:34 solver.py:151 ] => Train  Loss: 9.2384e-03

I 05.19/20:34:35 solver.py:206 ] 
=! Best NMSE: -1.9304e+01 (epoch=230)

I 05.19/20:34:37 solver.py:151 ] => Train  Loss: 9.2514e-03

I 05.19/20:34:37 solver.py:151 ] => Val  Loss: 8.7931e-03

I 05.19/20:34:37 solver.py:285 ] => Test NMSE: -1.9355e+01

I 05.19/20:34:39 solver.py:206 ] 
=! Best NMSE: -1.9355e+01 (epoch=240)

I 05.19/20:34:41 solver.py:151 ] => Train  Loss: 9.2435e-03

I 05.19/20:34:42 solver.py:206 ] 
=! Best NMSE: -1.9355e+01 (epoch=240)

I 05.19/20:34:44 solver.py:151 ] => Train  Loss: 9.2381e-03

I 05.19/20:34:45 solver.py:206 ] 
=! Best NMSE: -1.9355e+01 (epoch=240)

I 05.19/20:34:47 solver.py:151 ] => Train  Loss: 9.1351e-03

I 05.19/20:34:48 solver.py:206 ] 
=! Best NMSE: -1.9355e+01 (epoch=240)

I 05.19/20:34:49 solver.py:151 ] => Train  Loss: 9.1623e-03

I 05.19/20:34:50 solver.py:206 ] 
=! Best NMSE: -1.9355e+01 (epoch=240)

I 05.19/20:34:52 solver.py:151 ] => Train  Loss: 9.1785e-03

I 05.19/20:34:53 solver.py:206 ] 
=! Best NMSE: -1.9355e+01 (epoch=240)

I 05.19/20:34:55 solver.py:151 ] => Train  Loss: 9.1578e-03

I 05.19/20:34:56 solver.py:206 ] 
=! Best NMSE: -1.9355e+01 (epoch=240)

I 05.19/20:34:58 solver.py:151 ] => Train  Loss: 9.1549e-03

I 05.19/20:34:59 solver.py:206 ] 
=! Best NMSE: -1.9355e+01 (epoch=240)

I 05.19/20:35:01 solver.py:151 ] => Train  Loss: 9.1093e-03

I 05.19/20:35:02 solver.py:206 ] 
=! Best NMSE: -1.9355e+01 (epoch=240)

I 05.19/20:35:03 solver.py:151 ] => Train  Loss: 9.1614e-03

I 05.19/20:35:04 solver.py:206 ] 
=! Best NMSE: -1.9355e+01 (epoch=240)

I 05.19/20:35:06 solver.py:151 ] => Train  Loss: 9.0981e-03

I 05.19/20:35:06 solver.py:151 ] => Val  Loss: 8.7052e-03

I 05.19/20:35:06 solver.py:285 ] => Test NMSE: -1.9399e+01

I 05.19/20:35:09 solver.py:206 ] 
=! Best NMSE: -1.9399e+01 (epoch=250)

I 05.19/20:35:10 solver.py:151 ] => Train  Loss: 9.1080e-03

I 05.19/20:35:11 solver.py:206 ] 
=! Best NMSE: -1.9399e+01 (epoch=250)

I 05.19/20:35:13 solver.py:151 ] => Train  Loss: 9.1102e-03

I 05.19/20:35:14 solver.py:206 ] 
=! Best NMSE: -1.9399e+01 (epoch=250)

I 05.19/20:35:16 solver.py:151 ] => Train  Loss: 9.0759e-03

I 05.19/20:35:17 solver.py:206 ] 
=! Best NMSE: -1.9399e+01 (epoch=250)

I 05.19/20:35:19 solver.py:151 ] => Train  Loss: 9.0902e-03

I 05.19/20:35:20 solver.py:206 ] 
=! Best NMSE: -1.9399e+01 (epoch=250)

I 05.19/20:35:22 solver.py:151 ] => Train  Loss: 9.0908e-03

I 05.19/20:35:23 solver.py:206 ] 
=! Best NMSE: -1.9399e+01 (epoch=250)

I 05.19/20:35:24 solver.py:151 ] => Train  Loss: 9.0773e-03

I 05.19/20:35:25 solver.py:206 ] 
=! Best NMSE: -1.9399e+01 (epoch=250)

I 05.19/20:35:27 solver.py:151 ] => Train  Loss: 9.0733e-03

I 05.19/20:35:28 solver.py:206 ] 
=! Best NMSE: -1.9399e+01 (epoch=250)

I 05.19/20:35:30 solver.py:151 ] => Train  Loss: 9.0627e-03

I 05.19/20:35:31 solver.py:206 ] 
=! Best NMSE: -1.9399e+01 (epoch=250)

I 05.19/20:35:33 solver.py:151 ] => Train  Loss: 9.0636e-03

I 05.19/20:35:34 solver.py:206 ] 
=! Best NMSE: -1.9399e+01 (epoch=250)

I 05.19/20:35:36 solver.py:151 ] => Train  Loss: 9.0446e-03

I 05.19/20:35:36 solver.py:151 ] => Val  Loss: 8.6253e-03

I 05.19/20:35:36 solver.py:285 ] => Test NMSE: -1.9438e+01

I 05.19/20:35:38 solver.py:206 ] 
=! Best NMSE: -1.9438e+01 (epoch=260)

I 05.19/20:35:40 solver.py:151 ] => Train  Loss: 9.0427e-03

I 05.19/20:35:41 solver.py:206 ] 
=! Best NMSE: -1.9438e+01 (epoch=260)

I 05.19/20:35:43 solver.py:151 ] => Train  Loss: 9.0208e-03

I 05.19/20:35:44 solver.py:206 ] 
=! Best NMSE: -1.9438e+01 (epoch=260)

I 05.19/20:35:45 solver.py:151 ] => Train  Loss: 9.0371e-03

I 05.19/20:35:47 solver.py:206 ] 
=! Best NMSE: -1.9438e+01 (epoch=260)

I 05.19/20:35:48 solver.py:151 ] => Train  Loss: 9.0242e-03

I 05.19/20:35:49 solver.py:206 ] 
=! Best NMSE: -1.9438e+01 (epoch=260)

I 05.19/20:35:51 solver.py:151 ] => Train  Loss: 9.0279e-03

I 05.19/20:35:52 solver.py:206 ] 
=! Best NMSE: -1.9438e+01 (epoch=260)

I 05.19/20:35:54 solver.py:151 ] => Train  Loss: 8.9696e-03

I 05.19/20:35:55 solver.py:206 ] 
=! Best NMSE: -1.9438e+01 (epoch=260)

I 05.19/20:35:57 solver.py:151 ] => Train  Loss: 8.9839e-03

I 05.19/20:35:58 solver.py:206 ] 
=! Best NMSE: -1.9438e+01 (epoch=260)

I 05.19/20:36:00 solver.py:151 ] => Train  Loss: 8.9888e-03

I 05.19/20:36:01 solver.py:206 ] 
=! Best NMSE: -1.9438e+01 (epoch=260)

I 05.19/20:36:02 solver.py:151 ] => Train  Loss: 8.9682e-03

I 05.19/20:36:03 solver.py:206 ] 
=! Best NMSE: -1.9438e+01 (epoch=260)

I 05.19/20:36:05 solver.py:151 ] => Train  Loss: 8.9547e-03

I 05.19/20:36:05 solver.py:151 ] => Val  Loss: 8.5585e-03

I 05.19/20:36:05 solver.py:285 ] => Test NMSE: -1.9471e+01

I 05.19/20:36:07 solver.py:206 ] 
=! Best NMSE: -1.9471e+01 (epoch=270)

I 05.19/20:36:09 solver.py:151 ] => Train  Loss: 8.9475e-03

I 05.19/20:36:10 solver.py:206 ] 
=! Best NMSE: -1.9471e+01 (epoch=270)

I 05.19/20:36:11 solver.py:151 ] => Train  Loss: 8.9072e-03

I 05.19/20:36:12 solver.py:206 ] 
=! Best NMSE: -1.9471e+01 (epoch=270)

I 05.19/20:36:13 solver.py:151 ] => Train  Loss: 8.9632e-03

I 05.19/20:36:15 solver.py:206 ] 
=! Best NMSE: -1.9471e+01 (epoch=270)

I 05.19/20:36:16 solver.py:151 ] => Train  Loss: 8.9292e-03

I 05.19/20:36:17 solver.py:206 ] 
=! Best NMSE: -1.9471e+01 (epoch=270)

I 05.19/20:36:18 solver.py:151 ] => Train  Loss: 8.8952e-03

I 05.19/20:36:20 solver.py:206 ] 
=! Best NMSE: -1.9471e+01 (epoch=270)

I 05.19/20:36:21 solver.py:151 ] => Train  Loss: 8.9081e-03

I 05.19/20:36:22 solver.py:206 ] 
=! Best NMSE: -1.9471e+01 (epoch=270)

I 05.19/20:36:23 solver.py:151 ] => Train  Loss: 8.9208e-03

I 05.19/20:36:24 solver.py:206 ] 
=! Best NMSE: -1.9471e+01 (epoch=270)

I 05.19/20:36:26 solver.py:151 ] => Train  Loss: 8.9066e-03

I 05.19/20:36:27 solver.py:206 ] 
=! Best NMSE: -1.9471e+01 (epoch=270)

I 05.19/20:36:28 solver.py:151 ] => Train  Loss: 8.8959e-03

I 05.19/20:36:29 solver.py:206 ] 
=! Best NMSE: -1.9471e+01 (epoch=270)

I 05.19/20:36:31 solver.py:151 ] => Train  Loss: 8.8818e-03

I 05.19/20:36:31 solver.py:151 ] => Val  Loss: 8.4846e-03

I 05.19/20:36:31 solver.py:285 ] => Test NMSE: -1.9509e+01

I 05.19/20:36:33 solver.py:206 ] 
=! Best NMSE: -1.9509e+01 (epoch=280)

I 05.19/20:36:35 solver.py:151 ] => Train  Loss: 8.8405e-03

I 05.19/20:36:36 solver.py:206 ] 
=! Best NMSE: -1.9509e+01 (epoch=280)

I 05.19/20:36:37 solver.py:151 ] => Train  Loss: 8.9035e-03

I 05.19/20:36:38 solver.py:206 ] 
=! Best NMSE: -1.9509e+01 (epoch=280)

I 05.19/20:36:39 solver.py:151 ] => Train  Loss: 8.8535e-03

I 05.19/20:36:41 solver.py:206 ] 
=! Best NMSE: -1.9509e+01 (epoch=280)

I 05.19/20:36:42 solver.py:151 ] => Train  Loss: 8.8172e-03

I 05.19/20:36:43 solver.py:206 ] 
=! Best NMSE: -1.9509e+01 (epoch=280)

I 05.19/20:36:44 solver.py:151 ] => Train  Loss: 8.8545e-03

I 05.19/20:36:45 solver.py:206 ] 
=! Best NMSE: -1.9509e+01 (epoch=280)

I 05.19/20:36:47 solver.py:151 ] => Train  Loss: 8.8666e-03

I 05.19/20:36:48 solver.py:206 ] 
=! Best NMSE: -1.9509e+01 (epoch=280)

I 05.19/20:36:49 solver.py:151 ] => Train  Loss: 8.8244e-03

I 05.19/20:36:50 solver.py:206 ] 
=! Best NMSE: -1.9509e+01 (epoch=280)

I 05.19/20:36:52 solver.py:151 ] => Train  Loss: 8.8583e-03

I 05.19/20:36:53 solver.py:206 ] 
=! Best NMSE: -1.9509e+01 (epoch=280)

I 05.19/20:36:54 solver.py:151 ] => Train  Loss: 8.7939e-03

I 05.19/20:36:55 solver.py:206 ] 
=! Best NMSE: -1.9509e+01 (epoch=280)

I 05.19/20:36:57 solver.py:151 ] => Train  Loss: 8.8023e-03

I 05.19/20:36:57 solver.py:151 ] => Val  Loss: 8.4234e-03

I 05.19/20:36:57 solver.py:285 ] => Test NMSE: -1.9540e+01

I 05.19/20:36:59 solver.py:206 ] 
=! Best NMSE: -1.9540e+01 (epoch=290)

I 05.19/20:37:01 solver.py:151 ] => Train  Loss: 8.7889e-03

I 05.19/20:37:02 solver.py:206 ] 
=! Best NMSE: -1.9540e+01 (epoch=290)

I 05.19/20:37:03 solver.py:151 ] => Train  Loss: 8.8042e-03

I 05.19/20:37:04 solver.py:206 ] 
=! Best NMSE: -1.9540e+01 (epoch=290)

I 05.19/20:37:06 solver.py:151 ] => Train  Loss: 8.8606e-03

I 05.19/20:37:07 solver.py:206 ] 
=! Best NMSE: -1.9540e+01 (epoch=290)

I 05.19/20:37:08 solver.py:151 ] => Train  Loss: 8.7784e-03

I 05.19/20:37:09 solver.py:206 ] 
=! Best NMSE: -1.9540e+01 (epoch=290)

I 05.19/20:37:10 solver.py:151 ] => Train  Loss: 8.7731e-03

I 05.19/20:37:12 solver.py:206 ] 
=! Best NMSE: -1.9540e+01 (epoch=290)

I 05.19/20:37:13 solver.py:151 ] => Train  Loss: 8.7811e-03

I 05.19/20:37:14 solver.py:206 ] 
=! Best NMSE: -1.9540e+01 (epoch=290)

I 05.19/20:37:16 solver.py:151 ] => Train  Loss: 8.7675e-03

I 05.19/20:37:17 solver.py:206 ] 
=! Best NMSE: -1.9540e+01 (epoch=290)

I 05.19/20:37:18 solver.py:151 ] => Train  Loss: 8.7556e-03

I 05.19/20:37:19 solver.py:206 ] 
=! Best NMSE: -1.9540e+01 (epoch=290)

I 05.19/20:37:21 solver.py:151 ] => Train  Loss: 8.8015e-03

I 05.19/20:37:21 solver.py:206 ] 
=! Best NMSE: -1.9540e+01 (epoch=290)

I 05.19/20:37:23 solver.py:151 ] => Train  Loss: 8.7885e-03

I 05.19/20:37:23 solver.py:151 ] => Val  Loss: 8.3648e-03

I 05.19/20:37:23 solver.py:285 ] => Test NMSE: -1.9569e+01

I 05.19/20:37:25 solver.py:206 ] 
=! Best NMSE: -1.9569e+01 (epoch=300)

I 05.19/20:37:27 solver.py:151 ] => Train  Loss: 8.7725e-03

I 05.19/20:37:28 solver.py:206 ] 
=! Best NMSE: -1.9569e+01 (epoch=300)

I 05.19/20:37:29 solver.py:151 ] => Train  Loss: 8.7288e-03

I 05.19/20:37:30 solver.py:206 ] 
=! Best NMSE: -1.9569e+01 (epoch=300)

I 05.19/20:37:32 solver.py:151 ] => Train  Loss: 8.7878e-03

I 05.19/20:37:33 solver.py:206 ] 
=! Best NMSE: -1.9569e+01 (epoch=300)

I 05.19/20:37:34 solver.py:151 ] => Train  Loss: 8.7294e-03

I 05.19/20:37:35 solver.py:206 ] 
=! Best NMSE: -1.9569e+01 (epoch=300)

I 05.19/20:37:37 solver.py:151 ] => Train  Loss: 8.7399e-03

I 05.19/20:37:38 solver.py:206 ] 
=! Best NMSE: -1.9569e+01 (epoch=300)

I 05.19/20:37:40 solver.py:151 ] => Train  Loss: 8.7431e-03

I 05.19/20:37:41 solver.py:206 ] 
=! Best NMSE: -1.9569e+01 (epoch=300)

I 05.19/20:37:43 solver.py:151 ] => Train  Loss: 8.6663e-03

I 05.19/20:37:44 solver.py:206 ] 
=! Best NMSE: -1.9569e+01 (epoch=300)

I 05.19/20:37:45 solver.py:151 ] => Train  Loss: 8.6961e-03

I 05.19/20:37:47 solver.py:206 ] 
=! Best NMSE: -1.9569e+01 (epoch=300)

I 05.19/20:37:48 solver.py:151 ] => Train  Loss: 8.7446e-03

I 05.19/20:37:49 solver.py:206 ] 
=! Best NMSE: -1.9569e+01 (epoch=300)

I 05.19/20:37:51 solver.py:151 ] => Train  Loss: 8.6607e-03

I 05.19/20:37:51 solver.py:151 ] => Val  Loss: 8.3147e-03

I 05.19/20:37:51 solver.py:285 ] => Test NMSE: -1.9595e+01

I 05.19/20:37:54 solver.py:206 ] 
=! Best NMSE: -1.9595e+01 (epoch=310)

I 05.19/20:37:55 solver.py:151 ] => Train  Loss: 8.6939e-03

I 05.19/20:37:57 solver.py:206 ] 
=! Best NMSE: -1.9595e+01 (epoch=310)

I 05.19/20:37:58 solver.py:151 ] => Train  Loss: 8.7036e-03

I 05.19/20:37:59 solver.py:206 ] 
=! Best NMSE: -1.9595e+01 (epoch=310)

I 05.19/20:38:01 solver.py:151 ] => Train  Loss: 8.6780e-03

I 05.19/20:38:02 solver.py:206 ] 
=! Best NMSE: -1.9595e+01 (epoch=310)

I 05.19/20:38:04 solver.py:151 ] => Train  Loss: 8.6964e-03

I 05.19/20:38:05 solver.py:206 ] 
=! Best NMSE: -1.9595e+01 (epoch=310)

I 05.19/20:38:06 solver.py:151 ] => Train  Loss: 8.7205e-03

I 05.19/20:38:08 solver.py:206 ] 
=! Best NMSE: -1.9595e+01 (epoch=310)

I 05.19/20:38:09 solver.py:151 ] => Train  Loss: 8.6316e-03

I 05.19/20:38:10 solver.py:206 ] 
=! Best NMSE: -1.9595e+01 (epoch=310)

I 05.19/20:38:12 solver.py:151 ] => Train  Loss: 8.6386e-03

I 05.19/20:38:13 solver.py:206 ] 
=! Best NMSE: -1.9595e+01 (epoch=310)

I 05.19/20:38:15 solver.py:151 ] => Train  Loss: 8.6689e-03

I 05.19/20:38:16 solver.py:206 ] 
=! Best NMSE: -1.9595e+01 (epoch=310)

I 05.19/20:38:18 solver.py:151 ] => Train  Loss: 8.6386e-03

I 05.19/20:38:19 solver.py:206 ] 
=! Best NMSE: -1.9595e+01 (epoch=310)

I 05.19/20:38:21 solver.py:151 ] => Train  Loss: 8.6718e-03

I 05.19/20:38:21 solver.py:151 ] => Val  Loss: 8.2750e-03

I 05.19/20:38:21 solver.py:285 ] => Test NMSE: -1.9615e+01

I 05.19/20:38:23 solver.py:206 ] 
=! Best NMSE: -1.9615e+01 (epoch=320)

I 05.19/20:38:25 solver.py:151 ] => Train  Loss: 8.6087e-03

I 05.19/20:38:26 solver.py:206 ] 
=! Best NMSE: -1.9615e+01 (epoch=320)

I 05.19/20:38:28 solver.py:151 ] => Train  Loss: 8.6475e-03

I 05.19/20:38:29 solver.py:206 ] 
=! Best NMSE: -1.9615e+01 (epoch=320)

I 05.19/20:38:31 solver.py:151 ] => Train  Loss: 8.6223e-03

I 05.19/20:38:32 solver.py:206 ] 
=! Best NMSE: -1.9615e+01 (epoch=320)

I 05.19/20:38:33 solver.py:151 ] => Train  Loss: 8.5826e-03

I 05.19/20:38:35 solver.py:206 ] 
=! Best NMSE: -1.9615e+01 (epoch=320)

I 05.19/20:38:36 solver.py:151 ] => Train  Loss: 8.5965e-03

I 05.19/20:38:37 solver.py:206 ] 
=! Best NMSE: -1.9615e+01 (epoch=320)

I 05.19/20:38:39 solver.py:151 ] => Train  Loss: 8.6140e-03

I 05.19/20:38:40 solver.py:206 ] 
=! Best NMSE: -1.9615e+01 (epoch=320)

I 05.19/20:38:42 solver.py:151 ] => Train  Loss: 8.6289e-03

I 05.19/20:38:43 solver.py:206 ] 
=! Best NMSE: -1.9615e+01 (epoch=320)

I 05.19/20:38:45 solver.py:151 ] => Train  Loss: 8.5905e-03

I 05.19/20:38:46 solver.py:206 ] 
=! Best NMSE: -1.9615e+01 (epoch=320)

I 05.19/20:38:48 solver.py:151 ] => Train  Loss: 8.6208e-03

I 05.19/20:38:49 solver.py:206 ] 
=! Best NMSE: -1.9615e+01 (epoch=320)

I 05.19/20:38:50 solver.py:151 ] => Train  Loss: 8.6024e-03

I 05.19/20:38:51 solver.py:151 ] => Val  Loss: 8.2267e-03

I 05.19/20:38:51 solver.py:285 ] => Test NMSE: -1.9640e+01

I 05.19/20:38:53 solver.py:206 ] 
=! Best NMSE: -1.9640e+01 (epoch=330)

I 05.19/20:38:55 solver.py:151 ] => Train  Loss: 8.5542e-03

I 05.19/20:38:56 solver.py:206 ] 
=! Best NMSE: -1.9640e+01 (epoch=330)

I 05.19/20:38:58 solver.py:151 ] => Train  Loss: 8.6037e-03

I 05.19/20:38:59 solver.py:206 ] 
=! Best NMSE: -1.9640e+01 (epoch=330)

I 05.19/20:39:00 solver.py:151 ] => Train  Loss: 8.6196e-03

I 05.19/20:39:01 solver.py:206 ] 
=! Best NMSE: -1.9640e+01 (epoch=330)

I 05.19/20:39:03 solver.py:151 ] => Train  Loss: 8.6072e-03

I 05.19/20:39:04 solver.py:206 ] 
=! Best NMSE: -1.9640e+01 (epoch=330)

I 05.19/20:39:06 solver.py:151 ] => Train  Loss: 8.6305e-03

I 05.19/20:39:07 solver.py:206 ] 
=! Best NMSE: -1.9640e+01 (epoch=330)

I 05.19/20:39:09 solver.py:151 ] => Train  Loss: 8.5692e-03

I 05.19/20:39:10 solver.py:206 ] 
=! Best NMSE: -1.9640e+01 (epoch=330)

I 05.19/20:39:11 solver.py:151 ] => Train  Loss: 8.5812e-03

I 05.19/20:39:13 solver.py:206 ] 
=! Best NMSE: -1.9640e+01 (epoch=330)

I 05.19/20:39:14 solver.py:151 ] => Train  Loss: 8.5404e-03

I 05.19/20:39:15 solver.py:206 ] 
=! Best NMSE: -1.9640e+01 (epoch=330)

I 05.19/20:39:17 solver.py:151 ] => Train  Loss: 8.5399e-03

I 05.19/20:39:18 solver.py:206 ] 
=! Best NMSE: -1.9640e+01 (epoch=330)

I 05.19/20:39:20 solver.py:151 ] => Train  Loss: 8.5705e-03

I 05.19/20:39:20 solver.py:151 ] => Val  Loss: 8.1880e-03

I 05.19/20:39:20 solver.py:285 ] => Test NMSE: -1.9660e+01

I 05.19/20:39:23 solver.py:206 ] 
=! Best NMSE: -1.9660e+01 (epoch=340)

I 05.19/20:39:24 solver.py:151 ] => Train  Loss: 8.5746e-03

I 05.19/20:39:25 solver.py:206 ] 
=! Best NMSE: -1.9660e+01 (epoch=340)

I 05.19/20:39:27 solver.py:151 ] => Train  Loss: 8.5098e-03

I 05.19/20:39:28 solver.py:206 ] 
=! Best NMSE: -1.9660e+01 (epoch=340)

I 05.19/20:39:30 solver.py:151 ] => Train  Loss: 8.5366e-03

I 05.19/20:39:31 solver.py:206 ] 
=! Best NMSE: -1.9660e+01 (epoch=340)

I 05.19/20:39:33 solver.py:151 ] => Train  Loss: 8.5283e-03

I 05.19/20:39:34 solver.py:206 ] 
=! Best NMSE: -1.9660e+01 (epoch=340)

I 05.19/20:39:36 solver.py:151 ] => Train  Loss: 8.5168e-03

I 05.19/20:39:37 solver.py:206 ] 
=! Best NMSE: -1.9660e+01 (epoch=340)

I 05.19/20:39:38 solver.py:151 ] => Train  Loss: 8.5037e-03

I 05.19/20:39:40 solver.py:206 ] 
=! Best NMSE: -1.9660e+01 (epoch=340)

I 05.19/20:39:41 solver.py:151 ] => Train  Loss: 8.5044e-03

I 05.19/20:39:42 solver.py:206 ] 
=! Best NMSE: -1.9660e+01 (epoch=340)

I 05.19/20:39:44 solver.py:151 ] => Train  Loss: 8.5042e-03

I 05.19/20:39:45 solver.py:206 ] 
=! Best NMSE: -1.9660e+01 (epoch=340)

I 05.19/20:39:47 solver.py:151 ] => Train  Loss: 8.4823e-03

I 05.19/20:39:48 solver.py:206 ] 
=! Best NMSE: -1.9660e+01 (epoch=340)

I 05.19/20:39:50 solver.py:151 ] => Train  Loss: 8.4924e-03

I 05.19/20:39:50 solver.py:151 ] => Val  Loss: 8.1478e-03

I 05.19/20:39:50 solver.py:285 ] => Test NMSE: -1.9681e+01

I 05.19/20:39:52 solver.py:206 ] 
=! Best NMSE: -1.9681e+01 (epoch=350)

I 05.19/20:39:54 solver.py:151 ] => Train  Loss: 8.4876e-03

I 05.19/20:39:55 solver.py:206 ] 
=! Best NMSE: -1.9681e+01 (epoch=350)

I 05.19/20:39:57 solver.py:151 ] => Train  Loss: 8.4784e-03

I 05.19/20:39:58 solver.py:206 ] 
=! Best NMSE: -1.9681e+01 (epoch=350)

I 05.19/20:40:00 solver.py:151 ] => Train  Loss: 8.4928e-03

I 05.19/20:40:01 solver.py:206 ] 
=! Best NMSE: -1.9681e+01 (epoch=350)

I 05.19/20:40:02 solver.py:151 ] => Train  Loss: 8.5095e-03

I 05.19/20:40:04 solver.py:206 ] 
=! Best NMSE: -1.9681e+01 (epoch=350)

I 05.19/20:40:05 solver.py:151 ] => Train  Loss: 8.5032e-03

I 05.19/20:40:06 solver.py:206 ] 
=! Best NMSE: -1.9681e+01 (epoch=350)

I 05.19/20:40:08 solver.py:151 ] => Train  Loss: 8.5235e-03

I 05.19/20:40:09 solver.py:206 ] 
=! Best NMSE: -1.9681e+01 (epoch=350)

I 05.19/20:40:11 solver.py:151 ] => Train  Loss: 8.4366e-03

I 05.19/20:40:12 solver.py:206 ] 
=! Best NMSE: -1.9681e+01 (epoch=350)

I 05.19/20:40:13 solver.py:151 ] => Train  Loss: 8.4556e-03

I 05.19/20:40:15 solver.py:206 ] 
=! Best NMSE: -1.9681e+01 (epoch=350)

I 05.19/20:40:16 solver.py:151 ] => Train  Loss: 8.4412e-03

I 05.19/20:40:17 solver.py:206 ] 
=! Best NMSE: -1.9681e+01 (epoch=350)

I 05.19/20:40:19 solver.py:151 ] => Train  Loss: 8.4219e-03

I 05.19/20:40:19 solver.py:151 ] => Val  Loss: 8.1170e-03

I 05.19/20:40:19 solver.py:285 ] => Test NMSE: -1.9697e+01

I 05.19/20:40:22 solver.py:206 ] 
=! Best NMSE: -1.9697e+01 (epoch=360)

I 05.19/20:40:23 solver.py:151 ] => Train  Loss: 8.4347e-03

I 05.19/20:40:25 solver.py:206 ] 
=! Best NMSE: -1.9697e+01 (epoch=360)

I 05.19/20:40:26 solver.py:151 ] => Train  Loss: 8.4230e-03

I 05.19/20:40:27 solver.py:206 ] 
=! Best NMSE: -1.9697e+01 (epoch=360)

I 05.19/20:40:29 solver.py:151 ] => Train  Loss: 8.4820e-03

I 05.19/20:40:30 solver.py:206 ] 
=! Best NMSE: -1.9697e+01 (epoch=360)

I 05.19/20:40:32 solver.py:151 ] => Train  Loss: 8.4433e-03

I 05.19/20:40:33 solver.py:206 ] 
=! Best NMSE: -1.9697e+01 (epoch=360)

I 05.19/20:40:35 solver.py:151 ] => Train  Loss: 8.4808e-03

I 05.19/20:40:36 solver.py:206 ] 
=! Best NMSE: -1.9697e+01 (epoch=360)

I 05.19/20:40:37 solver.py:151 ] => Train  Loss: 8.4625e-03

I 05.19/20:40:39 solver.py:206 ] 
=! Best NMSE: -1.9697e+01 (epoch=360)

I 05.19/20:40:40 solver.py:151 ] => Train  Loss: 8.4098e-03

I 05.19/20:40:41 solver.py:206 ] 
=! Best NMSE: -1.9697e+01 (epoch=360)

I 05.19/20:40:43 solver.py:151 ] => Train  Loss: 8.4161e-03

I 05.19/20:40:44 solver.py:206 ] 
=! Best NMSE: -1.9697e+01 (epoch=360)

I 05.19/20:40:46 solver.py:151 ] => Train  Loss: 8.3969e-03

I 05.19/20:40:47 solver.py:206 ] 
=! Best NMSE: -1.9697e+01 (epoch=360)

I 05.19/20:40:49 solver.py:151 ] => Train  Loss: 8.4664e-03

I 05.19/20:40:49 solver.py:151 ] => Val  Loss: 8.0825e-03

I 05.19/20:40:49 solver.py:285 ] => Test NMSE: -1.9715e+01

I 05.19/20:40:51 solver.py:206 ] 
=! Best NMSE: -1.9715e+01 (epoch=370)

I 05.19/20:40:53 solver.py:151 ] => Train  Loss: 8.4416e-03

I 05.19/20:40:54 solver.py:206 ] 
=! Best NMSE: -1.9715e+01 (epoch=370)

I 05.19/20:40:56 solver.py:151 ] => Train  Loss: 8.4479e-03

I 05.19/20:40:57 solver.py:206 ] 
=! Best NMSE: -1.9715e+01 (epoch=370)

I 05.19/20:40:59 solver.py:151 ] => Train  Loss: 8.4100e-03

I 05.19/20:41:00 solver.py:206 ] 
=! Best NMSE: -1.9715e+01 (epoch=370)

I 05.19/20:41:01 solver.py:151 ] => Train  Loss: 8.4125e-03

I 05.19/20:41:03 solver.py:206 ] 
=! Best NMSE: -1.9715e+01 (epoch=370)

I 05.19/20:41:04 solver.py:151 ] => Train  Loss: 8.3934e-03

I 05.19/20:41:05 solver.py:206 ] 
=! Best NMSE: -1.9715e+01 (epoch=370)

I 05.19/20:41:07 solver.py:151 ] => Train  Loss: 8.3888e-03

I 05.19/20:41:08 solver.py:206 ] 
=! Best NMSE: -1.9715e+01 (epoch=370)

I 05.19/20:41:10 solver.py:151 ] => Train  Loss: 8.4009e-03

I 05.19/20:41:11 solver.py:206 ] 
=! Best NMSE: -1.9715e+01 (epoch=370)

I 05.19/20:41:13 solver.py:151 ] => Train  Loss: 8.3892e-03

I 05.19/20:41:14 solver.py:206 ] 
=! Best NMSE: -1.9715e+01 (epoch=370)

I 05.19/20:41:15 solver.py:151 ] => Train  Loss: 8.4156e-03

I 05.19/20:41:17 solver.py:206 ] 
=! Best NMSE: -1.9715e+01 (epoch=370)

I 05.19/20:41:18 solver.py:151 ] => Train  Loss: 8.3837e-03

I 05.19/20:41:18 solver.py:151 ] => Val  Loss: 8.0566e-03

I 05.19/20:41:19 solver.py:285 ] => Test NMSE: -1.9729e+01

I 05.19/20:41:21 solver.py:206 ] 
=! Best NMSE: -1.9729e+01 (epoch=380)

I 05.19/20:41:23 solver.py:151 ] => Train  Loss: 8.3476e-03

I 05.19/20:41:24 solver.py:206 ] 
=! Best NMSE: -1.9729e+01 (epoch=380)

I 05.19/20:41:25 solver.py:151 ] => Train  Loss: 8.3936e-03

I 05.19/20:41:26 solver.py:206 ] 
=! Best NMSE: -1.9729e+01 (epoch=380)

I 05.19/20:41:28 solver.py:151 ] => Train  Loss: 8.3884e-03

I 05.19/20:41:29 solver.py:206 ] 
=! Best NMSE: -1.9729e+01 (epoch=380)

I 05.19/20:41:31 solver.py:151 ] => Train  Loss: 8.3556e-03

I 05.19/20:41:32 solver.py:206 ] 
=! Best NMSE: -1.9729e+01 (epoch=380)

I 05.19/20:41:34 solver.py:151 ] => Train  Loss: 8.3254e-03

I 05.19/20:41:35 solver.py:206 ] 
=! Best NMSE: -1.9729e+01 (epoch=380)

I 05.19/20:41:37 solver.py:151 ] => Train  Loss: 8.3506e-03

I 05.19/20:41:38 solver.py:206 ] 
=! Best NMSE: -1.9729e+01 (epoch=380)

I 05.19/20:41:39 solver.py:151 ] => Train  Loss: 8.3617e-03

I 05.19/20:41:41 solver.py:206 ] 
=! Best NMSE: -1.9729e+01 (epoch=380)

I 05.19/20:41:42 solver.py:151 ] => Train  Loss: 8.4189e-03

I 05.19/20:41:43 solver.py:206 ] 
=! Best NMSE: -1.9729e+01 (epoch=380)

I 05.19/20:41:45 solver.py:151 ] => Train  Loss: 8.3617e-03

I 05.19/20:41:46 solver.py:206 ] 
=! Best NMSE: -1.9729e+01 (epoch=380)

I 05.19/20:41:48 solver.py:151 ] => Train  Loss: 8.3464e-03

I 05.19/20:41:48 solver.py:151 ] => Val  Loss: 8.0327e-03

I 05.19/20:41:48 solver.py:285 ] => Test NMSE: -1.9741e+01

I 05.19/20:41:51 solver.py:206 ] 
=! Best NMSE: -1.9741e+01 (epoch=390)

I 05.19/20:41:52 solver.py:151 ] => Train  Loss: 8.3478e-03

I 05.19/20:41:53 solver.py:206 ] 
=! Best NMSE: -1.9741e+01 (epoch=390)

I 05.19/20:41:55 solver.py:151 ] => Train  Loss: 8.3745e-03

I 05.19/20:41:56 solver.py:206 ] 
=! Best NMSE: -1.9741e+01 (epoch=390)

I 05.19/20:41:58 solver.py:151 ] => Train  Loss: 8.3054e-03

I 05.19/20:41:59 solver.py:206 ] 
=! Best NMSE: -1.9741e+01 (epoch=390)

I 05.19/20:42:01 solver.py:151 ] => Train  Loss: 8.3298e-03

I 05.19/20:42:02 solver.py:206 ] 
=! Best NMSE: -1.9741e+01 (epoch=390)

I 05.19/20:42:03 solver.py:151 ] => Train  Loss: 8.3143e-03

I 05.19/20:42:04 solver.py:206 ] 
=! Best NMSE: -1.9741e+01 (epoch=390)

I 05.19/20:42:06 solver.py:151 ] => Train  Loss: 8.3181e-03

I 05.19/20:42:07 solver.py:206 ] 
=! Best NMSE: -1.9741e+01 (epoch=390)

I 05.19/20:42:09 solver.py:151 ] => Train  Loss: 8.3393e-03

I 05.19/20:42:10 solver.py:206 ] 
=! Best NMSE: -1.9741e+01 (epoch=390)

I 05.19/20:42:11 solver.py:151 ] => Train  Loss: 8.3195e-03

I 05.19/20:42:12 solver.py:206 ] 
=! Best NMSE: -1.9741e+01 (epoch=390)

I 05.19/20:42:13 solver.py:151 ] => Train  Loss: 8.3233e-03

I 05.19/20:42:15 solver.py:206 ] 
=! Best NMSE: -1.9741e+01 (epoch=390)

I 05.19/20:42:16 solver.py:151 ] => Train  Loss: 8.3105e-03

I 05.19/20:42:16 solver.py:151 ] => Val  Loss: 8.0050e-03

I 05.19/20:42:16 solver.py:285 ] => Test NMSE: -1.9756e+01

I 05.19/20:42:18 solver.py:206 ] 
=! Best NMSE: -1.9756e+01 (epoch=400)

I 05.19/20:42:19 solver.py:229 ] => Saved encoder outputs to /storage/hujiacong/zxd/Huawei/TransNet/exps/exp1/encoder_output.pth
I 05.19/20:42:19 solver.py:285 ] => Test NMSE: -1.9756e+01

I 05.19/20:42:19 solver.py:254 ] 
=> Test result: 
loss: 8.0050e-03    NMSE: -1.9756e+01

I 05.19/20:42:19 main.py:87  ] 
=! Final test loss: 8.0050e-03
         test NMSE: -1.9756e+01

