I 05.20/15:48:16 main.py:23  ] => Experiment directory: /storage/hujiacong/zxd/Huawei/TransNet/exps/01878_seed3447_400ep
I 05.20/15:48:16 main.py:24  ] => PyTorch Version: 2.5.1
I 05.20/15:48:16 init.py:13  ] Random seed set to 3447
I 05.20/15:48:17 init.py:38  ] Running on GPU 0
I 05.20/15:48:18 init.py:69  ] => Model Name: TransNet [pretrained: None]
I 05.20/15:48:18 init.py:70  ] => Model Config: compression ratio=1/4; input shape=(2, 64, 64); input dim=8192
I 05.20/15:48:18 init.py:73  ] => Model Flops: 168.133M
I 05.20/15:48:18 init.py:74  ] => Model Params Num: 34.094M

I 05.20/15:48:18 init.py:75  ] 
**********
Transformer(
  (encoder): TransformerEncoder(
    (layer): TransformerEncoderLayer(
      (self_attn): MultiheadAttention(
        (out_proj): Linear(in_features=64, out_features=64, bias=True)
      )
      (linear1): Linear(in_features=64, out_features=2048, bias=True)
      (dropout): Dropout(p=0.0, inplace=False)
      (linear2): Linear(in_features=2048, out_features=64, bias=True)
      (norm1): LayerNorm((64,), eps=1e-05, elementwise_affine=True)
      (norm2): LayerNorm((64,), eps=1e-05, elementwise_affine=True)
      (dropout1): Dropout(p=0.0, inplace=False)
      (dropout2): Dropout(p=0.0, inplace=False)
    )
  )
  (decoder): TransformerDecoder(
    (layer): TransformerDecoderLayer(
      (self_attn): MultiheadAttention(
        (out_proj): Linear(in_features=64, out_features=64, bias=True)
      )
      (multihead_attn): MultiheadAttention(
        (out_proj): Linear(in_features=64, out_features=64, bias=True)
      )
      (linear1): Linear(in_features=64, out_features=2048, bias=True)
      (dropout): Dropout(p=0.0, inplace=False)
      (linear2): Linear(in_features=2048, out_features=64, bias=True)
      (norm1): LayerNorm((64,), eps=1e-05, elementwise_affine=True)
      (norm2): LayerNorm((64,), eps=1e-05, elementwise_affine=True)
      (norm3): LayerNorm((64,), eps=1e-05, elementwise_affine=True)
      (dropout1): Dropout(p=0.0, inplace=False)
      (dropout2): Dropout(p=0.0, inplace=False)
      (dropout3): Dropout(p=0.0, inplace=False)
    )
    (norm): LayerNorm((64,), eps=1e-05, elementwise_affine=True)
  )
  (fc_encoder): Linear(in_features=8192, out_features=2048, bias=True)
  (fc_decoder): Linear(in_features=2048, out_features=8192, bias=True)
)
**********

I 05.20/15:48:21 solver.py:151 ] => Train  Loss: 1.4983e+00

I 05.20/15:48:23 solver.py:151 ] => Train  Loss: 1.4833e+00

I 05.20/15:48:25 solver.py:151 ] => Train  Loss: 1.4493e+00

I 05.20/15:48:28 solver.py:151 ] => Train  Loss: 1.3931e+00

I 05.20/15:48:30 solver.py:151 ] => Train  Loss: 1.3156e+00

I 05.20/15:48:32 solver.py:151 ] => Train  Loss: 1.2217e+00

I 05.20/15:48:35 solver.py:151 ] => Train  Loss: 1.1185e+00

I 05.20/15:48:39 solver.py:151 ] => Train  Loss: 1.0122e+00

I 05.20/15:48:44 solver.py:151 ] => Train  Loss: 9.1131e-01

I 05.20/15:48:47 solver.py:151 ] => Train  Loss: 8.1564e-01

I 05.20/15:48:47 solver.py:151 ] => Val  Loss: 7.8495e-01

I 05.20/15:48:48 solver.py:285 ] => Test NMSE: 9.7349e-02

I 05.20/15:48:50 solver.py:206 ] 
=! Best NMSE: 9.7349e-02 (epoch=10)

I 05.20/15:48:51 solver.py:151 ] => Train  Loss: 7.2978e-01

I 05.20/15:48:52 solver.py:206 ] 
=! Best NMSE: 9.7349e-02 (epoch=10)

I 05.20/15:48:54 solver.py:151 ] => Train  Loss: 6.5280e-01

I 05.20/15:48:55 solver.py:206 ] 
=! Best NMSE: 9.7349e-02 (epoch=10)

I 05.20/15:48:56 solver.py:151 ] => Train  Loss: 5.8425e-01

I 05.20/15:48:57 solver.py:206 ] 
=! Best NMSE: 9.7349e-02 (epoch=10)

I 05.20/15:48:58 solver.py:151 ] => Train  Loss: 5.2420e-01

I 05.20/15:49:00 solver.py:206 ] 
=! Best NMSE: 9.7349e-02 (epoch=10)

I 05.20/15:49:02 solver.py:151 ] => Train  Loss: 4.7170e-01

I 05.20/15:49:04 solver.py:206 ] 
=! Best NMSE: 9.7349e-02 (epoch=10)

I 05.20/15:49:06 solver.py:151 ] => Train  Loss: 4.2496e-01

I 05.20/15:49:07 solver.py:206 ] 
=! Best NMSE: 9.7349e-02 (epoch=10)

I 05.20/15:49:09 solver.py:151 ] => Train  Loss: 3.8446e-01

I 05.20/15:49:11 solver.py:206 ] 
=! Best NMSE: 9.7349e-02 (epoch=10)

I 05.20/15:49:12 solver.py:151 ] => Train  Loss: 3.4870e-01

I 05.20/15:49:13 solver.py:206 ] 
=! Best NMSE: 9.7349e-02 (epoch=10)

I 05.20/15:49:14 solver.py:151 ] => Train  Loss: 3.1743e-01

I 05.20/15:49:16 solver.py:206 ] 
=! Best NMSE: 9.7349e-02 (epoch=10)

I 05.20/15:49:18 solver.py:151 ] => Train  Loss: 2.9046e-01

I 05.20/15:49:18 solver.py:151 ] => Val  Loss: 2.9156e-01

I 05.20/15:49:18 solver.py:285 ] => Test NMSE: -4.3034e+00

I 05.20/15:49:21 solver.py:206 ] 
=! Best NMSE: -4.3034e+00 (epoch=20)

I 05.20/15:49:23 solver.py:151 ] => Train  Loss: 2.6746e-01

I 05.20/15:49:24 solver.py:206 ] 
=! Best NMSE: -4.3034e+00 (epoch=20)

I 05.20/15:49:25 solver.py:151 ] => Train  Loss: 2.4797e-01

I 05.20/15:49:27 solver.py:206 ] 
=! Best NMSE: -4.3034e+00 (epoch=20)

I 05.20/15:49:28 solver.py:151 ] => Train  Loss: 2.3143e-01

I 05.20/15:49:29 solver.py:206 ] 
=! Best NMSE: -4.3034e+00 (epoch=20)

I 05.20/15:49:32 solver.py:151 ] => Train  Loss: 2.1728e-01

I 05.20/15:49:34 solver.py:206 ] 
=! Best NMSE: -4.3034e+00 (epoch=20)

I 05.20/15:49:36 solver.py:151 ] => Train  Loss: 2.0525e-01

I 05.20/15:49:38 solver.py:206 ] 
=! Best NMSE: -4.3034e+00 (epoch=20)

I 05.20/15:49:40 solver.py:151 ] => Train  Loss: 1.9500e-01

I 05.20/15:49:41 solver.py:206 ] 
=! Best NMSE: -4.3034e+00 (epoch=20)

I 05.20/15:49:42 solver.py:151 ] => Train  Loss: 1.8582e-01

I 05.20/15:49:43 solver.py:206 ] 
=! Best NMSE: -4.3034e+00 (epoch=20)

I 05.20/15:49:44 solver.py:151 ] => Train  Loss: 1.7815e-01

I 05.20/15:49:46 solver.py:206 ] 
=! Best NMSE: -4.3034e+00 (epoch=20)

I 05.20/15:49:48 solver.py:151 ] => Train  Loss: 1.7169e-01

I 05.20/15:49:49 solver.py:206 ] 
=! Best NMSE: -4.3034e+00 (epoch=20)

I 05.20/15:49:51 solver.py:151 ] => Train  Loss: 1.6540e-01

I 05.20/15:49:52 solver.py:151 ] => Val  Loss: 1.7462e-01

I 05.20/15:49:52 solver.py:285 ] => Test NMSE: -6.5394e+00

I 05.20/15:49:55 solver.py:206 ] 
=! Best NMSE: -6.5394e+00 (epoch=30)

I 05.20/15:49:57 solver.py:151 ] => Train  Loss: 1.6023e-01

I 05.20/15:49:58 solver.py:206 ] 
=! Best NMSE: -6.5394e+00 (epoch=30)

I 05.20/15:50:00 solver.py:151 ] => Train  Loss: 1.5533e-01

I 05.20/15:50:01 solver.py:206 ] 
=! Best NMSE: -6.5394e+00 (epoch=30)

I 05.20/15:50:03 solver.py:151 ] => Train  Loss: 1.5155e-01

I 05.20/15:50:05 solver.py:206 ] 
=! Best NMSE: -6.5394e+00 (epoch=30)

I 05.20/15:50:06 solver.py:151 ] => Train  Loss: 1.4752e-01

I 05.20/15:50:08 solver.py:206 ] 
=! Best NMSE: -6.5394e+00 (epoch=30)

I 05.20/15:50:10 solver.py:151 ] => Train  Loss: 1.4398e-01

I 05.20/15:50:11 solver.py:206 ] 
=! Best NMSE: -6.5394e+00 (epoch=30)

I 05.20/15:50:12 solver.py:151 ] => Train  Loss: 1.4083e-01

I 05.20/15:50:14 solver.py:206 ] 
=! Best NMSE: -6.5394e+00 (epoch=30)

I 05.20/15:50:15 solver.py:151 ] => Train  Loss: 1.3762e-01

I 05.20/15:50:16 solver.py:206 ] 
=! Best NMSE: -6.5394e+00 (epoch=30)

I 05.20/15:50:18 solver.py:151 ] => Train  Loss: 1.3474e-01

I 05.20/15:50:20 solver.py:206 ] 
=! Best NMSE: -6.5394e+00 (epoch=30)

I 05.20/15:50:22 solver.py:151 ] => Train  Loss: 1.3215e-01

I 05.20/15:50:24 solver.py:206 ] 
=! Best NMSE: -6.5394e+00 (epoch=30)

I 05.20/15:50:26 solver.py:151 ] => Train  Loss: 1.2943e-01

I 05.20/15:50:26 solver.py:151 ] => Val  Loss: 1.3890e-01

I 05.20/15:50:27 solver.py:285 ] => Test NMSE: -7.5198e+00

I 05.20/15:50:30 solver.py:206 ] 
=! Best NMSE: -7.5198e+00 (epoch=40)

I 05.20/15:50:32 solver.py:151 ] => Train  Loss: 1.2672e-01

I 05.20/15:50:34 solver.py:206 ] 
=! Best NMSE: -7.5198e+00 (epoch=40)

I 05.20/15:50:37 solver.py:151 ] => Train  Loss: 1.2432e-01

I 05.20/15:50:38 solver.py:206 ] 
=! Best NMSE: -7.5198e+00 (epoch=40)

I 05.20/15:50:41 solver.py:151 ] => Train  Loss: 1.2193e-01

I 05.20/15:50:42 solver.py:206 ] 
=! Best NMSE: -7.5198e+00 (epoch=40)

I 05.20/15:50:43 solver.py:151 ] => Train  Loss: 1.1977e-01

I 05.20/15:50:44 solver.py:206 ] 
=! Best NMSE: -7.5198e+00 (epoch=40)

I 05.20/15:50:46 solver.py:151 ] => Train  Loss: 1.1770e-01

I 05.20/15:50:48 solver.py:206 ] 
=! Best NMSE: -7.5198e+00 (epoch=40)

I 05.20/15:50:50 solver.py:151 ] => Train  Loss: 1.1591e-01

I 05.20/15:50:52 solver.py:206 ] 
=! Best NMSE: -7.5198e+00 (epoch=40)

I 05.20/15:50:54 solver.py:151 ] => Train  Loss: 1.1396e-01

I 05.20/15:50:56 solver.py:206 ] 
=! Best NMSE: -7.5198e+00 (epoch=40)

I 05.20/15:50:58 solver.py:151 ] => Train  Loss: 1.1230e-01

I 05.20/15:50:59 solver.py:206 ] 
=! Best NMSE: -7.5198e+00 (epoch=40)

I 05.20/15:51:00 solver.py:151 ] => Train  Loss: 1.1074e-01

I 05.20/15:51:01 solver.py:206 ] 
=! Best NMSE: -7.5198e+00 (epoch=40)

I 05.20/15:51:03 solver.py:151 ] => Train  Loss: 1.0927e-01

I 05.20/15:51:03 solver.py:151 ] => Val  Loss: 1.1811e-01

I 05.20/15:51:04 solver.py:285 ] => Test NMSE: -8.1964e+00

I 05.20/15:51:06 solver.py:206 ] 
=! Best NMSE: -8.1964e+00 (epoch=50)

I 05.20/15:51:07 solver.py:151 ] => Train  Loss: 1.0783e-01

I 05.20/15:51:08 solver.py:206 ] 
=! Best NMSE: -8.1964e+00 (epoch=50)

I 05.20/15:51:11 solver.py:151 ] => Train  Loss: 1.0634e-01

I 05.20/15:51:13 solver.py:206 ] 
=! Best NMSE: -8.1964e+00 (epoch=50)

I 05.20/15:51:15 solver.py:151 ] => Train  Loss: 1.0506e-01

I 05.20/15:51:17 solver.py:206 ] 
=! Best NMSE: -8.1964e+00 (epoch=50)

I 05.20/15:51:19 solver.py:151 ] => Train  Loss: 1.0387e-01

I 05.20/15:51:21 solver.py:206 ] 
=! Best NMSE: -8.1964e+00 (epoch=50)

I 05.20/15:51:23 solver.py:151 ] => Train  Loss: 1.0255e-01

I 05.20/15:51:24 solver.py:206 ] 
=! Best NMSE: -8.1964e+00 (epoch=50)

I 05.20/15:51:26 solver.py:151 ] => Train  Loss: 1.0140e-01

I 05.20/15:51:27 solver.py:206 ] 
=! Best NMSE: -8.1964e+00 (epoch=50)

I 05.20/15:51:29 solver.py:151 ] => Train  Loss: 1.0024e-01

I 05.20/15:51:31 solver.py:206 ] 
=! Best NMSE: -8.1964e+00 (epoch=50)

I 05.20/15:51:33 solver.py:151 ] => Train  Loss: 9.9177e-02

I 05.20/15:51:34 solver.py:206 ] 
=! Best NMSE: -8.1964e+00 (epoch=50)

I 05.20/15:51:37 solver.py:151 ] => Train  Loss: 9.8123e-02

I 05.20/15:51:38 solver.py:206 ] 
=! Best NMSE: -8.1964e+00 (epoch=50)

I 05.20/15:51:40 solver.py:151 ] => Train  Loss: 9.6994e-02

I 05.20/15:51:40 solver.py:151 ] => Val  Loss: 1.0486e-01

I 05.20/15:51:40 solver.py:285 ] => Test NMSE: -8.7086e+00

I 05.20/15:51:43 solver.py:206 ] 
=! Best NMSE: -8.7086e+00 (epoch=60)

I 05.20/15:51:45 solver.py:151 ] => Train  Loss: 9.6063e-02

I 05.20/15:51:46 solver.py:206 ] 
=! Best NMSE: -8.7086e+00 (epoch=60)

I 05.20/15:51:47 solver.py:151 ] => Train  Loss: 9.5005e-02

I 05.20/15:51:48 solver.py:206 ] 
=! Best NMSE: -8.7086e+00 (epoch=60)

I 05.20/15:51:49 solver.py:151 ] => Train  Loss: 9.4070e-02

I 05.20/15:51:51 solver.py:206 ] 
=! Best NMSE: -8.7086e+00 (epoch=60)

I 05.20/15:51:52 solver.py:151 ] => Train  Loss: 9.3114e-02

I 05.20/15:51:54 solver.py:206 ] 
=! Best NMSE: -8.7086e+00 (epoch=60)

I 05.20/15:51:55 solver.py:151 ] => Train  Loss: 9.2211e-02

I 05.20/15:51:57 solver.py:206 ] 
=! Best NMSE: -8.7086e+00 (epoch=60)

I 05.20/15:51:59 solver.py:151 ] => Train  Loss: 9.1361e-02

I 05.20/15:52:00 solver.py:206 ] 
=! Best NMSE: -8.7086e+00 (epoch=60)

I 05.20/15:52:02 solver.py:151 ] => Train  Loss: 9.0483e-02

I 05.20/15:52:04 solver.py:206 ] 
=! Best NMSE: -8.7086e+00 (epoch=60)

I 05.20/15:52:05 solver.py:151 ] => Train  Loss: 8.9536e-02

I 05.20/15:52:07 solver.py:206 ] 
=! Best NMSE: -8.7086e+00 (epoch=60)

I 05.20/15:52:09 solver.py:151 ] => Train  Loss: 8.8744e-02

I 05.20/15:52:10 solver.py:206 ] 
=! Best NMSE: -8.7086e+00 (epoch=60)

I 05.20/15:52:12 solver.py:151 ] => Train  Loss: 8.7844e-02

I 05.20/15:52:13 solver.py:151 ] => Val  Loss: 9.4955e-02

I 05.20/15:52:13 solver.py:285 ] => Test NMSE: -9.1447e+00

I 05.20/15:52:16 solver.py:206 ] 
=! Best NMSE: -9.1447e+00 (epoch=70)

I 05.20/15:52:18 solver.py:151 ] => Train  Loss: 8.7050e-02

I 05.20/15:52:19 solver.py:206 ] 
=! Best NMSE: -9.1447e+00 (epoch=70)

I 05.20/15:52:20 solver.py:151 ] => Train  Loss: 8.6366e-02

I 05.20/15:52:21 solver.py:206 ] 
=! Best NMSE: -9.1447e+00 (epoch=70)

I 05.20/15:52:23 solver.py:151 ] => Train  Loss: 8.5626e-02

I 05.20/15:52:24 solver.py:206 ] 
=! Best NMSE: -9.1447e+00 (epoch=70)

I 05.20/15:52:27 solver.py:151 ] => Train  Loss: 8.4790e-02

I 05.20/15:52:29 solver.py:206 ] 
=! Best NMSE: -9.1447e+00 (epoch=70)

I 05.20/15:52:31 solver.py:151 ] => Train  Loss: 8.4084e-02

I 05.20/15:52:32 solver.py:206 ] 
=! Best NMSE: -9.1447e+00 (epoch=70)

I 05.20/15:52:33 solver.py:151 ] => Train  Loss: 8.3276e-02

I 05.20/15:52:35 solver.py:206 ] 
=! Best NMSE: -9.1447e+00 (epoch=70)

I 05.20/15:52:37 solver.py:151 ] => Train  Loss: 8.2570e-02

I 05.20/15:52:39 solver.py:206 ] 
=! Best NMSE: -9.1447e+00 (epoch=70)

I 05.20/15:52:40 solver.py:151 ] => Train  Loss: 8.1819e-02

I 05.20/15:52:42 solver.py:206 ] 
=! Best NMSE: -9.1447e+00 (epoch=70)

I 05.20/15:52:43 solver.py:151 ] => Train  Loss: 8.1052e-02

I 05.20/15:52:45 solver.py:206 ] 
=! Best NMSE: -9.1447e+00 (epoch=70)

I 05.20/15:52:46 solver.py:151 ] => Train  Loss: 8.0356e-02

I 05.20/15:52:46 solver.py:151 ] => Val  Loss: 8.6809e-02

I 05.20/15:52:47 solver.py:285 ] => Test NMSE: -9.5415e+00

I 05.20/15:52:50 solver.py:206 ] 
=! Best NMSE: -9.5415e+00 (epoch=80)

I 05.20/15:52:52 solver.py:151 ] => Train  Loss: 7.9677e-02

I 05.20/15:52:53 solver.py:206 ] 
=! Best NMSE: -9.5415e+00 (epoch=80)

I 05.20/15:52:54 solver.py:151 ] => Train  Loss: 7.9079e-02

I 05.20/15:52:56 solver.py:206 ] 
=! Best NMSE: -9.5415e+00 (epoch=80)

I 05.20/15:52:57 solver.py:151 ] => Train  Loss: 7.8332e-02

I 05.20/15:52:58 solver.py:206 ] 
=! Best NMSE: -9.5415e+00 (epoch=80)

I 05.20/15:53:00 solver.py:151 ] => Train  Loss: 7.7686e-02

I 05.20/15:53:02 solver.py:206 ] 
=! Best NMSE: -9.5415e+00 (epoch=80)

I 05.20/15:53:03 solver.py:151 ] => Train  Loss: 7.7103e-02

I 05.20/15:53:05 solver.py:206 ] 
=! Best NMSE: -9.5415e+00 (epoch=80)

I 05.20/15:53:07 solver.py:151 ] => Train  Loss: 7.6358e-02

I 05.20/15:53:09 solver.py:206 ] 
=! Best NMSE: -9.5415e+00 (epoch=80)

I 05.20/15:53:10 solver.py:151 ] => Train  Loss: 7.5819e-02

I 05.20/15:53:11 solver.py:206 ] 
=! Best NMSE: -9.5415e+00 (epoch=80)

I 05.20/15:53:13 solver.py:151 ] => Train  Loss: 7.5154e-02

I 05.20/15:53:14 solver.py:206 ] 
=! Best NMSE: -9.5415e+00 (epoch=80)

I 05.20/15:53:16 solver.py:151 ] => Train  Loss: 7.4506e-02

I 05.20/15:53:17 solver.py:206 ] 
=! Best NMSE: -9.5415e+00 (epoch=80)

I 05.20/15:53:18 solver.py:151 ] => Train  Loss: 7.3918e-02

I 05.20/15:53:18 solver.py:151 ] => Val  Loss: 7.9824e-02

I 05.20/15:53:19 solver.py:285 ] => Test NMSE: -9.9158e+00

I 05.20/15:53:21 solver.py:206 ] 
=! Best NMSE: -9.9158e+00 (epoch=90)

I 05.20/15:53:23 solver.py:151 ] => Train  Loss: 7.3269e-02

I 05.20/15:53:25 solver.py:206 ] 
=! Best NMSE: -9.9158e+00 (epoch=90)

I 05.20/15:53:27 solver.py:151 ] => Train  Loss: 7.2700e-02

I 05.20/15:53:28 solver.py:206 ] 
=! Best NMSE: -9.9158e+00 (epoch=90)

I 05.20/15:53:29 solver.py:151 ] => Train  Loss: 7.2052e-02

I 05.20/15:53:31 solver.py:206 ] 
=! Best NMSE: -9.9158e+00 (epoch=90)

I 05.20/15:53:32 solver.py:151 ] => Train  Loss: 7.1568e-02

I 05.20/15:53:34 solver.py:206 ] 
=! Best NMSE: -9.9158e+00 (epoch=90)

I 05.20/15:53:36 solver.py:151 ] => Train  Loss: 7.0929e-02

I 05.20/15:53:38 solver.py:206 ] 
=! Best NMSE: -9.9158e+00 (epoch=90)

I 05.20/15:53:40 solver.py:151 ] => Train  Loss: 7.0354e-02

I 05.20/15:53:41 solver.py:206 ] 
=! Best NMSE: -9.9158e+00 (epoch=90)

I 05.20/15:53:43 solver.py:151 ] => Train  Loss: 6.9724e-02

I 05.20/15:53:44 solver.py:206 ] 
=! Best NMSE: -9.9158e+00 (epoch=90)

I 05.20/15:53:45 solver.py:151 ] => Train  Loss: 6.9211e-02

I 05.20/15:53:47 solver.py:206 ] 
=! Best NMSE: -9.9158e+00 (epoch=90)

I 05.20/15:53:49 solver.py:151 ] => Train  Loss: 6.8639e-02

I 05.20/15:53:50 solver.py:206 ] 
=! Best NMSE: -9.9158e+00 (epoch=90)

I 05.20/15:53:53 solver.py:151 ] => Train  Loss: 6.8127e-02

I 05.20/15:53:53 solver.py:151 ] => Val  Loss: 7.3629e-02

I 05.20/15:53:53 solver.py:285 ] => Test NMSE: -1.0275e+01

I 05.20/15:53:56 solver.py:206 ] 
=! Best NMSE: -1.0275e+01 (epoch=100)

I 05.20/15:53:59 solver.py:151 ] => Train  Loss: 6.7531e-02

I 05.20/15:54:00 solver.py:206 ] 
=! Best NMSE: -1.0275e+01 (epoch=100)

I 05.20/15:54:02 solver.py:151 ] => Train  Loss: 6.7068e-02

I 05.20/15:54:04 solver.py:206 ] 
=! Best NMSE: -1.0275e+01 (epoch=100)

I 05.20/15:54:06 solver.py:151 ] => Train  Loss: 6.6452e-02

I 05.20/15:54:07 solver.py:206 ] 
=! Best NMSE: -1.0275e+01 (epoch=100)

I 05.20/15:54:09 solver.py:151 ] => Train  Loss: 6.5937e-02

I 05.20/15:54:10 solver.py:206 ] 
=! Best NMSE: -1.0275e+01 (epoch=100)

I 05.20/15:54:11 solver.py:151 ] => Train  Loss: 6.5356e-02

I 05.20/15:54:12 solver.py:206 ] 
=! Best NMSE: -1.0275e+01 (epoch=100)

I 05.20/15:54:14 solver.py:151 ] => Train  Loss: 6.4903e-02

I 05.20/15:54:15 solver.py:206 ] 
=! Best NMSE: -1.0275e+01 (epoch=100)

I 05.20/15:54:17 solver.py:151 ] => Train  Loss: 6.4375e-02

I 05.20/15:54:19 solver.py:206 ] 
=! Best NMSE: -1.0275e+01 (epoch=100)

I 05.20/15:54:22 solver.py:151 ] => Train  Loss: 6.3870e-02

I 05.20/15:54:23 solver.py:206 ] 
=! Best NMSE: -1.0275e+01 (epoch=100)

I 05.20/15:54:25 solver.py:151 ] => Train  Loss: 6.3385e-02

I 05.20/15:54:26 solver.py:206 ] 
=! Best NMSE: -1.0275e+01 (epoch=100)

I 05.20/15:54:28 solver.py:151 ] => Train  Loss: 6.2874e-02

I 05.20/15:54:28 solver.py:151 ] => Val  Loss: 6.8040e-02

I 05.20/15:54:29 solver.py:285 ] => Test NMSE: -1.0631e+01

I 05.20/15:54:31 solver.py:206 ] 
=! Best NMSE: -1.0631e+01 (epoch=110)

I 05.20/15:54:34 solver.py:151 ] => Train  Loss: 6.2375e-02

I 05.20/15:54:35 solver.py:206 ] 
=! Best NMSE: -1.0631e+01 (epoch=110)

I 05.20/15:54:38 solver.py:151 ] => Train  Loss: 6.1871e-02

I 05.20/15:54:40 solver.py:206 ] 
=! Best NMSE: -1.0631e+01 (epoch=110)

I 05.20/15:54:42 solver.py:151 ] => Train  Loss: 6.1404e-02

I 05.20/15:54:43 solver.py:206 ] 
=! Best NMSE: -1.0631e+01 (epoch=110)

I 05.20/15:54:46 solver.py:151 ] => Train  Loss: 6.1021e-02

I 05.20/15:54:47 solver.py:206 ] 
=! Best NMSE: -1.0631e+01 (epoch=110)

I 05.20/15:54:49 solver.py:151 ] => Train  Loss: 6.0500e-02

I 05.20/15:54:51 solver.py:206 ] 
=! Best NMSE: -1.0631e+01 (epoch=110)

I 05.20/15:54:53 solver.py:151 ] => Train  Loss: 5.9929e-02

I 05.20/15:54:54 solver.py:206 ] 
=! Best NMSE: -1.0631e+01 (epoch=110)

I 05.20/15:54:55 solver.py:151 ] => Train  Loss: 5.9552e-02

I 05.20/15:54:57 solver.py:206 ] 
=! Best NMSE: -1.0631e+01 (epoch=110)

I 05.20/15:54:58 solver.py:151 ] => Train  Loss: 5.9015e-02

I 05.20/15:55:00 solver.py:206 ] 
=! Best NMSE: -1.0631e+01 (epoch=110)

I 05.20/15:55:01 solver.py:151 ] => Train  Loss: 5.8581e-02

I 05.20/15:55:02 solver.py:206 ] 
=! Best NMSE: -1.0631e+01 (epoch=110)

I 05.20/15:55:04 solver.py:151 ] => Train  Loss: 5.8078e-02

I 05.20/15:55:04 solver.py:151 ] => Val  Loss: 6.3003e-02

I 05.20/15:55:05 solver.py:285 ] => Test NMSE: -1.0975e+01

I 05.20/15:55:08 solver.py:206 ] 
=! Best NMSE: -1.0975e+01 (epoch=120)

I 05.20/15:55:10 solver.py:151 ] => Train  Loss: 5.7660e-02

I 05.20/15:55:12 solver.py:206 ] 
=! Best NMSE: -1.0975e+01 (epoch=120)

I 05.20/15:55:14 solver.py:151 ] => Train  Loss: 5.7201e-02

I 05.20/15:55:15 solver.py:206 ] 
=! Best NMSE: -1.0975e+01 (epoch=120)

I 05.20/15:55:17 solver.py:151 ] => Train  Loss: 5.6792e-02

I 05.20/15:55:18 solver.py:206 ] 
=! Best NMSE: -1.0975e+01 (epoch=120)

I 05.20/15:55:19 solver.py:151 ] => Train  Loss: 5.6359e-02

I 05.20/15:55:21 solver.py:206 ] 
=! Best NMSE: -1.0975e+01 (epoch=120)

I 05.20/15:55:22 solver.py:151 ] => Train  Loss: 5.5958e-02

I 05.20/15:55:23 solver.py:206 ] 
=! Best NMSE: -1.0975e+01 (epoch=120)

I 05.20/15:55:24 solver.py:151 ] => Train  Loss: 5.5458e-02

I 05.20/15:55:26 solver.py:206 ] 
=! Best NMSE: -1.0975e+01 (epoch=120)

I 05.20/15:55:28 solver.py:151 ] => Train  Loss: 5.5048e-02

I 05.20/15:55:30 solver.py:206 ] 
=! Best NMSE: -1.0975e+01 (epoch=120)

I 05.20/15:55:31 solver.py:151 ] => Train  Loss: 5.4621e-02

I 05.20/15:55:33 solver.py:206 ] 
=! Best NMSE: -1.0975e+01 (epoch=120)

I 05.20/15:55:35 solver.py:151 ] => Train  Loss: 5.4238e-02

I 05.20/15:55:36 solver.py:206 ] 
=! Best NMSE: -1.0975e+01 (epoch=120)

I 05.20/15:55:38 solver.py:151 ] => Train  Loss: 5.3791e-02

I 05.20/15:55:38 solver.py:151 ] => Val  Loss: 5.8418e-02

I 05.20/15:55:39 solver.py:285 ] => Test NMSE: -1.1316e+01

I 05.20/15:55:42 solver.py:206 ] 
=! Best NMSE: -1.1316e+01 (epoch=130)

I 05.20/15:55:43 solver.py:151 ] => Train  Loss: 5.3397e-02

I 05.20/15:55:44 solver.py:206 ] 
=! Best NMSE: -1.1316e+01 (epoch=130)

I 05.20/15:55:46 solver.py:151 ] => Train  Loss: 5.2956e-02

I 05.20/15:55:47 solver.py:206 ] 
=! Best NMSE: -1.1316e+01 (epoch=130)

I 05.20/15:55:49 solver.py:151 ] => Train  Loss: 5.2589e-02

I 05.20/15:55:51 solver.py:206 ] 
=! Best NMSE: -1.1316e+01 (epoch=130)

I 05.20/15:55:53 solver.py:151 ] => Train  Loss: 5.2200e-02

I 05.20/15:55:55 solver.py:206 ] 
=! Best NMSE: -1.1316e+01 (epoch=130)

I 05.20/15:55:57 solver.py:151 ] => Train  Loss: 5.1792e-02

I 05.20/15:55:58 solver.py:206 ] 
=! Best NMSE: -1.1316e+01 (epoch=130)

I 05.20/15:56:00 solver.py:151 ] => Train  Loss: 5.1453e-02

I 05.20/15:56:02 solver.py:206 ] 
=! Best NMSE: -1.1316e+01 (epoch=130)

I 05.20/15:56:03 solver.py:151 ] => Train  Loss: 5.0980e-02

I 05.20/15:56:04 solver.py:206 ] 
=! Best NMSE: -1.1316e+01 (epoch=130)

I 05.20/15:56:06 solver.py:151 ] => Train  Loss: 5.0620e-02

I 05.20/15:56:08 solver.py:206 ] 
=! Best NMSE: -1.1316e+01 (epoch=130)

I 05.20/15:56:09 solver.py:151 ] => Train  Loss: 5.0230e-02

I 05.20/15:56:11 solver.py:206 ] 
=! Best NMSE: -1.1316e+01 (epoch=130)

I 05.20/15:56:12 solver.py:151 ] => Train  Loss: 4.9872e-02

I 05.20/15:56:12 solver.py:151 ] => Val  Loss: 5.4249e-02

I 05.20/15:56:13 solver.py:285 ] => Test NMSE: -1.1649e+01

I 05.20/15:56:15 solver.py:206 ] 
=! Best NMSE: -1.1649e+01 (epoch=140)

I 05.20/15:56:16 solver.py:151 ] => Train  Loss: 4.9490e-02

I 05.20/15:56:17 solver.py:206 ] 
=! Best NMSE: -1.1649e+01 (epoch=140)

I 05.20/15:56:19 solver.py:151 ] => Train  Loss: 4.9129e-02

I 05.20/15:56:20 solver.py:206 ] 
=! Best NMSE: -1.1649e+01 (epoch=140)

I 05.20/15:56:22 solver.py:151 ] => Train  Loss: 4.8760e-02

I 05.20/15:56:24 solver.py:206 ] 
=! Best NMSE: -1.1649e+01 (epoch=140)

I 05.20/15:56:26 solver.py:151 ] => Train  Loss: 4.8422e-02

I 05.20/15:56:28 solver.py:206 ] 
=! Best NMSE: -1.1649e+01 (epoch=140)

I 05.20/15:56:29 solver.py:151 ] => Train  Loss: 4.8008e-02

I 05.20/15:56:30 solver.py:206 ] 
=! Best NMSE: -1.1649e+01 (epoch=140)

I 05.20/15:56:32 solver.py:151 ] => Train  Loss: 4.7653e-02

I 05.20/15:56:33 solver.py:206 ] 
=! Best NMSE: -1.1649e+01 (epoch=140)

I 05.20/15:56:34 solver.py:151 ] => Train  Loss: 4.7330e-02

I 05.20/15:56:36 solver.py:206 ] 
=! Best NMSE: -1.1649e+01 (epoch=140)

I 05.20/15:56:37 solver.py:151 ] => Train  Loss: 4.6932e-02

I 05.20/15:56:39 solver.py:206 ] 
=! Best NMSE: -1.1649e+01 (epoch=140)

I 05.20/15:56:41 solver.py:151 ] => Train  Loss: 4.6613e-02

I 05.20/15:56:43 solver.py:206 ] 
=! Best NMSE: -1.1649e+01 (epoch=140)

I 05.20/15:56:45 solver.py:151 ] => Train  Loss: 4.6273e-02

I 05.20/15:56:45 solver.py:151 ] => Val  Loss: 5.0473e-02

I 05.20/15:56:45 solver.py:285 ] => Test NMSE: -1.1975e+01

I 05.20/15:56:48 solver.py:206 ] 
=! Best NMSE: -1.1975e+01 (epoch=150)

I 05.20/15:56:50 solver.py:151 ] => Train  Loss: 4.5925e-02

I 05.20/15:56:52 solver.py:206 ] 
=! Best NMSE: -1.1975e+01 (epoch=150)

I 05.20/15:56:55 solver.py:151 ] => Train  Loss: 4.5612e-02

I 05.20/15:56:57 solver.py:206 ] 
=! Best NMSE: -1.1975e+01 (epoch=150)

I 05.20/15:57:00 solver.py:151 ] => Train  Loss: 4.5233e-02

I 05.20/15:57:02 solver.py:206 ] 
=! Best NMSE: -1.1975e+01 (epoch=150)

I 05.20/15:57:04 solver.py:151 ] => Train  Loss: 4.4925e-02

I 05.20/15:57:06 solver.py:206 ] 
=! Best NMSE: -1.1975e+01 (epoch=150)

I 05.20/15:57:09 solver.py:151 ] => Train  Loss: 4.4638e-02

I 05.20/15:57:11 solver.py:206 ] 
=! Best NMSE: -1.1975e+01 (epoch=150)

I 05.20/15:57:13 solver.py:151 ] => Train  Loss: 4.4294e-02

I 05.20/15:57:15 solver.py:206 ] 
=! Best NMSE: -1.1975e+01 (epoch=150)

I 05.20/15:57:16 solver.py:151 ] => Train  Loss: 4.3917e-02

I 05.20/15:57:17 solver.py:206 ] 
=! Best NMSE: -1.1975e+01 (epoch=150)

I 05.20/15:57:18 solver.py:151 ] => Train  Loss: 4.3591e-02

I 05.20/15:57:20 solver.py:206 ] 
=! Best NMSE: -1.1975e+01 (epoch=150)

I 05.20/15:57:22 solver.py:151 ] => Train  Loss: 4.3295e-02

I 05.20/15:57:24 solver.py:206 ] 
=! Best NMSE: -1.1975e+01 (epoch=150)

I 05.20/15:57:25 solver.py:151 ] => Train  Loss: 4.2992e-02

I 05.20/15:57:25 solver.py:151 ] => Val  Loss: 4.7010e-02

I 05.20/15:57:25 solver.py:285 ] => Test NMSE: -1.2298e+01

I 05.20/15:57:28 solver.py:206 ] 
=! Best NMSE: -1.2298e+01 (epoch=160)

I 05.20/15:57:29 solver.py:151 ] => Train  Loss: 4.2719e-02

I 05.20/15:57:31 solver.py:206 ] 
=! Best NMSE: -1.2298e+01 (epoch=160)

I 05.20/15:57:32 solver.py:151 ] => Train  Loss: 4.2384e-02

I 05.20/15:57:33 solver.py:206 ] 
=! Best NMSE: -1.2298e+01 (epoch=160)

I 05.20/15:57:36 solver.py:151 ] => Train  Loss: 4.2085e-02

I 05.20/15:57:38 solver.py:206 ] 
=! Best NMSE: -1.2298e+01 (epoch=160)

I 05.20/15:57:40 solver.py:151 ] => Train  Loss: 4.1724e-02

I 05.20/15:57:42 solver.py:206 ] 
=! Best NMSE: -1.2298e+01 (epoch=160)

I 05.20/15:57:44 solver.py:151 ] => Train  Loss: 4.1466e-02

I 05.20/15:57:46 solver.py:206 ] 
=! Best NMSE: -1.2298e+01 (epoch=160)

I 05.20/15:57:47 solver.py:151 ] => Train  Loss: 4.1106e-02

I 05.20/15:57:48 solver.py:206 ] 
=! Best NMSE: -1.2298e+01 (epoch=160)

I 05.20/15:57:51 solver.py:151 ] => Train  Loss: 4.0902e-02

I 05.20/15:57:52 solver.py:206 ] 
=! Best NMSE: -1.2298e+01 (epoch=160)

I 05.20/15:57:54 solver.py:151 ] => Train  Loss: 4.0523e-02

I 05.20/15:57:55 solver.py:206 ] 
=! Best NMSE: -1.2298e+01 (epoch=160)

I 05.20/15:57:56 solver.py:151 ] => Train  Loss: 4.0280e-02

I 05.20/15:57:57 solver.py:206 ] 
=! Best NMSE: -1.2298e+01 (epoch=160)

I 05.20/15:57:59 solver.py:151 ] => Train  Loss: 3.9974e-02

I 05.20/15:57:59 solver.py:151 ] => Val  Loss: 4.3857e-02

I 05.20/15:57:59 solver.py:285 ] => Test NMSE: -1.2613e+01

I 05.20/15:58:03 solver.py:206 ] 
=! Best NMSE: -1.2613e+01 (epoch=170)

I 05.20/15:58:05 solver.py:151 ] => Train  Loss: 3.9704e-02

I 05.20/15:58:07 solver.py:206 ] 
=! Best NMSE: -1.2613e+01 (epoch=170)

I 05.20/15:58:10 solver.py:151 ] => Train  Loss: 3.9394e-02

I 05.20/15:58:11 solver.py:206 ] 
=! Best NMSE: -1.2613e+01 (epoch=170)

I 05.20/15:58:14 solver.py:151 ] => Train  Loss: 3.9159e-02

I 05.20/15:58:16 solver.py:206 ] 
=! Best NMSE: -1.2613e+01 (epoch=170)

I 05.20/15:58:18 solver.py:151 ] => Train  Loss: 3.8838e-02

I 05.20/15:58:19 solver.py:206 ] 
=! Best NMSE: -1.2613e+01 (epoch=170)

I 05.20/15:58:20 solver.py:151 ] => Train  Loss: 3.8566e-02

I 05.20/15:58:21 solver.py:206 ] 
=! Best NMSE: -1.2613e+01 (epoch=170)

I 05.20/15:58:24 solver.py:151 ] => Train  Loss: 3.8352e-02

I 05.20/15:58:25 solver.py:206 ] 
=! Best NMSE: -1.2613e+01 (epoch=170)

I 05.20/15:58:27 solver.py:151 ] => Train  Loss: 3.8070e-02

I 05.20/15:58:28 solver.py:206 ] 
=! Best NMSE: -1.2613e+01 (epoch=170)

I 05.20/15:58:30 solver.py:151 ] => Train  Loss: 3.7814e-02

I 05.20/15:58:32 solver.py:206 ] 
=! Best NMSE: -1.2613e+01 (epoch=170)

I 05.20/15:58:33 solver.py:151 ] => Train  Loss: 3.7541e-02

I 05.20/15:58:35 solver.py:206 ] 
=! Best NMSE: -1.2613e+01 (epoch=170)

I 05.20/15:58:36 solver.py:151 ] => Train  Loss: 3.7251e-02

I 05.20/15:58:36 solver.py:151 ] => Val  Loss: 4.0998e-02

I 05.20/15:58:37 solver.py:285 ] => Test NMSE: -1.2922e+01

I 05.20/15:58:40 solver.py:206 ] 
=! Best NMSE: -1.2922e+01 (epoch=180)

I 05.20/15:58:42 solver.py:151 ] => Train  Loss: 3.7044e-02

I 05.20/15:58:44 solver.py:206 ] 
=! Best NMSE: -1.2922e+01 (epoch=180)

I 05.20/15:58:46 solver.py:151 ] => Train  Loss: 3.6752e-02

I 05.20/15:58:47 solver.py:206 ] 
=! Best NMSE: -1.2922e+01 (epoch=180)

I 05.20/15:58:48 solver.py:151 ] => Train  Loss: 3.6496e-02

I 05.20/15:58:49 solver.py:206 ] 
=! Best NMSE: -1.2922e+01 (epoch=180)

I 05.20/15:58:51 solver.py:151 ] => Train  Loss: 3.6271e-02

I 05.20/15:58:52 solver.py:206 ] 
=! Best NMSE: -1.2922e+01 (epoch=180)

I 05.20/15:58:55 solver.py:151 ] => Train  Loss: 3.5991e-02

I 05.20/15:58:56 solver.py:206 ] 
=! Best NMSE: -1.2922e+01 (epoch=180)

I 05.20/15:58:58 solver.py:151 ] => Train  Loss: 3.5773e-02

I 05.20/15:59:00 solver.py:206 ] 
=! Best NMSE: -1.2922e+01 (epoch=180)

I 05.20/15:59:02 solver.py:151 ] => Train  Loss: 3.5525e-02

I 05.20/15:59:04 solver.py:206 ] 
=! Best NMSE: -1.2922e+01 (epoch=180)

I 05.20/15:59:06 solver.py:151 ] => Train  Loss: 3.5247e-02

I 05.20/15:59:08 solver.py:206 ] 
=! Best NMSE: -1.2922e+01 (epoch=180)

I 05.20/15:59:09 solver.py:151 ] => Train  Loss: 3.5005e-02

I 05.20/15:59:10 solver.py:206 ] 
=! Best NMSE: -1.2922e+01 (epoch=180)

I 05.20/15:59:12 solver.py:151 ] => Train  Loss: 3.4778e-02

I 05.20/15:59:12 solver.py:151 ] => Val  Loss: 3.8403e-02

I 05.20/15:59:12 solver.py:285 ] => Test NMSE: -1.3221e+01

I 05.20/15:59:15 solver.py:206 ] 
=! Best NMSE: -1.3221e+01 (epoch=190)

I 05.20/15:59:16 solver.py:151 ] => Train  Loss: 3.4548e-02

I 05.20/15:59:18 solver.py:206 ] 
=! Best NMSE: -1.3221e+01 (epoch=190)

I 05.20/15:59:19 solver.py:151 ] => Train  Loss: 3.4327e-02

I 05.20/15:59:21 solver.py:206 ] 
=! Best NMSE: -1.3221e+01 (epoch=190)

I 05.20/15:59:22 solver.py:151 ] => Train  Loss: 3.4102e-02

I 05.20/15:59:23 solver.py:206 ] 
=! Best NMSE: -1.3221e+01 (epoch=190)

I 05.20/15:59:25 solver.py:151 ] => Train  Loss: 3.3831e-02

I 05.20/15:59:27 solver.py:206 ] 
=! Best NMSE: -1.3221e+01 (epoch=190)

I 05.20/15:59:29 solver.py:151 ] => Train  Loss: 3.3682e-02

I 05.20/15:59:31 solver.py:206 ] 
=! Best NMSE: -1.3221e+01 (epoch=190)

I 05.20/15:59:33 solver.py:151 ] => Train  Loss: 3.3440e-02

I 05.20/15:59:35 solver.py:206 ] 
=! Best NMSE: -1.3221e+01 (epoch=190)

I 05.20/15:59:38 solver.py:151 ] => Train  Loss: 3.3204e-02

I 05.20/15:59:39 solver.py:206 ] 
=! Best NMSE: -1.3221e+01 (epoch=190)

I 05.20/15:59:41 solver.py:151 ] => Train  Loss: 3.2996e-02

I 05.20/15:59:43 solver.py:206 ] 
=! Best NMSE: -1.3221e+01 (epoch=190)

I 05.20/15:59:44 solver.py:151 ] => Train  Loss: 3.2717e-02

I 05.20/15:59:46 solver.py:206 ] 
=! Best NMSE: -1.3221e+01 (epoch=190)

I 05.20/15:59:47 solver.py:151 ] => Train  Loss: 3.2556e-02

I 05.20/15:59:48 solver.py:151 ] => Val  Loss: 3.6047e-02

I 05.20/15:59:48 solver.py:285 ] => Test NMSE: -1.3512e+01

I 05.20/15:59:51 solver.py:206 ] 
=! Best NMSE: -1.3512e+01 (epoch=200)

I 05.20/15:59:54 solver.py:151 ] => Train  Loss: 3.2316e-02

I 05.20/15:59:56 solver.py:206 ] 
=! Best NMSE: -1.3512e+01 (epoch=200)

I 05.20/15:59:57 solver.py:151 ] => Train  Loss: 3.2131e-02

I 05.20/15:59:59 solver.py:206 ] 
=! Best NMSE: -1.3512e+01 (epoch=200)

I 05.20/16:00:02 solver.py:151 ] => Train  Loss: 3.1913e-02

I 05.20/16:00:04 solver.py:206 ] 
=! Best NMSE: -1.3512e+01 (epoch=200)

I 05.20/16:00:06 solver.py:151 ] => Train  Loss: 3.1724e-02

I 05.20/16:00:08 solver.py:206 ] 
=! Best NMSE: -1.3512e+01 (epoch=200)

I 05.20/16:00:10 solver.py:151 ] => Train  Loss: 3.1494e-02

I 05.20/16:00:12 solver.py:206 ] 
=! Best NMSE: -1.3512e+01 (epoch=200)

I 05.20/16:00:15 solver.py:151 ] => Train  Loss: 3.1312e-02

I 05.20/16:00:16 solver.py:206 ] 
=! Best NMSE: -1.3512e+01 (epoch=200)

I 05.20/16:00:18 solver.py:151 ] => Train  Loss: 3.1118e-02

I 05.20/16:00:19 solver.py:206 ] 
=! Best NMSE: -1.3512e+01 (epoch=200)

I 05.20/16:00:22 solver.py:151 ] => Train  Loss: 3.0864e-02

I 05.20/16:00:23 solver.py:206 ] 
=! Best NMSE: -1.3512e+01 (epoch=200)

I 05.20/16:00:26 solver.py:151 ] => Train  Loss: 3.0683e-02

I 05.20/16:00:27 solver.py:206 ] 
=! Best NMSE: -1.3512e+01 (epoch=200)

I 05.20/16:00:29 solver.py:151 ] => Train  Loss: 3.0499e-02

I 05.20/16:00:29 solver.py:151 ] => Val  Loss: 3.3917e-02

I 05.20/16:00:30 solver.py:285 ] => Test NMSE: -1.3793e+01

I 05.20/16:00:32 solver.py:206 ] 
=! Best NMSE: -1.3793e+01 (epoch=210)

I 05.20/16:00:34 solver.py:151 ] => Train  Loss: 3.0337e-02

I 05.20/16:00:36 solver.py:206 ] 
=! Best NMSE: -1.3793e+01 (epoch=210)

I 05.20/16:00:38 solver.py:151 ] => Train  Loss: 3.0135e-02

I 05.20/16:00:40 solver.py:206 ] 
=! Best NMSE: -1.3793e+01 (epoch=210)

I 05.20/16:00:42 solver.py:151 ] => Train  Loss: 2.9945e-02

I 05.20/16:00:43 solver.py:206 ] 
=! Best NMSE: -1.3793e+01 (epoch=210)

I 05.20/16:00:46 solver.py:151 ] => Train  Loss: 2.9764e-02

I 05.20/16:00:47 solver.py:206 ] 
=! Best NMSE: -1.3793e+01 (epoch=210)

I 05.20/16:00:49 solver.py:151 ] => Train  Loss: 2.9528e-02

I 05.20/16:00:51 solver.py:206 ] 
=! Best NMSE: -1.3793e+01 (epoch=210)

I 05.20/16:00:52 solver.py:151 ] => Train  Loss: 2.9356e-02

I 05.20/16:00:53 solver.py:206 ] 
=! Best NMSE: -1.3793e+01 (epoch=210)

I 05.20/16:00:55 solver.py:151 ] => Train  Loss: 2.9200e-02

I 05.20/16:00:56 solver.py:206 ] 
=! Best NMSE: -1.3793e+01 (epoch=210)

I 05.20/16:00:57 solver.py:151 ] => Train  Loss: 2.9060e-02

I 05.20/16:00:58 solver.py:206 ] 
=! Best NMSE: -1.3793e+01 (epoch=210)

I 05.20/16:01:00 solver.py:151 ] => Train  Loss: 2.8812e-02

I 05.20/16:01:02 solver.py:206 ] 
=! Best NMSE: -1.3793e+01 (epoch=210)

I 05.20/16:01:04 solver.py:151 ] => Train  Loss: 2.8686e-02

I 05.20/16:01:05 solver.py:151 ] => Val  Loss: 3.2003e-02

I 05.20/16:01:05 solver.py:285 ] => Test NMSE: -1.4063e+01

I 05.20/16:01:08 solver.py:206 ] 
=! Best NMSE: -1.4063e+01 (epoch=220)

I 05.20/16:01:11 solver.py:151 ] => Train  Loss: 2.8457e-02

I 05.20/16:01:12 solver.py:206 ] 
=! Best NMSE: -1.4063e+01 (epoch=220)

I 05.20/16:01:14 solver.py:151 ] => Train  Loss: 2.8297e-02

I 05.20/16:01:15 solver.py:206 ] 
=! Best NMSE: -1.4063e+01 (epoch=220)

I 05.20/16:01:18 solver.py:151 ] => Train  Loss: 2.8185e-02

I 05.20/16:01:19 solver.py:206 ] 
=! Best NMSE: -1.4063e+01 (epoch=220)

I 05.20/16:01:22 solver.py:151 ] => Train  Loss: 2.7995e-02

I 05.20/16:01:24 solver.py:206 ] 
=! Best NMSE: -1.4063e+01 (epoch=220)

I 05.20/16:01:26 solver.py:151 ] => Train  Loss: 2.7837e-02

I 05.20/16:01:28 solver.py:206 ] 
=! Best NMSE: -1.4063e+01 (epoch=220)

I 05.20/16:01:31 solver.py:151 ] => Train  Loss: 2.7695e-02

I 05.20/16:01:32 solver.py:206 ] 
=! Best NMSE: -1.4063e+01 (epoch=220)

I 05.20/16:01:34 solver.py:151 ] => Train  Loss: 2.7507e-02

I 05.20/16:01:35 solver.py:206 ] 
=! Best NMSE: -1.4063e+01 (epoch=220)

I 05.20/16:01:37 solver.py:151 ] => Train  Loss: 2.7371e-02

I 05.20/16:01:39 solver.py:206 ] 
=! Best NMSE: -1.4063e+01 (epoch=220)

I 05.20/16:01:40 solver.py:151 ] => Train  Loss: 2.7151e-02

I 05.20/16:01:41 solver.py:206 ] 
=! Best NMSE: -1.4063e+01 (epoch=220)

I 05.20/16:01:42 solver.py:151 ] => Train  Loss: 2.7024e-02

I 05.20/16:01:42 solver.py:151 ] => Val  Loss: 3.0277e-02

I 05.20/16:01:43 solver.py:285 ] => Test NMSE: -1.4321e+01

I 05.20/16:01:45 solver.py:206 ] 
=! Best NMSE: -1.4321e+01 (epoch=230)

I 05.20/16:01:46 solver.py:151 ] => Train  Loss: 2.6834e-02

I 05.20/16:01:48 solver.py:206 ] 
=! Best NMSE: -1.4321e+01 (epoch=230)

I 05.20/16:01:49 solver.py:151 ] => Train  Loss: 2.6671e-02

I 05.20/16:01:50 solver.py:206 ] 
=! Best NMSE: -1.4321e+01 (epoch=230)

I 05.20/16:01:52 solver.py:151 ] => Train  Loss: 2.6536e-02

I 05.20/16:01:53 solver.py:206 ] 
=! Best NMSE: -1.4321e+01 (epoch=230)

I 05.20/16:01:54 solver.py:151 ] => Train  Loss: 2.6414e-02

I 05.20/16:01:55 solver.py:206 ] 
=! Best NMSE: -1.4321e+01 (epoch=230)

I 05.20/16:01:56 solver.py:151 ] => Train  Loss: 2.6282e-02

I 05.20/16:01:58 solver.py:206 ] 
=! Best NMSE: -1.4321e+01 (epoch=230)

I 05.20/16:02:00 solver.py:151 ] => Train  Loss: 2.6120e-02

I 05.20/16:02:01 solver.py:206 ] 
=! Best NMSE: -1.4321e+01 (epoch=230)

I 05.20/16:02:03 solver.py:151 ] => Train  Loss: 2.5947e-02

I 05.20/16:02:05 solver.py:206 ] 
=! Best NMSE: -1.4321e+01 (epoch=230)

I 05.20/16:02:06 solver.py:151 ] => Train  Loss: 2.5833e-02

I 05.20/16:02:08 solver.py:206 ] 
=! Best NMSE: -1.4321e+01 (epoch=230)

I 05.20/16:02:09 solver.py:151 ] => Train  Loss: 2.5699e-02

I 05.20/16:02:11 solver.py:206 ] 
=! Best NMSE: -1.4321e+01 (epoch=230)

I 05.20/16:02:13 solver.py:151 ] => Train  Loss: 2.5591e-02

I 05.20/16:02:13 solver.py:151 ] => Val  Loss: 2.8732e-02

I 05.20/16:02:13 solver.py:285 ] => Test NMSE: -1.4567e+01

I 05.20/16:02:16 solver.py:206 ] 
=! Best NMSE: -1.4567e+01 (epoch=240)

I 05.20/16:02:17 solver.py:151 ] => Train  Loss: 2.5358e-02

I 05.20/16:02:19 solver.py:206 ] 
=! Best NMSE: -1.4567e+01 (epoch=240)

I 05.20/16:02:21 solver.py:151 ] => Train  Loss: 2.5223e-02

I 05.20/16:02:23 solver.py:206 ] 
=! Best NMSE: -1.4567e+01 (epoch=240)

I 05.20/16:02:25 solver.py:151 ] => Train  Loss: 2.5127e-02

I 05.20/16:02:26 solver.py:206 ] 
=! Best NMSE: -1.4567e+01 (epoch=240)

I 05.20/16:02:29 solver.py:151 ] => Train  Loss: 2.4967e-02

I 05.20/16:02:30 solver.py:206 ] 
=! Best NMSE: -1.4567e+01 (epoch=240)

I 05.20/16:02:33 solver.py:151 ] => Train  Loss: 2.4834e-02

I 05.20/16:02:35 solver.py:206 ] 
=! Best NMSE: -1.4567e+01 (epoch=240)

I 05.20/16:02:38 solver.py:151 ] => Train  Loss: 2.4749e-02

I 05.20/16:02:40 solver.py:206 ] 
=! Best NMSE: -1.4567e+01 (epoch=240)

I 05.20/16:02:43 solver.py:151 ] => Train  Loss: 2.4597e-02

I 05.20/16:02:45 solver.py:206 ] 
=! Best NMSE: -1.4567e+01 (epoch=240)

I 05.20/16:02:47 solver.py:151 ] => Train  Loss: 2.4461e-02

I 05.20/16:02:48 solver.py:206 ] 
=! Best NMSE: -1.4567e+01 (epoch=240)

I 05.20/16:02:50 solver.py:151 ] => Train  Loss: 2.4351e-02

I 05.20/16:02:52 solver.py:206 ] 
=! Best NMSE: -1.4567e+01 (epoch=240)

I 05.20/16:02:53 solver.py:151 ] => Train  Loss: 2.4191e-02

I 05.20/16:02:53 solver.py:151 ] => Val  Loss: 2.7337e-02

I 05.20/16:02:54 solver.py:285 ] => Test NMSE: -1.4799e+01

I 05.20/16:02:56 solver.py:206 ] 
=! Best NMSE: -1.4799e+01 (epoch=250)

I 05.20/16:02:58 solver.py:151 ] => Train  Loss: 2.4095e-02

I 05.20/16:02:59 solver.py:206 ] 
=! Best NMSE: -1.4799e+01 (epoch=250)

I 05.20/16:03:01 solver.py:151 ] => Train  Loss: 2.3919e-02

I 05.20/16:03:03 solver.py:206 ] 
=! Best NMSE: -1.4799e+01 (epoch=250)

I 05.20/16:03:05 solver.py:151 ] => Train  Loss: 2.3814e-02

I 05.20/16:03:07 solver.py:206 ] 
=! Best NMSE: -1.4799e+01 (epoch=250)

I 05.20/16:03:09 solver.py:151 ] => Train  Loss: 2.3692e-02

I 05.20/16:03:10 solver.py:206 ] 
=! Best NMSE: -1.4799e+01 (epoch=250)

I 05.20/16:03:13 solver.py:151 ] => Train  Loss: 2.3580e-02

I 05.20/16:03:14 solver.py:206 ] 
=! Best NMSE: -1.4799e+01 (epoch=250)

I 05.20/16:03:15 solver.py:151 ] => Train  Loss: 2.3463e-02

I 05.20/16:03:16 solver.py:206 ] 
=! Best NMSE: -1.4799e+01 (epoch=250)

I 05.20/16:03:17 solver.py:151 ] => Train  Loss: 2.3384e-02

I 05.20/16:03:19 solver.py:206 ] 
=! Best NMSE: -1.4799e+01 (epoch=250)

I 05.20/16:03:21 solver.py:151 ] => Train  Loss: 2.3235e-02

I 05.20/16:03:23 solver.py:206 ] 
=! Best NMSE: -1.4799e+01 (epoch=250)

I 05.20/16:03:26 solver.py:151 ] => Train  Loss: 2.3086e-02

I 05.20/16:03:27 solver.py:206 ] 
=! Best NMSE: -1.4799e+01 (epoch=250)

I 05.20/16:03:30 solver.py:151 ] => Train  Loss: 2.2995e-02

I 05.20/16:03:30 solver.py:151 ] => Val  Loss: 2.6092e-02

I 05.20/16:03:30 solver.py:285 ] => Test NMSE: -1.5019e+01

I 05.20/16:03:33 solver.py:206 ] 
=! Best NMSE: -1.5019e+01 (epoch=260)

I 05.20/16:03:36 solver.py:151 ] => Train  Loss: 2.2936e-02

I 05.20/16:03:37 solver.py:206 ] 
=! Best NMSE: -1.5019e+01 (epoch=260)

I 05.20/16:03:39 solver.py:151 ] => Train  Loss: 2.2771e-02

I 05.20/16:03:41 solver.py:206 ] 
=! Best NMSE: -1.5019e+01 (epoch=260)

I 05.20/16:03:43 solver.py:151 ] => Train  Loss: 2.2671e-02

I 05.20/16:03:45 solver.py:206 ] 
=! Best NMSE: -1.5019e+01 (epoch=260)

I 05.20/16:03:48 solver.py:151 ] => Train  Loss: 2.2573e-02

I 05.20/16:03:49 solver.py:206 ] 
=! Best NMSE: -1.5019e+01 (epoch=260)

I 05.20/16:03:52 solver.py:151 ] => Train  Loss: 2.2455e-02

I 05.20/16:03:54 solver.py:206 ] 
=! Best NMSE: -1.5019e+01 (epoch=260)

I 05.20/16:03:56 solver.py:151 ] => Train  Loss: 2.2368e-02

I 05.20/16:03:57 solver.py:206 ] 
=! Best NMSE: -1.5019e+01 (epoch=260)

I 05.20/16:03:58 solver.py:151 ] => Train  Loss: 2.2238e-02

I 05.20/16:04:00 solver.py:206 ] 
=! Best NMSE: -1.5019e+01 (epoch=260)

I 05.20/16:04:01 solver.py:151 ] => Train  Loss: 2.2142e-02

I 05.20/16:04:03 solver.py:206 ] 
=! Best NMSE: -1.5019e+01 (epoch=260)

I 05.20/16:04:04 solver.py:151 ] => Train  Loss: 2.2014e-02

I 05.20/16:04:05 solver.py:206 ] 
=! Best NMSE: -1.5019e+01 (epoch=260)

I 05.20/16:04:07 solver.py:151 ] => Train  Loss: 2.1937e-02

I 05.20/16:04:07 solver.py:151 ] => Val  Loss: 2.4980e-02

I 05.20/16:04:08 solver.py:285 ] => Test NMSE: -1.5226e+01

I 05.20/16:04:11 solver.py:206 ] 
=! Best NMSE: -1.5226e+01 (epoch=270)

I 05.20/16:04:13 solver.py:151 ] => Train  Loss: 2.1844e-02

I 05.20/16:04:14 solver.py:206 ] 
=! Best NMSE: -1.5226e+01 (epoch=270)

I 05.20/16:04:15 solver.py:151 ] => Train  Loss: 2.1726e-02

I 05.20/16:04:17 solver.py:206 ] 
=! Best NMSE: -1.5226e+01 (epoch=270)

I 05.20/16:04:18 solver.py:151 ] => Train  Loss: 2.1629e-02

I 05.20/16:04:19 solver.py:206 ] 
=! Best NMSE: -1.5226e+01 (epoch=270)

I 05.20/16:04:21 solver.py:151 ] => Train  Loss: 2.1523e-02

I 05.20/16:04:22 solver.py:206 ] 
=! Best NMSE: -1.5226e+01 (epoch=270)

I 05.20/16:04:24 solver.py:151 ] => Train  Loss: 2.1488e-02

I 05.20/16:04:25 solver.py:206 ] 
=! Best NMSE: -1.5226e+01 (epoch=270)

I 05.20/16:04:27 solver.py:151 ] => Train  Loss: 2.1349e-02

I 05.20/16:04:28 solver.py:206 ] 
=! Best NMSE: -1.5226e+01 (epoch=270)

I 05.20/16:04:31 solver.py:151 ] => Train  Loss: 2.1285e-02

I 05.20/16:04:32 solver.py:206 ] 
=! Best NMSE: -1.5226e+01 (epoch=270)

I 05.20/16:04:35 solver.py:151 ] => Train  Loss: 2.1156e-02

I 05.20/16:04:36 solver.py:206 ] 
=! Best NMSE: -1.5226e+01 (epoch=270)

I 05.20/16:04:39 solver.py:151 ] => Train  Loss: 2.1038e-02

I 05.20/16:04:41 solver.py:206 ] 
=! Best NMSE: -1.5226e+01 (epoch=270)

I 05.20/16:04:43 solver.py:151 ] => Train  Loss: 2.1026e-02

I 05.20/16:04:43 solver.py:151 ] => Val  Loss: 2.3982e-02

I 05.20/16:04:44 solver.py:285 ] => Test NMSE: -1.5419e+01

I 05.20/16:04:46 solver.py:206 ] 
=! Best NMSE: -1.5419e+01 (epoch=280)

I 05.20/16:04:48 solver.py:151 ] => Train  Loss: 2.0893e-02

I 05.20/16:04:50 solver.py:206 ] 
=! Best NMSE: -1.5419e+01 (epoch=280)

I 05.20/16:04:51 solver.py:151 ] => Train  Loss: 2.0830e-02

I 05.20/16:04:53 solver.py:206 ] 
=! Best NMSE: -1.5419e+01 (epoch=280)

I 05.20/16:04:55 solver.py:151 ] => Train  Loss: 2.0745e-02

I 05.20/16:04:57 solver.py:206 ] 
=! Best NMSE: -1.5419e+01 (epoch=280)

I 05.20/16:04:59 solver.py:151 ] => Train  Loss: 2.0597e-02

I 05.20/16:05:01 solver.py:206 ] 
=! Best NMSE: -1.5419e+01 (epoch=280)

I 05.20/16:05:03 solver.py:151 ] => Train  Loss: 2.0545e-02

I 05.20/16:05:04 solver.py:206 ] 
=! Best NMSE: -1.5419e+01 (epoch=280)

I 05.20/16:05:06 solver.py:151 ] => Train  Loss: 2.0464e-02

I 05.20/16:05:07 solver.py:206 ] 
=! Best NMSE: -1.5419e+01 (epoch=280)

I 05.20/16:05:08 solver.py:151 ] => Train  Loss: 2.0389e-02

I 05.20/16:05:09 solver.py:206 ] 
=! Best NMSE: -1.5419e+01 (epoch=280)

I 05.20/16:05:12 solver.py:151 ] => Train  Loss: 2.0296e-02

I 05.20/16:05:14 solver.py:206 ] 
=! Best NMSE: -1.5419e+01 (epoch=280)

I 05.20/16:05:16 solver.py:151 ] => Train  Loss: 2.0211e-02

I 05.20/16:05:17 solver.py:206 ] 
=! Best NMSE: -1.5419e+01 (epoch=280)

I 05.20/16:05:18 solver.py:151 ] => Train  Loss: 2.0137e-02

I 05.20/16:05:18 solver.py:151 ] => Val  Loss: 2.3088e-02

I 05.20/16:05:19 solver.py:285 ] => Test NMSE: -1.5600e+01

I 05.20/16:05:21 solver.py:206 ] 
=! Best NMSE: -1.5600e+01 (epoch=290)

I 05.20/16:05:22 solver.py:151 ] => Train  Loss: 2.0052e-02

I 05.20/16:05:24 solver.py:206 ] 
=! Best NMSE: -1.5600e+01 (epoch=290)

I 05.20/16:05:25 solver.py:151 ] => Train  Loss: 1.9992e-02

I 05.20/16:05:27 solver.py:206 ] 
=! Best NMSE: -1.5600e+01 (epoch=290)

I 05.20/16:05:28 solver.py:151 ] => Train  Loss: 1.9933e-02

I 05.20/16:05:29 solver.py:206 ] 
=! Best NMSE: -1.5600e+01 (epoch=290)

I 05.20/16:05:31 solver.py:151 ] => Train  Loss: 1.9825e-02

I 05.20/16:05:32 solver.py:206 ] 
=! Best NMSE: -1.5600e+01 (epoch=290)

I 05.20/16:05:33 solver.py:151 ] => Train  Loss: 1.9749e-02

I 05.20/16:05:34 solver.py:206 ] 
=! Best NMSE: -1.5600e+01 (epoch=290)

I 05.20/16:05:36 solver.py:151 ] => Train  Loss: 1.9663e-02

I 05.20/16:05:37 solver.py:206 ] 
=! Best NMSE: -1.5600e+01 (epoch=290)

I 05.20/16:05:38 solver.py:151 ] => Train  Loss: 1.9619e-02

I 05.20/16:05:40 solver.py:206 ] 
=! Best NMSE: -1.5600e+01 (epoch=290)

I 05.20/16:05:41 solver.py:151 ] => Train  Loss: 1.9526e-02

I 05.20/16:05:42 solver.py:206 ] 
=! Best NMSE: -1.5600e+01 (epoch=290)

I 05.20/16:05:44 solver.py:151 ] => Train  Loss: 1.9474e-02

I 05.20/16:05:46 solver.py:206 ] 
=! Best NMSE: -1.5600e+01 (epoch=290)

I 05.20/16:05:47 solver.py:151 ] => Train  Loss: 1.9331e-02

I 05.20/16:05:47 solver.py:151 ] => Val  Loss: 2.2292e-02

I 05.20/16:05:48 solver.py:285 ] => Test NMSE: -1.5767e+01

I 05.20/16:05:51 solver.py:206 ] 
=! Best NMSE: -1.5767e+01 (epoch=300)

I 05.20/16:05:52 solver.py:151 ] => Train  Loss: 1.9294e-02

I 05.20/16:05:53 solver.py:206 ] 
=! Best NMSE: -1.5767e+01 (epoch=300)

I 05.20/16:05:55 solver.py:151 ] => Train  Loss: 1.9207e-02

I 05.20/16:05:56 solver.py:206 ] 
=! Best NMSE: -1.5767e+01 (epoch=300)

I 05.20/16:05:57 solver.py:151 ] => Train  Loss: 1.9166e-02

I 05.20/16:05:58 solver.py:206 ] 
=! Best NMSE: -1.5767e+01 (epoch=300)

I 05.20/16:05:59 solver.py:151 ] => Train  Loss: 1.9111e-02

I 05.20/16:06:01 solver.py:206 ] 
=! Best NMSE: -1.5767e+01 (epoch=300)

I 05.20/16:06:03 solver.py:151 ] => Train  Loss: 1.9004e-02

I 05.20/16:06:04 solver.py:206 ] 
=! Best NMSE: -1.5767e+01 (epoch=300)

I 05.20/16:06:06 solver.py:151 ] => Train  Loss: 1.8946e-02

I 05.20/16:06:07 solver.py:206 ] 
=! Best NMSE: -1.5767e+01 (epoch=300)

I 05.20/16:06:10 solver.py:151 ] => Train  Loss: 1.8912e-02

I 05.20/16:06:11 solver.py:206 ] 
=! Best NMSE: -1.5767e+01 (epoch=300)

I 05.20/16:06:13 solver.py:151 ] => Train  Loss: 1.8870e-02

I 05.20/16:06:14 solver.py:206 ] 
=! Best NMSE: -1.5767e+01 (epoch=300)

I 05.20/16:06:16 solver.py:151 ] => Train  Loss: 1.8765e-02

I 05.20/16:06:17 solver.py:206 ] 
=! Best NMSE: -1.5767e+01 (epoch=300)

I 05.20/16:06:18 solver.py:151 ] => Train  Loss: 1.8697e-02

I 05.20/16:06:18 solver.py:151 ] => Val  Loss: 2.1583e-02

I 05.20/16:06:18 solver.py:285 ] => Test NMSE: -1.5922e+01

I 05.20/16:06:21 solver.py:206 ] 
=! Best NMSE: -1.5922e+01 (epoch=310)

I 05.20/16:06:23 solver.py:151 ] => Train  Loss: 1.8613e-02

I 05.20/16:06:25 solver.py:206 ] 
=! Best NMSE: -1.5922e+01 (epoch=310)

I 05.20/16:06:27 solver.py:151 ] => Train  Loss: 1.8578e-02

I 05.20/16:06:28 solver.py:206 ] 
=! Best NMSE: -1.5922e+01 (epoch=310)

I 05.20/16:06:30 solver.py:151 ] => Train  Loss: 1.8483e-02

I 05.20/16:06:32 solver.py:206 ] 
=! Best NMSE: -1.5922e+01 (epoch=310)

I 05.20/16:06:34 solver.py:151 ] => Train  Loss: 1.8425e-02

I 05.20/16:06:36 solver.py:206 ] 
=! Best NMSE: -1.5922e+01 (epoch=310)

I 05.20/16:06:38 solver.py:151 ] => Train  Loss: 1.8389e-02

I 05.20/16:06:39 solver.py:206 ] 
=! Best NMSE: -1.5922e+01 (epoch=310)

I 05.20/16:06:41 solver.py:151 ] => Train  Loss: 1.8314e-02

I 05.20/16:06:42 solver.py:206 ] 
=! Best NMSE: -1.5922e+01 (epoch=310)

I 05.20/16:06:43 solver.py:151 ] => Train  Loss: 1.8245e-02

I 05.20/16:06:44 solver.py:206 ] 
=! Best NMSE: -1.5922e+01 (epoch=310)

I 05.20/16:06:46 solver.py:151 ] => Train  Loss: 1.8206e-02

I 05.20/16:06:47 solver.py:206 ] 
=! Best NMSE: -1.5922e+01 (epoch=310)

I 05.20/16:06:49 solver.py:151 ] => Train  Loss: 1.8130e-02

I 05.20/16:06:51 solver.py:206 ] 
=! Best NMSE: -1.5922e+01 (epoch=310)

I 05.20/16:06:53 solver.py:151 ] => Train  Loss: 1.8099e-02

I 05.20/16:06:54 solver.py:151 ] => Val  Loss: 2.0944e-02

I 05.20/16:06:54 solver.py:285 ] => Test NMSE: -1.6067e+01

I 05.20/16:06:57 solver.py:206 ] 
=! Best NMSE: -1.6067e+01 (epoch=320)

I 05.20/16:06:58 solver.py:151 ] => Train  Loss: 1.8034e-02

I 05.20/16:07:00 solver.py:206 ] 
=! Best NMSE: -1.6067e+01 (epoch=320)

I 05.20/16:07:02 solver.py:151 ] => Train  Loss: 1.8008e-02

I 05.20/16:07:04 solver.py:206 ] 
=! Best NMSE: -1.6067e+01 (epoch=320)

I 05.20/16:07:06 solver.py:151 ] => Train  Loss: 1.7926e-02

I 05.20/16:07:08 solver.py:206 ] 
=! Best NMSE: -1.6067e+01 (epoch=320)

I 05.20/16:07:11 solver.py:151 ] => Train  Loss: 1.7878e-02

I 05.20/16:07:12 solver.py:206 ] 
=! Best NMSE: -1.6067e+01 (epoch=320)

I 05.20/16:07:14 solver.py:151 ] => Train  Loss: 1.7797e-02

I 05.20/16:07:16 solver.py:206 ] 
=! Best NMSE: -1.6067e+01 (epoch=320)

I 05.20/16:07:17 solver.py:151 ] => Train  Loss: 1.7720e-02

I 05.20/16:07:18 solver.py:206 ] 
=! Best NMSE: -1.6067e+01 (epoch=320)

I 05.20/16:07:20 solver.py:151 ] => Train  Loss: 1.7700e-02

I 05.20/16:07:21 solver.py:206 ] 
=! Best NMSE: -1.6067e+01 (epoch=320)

I 05.20/16:07:24 solver.py:151 ] => Train  Loss: 1.7638e-02

I 05.20/16:07:26 solver.py:206 ] 
=! Best NMSE: -1.6067e+01 (epoch=320)

I 05.20/16:07:28 solver.py:151 ] => Train  Loss: 1.7544e-02

I 05.20/16:07:30 solver.py:206 ] 
=! Best NMSE: -1.6067e+01 (epoch=320)

I 05.20/16:07:32 solver.py:151 ] => Train  Loss: 1.7550e-02

I 05.20/16:07:32 solver.py:151 ] => Val  Loss: 2.0366e-02

I 05.20/16:07:32 solver.py:285 ] => Test NMSE: -1.6201e+01

I 05.20/16:07:35 solver.py:206 ] 
=! Best NMSE: -1.6201e+01 (epoch=330)

I 05.20/16:07:37 solver.py:151 ] => Train  Loss: 1.7493e-02

I 05.20/16:07:39 solver.py:206 ] 
=! Best NMSE: -1.6201e+01 (epoch=330)

I 05.20/16:07:40 solver.py:151 ] => Train  Loss: 1.7460e-02

I 05.20/16:07:42 solver.py:206 ] 
=! Best NMSE: -1.6201e+01 (epoch=330)

I 05.20/16:07:43 solver.py:151 ] => Train  Loss: 1.7436e-02

I 05.20/16:07:45 solver.py:206 ] 
=! Best NMSE: -1.6201e+01 (epoch=330)

I 05.20/16:07:47 solver.py:151 ] => Train  Loss: 1.7322e-02

I 05.20/16:07:48 solver.py:206 ] 
=! Best NMSE: -1.6201e+01 (epoch=330)

I 05.20/16:07:50 solver.py:151 ] => Train  Loss: 1.7299e-02

I 05.20/16:07:51 solver.py:206 ] 
=! Best NMSE: -1.6201e+01 (epoch=330)

I 05.20/16:07:52 solver.py:151 ] => Train  Loss: 1.7274e-02

I 05.20/16:07:53 solver.py:206 ] 
=! Best NMSE: -1.6201e+01 (epoch=330)

I 05.20/16:07:55 solver.py:151 ] => Train  Loss: 1.7202e-02

I 05.20/16:07:56 solver.py:206 ] 
=! Best NMSE: -1.6201e+01 (epoch=330)

I 05.20/16:07:58 solver.py:151 ] => Train  Loss: 1.7143e-02

I 05.20/16:07:59 solver.py:206 ] 
=! Best NMSE: -1.6201e+01 (epoch=330)

I 05.20/16:08:01 solver.py:151 ] => Train  Loss: 1.7125e-02

I 05.20/16:08:02 solver.py:206 ] 
=! Best NMSE: -1.6201e+01 (epoch=330)

I 05.20/16:08:04 solver.py:151 ] => Train  Loss: 1.7038e-02

I 05.20/16:08:04 solver.py:151 ] => Val  Loss: 1.9844e-02

I 05.20/16:08:05 solver.py:285 ] => Test NMSE: -1.6325e+01

I 05.20/16:08:07 solver.py:206 ] 
=! Best NMSE: -1.6325e+01 (epoch=340)

I 05.20/16:08:09 solver.py:151 ] => Train  Loss: 1.6968e-02

I 05.20/16:08:11 solver.py:206 ] 
=! Best NMSE: -1.6325e+01 (epoch=340)

I 05.20/16:08:14 solver.py:151 ] => Train  Loss: 1.6984e-02

I 05.20/16:08:15 solver.py:206 ] 
=! Best NMSE: -1.6325e+01 (epoch=340)

I 05.20/16:08:17 solver.py:151 ] => Train  Loss: 1.6907e-02

I 05.20/16:08:19 solver.py:206 ] 
=! Best NMSE: -1.6325e+01 (epoch=340)

I 05.20/16:08:21 solver.py:151 ] => Train  Loss: 1.6885e-02

I 05.20/16:08:22 solver.py:206 ] 
=! Best NMSE: -1.6325e+01 (epoch=340)

I 05.20/16:08:24 solver.py:151 ] => Train  Loss: 1.6779e-02

I 05.20/16:08:25 solver.py:206 ] 
=! Best NMSE: -1.6325e+01 (epoch=340)

I 05.20/16:08:26 solver.py:151 ] => Train  Loss: 1.6800e-02

I 05.20/16:08:28 solver.py:206 ] 
=! Best NMSE: -1.6325e+01 (epoch=340)

I 05.20/16:08:30 solver.py:151 ] => Train  Loss: 1.6692e-02

I 05.20/16:08:31 solver.py:206 ] 
=! Best NMSE: -1.6325e+01 (epoch=340)

I 05.20/16:08:33 solver.py:151 ] => Train  Loss: 1.6656e-02

I 05.20/16:08:35 solver.py:206 ] 
=! Best NMSE: -1.6325e+01 (epoch=340)

I 05.20/16:08:38 solver.py:151 ] => Train  Loss: 1.6688e-02

I 05.20/16:08:39 solver.py:206 ] 
=! Best NMSE: -1.6325e+01 (epoch=340)

I 05.20/16:08:40 solver.py:151 ] => Train  Loss: 1.6630e-02

I 05.20/16:08:40 solver.py:151 ] => Val  Loss: 1.9373e-02

I 05.20/16:08:41 solver.py:285 ] => Test NMSE: -1.6441e+01

I 05.20/16:08:44 solver.py:206 ] 
=! Best NMSE: -1.6441e+01 (epoch=350)

I 05.20/16:08:46 solver.py:151 ] => Train  Loss: 1.6571e-02

I 05.20/16:08:47 solver.py:206 ] 
=! Best NMSE: -1.6441e+01 (epoch=350)

I 05.20/16:08:49 solver.py:151 ] => Train  Loss: 1.6527e-02

I 05.20/16:08:51 solver.py:206 ] 
=! Best NMSE: -1.6441e+01 (epoch=350)

I 05.20/16:08:54 solver.py:151 ] => Train  Loss: 1.6451e-02

I 05.20/16:08:55 solver.py:206 ] 
=! Best NMSE: -1.6441e+01 (epoch=350)

I 05.20/16:08:57 solver.py:151 ] => Train  Loss: 1.6425e-02

I 05.20/16:08:59 solver.py:206 ] 
=! Best NMSE: -1.6441e+01 (epoch=350)

I 05.20/16:09:01 solver.py:151 ] => Train  Loss: 1.6448e-02

I 05.20/16:09:02 solver.py:206 ] 
=! Best NMSE: -1.6441e+01 (epoch=350)

I 05.20/16:09:03 solver.py:151 ] => Train  Loss: 1.6345e-02

I 05.20/16:09:04 solver.py:206 ] 
=! Best NMSE: -1.6441e+01 (epoch=350)

I 05.20/16:09:06 solver.py:151 ] => Train  Loss: 1.6284e-02

I 05.20/16:09:07 solver.py:206 ] 
=! Best NMSE: -1.6441e+01 (epoch=350)

I 05.20/16:09:09 solver.py:151 ] => Train  Loss: 1.6254e-02

I 05.20/16:09:10 solver.py:206 ] 
=! Best NMSE: -1.6441e+01 (epoch=350)

I 05.20/16:09:13 solver.py:151 ] => Train  Loss: 1.6219e-02

I 05.20/16:09:14 solver.py:206 ] 
=! Best NMSE: -1.6441e+01 (epoch=350)

I 05.20/16:09:15 solver.py:151 ] => Train  Loss: 1.6197e-02

I 05.20/16:09:16 solver.py:151 ] => Val  Loss: 1.8938e-02

I 05.20/16:09:16 solver.py:285 ] => Test NMSE: -1.6550e+01

I 05.20/16:09:19 solver.py:206 ] 
=! Best NMSE: -1.6550e+01 (epoch=360)

I 05.20/16:09:21 solver.py:151 ] => Train  Loss: 1.6137e-02

I 05.20/16:09:22 solver.py:206 ] 
=! Best NMSE: -1.6550e+01 (epoch=360)

I 05.20/16:09:24 solver.py:151 ] => Train  Loss: 1.6137e-02

I 05.20/16:09:25 solver.py:206 ] 
=! Best NMSE: -1.6550e+01 (epoch=360)

I 05.20/16:09:26 solver.py:151 ] => Train  Loss: 1.6061e-02

I 05.20/16:09:27 solver.py:206 ] 
=! Best NMSE: -1.6550e+01 (epoch=360)

I 05.20/16:09:29 solver.py:151 ] => Train  Loss: 1.6050e-02

I 05.20/16:09:30 solver.py:206 ] 
=! Best NMSE: -1.6550e+01 (epoch=360)

I 05.20/16:09:32 solver.py:151 ] => Train  Loss: 1.5974e-02

I 05.20/16:09:33 solver.py:206 ] 
=! Best NMSE: -1.6550e+01 (epoch=360)

I 05.20/16:09:34 solver.py:151 ] => Train  Loss: 1.5965e-02

I 05.20/16:09:35 solver.py:206 ] 
=! Best NMSE: -1.6550e+01 (epoch=360)

I 05.20/16:09:37 solver.py:151 ] => Train  Loss: 1.5929e-02

I 05.20/16:09:38 solver.py:206 ] 
=! Best NMSE: -1.6550e+01 (epoch=360)

I 05.20/16:09:39 solver.py:151 ] => Train  Loss: 1.5877e-02

I 05.20/16:09:40 solver.py:206 ] 
=! Best NMSE: -1.6550e+01 (epoch=360)

I 05.20/16:09:42 solver.py:151 ] => Train  Loss: 1.5840e-02

I 05.20/16:09:43 solver.py:206 ] 
=! Best NMSE: -1.6550e+01 (epoch=360)

I 05.20/16:09:45 solver.py:151 ] => Train  Loss: 1.5811e-02

I 05.20/16:09:46 solver.py:151 ] => Val  Loss: 1.8541e-02

I 05.20/16:09:46 solver.py:285 ] => Test NMSE: -1.6653e+01

I 05.20/16:09:49 solver.py:206 ] 
=! Best NMSE: -1.6653e+01 (epoch=370)

I 05.20/16:09:50 solver.py:151 ] => Train  Loss: 1.5760e-02

I 05.20/16:09:51 solver.py:206 ] 
=! Best NMSE: -1.6653e+01 (epoch=370)

I 05.20/16:09:53 solver.py:151 ] => Train  Loss: 1.5741e-02

I 05.20/16:09:54 solver.py:206 ] 
=! Best NMSE: -1.6653e+01 (epoch=370)

I 05.20/16:09:56 solver.py:151 ] => Train  Loss: 1.5700e-02

I 05.20/16:09:57 solver.py:206 ] 
=! Best NMSE: -1.6653e+01 (epoch=370)

I 05.20/16:09:58 solver.py:151 ] => Train  Loss: 1.5676e-02

I 05.20/16:10:00 solver.py:206 ] 
=! Best NMSE: -1.6653e+01 (epoch=370)

I 05.20/16:10:01 solver.py:151 ] => Train  Loss: 1.5650e-02

I 05.20/16:10:02 solver.py:206 ] 
=! Best NMSE: -1.6653e+01 (epoch=370)

I 05.20/16:10:04 solver.py:151 ] => Train  Loss: 1.5594e-02

I 05.20/16:10:05 solver.py:206 ] 
=! Best NMSE: -1.6653e+01 (epoch=370)

I 05.20/16:10:07 solver.py:151 ] => Train  Loss: 1.5537e-02

I 05.20/16:10:09 solver.py:206 ] 
=! Best NMSE: -1.6653e+01 (epoch=370)

I 05.20/16:10:11 solver.py:151 ] => Train  Loss: 1.5512e-02

I 05.20/16:10:12 solver.py:206 ] 
=! Best NMSE: -1.6653e+01 (epoch=370)

I 05.20/16:10:13 solver.py:151 ] => Train  Loss: 1.5498e-02

I 05.20/16:10:15 solver.py:206 ] 
=! Best NMSE: -1.6653e+01 (epoch=370)

I 05.20/16:10:16 solver.py:151 ] => Train  Loss: 1.5472e-02

I 05.20/16:10:16 solver.py:151 ] => Val  Loss: 1.8171e-02

I 05.20/16:10:17 solver.py:285 ] => Test NMSE: -1.6751e+01

I 05.20/16:10:21 solver.py:206 ] 
=! Best NMSE: -1.6751e+01 (epoch=380)

I 05.20/16:10:22 solver.py:151 ] => Train  Loss: 1.5441e-02

I 05.20/16:10:24 solver.py:206 ] 
=! Best NMSE: -1.6751e+01 (epoch=380)

I 05.20/16:10:25 solver.py:151 ] => Train  Loss: 1.5382e-02

I 05.20/16:10:27 solver.py:206 ] 
=! Best NMSE: -1.6751e+01 (epoch=380)

I 05.20/16:10:30 solver.py:151 ] => Train  Loss: 1.5362e-02

I 05.20/16:10:31 solver.py:206 ] 
=! Best NMSE: -1.6751e+01 (epoch=380)

I 05.20/16:10:34 solver.py:151 ] => Train  Loss: 1.5316e-02

I 05.20/16:10:36 solver.py:206 ] 
=! Best NMSE: -1.6751e+01 (epoch=380)

I 05.20/16:10:38 solver.py:151 ] => Train  Loss: 1.5313e-02

I 05.20/16:10:40 solver.py:206 ] 
=! Best NMSE: -1.6751e+01 (epoch=380)

I 05.20/16:10:42 solver.py:151 ] => Train  Loss: 1.5254e-02

I 05.20/16:10:44 solver.py:206 ] 
=! Best NMSE: -1.6751e+01 (epoch=380)

I 05.20/16:10:47 solver.py:151 ] => Train  Loss: 1.5223e-02

I 05.20/16:10:48 solver.py:206 ] 
=! Best NMSE: -1.6751e+01 (epoch=380)

I 05.20/16:10:50 solver.py:151 ] => Train  Loss: 1.5209e-02

I 05.20/16:10:51 solver.py:206 ] 
=! Best NMSE: -1.6751e+01 (epoch=380)

I 05.20/16:10:52 solver.py:151 ] => Train  Loss: 1.5154e-02

I 05.20/16:10:53 solver.py:206 ] 
=! Best NMSE: -1.6751e+01 (epoch=380)

I 05.20/16:10:54 solver.py:151 ] => Train  Loss: 1.5151e-02

I 05.20/16:10:55 solver.py:151 ] => Val  Loss: 1.7811e-02

I 05.20/16:10:55 solver.py:285 ] => Test NMSE: -1.6847e+01

I 05.20/16:10:57 solver.py:206 ] 
=! Best NMSE: -1.6847e+01 (epoch=390)

I 05.20/16:10:59 solver.py:151 ] => Train  Loss: 1.5070e-02

I 05.20/16:11:00 solver.py:206 ] 
=! Best NMSE: -1.6847e+01 (epoch=390)

I 05.20/16:11:01 solver.py:151 ] => Train  Loss: 1.5137e-02

I 05.20/16:11:02 solver.py:206 ] 
=! Best NMSE: -1.6847e+01 (epoch=390)

I 05.20/16:11:04 solver.py:151 ] => Train  Loss: 1.5038e-02

I 05.20/16:11:05 solver.py:206 ] 
=! Best NMSE: -1.6847e+01 (epoch=390)

I 05.20/16:11:07 solver.py:151 ] => Train  Loss: 1.5026e-02

I 05.20/16:11:08 solver.py:206 ] 
=! Best NMSE: -1.6847e+01 (epoch=390)

I 05.20/16:11:10 solver.py:151 ] => Train  Loss: 1.5001e-02

I 05.20/16:11:11 solver.py:206 ] 
=! Best NMSE: -1.6847e+01 (epoch=390)

I 05.20/16:11:13 solver.py:151 ] => Train  Loss: 1.4963e-02

I 05.20/16:11:14 solver.py:206 ] 
=! Best NMSE: -1.6847e+01 (epoch=390)

I 05.20/16:11:16 solver.py:151 ] => Train  Loss: 1.4888e-02

I 05.20/16:11:18 solver.py:206 ] 
=! Best NMSE: -1.6847e+01 (epoch=390)

I 05.20/16:11:20 solver.py:151 ] => Train  Loss: 1.4903e-02

I 05.20/16:11:21 solver.py:206 ] 
=! Best NMSE: -1.6847e+01 (epoch=390)

I 05.20/16:11:23 solver.py:151 ] => Train  Loss: 1.4849e-02

I 05.20/16:11:24 solver.py:206 ] 
=! Best NMSE: -1.6847e+01 (epoch=390)

I 05.20/16:11:26 solver.py:151 ] => Train  Loss: 1.4804e-02

I 05.20/16:11:27 solver.py:151 ] => Val  Loss: 1.7480e-02

I 05.20/16:11:27 solver.py:285 ] => Test NMSE: -1.6939e+01

I 05.20/16:11:29 solver.py:206 ] 
=! Best NMSE: -1.6939e+01 (epoch=400)

I 05.20/16:11:30 solver.py:229 ] => Saved encoder outputs to /storage/hujiacong/zxd/Huawei/TransNet/exps/01878_seed3447_400ep/encoder_output.pth
I 05.20/16:11:30 solver.py:285 ] => Test NMSE: -1.6939e+01

I 05.20/16:11:30 solver.py:254 ] 
=> Test result: 
loss: 1.5173e-02    NMSE: -1.6939e+01

I 05.20/16:11:30 main.py:87  ] 
=! Final test loss: 1.5173e-02
         test NMSE: -1.6939e+01

