I 05.20/21:10:08 main.py:23  ] => Experiment directory: /storage/hujiacong/zxd/Huawei/TransNet/exps/freeze_encoder_self_attn
I 05.20/21:10:08 main.py:24  ] => PyTorch Version: 2.5.1
I 05.20/21:10:08 init.py:14  ] Random seed set to 3447
I 05.20/21:10:09 init.py:69  ] Running on GPU 0
I 05.20/21:10:12 init.py:100 ] => Model Name: TransNet [pretrained: None]
I 05.20/21:10:12 init.py:101 ] => Model Config: compression ratio=1/4; input shape=(2, 64, 64); input dim=8192
I 05.20/21:10:12 init.py:104 ] => Model Flops: 168.133M
I 05.20/21:10:12 init.py:105 ] => Model Params Num: 34.094M

I 05.20/21:10:12 init.py:106 ] 
**********
Transformer(
  (encoder): TransformerEncoder(
    (layer): TransformerEncoderLayer(
      (self_attn): MultiheadAttention(
        (out_proj): Linear(in_features=64, out_features=64, bias=True)
      )
      (linear1): Linear(in_features=64, out_features=2048, bias=True)
      (dropout): Dropout(p=0.0, inplace=False)
      (linear2): Linear(in_features=2048, out_features=64, bias=True)
      (norm1): LayerNorm((64,), eps=1e-05, elementwise_affine=True)
      (norm2): LayerNorm((64,), eps=1e-05, elementwise_affine=True)
      (dropout1): Dropout(p=0.0, inplace=False)
      (dropout2): Dropout(p=0.0, inplace=False)
    )
  )
  (decoder): TransformerDecoder(
    (layer): TransformerDecoderLayer(
      (self_attn): MultiheadAttention(
        (out_proj): Linear(in_features=64, out_features=64, bias=True)
      )
      (multihead_attn): MultiheadAttention(
        (out_proj): Linear(in_features=64, out_features=64, bias=True)
      )
      (linear1): Linear(in_features=64, out_features=2048, bias=True)
      (dropout): Dropout(p=0.0, inplace=False)
      (linear2): Linear(in_features=2048, out_features=64, bias=True)
      (norm1): LayerNorm((64,), eps=1e-05, elementwise_affine=True)
      (norm2): LayerNorm((64,), eps=1e-05, elementwise_affine=True)
      (norm3): LayerNorm((64,), eps=1e-05, elementwise_affine=True)
      (dropout1): Dropout(p=0.0, inplace=False)
      (dropout2): Dropout(p=0.0, inplace=False)
      (dropout3): Dropout(p=0.0, inplace=False)
    )
    (norm): LayerNorm((64,), eps=1e-05, elementwise_affine=True)
  )
  (fc_encoder): Linear(in_features=8192, out_features=2048, bias=True)
  (fc_decoder): Linear(in_features=2048, out_features=8192, bias=True)
)
**********

I 05.20/21:10:12 init.py:42  ] => Frozen components: encoder_self_attn
I 05.20/21:10:12 init.py:46  ] 
**********
=> Parameter trainable status
**********
I 05.20/21:10:12 init.py:48  ] encoder.layer.self_attn.in_proj_weight | trainable=False | shape=(192, 64)
I 05.20/21:10:12 init.py:48  ] encoder.layer.self_attn.in_proj_bias | trainable=False | shape=(192,)
I 05.20/21:10:12 init.py:48  ] encoder.layer.self_attn.out_proj.weight | trainable=False | shape=(64, 64)
I 05.20/21:10:12 init.py:48  ] encoder.layer.self_attn.out_proj.bias | trainable=False | shape=(64,)
I 05.20/21:10:12 init.py:48  ] encoder.layer.linear1.weight | trainable=True | shape=(2048, 64)
I 05.20/21:10:12 init.py:48  ] encoder.layer.linear1.bias | trainable=True | shape=(2048,)
I 05.20/21:10:12 init.py:48  ] encoder.layer.linear2.weight | trainable=True | shape=(64, 2048)
I 05.20/21:10:12 init.py:48  ] encoder.layer.linear2.bias | trainable=True | shape=(64,)
I 05.20/21:10:12 init.py:48  ] encoder.layer.norm1.weight | trainable=True | shape=(64,)
I 05.20/21:10:12 init.py:48  ] encoder.layer.norm1.bias | trainable=True | shape=(64,)
I 05.20/21:10:12 init.py:48  ] encoder.layer.norm2.weight | trainable=True | shape=(64,)
I 05.20/21:10:12 init.py:48  ] encoder.layer.norm2.bias | trainable=True | shape=(64,)
I 05.20/21:10:12 init.py:48  ] decoder.layer.self_attn.in_proj_weight | trainable=True | shape=(192, 64)
I 05.20/21:10:12 init.py:48  ] decoder.layer.self_attn.in_proj_bias | trainable=True | shape=(192,)
I 05.20/21:10:12 init.py:48  ] decoder.layer.self_attn.out_proj.weight | trainable=True | shape=(64, 64)
I 05.20/21:10:12 init.py:48  ] decoder.layer.self_attn.out_proj.bias | trainable=True | shape=(64,)
I 05.20/21:10:12 init.py:48  ] decoder.layer.multihead_attn.in_proj_weight | trainable=True | shape=(192, 64)
I 05.20/21:10:12 init.py:48  ] decoder.layer.multihead_attn.in_proj_bias | trainable=True | shape=(192,)
I 05.20/21:10:12 init.py:48  ] decoder.layer.multihead_attn.out_proj.weight | trainable=True | shape=(64, 64)
I 05.20/21:10:12 init.py:48  ] decoder.layer.multihead_attn.out_proj.bias | trainable=True | shape=(64,)
I 05.20/21:10:12 init.py:48  ] decoder.layer.linear1.weight | trainable=True | shape=(2048, 64)
I 05.20/21:10:12 init.py:48  ] decoder.layer.linear1.bias | trainable=True | shape=(2048,)
I 05.20/21:10:12 init.py:48  ] decoder.layer.linear2.weight | trainable=True | shape=(64, 2048)
I 05.20/21:10:12 init.py:48  ] decoder.layer.linear2.bias | trainable=True | shape=(64,)
I 05.20/21:10:12 init.py:48  ] decoder.layer.norm1.weight | trainable=True | shape=(64,)
I 05.20/21:10:12 init.py:48  ] decoder.layer.norm1.bias | trainable=True | shape=(64,)
I 05.20/21:10:12 init.py:48  ] decoder.layer.norm2.weight | trainable=True | shape=(64,)
I 05.20/21:10:12 init.py:48  ] decoder.layer.norm2.bias | trainable=True | shape=(64,)
I 05.20/21:10:12 init.py:48  ] decoder.layer.norm3.weight | trainable=True | shape=(64,)
I 05.20/21:10:12 init.py:48  ] decoder.layer.norm3.bias | trainable=True | shape=(64,)
I 05.20/21:10:12 init.py:48  ] decoder.norm.weight | trainable=True | shape=(64,)
I 05.20/21:10:12 init.py:48  ] decoder.norm.bias | trainable=True | shape=(64,)
I 05.20/21:10:12 init.py:48  ] fc_encoder.weight | trainable=True | shape=(2048, 8192)
I 05.20/21:10:12 init.py:48  ] fc_encoder.bias | trainable=True | shape=(2048,)
I 05.20/21:10:12 init.py:48  ] fc_decoder.weight | trainable=True | shape=(8192, 2048)
I 05.20/21:10:12 init.py:48  ] fc_decoder.bias | trainable=True | shape=(8192,)
I 05.20/21:10:12 init.py:49  ] **********
I 05.20/21:10:16 solver.py:151 ] => Train  Loss: 1.4955e+00

I 05.20/21:10:18 solver.py:151 ] => Train  Loss: 1.4569e+00

I 05.20/21:10:21 solver.py:151 ] => Train  Loss: 1.3670e+00

I 05.20/21:10:25 solver.py:151 ] => Train  Loss: 1.2325e+00

I 05.20/21:10:28 solver.py:151 ] => Train  Loss: 1.0749e+00

I 05.20/21:10:31 solver.py:151 ] => Train  Loss: 9.1857e-01

I 05.20/21:10:33 solver.py:151 ] => Train  Loss: 7.7769e-01

I 05.20/21:10:36 solver.py:151 ] => Train  Loss: 6.5617e-01

I 05.20/21:10:39 solver.py:151 ] => Train  Loss: 5.5636e-01

I 05.20/21:10:41 solver.py:151 ] => Train  Loss: 4.7277e-01

I 05.20/21:10:41 solver.py:151 ] => Val  Loss: 4.4750e-01

I 05.20/21:10:41 solver.py:285 ] => Test NMSE: -2.3715e+00

I 05.20/21:10:44 solver.py:206 ] 
=! Best NMSE: -2.3715e+00 (epoch=10)

I 05.20/21:10:47 solver.py:151 ] => Train  Loss: 4.0457e-01

I 05.20/21:10:48 solver.py:206 ] 
=! Best NMSE: -2.3715e+00 (epoch=10)

I 05.20/21:10:49 solver.py:151 ] => Train  Loss: 3.4900e-01

I 05.20/21:10:50 solver.py:206 ] 
=! Best NMSE: -2.3715e+00 (epoch=10)

I 05.20/21:10:52 solver.py:151 ] => Train  Loss: 3.0328e-01

I 05.20/21:10:53 solver.py:206 ] 
=! Best NMSE: -2.3715e+00 (epoch=10)

I 05.20/21:10:56 solver.py:151 ] => Train  Loss: 2.6705e-01

I 05.20/21:10:57 solver.py:206 ] 
=! Best NMSE: -2.3715e+00 (epoch=10)

I 05.20/21:11:00 solver.py:151 ] => Train  Loss: 2.3881e-01

I 05.20/21:11:01 solver.py:206 ] 
=! Best NMSE: -2.3715e+00 (epoch=10)

I 05.20/21:11:04 solver.py:151 ] => Train  Loss: 2.1625e-01

I 05.20/21:11:05 solver.py:206 ] 
=! Best NMSE: -2.3715e+00 (epoch=10)

I 05.20/21:11:08 solver.py:151 ] => Train  Loss: 1.9897e-01

I 05.20/21:11:09 solver.py:206 ] 
=! Best NMSE: -2.3715e+00 (epoch=10)

I 05.20/21:11:12 solver.py:151 ] => Train  Loss: 1.8510e-01

I 05.20/21:11:13 solver.py:206 ] 
=! Best NMSE: -2.3715e+00 (epoch=10)

I 05.20/21:11:15 solver.py:151 ] => Train  Loss: 1.7376e-01

I 05.20/21:11:16 solver.py:206 ] 
=! Best NMSE: -2.3715e+00 (epoch=10)

I 05.20/21:11:18 solver.py:151 ] => Train  Loss: 1.6473e-01

I 05.20/21:11:19 solver.py:151 ] => Val  Loss: 1.7225e-01

I 05.20/21:11:19 solver.py:285 ] => Test NMSE: -6.5913e+00

I 05.20/21:11:21 solver.py:206 ] 
=! Best NMSE: -6.5913e+00 (epoch=20)

I 05.20/21:11:23 solver.py:151 ] => Train  Loss: 1.5725e-01

I 05.20/21:11:24 solver.py:206 ] 
=! Best NMSE: -6.5913e+00 (epoch=20)

I 05.20/21:11:26 solver.py:151 ] => Train  Loss: 1.5078e-01

I 05.20/21:11:28 solver.py:206 ] 
=! Best NMSE: -6.5913e+00 (epoch=20)

I 05.20/21:11:30 solver.py:151 ] => Train  Loss: 1.4506e-01

I 05.20/21:11:31 solver.py:206 ] 
=! Best NMSE: -6.5913e+00 (epoch=20)

I 05.20/21:11:34 solver.py:151 ] => Train  Loss: 1.4006e-01

I 05.20/21:11:35 solver.py:206 ] 
=! Best NMSE: -6.5913e+00 (epoch=20)

I 05.20/21:11:37 solver.py:151 ] => Train  Loss: 1.3533e-01

I 05.20/21:11:38 solver.py:206 ] 
=! Best NMSE: -6.5913e+00 (epoch=20)

I 05.20/21:11:40 solver.py:151 ] => Train  Loss: 1.3102e-01

I 05.20/21:11:41 solver.py:206 ] 
=! Best NMSE: -6.5913e+00 (epoch=20)

I 05.20/21:11:42 solver.py:151 ] => Train  Loss: 1.2680e-01

I 05.20/21:11:43 solver.py:206 ] 
=! Best NMSE: -6.5913e+00 (epoch=20)

I 05.20/21:11:45 solver.py:151 ] => Train  Loss: 1.2305e-01

I 05.20/21:11:46 solver.py:206 ] 
=! Best NMSE: -6.5913e+00 (epoch=20)

I 05.20/21:11:48 solver.py:151 ] => Train  Loss: 1.1971e-01

I 05.20/21:11:49 solver.py:206 ] 
=! Best NMSE: -6.5913e+00 (epoch=20)

I 05.20/21:11:51 solver.py:151 ] => Train  Loss: 1.1619e-01

I 05.20/21:11:52 solver.py:151 ] => Val  Loss: 1.2436e-01

I 05.20/21:11:52 solver.py:285 ] => Test NMSE: -7.9774e+00

I 05.20/21:11:54 solver.py:206 ] 
=! Best NMSE: -7.9774e+00 (epoch=30)

I 05.20/21:11:56 solver.py:151 ] => Train  Loss: 1.1303e-01

I 05.20/21:11:57 solver.py:206 ] 
=! Best NMSE: -7.9774e+00 (epoch=30)

I 05.20/21:11:59 solver.py:151 ] => Train  Loss: 1.1005e-01

I 05.20/21:12:00 solver.py:206 ] 
=! Best NMSE: -7.9774e+00 (epoch=30)

I 05.20/21:12:01 solver.py:151 ] => Train  Loss: 1.0756e-01

I 05.20/21:12:03 solver.py:206 ] 
=! Best NMSE: -7.9774e+00 (epoch=30)

I 05.20/21:12:04 solver.py:151 ] => Train  Loss: 1.0486e-01

I 05.20/21:12:05 solver.py:206 ] 
=! Best NMSE: -7.9774e+00 (epoch=30)

I 05.20/21:12:07 solver.py:151 ] => Train  Loss: 1.0231e-01

I 05.20/21:12:09 solver.py:206 ] 
=! Best NMSE: -7.9774e+00 (epoch=30)

I 05.20/21:12:11 solver.py:151 ] => Train  Loss: 1.0000e-01

I 05.20/21:12:12 solver.py:206 ] 
=! Best NMSE: -7.9774e+00 (epoch=30)

I 05.20/21:12:13 solver.py:151 ] => Train  Loss: 9.7701e-02

I 05.20/21:12:14 solver.py:206 ] 
=! Best NMSE: -7.9774e+00 (epoch=30)

I 05.20/21:12:15 solver.py:151 ] => Train  Loss: 9.5481e-02

I 05.20/21:12:17 solver.py:206 ] 
=! Best NMSE: -7.9774e+00 (epoch=30)

I 05.20/21:12:19 solver.py:151 ] => Train  Loss: 9.3486e-02

I 05.20/21:12:20 solver.py:206 ] 
=! Best NMSE: -7.9774e+00 (epoch=30)

I 05.20/21:12:22 solver.py:151 ] => Train  Loss: 9.1412e-02

I 05.20/21:12:22 solver.py:151 ] => Val  Loss: 9.7710e-02

I 05.20/21:12:22 solver.py:285 ] => Test NMSE: -9.0198e+00

I 05.20/21:12:25 solver.py:206 ] 
=! Best NMSE: -9.0198e+00 (epoch=40)

I 05.20/21:12:26 solver.py:151 ] => Train  Loss: 8.9290e-02

I 05.20/21:12:27 solver.py:206 ] 
=! Best NMSE: -9.0198e+00 (epoch=40)

I 05.20/21:12:29 solver.py:151 ] => Train  Loss: 8.7329e-02

I 05.20/21:12:30 solver.py:206 ] 
=! Best NMSE: -9.0198e+00 (epoch=40)

I 05.20/21:12:31 solver.py:151 ] => Train  Loss: 8.5343e-02

I 05.20/21:12:33 solver.py:206 ] 
=! Best NMSE: -9.0198e+00 (epoch=40)

I 05.20/21:12:35 solver.py:151 ] => Train  Loss: 8.3531e-02

I 05.20/21:12:36 solver.py:206 ] 
=! Best NMSE: -9.0198e+00 (epoch=40)

I 05.20/21:12:38 solver.py:151 ] => Train  Loss: 8.1789e-02

I 05.20/21:12:40 solver.py:206 ] 
=! Best NMSE: -9.0198e+00 (epoch=40)

I 05.20/21:12:42 solver.py:151 ] => Train  Loss: 8.0182e-02

I 05.20/21:12:44 solver.py:206 ] 
=! Best NMSE: -9.0198e+00 (epoch=40)

I 05.20/21:12:46 solver.py:151 ] => Train  Loss: 7.8439e-02

I 05.20/21:12:47 solver.py:206 ] 
=! Best NMSE: -9.0198e+00 (epoch=40)

I 05.20/21:12:49 solver.py:151 ] => Train  Loss: 7.6888e-02

I 05.20/21:12:50 solver.py:206 ] 
=! Best NMSE: -9.0198e+00 (epoch=40)

I 05.20/21:12:53 solver.py:151 ] => Train  Loss: 7.5363e-02

I 05.20/21:12:54 solver.py:206 ] 
=! Best NMSE: -9.0198e+00 (epoch=40)

I 05.20/21:12:55 solver.py:151 ] => Train  Loss: 7.3890e-02

I 05.20/21:12:56 solver.py:151 ] => Val  Loss: 7.9267e-02

I 05.20/21:12:56 solver.py:285 ] => Test NMSE: -9.9458e+00

I 05.20/21:12:58 solver.py:206 ] 
=! Best NMSE: -9.9458e+00 (epoch=50)

I 05.20/21:13:00 solver.py:151 ] => Train  Loss: 7.2478e-02

I 05.20/21:13:01 solver.py:206 ] 
=! Best NMSE: -9.9458e+00 (epoch=50)

I 05.20/21:13:03 solver.py:151 ] => Train  Loss: 7.0988e-02

I 05.20/21:13:05 solver.py:206 ] 
=! Best NMSE: -9.9458e+00 (epoch=50)

I 05.20/21:13:07 solver.py:151 ] => Train  Loss: 6.9671e-02

I 05.20/21:13:09 solver.py:206 ] 
=! Best NMSE: -9.9458e+00 (epoch=50)

I 05.20/21:13:11 solver.py:151 ] => Train  Loss: 6.8373e-02

I 05.20/21:13:13 solver.py:206 ] 
=! Best NMSE: -9.9458e+00 (epoch=50)

I 05.20/21:13:15 solver.py:151 ] => Train  Loss: 6.7065e-02

I 05.20/21:13:18 solver.py:206 ] 
=! Best NMSE: -9.9458e+00 (epoch=50)

I 05.20/21:13:20 solver.py:151 ] => Train  Loss: 6.5806e-02

I 05.20/21:13:21 solver.py:206 ] 
=! Best NMSE: -9.9458e+00 (epoch=50)

I 05.20/21:13:24 solver.py:151 ] => Train  Loss: 6.4553e-02

I 05.20/21:13:26 solver.py:206 ] 
=! Best NMSE: -9.9458e+00 (epoch=50)

I 05.20/21:13:29 solver.py:151 ] => Train  Loss: 6.3392e-02

I 05.20/21:13:31 solver.py:206 ] 
=! Best NMSE: -9.9458e+00 (epoch=50)

I 05.20/21:13:33 solver.py:151 ] => Train  Loss: 6.2228e-02

I 05.20/21:13:34 solver.py:206 ] 
=! Best NMSE: -9.9458e+00 (epoch=50)

I 05.20/21:13:36 solver.py:151 ] => Train  Loss: 6.1015e-02

I 05.20/21:13:36 solver.py:151 ] => Val  Loss: 6.5749e-02

I 05.20/21:13:37 solver.py:285 ] => Test NMSE: -1.0787e+01

I 05.20/21:13:39 solver.py:206 ] 
=! Best NMSE: -1.0787e+01 (epoch=60)

I 05.20/21:13:40 solver.py:151 ] => Train  Loss: 5.9943e-02

I 05.20/21:13:42 solver.py:206 ] 
=! Best NMSE: -1.0787e+01 (epoch=60)

I 05.20/21:13:43 solver.py:151 ] => Train  Loss: 5.8786e-02

I 05.20/21:13:45 solver.py:206 ] 
=! Best NMSE: -1.0787e+01 (epoch=60)

I 05.20/21:13:47 solver.py:151 ] => Train  Loss: 5.7707e-02

I 05.20/21:13:48 solver.py:206 ] 
=! Best NMSE: -1.0787e+01 (epoch=60)

I 05.20/21:13:50 solver.py:151 ] => Train  Loss: 5.6650e-02

I 05.20/21:13:52 solver.py:206 ] 
=! Best NMSE: -1.0787e+01 (epoch=60)

I 05.20/21:13:54 solver.py:151 ] => Train  Loss: 5.5616e-02

I 05.20/21:13:56 solver.py:206 ] 
=! Best NMSE: -1.0787e+01 (epoch=60)

I 05.20/21:13:59 solver.py:151 ] => Train  Loss: 5.4622e-02

I 05.20/21:14:00 solver.py:206 ] 
=! Best NMSE: -1.0787e+01 (epoch=60)

I 05.20/21:14:03 solver.py:151 ] => Train  Loss: 5.3630e-02

I 05.20/21:14:04 solver.py:206 ] 
=! Best NMSE: -1.0787e+01 (epoch=60)

I 05.20/21:14:06 solver.py:151 ] => Train  Loss: 5.2594e-02

I 05.20/21:14:08 solver.py:206 ] 
=! Best NMSE: -1.0787e+01 (epoch=60)

I 05.20/21:14:10 solver.py:151 ] => Train  Loss: 5.1653e-02

I 05.20/21:14:11 solver.py:206 ] 
=! Best NMSE: -1.0787e+01 (epoch=60)

I 05.20/21:14:13 solver.py:151 ] => Train  Loss: 5.0648e-02

I 05.20/21:14:14 solver.py:151 ] => Val  Loss: 5.4863e-02

I 05.20/21:14:14 solver.py:285 ] => Test NMSE: -1.1602e+01

I 05.20/21:14:17 solver.py:206 ] 
=! Best NMSE: -1.1602e+01 (epoch=70)

I 05.20/21:14:19 solver.py:151 ] => Train  Loss: 4.9732e-02

I 05.20/21:14:20 solver.py:206 ] 
=! Best NMSE: -1.1602e+01 (epoch=70)

I 05.20/21:14:22 solver.py:151 ] => Train  Loss: 4.8902e-02

I 05.20/21:14:23 solver.py:206 ] 
=! Best NMSE: -1.1602e+01 (epoch=70)

I 05.20/21:14:24 solver.py:151 ] => Train  Loss: 4.8048e-02

I 05.20/21:14:25 solver.py:206 ] 
=! Best NMSE: -1.1602e+01 (epoch=70)

I 05.20/21:14:28 solver.py:151 ] => Train  Loss: 4.7151e-02

I 05.20/21:14:29 solver.py:206 ] 
=! Best NMSE: -1.1602e+01 (epoch=70)

I 05.20/21:14:32 solver.py:151 ] => Train  Loss: 4.6316e-02

I 05.20/21:14:33 solver.py:206 ] 
=! Best NMSE: -1.1602e+01 (epoch=70)

I 05.20/21:14:36 solver.py:151 ] => Train  Loss: 4.5408e-02

I 05.20/21:14:37 solver.py:206 ] 
=! Best NMSE: -1.1602e+01 (epoch=70)

I 05.20/21:14:40 solver.py:151 ] => Train  Loss: 4.4601e-02

I 05.20/21:14:42 solver.py:206 ] 
=! Best NMSE: -1.1602e+01 (epoch=70)

I 05.20/21:14:45 solver.py:151 ] => Train  Loss: 4.3764e-02

I 05.20/21:14:46 solver.py:206 ] 
=! Best NMSE: -1.1602e+01 (epoch=70)

I 05.20/21:14:49 solver.py:151 ] => Train  Loss: 4.2929e-02

I 05.20/21:14:50 solver.py:206 ] 
=! Best NMSE: -1.1602e+01 (epoch=70)

I 05.20/21:14:53 solver.py:151 ] => Train  Loss: 4.2157e-02

I 05.20/21:14:54 solver.py:151 ] => Val  Loss: 4.5982e-02

I 05.20/21:14:54 solver.py:285 ] => Test NMSE: -1.2402e+01

I 05.20/21:14:57 solver.py:206 ] 
=! Best NMSE: -1.2402e+01 (epoch=80)

I 05.20/21:14:59 solver.py:151 ] => Train  Loss: 4.1392e-02

I 05.20/21:15:00 solver.py:206 ] 
=! Best NMSE: -1.2402e+01 (epoch=80)

I 05.20/21:15:02 solver.py:151 ] => Train  Loss: 4.0711e-02

I 05.20/21:15:04 solver.py:206 ] 
=! Best NMSE: -1.2402e+01 (epoch=80)

I 05.20/21:15:06 solver.py:151 ] => Train  Loss: 3.9903e-02

I 05.20/21:15:07 solver.py:206 ] 
=! Best NMSE: -1.2402e+01 (epoch=80)

I 05.20/21:15:09 solver.py:151 ] => Train  Loss: 3.9179e-02

I 05.20/21:15:11 solver.py:206 ] 
=! Best NMSE: -1.2402e+01 (epoch=80)

I 05.20/21:15:15 solver.py:151 ] => Train  Loss: 3.8525e-02

I 05.20/21:15:17 solver.py:206 ] 
=! Best NMSE: -1.2402e+01 (epoch=80)

I 05.20/21:15:21 solver.py:151 ] => Train  Loss: 3.7762e-02

I 05.20/21:15:23 solver.py:206 ] 
=! Best NMSE: -1.2402e+01 (epoch=80)

I 05.20/21:15:26 solver.py:151 ] => Train  Loss: 3.7145e-02

I 05.20/21:15:28 solver.py:206 ] 
=! Best NMSE: -1.2402e+01 (epoch=80)

I 05.20/21:15:31 solver.py:151 ] => Train  Loss: 3.6447e-02

I 05.20/21:15:32 solver.py:206 ] 
=! Best NMSE: -1.2402e+01 (epoch=80)

I 05.20/21:15:34 solver.py:151 ] => Train  Loss: 3.5759e-02

I 05.20/21:15:35 solver.py:206 ] 
=! Best NMSE: -1.2402e+01 (epoch=80)

I 05.20/21:15:37 solver.py:151 ] => Train  Loss: 3.5133e-02

I 05.20/21:15:37 solver.py:151 ] => Val  Loss: 3.8641e-02

I 05.20/21:15:37 solver.py:285 ] => Test NMSE: -1.3200e+01

I 05.20/21:15:40 solver.py:206 ] 
=! Best NMSE: -1.3200e+01 (epoch=90)

I 05.20/21:15:41 solver.py:151 ] => Train  Loss: 3.4469e-02

I 05.20/21:15:42 solver.py:206 ] 
=! Best NMSE: -1.3200e+01 (epoch=90)

I 05.20/21:15:45 solver.py:151 ] => Train  Loss: 3.3861e-02

I 05.20/21:15:47 solver.py:206 ] 
=! Best NMSE: -1.3200e+01 (epoch=90)

I 05.20/21:15:49 solver.py:151 ] => Train  Loss: 3.3208e-02

I 05.20/21:15:51 solver.py:206 ] 
=! Best NMSE: -1.3200e+01 (epoch=90)

I 05.20/21:15:52 solver.py:151 ] => Train  Loss: 3.2683e-02

I 05.20/21:15:54 solver.py:206 ] 
=! Best NMSE: -1.3200e+01 (epoch=90)

I 05.20/21:15:56 solver.py:151 ] => Train  Loss: 3.2050e-02

I 05.20/21:15:58 solver.py:206 ] 
=! Best NMSE: -1.3200e+01 (epoch=90)

I 05.20/21:16:00 solver.py:151 ] => Train  Loss: 3.1474e-02

I 05.20/21:16:01 solver.py:206 ] 
=! Best NMSE: -1.3200e+01 (epoch=90)

I 05.20/21:16:03 solver.py:151 ] => Train  Loss: 3.0859e-02

I 05.20/21:16:04 solver.py:206 ] 
=! Best NMSE: -1.3200e+01 (epoch=90)

I 05.20/21:16:06 solver.py:151 ] => Train  Loss: 3.0350e-02

I 05.20/21:16:07 solver.py:206 ] 
=! Best NMSE: -1.3200e+01 (epoch=90)

I 05.20/21:16:09 solver.py:151 ] => Train  Loss: 2.9785e-02

I 05.20/21:16:11 solver.py:206 ] 
=! Best NMSE: -1.3200e+01 (epoch=90)

I 05.20/21:16:14 solver.py:151 ] => Train  Loss: 2.9274e-02

I 05.20/21:16:14 solver.py:151 ] => Val  Loss: 3.2577e-02

I 05.20/21:16:14 solver.py:285 ] => Test NMSE: -1.3985e+01

I 05.20/21:16:17 solver.py:206 ] 
=! Best NMSE: -1.3985e+01 (epoch=100)

I 05.20/21:16:19 solver.py:151 ] => Train  Loss: 2.8731e-02

I 05.20/21:16:21 solver.py:206 ] 
=! Best NMSE: -1.3985e+01 (epoch=100)

I 05.20/21:16:23 solver.py:151 ] => Train  Loss: 2.8266e-02

I 05.20/21:16:24 solver.py:206 ] 
=! Best NMSE: -1.3985e+01 (epoch=100)

I 05.20/21:16:26 solver.py:151 ] => Train  Loss: 2.7712e-02

I 05.20/21:16:27 solver.py:206 ] 
=! Best NMSE: -1.3985e+01 (epoch=100)

I 05.20/21:16:30 solver.py:151 ] => Train  Loss: 2.7229e-02

I 05.20/21:16:31 solver.py:206 ] 
=! Best NMSE: -1.3985e+01 (epoch=100)

I 05.20/21:16:33 solver.py:151 ] => Train  Loss: 2.6713e-02

I 05.20/21:16:35 solver.py:206 ] 
=! Best NMSE: -1.3985e+01 (epoch=100)

I 05.20/21:16:38 solver.py:151 ] => Train  Loss: 2.6291e-02

I 05.20/21:16:39 solver.py:206 ] 
=! Best NMSE: -1.3985e+01 (epoch=100)

I 05.20/21:16:42 solver.py:151 ] => Train  Loss: 2.5812e-02

I 05.20/21:16:44 solver.py:206 ] 
=! Best NMSE: -1.3985e+01 (epoch=100)

I 05.20/21:16:46 solver.py:151 ] => Train  Loss: 2.5371e-02

I 05.20/21:16:47 solver.py:206 ] 
=! Best NMSE: -1.3985e+01 (epoch=100)

I 05.20/21:16:49 solver.py:151 ] => Train  Loss: 2.4940e-02

I 05.20/21:16:50 solver.py:206 ] 
=! Best NMSE: -1.3985e+01 (epoch=100)

I 05.20/21:16:52 solver.py:151 ] => Train  Loss: 2.4509e-02

I 05.20/21:16:52 solver.py:151 ] => Val  Loss: 2.7642e-02

I 05.20/21:16:53 solver.py:285 ] => Test NMSE: -1.4758e+01

I 05.20/21:16:56 solver.py:206 ] 
=! Best NMSE: -1.4758e+01 (epoch=110)

I 05.20/21:16:59 solver.py:151 ] => Train  Loss: 2.4071e-02

I 05.20/21:17:00 solver.py:206 ] 
=! Best NMSE: -1.4758e+01 (epoch=110)

I 05.20/21:17:03 solver.py:151 ] => Train  Loss: 2.3661e-02

I 05.20/21:17:04 solver.py:206 ] 
=! Best NMSE: -1.4758e+01 (epoch=110)

I 05.20/21:17:05 solver.py:151 ] => Train  Loss: 2.3271e-02

I 05.20/21:17:07 solver.py:206 ] 
=! Best NMSE: -1.4758e+01 (epoch=110)

I 05.20/21:17:08 solver.py:151 ] => Train  Loss: 2.2953e-02

I 05.20/21:17:09 solver.py:206 ] 
=! Best NMSE: -1.4758e+01 (epoch=110)

I 05.20/21:17:12 solver.py:151 ] => Train  Loss: 2.2522e-02

I 05.20/21:17:14 solver.py:206 ] 
=! Best NMSE: -1.4758e+01 (epoch=110)

I 05.20/21:17:15 solver.py:151 ] => Train  Loss: 2.2080e-02

I 05.20/21:17:17 solver.py:206 ] 
=! Best NMSE: -1.4758e+01 (epoch=110)

I 05.20/21:17:18 solver.py:151 ] => Train  Loss: 2.1768e-02

I 05.20/21:17:20 solver.py:206 ] 
=! Best NMSE: -1.4758e+01 (epoch=110)

I 05.20/21:17:23 solver.py:151 ] => Train  Loss: 2.1364e-02

I 05.20/21:17:24 solver.py:206 ] 
=! Best NMSE: -1.4758e+01 (epoch=110)

I 05.20/21:17:27 solver.py:151 ] => Train  Loss: 2.1035e-02

I 05.20/21:17:29 solver.py:206 ] 
=! Best NMSE: -1.4758e+01 (epoch=110)

I 05.20/21:17:33 solver.py:151 ] => Train  Loss: 2.0658e-02

I 05.20/21:17:33 solver.py:151 ] => Val  Loss: 2.3714e-02

I 05.20/21:17:33 solver.py:285 ] => Test NMSE: -1.5481e+01

I 05.20/21:17:37 solver.py:206 ] 
=! Best NMSE: -1.5481e+01 (epoch=120)

I 05.20/21:17:39 solver.py:151 ] => Train  Loss: 2.0346e-02

I 05.20/21:17:40 solver.py:206 ] 
=! Best NMSE: -1.5481e+01 (epoch=120)

I 05.20/21:17:43 solver.py:151 ] => Train  Loss: 2.0013e-02

I 05.20/21:17:44 solver.py:206 ] 
=! Best NMSE: -1.5481e+01 (epoch=120)

I 05.20/21:17:47 solver.py:151 ] => Train  Loss: 1.9720e-02

I 05.20/21:17:49 solver.py:206 ] 
=! Best NMSE: -1.5481e+01 (epoch=120)

I 05.20/21:17:52 solver.py:151 ] => Train  Loss: 1.9414e-02

I 05.20/21:17:54 solver.py:206 ] 
=! Best NMSE: -1.5481e+01 (epoch=120)

I 05.20/21:17:56 solver.py:151 ] => Train  Loss: 1.9138e-02

I 05.20/21:17:58 solver.py:206 ] 
=! Best NMSE: -1.5481e+01 (epoch=120)

I 05.20/21:18:00 solver.py:151 ] => Train  Loss: 1.8803e-02

I 05.20/21:18:01 solver.py:206 ] 
=! Best NMSE: -1.5481e+01 (epoch=120)

I 05.20/21:18:04 solver.py:151 ] => Train  Loss: 1.8524e-02

I 05.20/21:18:05 solver.py:206 ] 
=! Best NMSE: -1.5481e+01 (epoch=120)

I 05.20/21:18:07 solver.py:151 ] => Train  Loss: 1.8246e-02

I 05.20/21:18:08 solver.py:206 ] 
=! Best NMSE: -1.5481e+01 (epoch=120)

I 05.20/21:18:10 solver.py:151 ] => Train  Loss: 1.7997e-02

I 05.20/21:18:12 solver.py:206 ] 
=! Best NMSE: -1.5481e+01 (epoch=120)

I 05.20/21:18:13 solver.py:151 ] => Train  Loss: 1.7722e-02

I 05.20/21:18:14 solver.py:151 ] => Val  Loss: 2.0641e-02

I 05.20/21:18:14 solver.py:285 ] => Test NMSE: -1.6144e+01

I 05.20/21:18:18 solver.py:206 ] 
=! Best NMSE: -1.6144e+01 (epoch=130)

I 05.20/21:18:21 solver.py:151 ] => Train  Loss: 1.7479e-02

I 05.20/21:18:23 solver.py:206 ] 
=! Best NMSE: -1.6144e+01 (epoch=130)

I 05.20/21:18:26 solver.py:151 ] => Train  Loss: 1.7211e-02

I 05.20/21:18:29 solver.py:206 ] 
=! Best NMSE: -1.6144e+01 (epoch=130)

I 05.20/21:18:31 solver.py:151 ] => Train  Loss: 1.6998e-02

I 05.20/21:18:33 solver.py:206 ] 
=! Best NMSE: -1.6144e+01 (epoch=130)

I 05.20/21:18:35 solver.py:151 ] => Train  Loss: 1.6782e-02

I 05.20/21:18:36 solver.py:206 ] 
=! Best NMSE: -1.6144e+01 (epoch=130)

I 05.20/21:18:37 solver.py:151 ] => Train  Loss: 1.6562e-02

I 05.20/21:18:39 solver.py:206 ] 
=! Best NMSE: -1.6144e+01 (epoch=130)

I 05.20/21:18:41 solver.py:151 ] => Train  Loss: 1.6389e-02

I 05.20/21:18:42 solver.py:206 ] 
=! Best NMSE: -1.6144e+01 (epoch=130)

I 05.20/21:18:45 solver.py:151 ] => Train  Loss: 1.6118e-02

I 05.20/21:18:47 solver.py:206 ] 
=! Best NMSE: -1.6144e+01 (epoch=130)

I 05.20/21:18:49 solver.py:151 ] => Train  Loss: 1.5941e-02

I 05.20/21:18:50 solver.py:206 ] 
=! Best NMSE: -1.6144e+01 (epoch=130)

I 05.20/21:18:53 solver.py:151 ] => Train  Loss: 1.5731e-02

I 05.20/21:18:54 solver.py:206 ] 
=! Best NMSE: -1.6144e+01 (epoch=130)

I 05.20/21:18:56 solver.py:151 ] => Train  Loss: 1.5563e-02

I 05.20/21:18:57 solver.py:151 ] => Val  Loss: 1.8391e-02

I 05.20/21:18:57 solver.py:285 ] => Test NMSE: -1.6705e+01

I 05.20/21:19:01 solver.py:206 ] 
=! Best NMSE: -1.6705e+01 (epoch=140)

I 05.20/21:19:03 solver.py:151 ] => Train  Loss: 1.5381e-02

I 05.20/21:19:04 solver.py:206 ] 
=! Best NMSE: -1.6705e+01 (epoch=140)

I 05.20/21:19:07 solver.py:151 ] => Train  Loss: 1.5215e-02

I 05.20/21:19:09 solver.py:206 ] 
=! Best NMSE: -1.6705e+01 (epoch=140)

I 05.20/21:19:11 solver.py:151 ] => Train  Loss: 1.5035e-02

I 05.20/21:19:12 solver.py:206 ] 
=! Best NMSE: -1.6705e+01 (epoch=140)

I 05.20/21:19:15 solver.py:151 ] => Train  Loss: 1.4894e-02

I 05.20/21:19:16 solver.py:206 ] 
=! Best NMSE: -1.6705e+01 (epoch=140)

I 05.20/21:19:19 solver.py:151 ] => Train  Loss: 1.4705e-02

I 05.20/21:19:20 solver.py:206 ] 
=! Best NMSE: -1.6705e+01 (epoch=140)

I 05.20/21:19:21 solver.py:151 ] => Train  Loss: 1.4576e-02

I 05.20/21:19:23 solver.py:206 ] 
=! Best NMSE: -1.6705e+01 (epoch=140)

I 05.20/21:19:26 solver.py:151 ] => Train  Loss: 1.4452e-02

I 05.20/21:19:27 solver.py:206 ] 
=! Best NMSE: -1.6705e+01 (epoch=140)

I 05.20/21:19:30 solver.py:151 ] => Train  Loss: 1.4276e-02

I 05.20/21:19:32 solver.py:206 ] 
=! Best NMSE: -1.6705e+01 (epoch=140)

I 05.20/21:19:35 solver.py:151 ] => Train  Loss: 1.4157e-02

I 05.20/21:19:37 solver.py:206 ] 
=! Best NMSE: -1.6705e+01 (epoch=140)

I 05.20/21:19:39 solver.py:151 ] => Train  Loss: 1.4035e-02

I 05.20/21:19:39 solver.py:151 ] => Val  Loss: 1.6793e-02

I 05.20/21:19:39 solver.py:285 ] => Test NMSE: -1.7140e+01

I 05.20/21:19:43 solver.py:206 ] 
=! Best NMSE: -1.7140e+01 (epoch=150)

I 05.20/21:19:44 solver.py:151 ] => Train  Loss: 1.3910e-02

I 05.20/21:19:46 solver.py:206 ] 
=! Best NMSE: -1.7140e+01 (epoch=150)

I 05.20/21:19:47 solver.py:151 ] => Train  Loss: 1.3798e-02

I 05.20/21:19:48 solver.py:206 ] 
=! Best NMSE: -1.7140e+01 (epoch=150)

I 05.20/21:19:49 solver.py:151 ] => Train  Loss: 1.3652e-02

I 05.20/21:19:50 solver.py:206 ] 
=! Best NMSE: -1.7140e+01 (epoch=150)

I 05.20/21:19:52 solver.py:151 ] => Train  Loss: 1.3557e-02

I 05.20/21:19:53 solver.py:206 ] 
=! Best NMSE: -1.7140e+01 (epoch=150)

I 05.20/21:19:56 solver.py:151 ] => Train  Loss: 1.3491e-02

I 05.20/21:19:57 solver.py:206 ] 
=! Best NMSE: -1.7140e+01 (epoch=150)

I 05.20/21:20:00 solver.py:151 ] => Train  Loss: 1.3374e-02

I 05.20/21:20:02 solver.py:206 ] 
=! Best NMSE: -1.7140e+01 (epoch=150)

I 05.20/21:20:03 solver.py:151 ] => Train  Loss: 1.3241e-02

I 05.20/21:20:05 solver.py:206 ] 
=! Best NMSE: -1.7140e+01 (epoch=150)

I 05.20/21:20:07 solver.py:151 ] => Train  Loss: 1.3155e-02

I 05.20/21:20:08 solver.py:206 ] 
=! Best NMSE: -1.7140e+01 (epoch=150)

I 05.20/21:20:10 solver.py:151 ] => Train  Loss: 1.3070e-02

I 05.20/21:20:11 solver.py:206 ] 
=! Best NMSE: -1.7140e+01 (epoch=150)

I 05.20/21:20:12 solver.py:151 ] => Train  Loss: 1.2993e-02

I 05.20/21:20:12 solver.py:151 ] => Val  Loss: 1.5698e-02

I 05.20/21:20:12 solver.py:285 ] => Test NMSE: -1.7475e+01

I 05.20/21:20:15 solver.py:206 ] 
=! Best NMSE: -1.7475e+01 (epoch=160)

I 05.20/21:20:17 solver.py:151 ] => Train  Loss: 1.2938e-02

I 05.20/21:20:20 solver.py:206 ] 
=! Best NMSE: -1.7475e+01 (epoch=160)

I 05.20/21:20:22 solver.py:151 ] => Train  Loss: 1.2841e-02

I 05.20/21:20:23 solver.py:206 ] 
=! Best NMSE: -1.7475e+01 (epoch=160)

I 05.20/21:20:25 solver.py:151 ] => Train  Loss: 1.2762e-02

I 05.20/21:20:26 solver.py:206 ] 
=! Best NMSE: -1.7475e+01 (epoch=160)

I 05.20/21:20:27 solver.py:151 ] => Train  Loss: 1.2645e-02

I 05.20/21:20:28 solver.py:206 ] 
=! Best NMSE: -1.7475e+01 (epoch=160)

I 05.20/21:20:30 solver.py:151 ] => Train  Loss: 1.2607e-02

I 05.20/21:20:32 solver.py:206 ] 
=! Best NMSE: -1.7475e+01 (epoch=160)

I 05.20/21:20:34 solver.py:151 ] => Train  Loss: 1.2503e-02

I 05.20/21:20:36 solver.py:206 ] 
=! Best NMSE: -1.7475e+01 (epoch=160)

I 05.20/21:20:38 solver.py:151 ] => Train  Loss: 1.2503e-02

I 05.20/21:20:40 solver.py:206 ] 
=! Best NMSE: -1.7475e+01 (epoch=160)

I 05.20/21:20:42 solver.py:151 ] => Train  Loss: 1.2374e-02

I 05.20/21:20:44 solver.py:206 ] 
=! Best NMSE: -1.7475e+01 (epoch=160)

I 05.20/21:20:46 solver.py:151 ] => Train  Loss: 1.2350e-02

I 05.20/21:20:48 solver.py:206 ] 
=! Best NMSE: -1.7475e+01 (epoch=160)

I 05.20/21:20:50 solver.py:151 ] => Train  Loss: 1.2285e-02

I 05.20/21:20:50 solver.py:151 ] => Val  Loss: 1.4941e-02

I 05.20/21:20:50 solver.py:285 ] => Test NMSE: -1.7709e+01

I 05.20/21:20:53 solver.py:206 ] 
=! Best NMSE: -1.7709e+01 (epoch=170)

I 05.20/21:20:55 solver.py:151 ] => Train  Loss: 1.2235e-02

I 05.20/21:20:57 solver.py:206 ] 
=! Best NMSE: -1.7709e+01 (epoch=170)

I 05.20/21:20:59 solver.py:151 ] => Train  Loss: 1.2168e-02

I 05.20/21:21:01 solver.py:206 ] 
=! Best NMSE: -1.7709e+01 (epoch=170)

I 05.20/21:21:02 solver.py:151 ] => Train  Loss: 1.2151e-02

I 05.20/21:21:04 solver.py:206 ] 
=! Best NMSE: -1.7709e+01 (epoch=170)

I 05.20/21:21:05 solver.py:151 ] => Train  Loss: 1.2097e-02

I 05.20/21:21:06 solver.py:206 ] 
=! Best NMSE: -1.7709e+01 (epoch=170)

I 05.20/21:21:08 solver.py:151 ] => Train  Loss: 1.2024e-02

I 05.20/21:21:09 solver.py:206 ] 
=! Best NMSE: -1.7709e+01 (epoch=170)

I 05.20/21:21:11 solver.py:151 ] => Train  Loss: 1.2022e-02

I 05.20/21:21:13 solver.py:206 ] 
=! Best NMSE: -1.7709e+01 (epoch=170)

I 05.20/21:21:15 solver.py:151 ] => Train  Loss: 1.1972e-02

I 05.20/21:21:17 solver.py:206 ] 
=! Best NMSE: -1.7709e+01 (epoch=170)

I 05.20/21:21:20 solver.py:151 ] => Train  Loss: 1.1932e-02

I 05.20/21:21:21 solver.py:206 ] 
=! Best NMSE: -1.7709e+01 (epoch=170)

I 05.20/21:21:24 solver.py:151 ] => Train  Loss: 1.1885e-02

I 05.20/21:21:25 solver.py:206 ] 
=! Best NMSE: -1.7709e+01 (epoch=170)

I 05.20/21:21:26 solver.py:151 ] => Train  Loss: 1.1826e-02

I 05.20/21:21:26 solver.py:151 ] => Val  Loss: 1.4460e-02

I 05.20/21:21:26 solver.py:285 ] => Test NMSE: -1.7871e+01

I 05.20/21:21:30 solver.py:206 ] 
=! Best NMSE: -1.7871e+01 (epoch=180)

I 05.20/21:21:32 solver.py:151 ] => Train  Loss: 1.1835e-02

I 05.20/21:21:34 solver.py:206 ] 
=! Best NMSE: -1.7871e+01 (epoch=180)

I 05.20/21:21:36 solver.py:151 ] => Train  Loss: 1.1770e-02

I 05.20/21:21:38 solver.py:206 ] 
=! Best NMSE: -1.7871e+01 (epoch=180)

I 05.20/21:21:39 solver.py:151 ] => Train  Loss: 1.1737e-02

I 05.20/21:21:40 solver.py:206 ] 
=! Best NMSE: -1.7871e+01 (epoch=180)

I 05.20/21:21:42 solver.py:151 ] => Train  Loss: 1.1718e-02

I 05.20/21:21:44 solver.py:206 ] 
=! Best NMSE: -1.7871e+01 (epoch=180)

I 05.20/21:21:46 solver.py:151 ] => Train  Loss: 1.1667e-02

I 05.20/21:21:48 solver.py:206 ] 
=! Best NMSE: -1.7871e+01 (epoch=180)

I 05.20/21:21:50 solver.py:151 ] => Train  Loss: 1.1659e-02

I 05.20/21:21:51 solver.py:206 ] 
=! Best NMSE: -1.7871e+01 (epoch=180)

I 05.20/21:21:53 solver.py:151 ] => Train  Loss: 1.1626e-02

I 05.20/21:21:55 solver.py:206 ] 
=! Best NMSE: -1.7871e+01 (epoch=180)

I 05.20/21:21:56 solver.py:151 ] => Train  Loss: 1.1573e-02

I 05.20/21:21:58 solver.py:206 ] 
=! Best NMSE: -1.7871e+01 (epoch=180)

I 05.20/21:21:59 solver.py:151 ] => Train  Loss: 1.1547e-02

I 05.20/21:22:00 solver.py:206 ] 
=! Best NMSE: -1.7871e+01 (epoch=180)

I 05.20/21:22:01 solver.py:151 ] => Train  Loss: 1.1528e-02

I 05.20/21:22:01 solver.py:151 ] => Val  Loss: 1.4105e-02

I 05.20/21:22:02 solver.py:285 ] => Test NMSE: -1.7979e+01

I 05.20/21:22:05 solver.py:206 ] 
=! Best NMSE: -1.7979e+01 (epoch=190)

I 05.20/21:22:06 solver.py:151 ] => Train  Loss: 1.1506e-02

I 05.20/21:22:07 solver.py:206 ] 
=! Best NMSE: -1.7979e+01 (epoch=190)

I 05.20/21:22:08 solver.py:151 ] => Train  Loss: 1.1497e-02

I 05.20/21:22:09 solver.py:206 ] 
=! Best NMSE: -1.7979e+01 (epoch=190)

I 05.20/21:22:11 solver.py:151 ] => Train  Loss: 1.1482e-02

I 05.20/21:22:13 solver.py:206 ] 
=! Best NMSE: -1.7979e+01 (epoch=190)

I 05.20/21:22:14 solver.py:151 ] => Train  Loss: 1.1433e-02

I 05.20/21:22:15 solver.py:206 ] 
=! Best NMSE: -1.7979e+01 (epoch=190)

I 05.20/21:22:17 solver.py:151 ] => Train  Loss: 1.1460e-02

I 05.20/21:22:18 solver.py:206 ] 
=! Best NMSE: -1.7979e+01 (epoch=190)

I 05.20/21:22:20 solver.py:151 ] => Train  Loss: 1.1425e-02

I 05.20/21:22:21 solver.py:206 ] 
=! Best NMSE: -1.7979e+01 (epoch=190)

I 05.20/21:22:23 solver.py:151 ] => Train  Loss: 1.1401e-02

I 05.20/21:22:25 solver.py:206 ] 
=! Best NMSE: -1.7979e+01 (epoch=190)

I 05.20/21:22:27 solver.py:151 ] => Train  Loss: 1.1390e-02

I 05.20/21:22:28 solver.py:206 ] 
=! Best NMSE: -1.7979e+01 (epoch=190)

I 05.20/21:22:30 solver.py:151 ] => Train  Loss: 1.1321e-02

I 05.20/21:22:31 solver.py:206 ] 
=! Best NMSE: -1.7979e+01 (epoch=190)

I 05.20/21:22:32 solver.py:151 ] => Train  Loss: 1.1354e-02

I 05.20/21:22:33 solver.py:151 ] => Val  Loss: 1.3859e-02

I 05.20/21:22:33 solver.py:285 ] => Test NMSE: -1.8061e+01

I 05.20/21:22:36 solver.py:206 ] 
=! Best NMSE: -1.8061e+01 (epoch=200)

I 05.20/21:22:39 solver.py:151 ] => Train  Loss: 1.1306e-02

I 05.20/21:22:41 solver.py:206 ] 
=! Best NMSE: -1.8061e+01 (epoch=200)

I 05.20/21:22:43 solver.py:151 ] => Train  Loss: 1.1320e-02

I 05.20/21:22:44 solver.py:206 ] 
=! Best NMSE: -1.8061e+01 (epoch=200)

I 05.20/21:22:47 solver.py:151 ] => Train  Loss: 1.1284e-02

I 05.20/21:22:48 solver.py:206 ] 
=! Best NMSE: -1.8061e+01 (epoch=200)

I 05.20/21:22:49 solver.py:151 ] => Train  Loss: 1.1284e-02

I 05.20/21:22:51 solver.py:206 ] 
=! Best NMSE: -1.8061e+01 (epoch=200)

I 05.20/21:22:53 solver.py:151 ] => Train  Loss: 1.1246e-02

I 05.20/21:22:55 solver.py:206 ] 
=! Best NMSE: -1.8061e+01 (epoch=200)

I 05.20/21:22:56 solver.py:151 ] => Train  Loss: 1.1250e-02

I 05.20/21:22:58 solver.py:206 ] 
=! Best NMSE: -1.8061e+01 (epoch=200)

I 05.20/21:22:59 solver.py:151 ] => Train  Loss: 1.1247e-02

I 05.20/21:23:00 solver.py:206 ] 
=! Best NMSE: -1.8061e+01 (epoch=200)

I 05.20/21:23:02 solver.py:151 ] => Train  Loss: 1.1194e-02

I 05.20/21:23:03 solver.py:206 ] 
=! Best NMSE: -1.8061e+01 (epoch=200)

I 05.20/21:23:05 solver.py:151 ] => Train  Loss: 1.1190e-02

I 05.20/21:23:06 solver.py:206 ] 
=! Best NMSE: -1.8061e+01 (epoch=200)

I 05.20/21:23:09 solver.py:151 ] => Train  Loss: 1.1190e-02

I 05.20/21:23:09 solver.py:151 ] => Val  Loss: 1.3667e-02

I 05.20/21:23:09 solver.py:285 ] => Test NMSE: -1.8120e+01

I 05.20/21:23:12 solver.py:206 ] 
=! Best NMSE: -1.8120e+01 (epoch=210)

I 05.20/21:23:14 solver.py:151 ] => Train  Loss: 1.1191e-02

I 05.20/21:23:16 solver.py:206 ] 
=! Best NMSE: -1.8120e+01 (epoch=210)

I 05.20/21:23:18 solver.py:151 ] => Train  Loss: 1.1176e-02

I 05.20/21:23:19 solver.py:206 ] 
=! Best NMSE: -1.8120e+01 (epoch=210)

I 05.20/21:23:20 solver.py:151 ] => Train  Loss: 1.1163e-02

I 05.20/21:23:21 solver.py:206 ] 
=! Best NMSE: -1.8120e+01 (epoch=210)

I 05.20/21:23:23 solver.py:151 ] => Train  Loss: 1.1154e-02

I 05.20/21:23:25 solver.py:206 ] 
=! Best NMSE: -1.8120e+01 (epoch=210)

I 05.20/21:23:26 solver.py:151 ] => Train  Loss: 1.1108e-02

I 05.20/21:23:27 solver.py:206 ] 
=! Best NMSE: -1.8120e+01 (epoch=210)

I 05.20/21:23:28 solver.py:151 ] => Train  Loss: 1.1099e-02

I 05.20/21:23:29 solver.py:206 ] 
=! Best NMSE: -1.8120e+01 (epoch=210)

I 05.20/21:23:31 solver.py:151 ] => Train  Loss: 1.1113e-02

I 05.20/21:23:32 solver.py:206 ] 
=! Best NMSE: -1.8120e+01 (epoch=210)

I 05.20/21:23:34 solver.py:151 ] => Train  Loss: 1.1122e-02

I 05.20/21:23:36 solver.py:206 ] 
=! Best NMSE: -1.8120e+01 (epoch=210)

I 05.20/21:23:38 solver.py:151 ] => Train  Loss: 1.1066e-02

I 05.20/21:23:40 solver.py:206 ] 
=! Best NMSE: -1.8120e+01 (epoch=210)

I 05.20/21:23:42 solver.py:151 ] => Train  Loss: 1.1095e-02

I 05.20/21:23:42 solver.py:151 ] => Val  Loss: 1.3521e-02

I 05.20/21:23:42 solver.py:285 ] => Test NMSE: -1.8166e+01

I 05.20/21:23:45 solver.py:206 ] 
=! Best NMSE: -1.8166e+01 (epoch=220)

I 05.20/21:23:47 solver.py:151 ] => Train  Loss: 1.1044e-02

I 05.20/21:23:48 solver.py:206 ] 
=! Best NMSE: -1.8166e+01 (epoch=220)

I 05.20/21:23:49 solver.py:151 ] => Train  Loss: 1.1044e-02

I 05.20/21:23:50 solver.py:206 ] 
=! Best NMSE: -1.8166e+01 (epoch=220)

I 05.20/21:23:52 solver.py:151 ] => Train  Loss: 1.1070e-02

I 05.20/21:23:53 solver.py:206 ] 
=! Best NMSE: -1.8166e+01 (epoch=220)

I 05.20/21:23:54 solver.py:151 ] => Train  Loss: 1.1052e-02

I 05.20/21:23:57 solver.py:206 ] 
=! Best NMSE: -1.8166e+01 (epoch=220)

I 05.20/21:23:59 solver.py:151 ] => Train  Loss: 1.1046e-02

I 05.20/21:24:01 solver.py:206 ] 
=! Best NMSE: -1.8166e+01 (epoch=220)

I 05.20/21:24:03 solver.py:151 ] => Train  Loss: 1.1051e-02

I 05.20/21:24:05 solver.py:206 ] 
=! Best NMSE: -1.8166e+01 (epoch=220)

I 05.20/21:24:07 solver.py:151 ] => Train  Loss: 1.1030e-02

I 05.20/21:24:08 solver.py:206 ] 
=! Best NMSE: -1.8166e+01 (epoch=220)

I 05.20/21:24:09 solver.py:151 ] => Train  Loss: 1.1033e-02

I 05.20/21:24:11 solver.py:206 ] 
=! Best NMSE: -1.8166e+01 (epoch=220)

I 05.20/21:24:12 solver.py:151 ] => Train  Loss: 1.0979e-02

I 05.20/21:24:14 solver.py:206 ] 
=! Best NMSE: -1.8166e+01 (epoch=220)

I 05.20/21:24:16 solver.py:151 ] => Train  Loss: 1.0993e-02

I 05.20/21:24:16 solver.py:151 ] => Val  Loss: 1.3410e-02

I 05.20/21:24:17 solver.py:285 ] => Test NMSE: -1.8208e+01

I 05.20/21:24:20 solver.py:206 ] 
=! Best NMSE: -1.8208e+01 (epoch=230)

I 05.20/21:24:22 solver.py:151 ] => Train  Loss: 1.0962e-02

I 05.20/21:24:24 solver.py:206 ] 
=! Best NMSE: -1.8208e+01 (epoch=230)

I 05.20/21:24:25 solver.py:151 ] => Train  Loss: 1.0950e-02

I 05.20/21:24:27 solver.py:206 ] 
=! Best NMSE: -1.8208e+01 (epoch=230)

I 05.20/21:24:28 solver.py:151 ] => Train  Loss: 1.0957e-02

I 05.20/21:24:29 solver.py:206 ] 
=! Best NMSE: -1.8208e+01 (epoch=230)

I 05.20/21:24:30 solver.py:151 ] => Train  Loss: 1.0973e-02

I 05.20/21:24:32 solver.py:206 ] 
=! Best NMSE: -1.8208e+01 (epoch=230)

I 05.20/21:24:33 solver.py:151 ] => Train  Loss: 1.0978e-02

I 05.20/21:24:35 solver.py:206 ] 
=! Best NMSE: -1.8208e+01 (epoch=230)

I 05.20/21:24:36 solver.py:151 ] => Train  Loss: 1.0963e-02

I 05.20/21:24:38 solver.py:206 ] 
=! Best NMSE: -1.8208e+01 (epoch=230)

I 05.20/21:24:39 solver.py:151 ] => Train  Loss: 1.0930e-02

I 05.20/21:24:41 solver.py:206 ] 
=! Best NMSE: -1.8208e+01 (epoch=230)

I 05.20/21:24:42 solver.py:151 ] => Train  Loss: 1.0946e-02

I 05.20/21:24:43 solver.py:206 ] 
=! Best NMSE: -1.8208e+01 (epoch=230)

I 05.20/21:24:45 solver.py:151 ] => Train  Loss: 1.0948e-02

I 05.20/21:24:46 solver.py:206 ] 
=! Best NMSE: -1.8208e+01 (epoch=230)

I 05.20/21:24:47 solver.py:151 ] => Train  Loss: 1.0962e-02

I 05.20/21:24:48 solver.py:151 ] => Val  Loss: 1.3324e-02

I 05.20/21:24:48 solver.py:285 ] => Test NMSE: -1.8237e+01

I 05.20/21:24:51 solver.py:206 ] 
=! Best NMSE: -1.8237e+01 (epoch=240)

I 05.20/21:24:52 solver.py:151 ] => Train  Loss: 1.0890e-02

I 05.20/21:24:54 solver.py:206 ] 
=! Best NMSE: -1.8237e+01 (epoch=240)

I 05.20/21:24:55 solver.py:151 ] => Train  Loss: 1.0891e-02

I 05.20/21:24:56 solver.py:206 ] 
=! Best NMSE: -1.8237e+01 (epoch=240)

I 05.20/21:24:57 solver.py:151 ] => Train  Loss: 1.0913e-02

I 05.20/21:24:59 solver.py:206 ] 
=! Best NMSE: -1.8237e+01 (epoch=240)

I 05.20/21:25:01 solver.py:151 ] => Train  Loss: 1.0886e-02

I 05.20/21:25:03 solver.py:206 ] 
=! Best NMSE: -1.8237e+01 (epoch=240)

I 05.20/21:25:05 solver.py:151 ] => Train  Loss: 1.0875e-02

I 05.20/21:25:07 solver.py:206 ] 
=! Best NMSE: -1.8237e+01 (epoch=240)

I 05.20/21:25:08 solver.py:151 ] => Train  Loss: 1.0912e-02

I 05.20/21:25:10 solver.py:206 ] 
=! Best NMSE: -1.8237e+01 (epoch=240)

I 05.20/21:25:12 solver.py:151 ] => Train  Loss: 1.0892e-02

I 05.20/21:25:13 solver.py:206 ] 
=! Best NMSE: -1.8237e+01 (epoch=240)

I 05.20/21:25:15 solver.py:151 ] => Train  Loss: 1.0879e-02

I 05.20/21:25:16 solver.py:206 ] 
=! Best NMSE: -1.8237e+01 (epoch=240)

I 05.20/21:25:17 solver.py:151 ] => Train  Loss: 1.0889e-02

I 05.20/21:25:19 solver.py:206 ] 
=! Best NMSE: -1.8237e+01 (epoch=240)

I 05.20/21:25:20 solver.py:151 ] => Train  Loss: 1.0854e-02

I 05.20/21:25:20 solver.py:151 ] => Val  Loss: 1.3234e-02

I 05.20/21:25:21 solver.py:285 ] => Test NMSE: -1.8265e+01

I 05.20/21:25:24 solver.py:206 ] 
=! Best NMSE: -1.8265e+01 (epoch=250)

I 05.20/21:25:25 solver.py:151 ] => Train  Loss: 1.0879e-02

I 05.20/21:25:26 solver.py:206 ] 
=! Best NMSE: -1.8265e+01 (epoch=250)

I 05.20/21:25:27 solver.py:151 ] => Train  Loss: 1.0832e-02

I 05.20/21:25:29 solver.py:206 ] 
=! Best NMSE: -1.8265e+01 (epoch=250)

I 05.20/21:25:31 solver.py:151 ] => Train  Loss: 1.0837e-02

I 05.20/21:25:32 solver.py:206 ] 
=! Best NMSE: -1.8265e+01 (epoch=250)

I 05.20/21:25:33 solver.py:151 ] => Train  Loss: 1.0833e-02

I 05.20/21:25:35 solver.py:206 ] 
=! Best NMSE: -1.8265e+01 (epoch=250)

I 05.20/21:25:36 solver.py:151 ] => Train  Loss: 1.0834e-02

I 05.20/21:25:38 solver.py:206 ] 
=! Best NMSE: -1.8265e+01 (epoch=250)

I 05.20/21:25:39 solver.py:151 ] => Train  Loss: 1.0831e-02

I 05.20/21:25:41 solver.py:206 ] 
=! Best NMSE: -1.8265e+01 (epoch=250)

I 05.20/21:25:42 solver.py:151 ] => Train  Loss: 1.0851e-02

I 05.20/21:25:44 solver.py:206 ] 
=! Best NMSE: -1.8265e+01 (epoch=250)

I 05.20/21:25:46 solver.py:151 ] => Train  Loss: 1.0820e-02

I 05.20/21:25:48 solver.py:206 ] 
=! Best NMSE: -1.8265e+01 (epoch=250)

I 05.20/21:25:50 solver.py:151 ] => Train  Loss: 1.0794e-02

I 05.20/21:25:51 solver.py:206 ] 
=! Best NMSE: -1.8265e+01 (epoch=250)

I 05.20/21:25:53 solver.py:151 ] => Train  Loss: 1.0804e-02

I 05.20/21:25:53 solver.py:151 ] => Val  Loss: 1.3165e-02

I 05.20/21:25:53 solver.py:285 ] => Test NMSE: -1.8287e+01

I 05.20/21:25:56 solver.py:206 ] 
=! Best NMSE: -1.8287e+01 (epoch=260)

I 05.20/21:25:59 solver.py:151 ] => Train  Loss: 1.0845e-02

I 05.20/21:26:01 solver.py:206 ] 
=! Best NMSE: -1.8287e+01 (epoch=260)

I 05.20/21:26:03 solver.py:151 ] => Train  Loss: 1.0800e-02

I 05.20/21:26:05 solver.py:206 ] 
=! Best NMSE: -1.8287e+01 (epoch=260)

I 05.20/21:26:07 solver.py:151 ] => Train  Loss: 1.0799e-02

I 05.20/21:26:10 solver.py:206 ] 
=! Best NMSE: -1.8287e+01 (epoch=260)

I 05.20/21:26:12 solver.py:151 ] => Train  Loss: 1.0805e-02

I 05.20/21:26:14 solver.py:206 ] 
=! Best NMSE: -1.8287e+01 (epoch=260)

I 05.20/21:26:17 solver.py:151 ] => Train  Loss: 1.0790e-02

I 05.20/21:26:18 solver.py:206 ] 
=! Best NMSE: -1.8287e+01 (epoch=260)

I 05.20/21:26:20 solver.py:151 ] => Train  Loss: 1.0797e-02

I 05.20/21:26:21 solver.py:206 ] 
=! Best NMSE: -1.8287e+01 (epoch=260)

I 05.20/21:26:22 solver.py:151 ] => Train  Loss: 1.0775e-02

I 05.20/21:26:24 solver.py:206 ] 
=! Best NMSE: -1.8287e+01 (epoch=260)

I 05.20/21:26:25 solver.py:151 ] => Train  Loss: 1.0772e-02

I 05.20/21:26:26 solver.py:206 ] 
=! Best NMSE: -1.8287e+01 (epoch=260)

I 05.20/21:26:28 solver.py:151 ] => Train  Loss: 1.0756e-02

I 05.20/21:26:29 solver.py:206 ] 
=! Best NMSE: -1.8287e+01 (epoch=260)

I 05.20/21:26:30 solver.py:151 ] => Train  Loss: 1.0772e-02

I 05.20/21:26:31 solver.py:151 ] => Val  Loss: 1.3104e-02

I 05.20/21:26:31 solver.py:285 ] => Test NMSE: -1.8308e+01

I 05.20/21:26:34 solver.py:206 ] 
=! Best NMSE: -1.8308e+01 (epoch=270)

I 05.20/21:26:36 solver.py:151 ] => Train  Loss: 1.0770e-02

I 05.20/21:26:37 solver.py:206 ] 
=! Best NMSE: -1.8308e+01 (epoch=270)

I 05.20/21:26:39 solver.py:151 ] => Train  Loss: 1.0749e-02

I 05.20/21:26:41 solver.py:206 ] 
=! Best NMSE: -1.8308e+01 (epoch=270)

I 05.20/21:26:43 solver.py:151 ] => Train  Loss: 1.0744e-02

I 05.20/21:26:45 solver.py:206 ] 
=! Best NMSE: -1.8308e+01 (epoch=270)

I 05.20/21:26:46 solver.py:151 ] => Train  Loss: 1.0732e-02

I 05.20/21:26:48 solver.py:206 ] 
=! Best NMSE: -1.8308e+01 (epoch=270)

I 05.20/21:26:49 solver.py:151 ] => Train  Loss: 1.0776e-02

I 05.20/21:26:51 solver.py:206 ] 
=! Best NMSE: -1.8308e+01 (epoch=270)

I 05.20/21:26:53 solver.py:151 ] => Train  Loss: 1.0734e-02

I 05.20/21:26:54 solver.py:206 ] 
=! Best NMSE: -1.8308e+01 (epoch=270)

I 05.20/21:26:55 solver.py:151 ] => Train  Loss: 1.0764e-02

I 05.20/21:26:57 solver.py:206 ] 
=! Best NMSE: -1.8308e+01 (epoch=270)

I 05.20/21:27:00 solver.py:151 ] => Train  Loss: 1.0726e-02

I 05.20/21:27:02 solver.py:206 ] 
=! Best NMSE: -1.8308e+01 (epoch=270)

I 05.20/21:27:04 solver.py:151 ] => Train  Loss: 1.0704e-02

I 05.20/21:27:05 solver.py:206 ] 
=! Best NMSE: -1.8308e+01 (epoch=270)

I 05.20/21:27:06 solver.py:151 ] => Train  Loss: 1.0762e-02

I 05.20/21:27:06 solver.py:151 ] => Val  Loss: 1.3044e-02

I 05.20/21:27:06 solver.py:285 ] => Test NMSE: -1.8329e+01

I 05.20/21:27:09 solver.py:206 ] 
=! Best NMSE: -1.8329e+01 (epoch=280)

I 05.20/21:27:10 solver.py:151 ] => Train  Loss: 1.0719e-02

I 05.20/21:27:12 solver.py:206 ] 
=! Best NMSE: -1.8329e+01 (epoch=280)

I 05.20/21:27:13 solver.py:151 ] => Train  Loss: 1.0735e-02

I 05.20/21:27:14 solver.py:206 ] 
=! Best NMSE: -1.8329e+01 (epoch=280)

I 05.20/21:27:16 solver.py:151 ] => Train  Loss: 1.0737e-02

I 05.20/21:27:17 solver.py:206 ] 
=! Best NMSE: -1.8329e+01 (epoch=280)

I 05.20/21:27:20 solver.py:151 ] => Train  Loss: 1.0690e-02

I 05.20/21:27:21 solver.py:206 ] 
=! Best NMSE: -1.8329e+01 (epoch=280)

I 05.20/21:27:23 solver.py:151 ] => Train  Loss: 1.0702e-02

I 05.20/21:27:24 solver.py:206 ] 
=! Best NMSE: -1.8329e+01 (epoch=280)

I 05.20/21:27:27 solver.py:151 ] => Train  Loss: 1.0712e-02

I 05.20/21:27:28 solver.py:206 ] 
=! Best NMSE: -1.8329e+01 (epoch=280)

I 05.20/21:27:29 solver.py:151 ] => Train  Loss: 1.0713e-02

I 05.20/21:27:31 solver.py:206 ] 
=! Best NMSE: -1.8329e+01 (epoch=280)

I 05.20/21:27:32 solver.py:151 ] => Train  Loss: 1.0700e-02

I 05.20/21:27:34 solver.py:206 ] 
=! Best NMSE: -1.8329e+01 (epoch=280)

I 05.20/21:27:36 solver.py:151 ] => Train  Loss: 1.0690e-02

I 05.20/21:27:37 solver.py:206 ] 
=! Best NMSE: -1.8329e+01 (epoch=280)

I 05.20/21:27:39 solver.py:151 ] => Train  Loss: 1.0691e-02

I 05.20/21:27:39 solver.py:151 ] => Val  Loss: 1.2991e-02

I 05.20/21:27:40 solver.py:285 ] => Test NMSE: -1.8347e+01

I 05.20/21:27:43 solver.py:206 ] 
=! Best NMSE: -1.8347e+01 (epoch=290)

I 05.20/21:27:44 solver.py:151 ] => Train  Loss: 1.0686e-02

I 05.20/21:27:45 solver.py:206 ] 
=! Best NMSE: -1.8347e+01 (epoch=290)

I 05.20/21:27:47 solver.py:151 ] => Train  Loss: 1.0695e-02

I 05.20/21:27:48 solver.py:206 ] 
=! Best NMSE: -1.8347e+01 (epoch=290)

I 05.20/21:27:50 solver.py:151 ] => Train  Loss: 1.0707e-02

I 05.20/21:27:52 solver.py:206 ] 
=! Best NMSE: -1.8347e+01 (epoch=290)

I 05.20/21:27:53 solver.py:151 ] => Train  Loss: 1.0678e-02

I 05.20/21:27:54 solver.py:206 ] 
=! Best NMSE: -1.8347e+01 (epoch=290)

I 05.20/21:27:55 solver.py:151 ] => Train  Loss: 1.0677e-02

I 05.20/21:27:56 solver.py:206 ] 
=! Best NMSE: -1.8347e+01 (epoch=290)

I 05.20/21:27:58 solver.py:151 ] => Train  Loss: 1.0663e-02

I 05.20/21:28:00 solver.py:206 ] 
=! Best NMSE: -1.8347e+01 (epoch=290)

I 05.20/21:28:01 solver.py:151 ] => Train  Loss: 1.0680e-02

I 05.20/21:28:03 solver.py:206 ] 
=! Best NMSE: -1.8347e+01 (epoch=290)

I 05.20/21:28:04 solver.py:151 ] => Train  Loss: 1.0660e-02

I 05.20/21:28:05 solver.py:206 ] 
=! Best NMSE: -1.8347e+01 (epoch=290)

I 05.20/21:28:07 solver.py:151 ] => Train  Loss: 1.0674e-02

I 05.20/21:28:08 solver.py:206 ] 
=! Best NMSE: -1.8347e+01 (epoch=290)

I 05.20/21:28:11 solver.py:151 ] => Train  Loss: 1.0620e-02

I 05.20/21:28:11 solver.py:151 ] => Val  Loss: 1.2948e-02

I 05.20/21:28:12 solver.py:285 ] => Test NMSE: -1.8360e+01

I 05.20/21:28:15 solver.py:206 ] 
=! Best NMSE: -1.8360e+01 (epoch=300)

I 05.20/21:28:17 solver.py:151 ] => Train  Loss: 1.0642e-02

I 05.20/21:28:19 solver.py:206 ] 
=! Best NMSE: -1.8360e+01 (epoch=300)

I 05.20/21:28:21 solver.py:151 ] => Train  Loss: 1.0631e-02

I 05.20/21:28:23 solver.py:206 ] 
=! Best NMSE: -1.8360e+01 (epoch=300)

I 05.20/21:28:26 solver.py:151 ] => Train  Loss: 1.0646e-02

I 05.20/21:28:28 solver.py:206 ] 
=! Best NMSE: -1.8360e+01 (epoch=300)

I 05.20/21:28:30 solver.py:151 ] => Train  Loss: 1.0651e-02

I 05.20/21:28:32 solver.py:206 ] 
=! Best NMSE: -1.8360e+01 (epoch=300)

I 05.20/21:28:34 solver.py:151 ] => Train  Loss: 1.0618e-02

I 05.20/21:28:36 solver.py:206 ] 
=! Best NMSE: -1.8360e+01 (epoch=300)

I 05.20/21:28:38 solver.py:151 ] => Train  Loss: 1.0623e-02

I 05.20/21:28:40 solver.py:206 ] 
=! Best NMSE: -1.8360e+01 (epoch=300)

I 05.20/21:28:41 solver.py:151 ] => Train  Loss: 1.0650e-02

I 05.20/21:28:43 solver.py:206 ] 
=! Best NMSE: -1.8360e+01 (epoch=300)

I 05.20/21:28:45 solver.py:151 ] => Train  Loss: 1.0663e-02

I 05.20/21:28:47 solver.py:206 ] 
=! Best NMSE: -1.8360e+01 (epoch=300)

I 05.20/21:28:49 solver.py:151 ] => Train  Loss: 1.0628e-02

I 05.20/21:28:51 solver.py:206 ] 
=! Best NMSE: -1.8360e+01 (epoch=300)

I 05.20/21:28:53 solver.py:151 ] => Train  Loss: 1.0625e-02

I 05.20/21:28:54 solver.py:151 ] => Val  Loss: 1.2907e-02

I 05.20/21:28:54 solver.py:285 ] => Test NMSE: -1.8373e+01

I 05.20/21:28:57 solver.py:206 ] 
=! Best NMSE: -1.8373e+01 (epoch=310)

I 05.20/21:28:58 solver.py:151 ] => Train  Loss: 1.0605e-02

I 05.20/21:29:00 solver.py:206 ] 
=! Best NMSE: -1.8373e+01 (epoch=310)

I 05.20/21:29:01 solver.py:151 ] => Train  Loss: 1.0623e-02

I 05.20/21:29:03 solver.py:206 ] 
=! Best NMSE: -1.8373e+01 (epoch=310)

I 05.20/21:29:04 solver.py:151 ] => Train  Loss: 1.0598e-02

I 05.20/21:29:06 solver.py:206 ] 
=! Best NMSE: -1.8373e+01 (epoch=310)

I 05.20/21:29:08 solver.py:151 ] => Train  Loss: 1.0593e-02

I 05.20/21:29:10 solver.py:206 ] 
=! Best NMSE: -1.8373e+01 (epoch=310)

I 05.20/21:29:12 solver.py:151 ] => Train  Loss: 1.0609e-02

I 05.20/21:29:13 solver.py:206 ] 
=! Best NMSE: -1.8373e+01 (epoch=310)

I 05.20/21:29:16 solver.py:151 ] => Train  Loss: 1.0596e-02

I 05.20/21:29:17 solver.py:206 ] 
=! Best NMSE: -1.8373e+01 (epoch=310)

I 05.20/21:29:18 solver.py:151 ] => Train  Loss: 1.0586e-02

I 05.20/21:29:19 solver.py:206 ] 
=! Best NMSE: -1.8373e+01 (epoch=310)

I 05.20/21:29:20 solver.py:151 ] => Train  Loss: 1.0599e-02

I 05.20/21:29:21 solver.py:206 ] 
=! Best NMSE: -1.8373e+01 (epoch=310)

I 05.20/21:29:23 solver.py:151 ] => Train  Loss: 1.0589e-02

I 05.20/21:29:24 solver.py:206 ] 
=! Best NMSE: -1.8373e+01 (epoch=310)

I 05.20/21:29:26 solver.py:151 ] => Train  Loss: 1.0608e-02

I 05.20/21:29:26 solver.py:151 ] => Val  Loss: 1.2884e-02

I 05.20/21:29:27 solver.py:285 ] => Test NMSE: -1.8383e+01

I 05.20/21:29:30 solver.py:206 ] 
=! Best NMSE: -1.8383e+01 (epoch=320)

I 05.20/21:29:32 solver.py:151 ] => Train  Loss: 1.0599e-02

I 05.20/21:29:34 solver.py:206 ] 
=! Best NMSE: -1.8383e+01 (epoch=320)

I 05.20/21:29:36 solver.py:151 ] => Train  Loss: 1.0615e-02

I 05.20/21:29:37 solver.py:206 ] 
=! Best NMSE: -1.8383e+01 (epoch=320)

I 05.20/21:29:38 solver.py:151 ] => Train  Loss: 1.0597e-02

I 05.20/21:29:40 solver.py:206 ] 
=! Best NMSE: -1.8383e+01 (epoch=320)

I 05.20/21:29:41 solver.py:151 ] => Train  Loss: 1.0595e-02

I 05.20/21:29:42 solver.py:206 ] 
=! Best NMSE: -1.8383e+01 (epoch=320)

I 05.20/21:29:44 solver.py:151 ] => Train  Loss: 1.0574e-02

I 05.20/21:29:46 solver.py:206 ] 
=! Best NMSE: -1.8383e+01 (epoch=320)

I 05.20/21:29:49 solver.py:151 ] => Train  Loss: 1.0556e-02

I 05.20/21:29:50 solver.py:206 ] 
=! Best NMSE: -1.8383e+01 (epoch=320)

I 05.20/21:29:53 solver.py:151 ] => Train  Loss: 1.0578e-02

I 05.20/21:29:54 solver.py:206 ] 
=! Best NMSE: -1.8383e+01 (epoch=320)

I 05.20/21:29:55 solver.py:151 ] => Train  Loss: 1.0568e-02

I 05.20/21:29:57 solver.py:206 ] 
=! Best NMSE: -1.8383e+01 (epoch=320)

I 05.20/21:29:59 solver.py:151 ] => Train  Loss: 1.0531e-02

I 05.20/21:30:01 solver.py:206 ] 
=! Best NMSE: -1.8383e+01 (epoch=320)

I 05.20/21:30:03 solver.py:151 ] => Train  Loss: 1.0575e-02

I 05.20/21:30:03 solver.py:151 ] => Val  Loss: 1.2849e-02

I 05.20/21:30:03 solver.py:285 ] => Test NMSE: -1.8396e+01

I 05.20/21:30:06 solver.py:206 ] 
=! Best NMSE: -1.8396e+01 (epoch=330)

I 05.20/21:30:09 solver.py:151 ] => Train  Loss: 1.0570e-02

I 05.20/21:30:10 solver.py:206 ] 
=! Best NMSE: -1.8396e+01 (epoch=330)

I 05.20/21:30:12 solver.py:151 ] => Train  Loss: 1.0580e-02

I 05.20/21:30:13 solver.py:206 ] 
=! Best NMSE: -1.8396e+01 (epoch=330)

I 05.20/21:30:14 solver.py:151 ] => Train  Loss: 1.0600e-02

I 05.20/21:30:15 solver.py:206 ] 
=! Best NMSE: -1.8396e+01 (epoch=330)

I 05.20/21:30:17 solver.py:151 ] => Train  Loss: 1.0548e-02

I 05.20/21:30:19 solver.py:206 ] 
=! Best NMSE: -1.8396e+01 (epoch=330)

I 05.20/21:30:22 solver.py:151 ] => Train  Loss: 1.0564e-02

I 05.20/21:30:23 solver.py:206 ] 
=! Best NMSE: -1.8396e+01 (epoch=330)

I 05.20/21:30:25 solver.py:151 ] => Train  Loss: 1.0581e-02

I 05.20/21:30:27 solver.py:206 ] 
=! Best NMSE: -1.8396e+01 (epoch=330)

I 05.20/21:30:29 solver.py:151 ] => Train  Loss: 1.0557e-02

I 05.20/21:30:31 solver.py:206 ] 
=! Best NMSE: -1.8396e+01 (epoch=330)

I 05.20/21:30:34 solver.py:151 ] => Train  Loss: 1.0550e-02

I 05.20/21:30:35 solver.py:206 ] 
=! Best NMSE: -1.8396e+01 (epoch=330)

I 05.20/21:30:36 solver.py:151 ] => Train  Loss: 1.0571e-02

I 05.20/21:30:38 solver.py:206 ] 
=! Best NMSE: -1.8396e+01 (epoch=330)

I 05.20/21:30:40 solver.py:151 ] => Train  Loss: 1.0540e-02

I 05.20/21:30:40 solver.py:151 ] => Val  Loss: 1.2824e-02

I 05.20/21:30:40 solver.py:285 ] => Test NMSE: -1.8403e+01

I 05.20/21:30:43 solver.py:206 ] 
=! Best NMSE: -1.8403e+01 (epoch=340)

I 05.20/21:30:45 solver.py:151 ] => Train  Loss: 1.0519e-02

I 05.20/21:30:47 solver.py:206 ] 
=! Best NMSE: -1.8403e+01 (epoch=340)

I 05.20/21:30:48 solver.py:151 ] => Train  Loss: 1.0560e-02

I 05.20/21:30:49 solver.py:206 ] 
=! Best NMSE: -1.8403e+01 (epoch=340)

I 05.20/21:30:50 solver.py:151 ] => Train  Loss: 1.0537e-02

I 05.20/21:30:51 solver.py:206 ] 
=! Best NMSE: -1.8403e+01 (epoch=340)

I 05.20/21:30:53 solver.py:151 ] => Train  Loss: 1.0552e-02

I 05.20/21:30:54 solver.py:206 ] 
=! Best NMSE: -1.8403e+01 (epoch=340)

I 05.20/21:30:56 solver.py:151 ] => Train  Loss: 1.0499e-02

I 05.20/21:30:58 solver.py:206 ] 
=! Best NMSE: -1.8403e+01 (epoch=340)

I 05.20/21:30:59 solver.py:151 ] => Train  Loss: 1.0550e-02

I 05.20/21:31:01 solver.py:206 ] 
=! Best NMSE: -1.8403e+01 (epoch=340)

I 05.20/21:31:03 solver.py:151 ] => Train  Loss: 1.0494e-02

I 05.20/21:31:05 solver.py:206 ] 
=! Best NMSE: -1.8403e+01 (epoch=340)

I 05.20/21:31:07 solver.py:151 ] => Train  Loss: 1.0500e-02

I 05.20/21:31:08 solver.py:206 ] 
=! Best NMSE: -1.8403e+01 (epoch=340)

I 05.20/21:31:09 solver.py:151 ] => Train  Loss: 1.0562e-02

I 05.20/21:31:10 solver.py:206 ] 
=! Best NMSE: -1.8403e+01 (epoch=340)

I 05.20/21:31:12 solver.py:151 ] => Train  Loss: 1.0547e-02

I 05.20/21:31:13 solver.py:151 ] => Val  Loss: 1.2797e-02

I 05.20/21:31:13 solver.py:285 ] => Test NMSE: -1.8415e+01

I 05.20/21:31:16 solver.py:206 ] 
=! Best NMSE: -1.8415e+01 (epoch=350)

I 05.20/21:31:18 solver.py:151 ] => Train  Loss: 1.0534e-02

I 05.20/21:31:19 solver.py:206 ] 
=! Best NMSE: -1.8415e+01 (epoch=350)

I 05.20/21:31:20 solver.py:151 ] => Train  Loss: 1.0530e-02

I 05.20/21:31:22 solver.py:206 ] 
=! Best NMSE: -1.8415e+01 (epoch=350)

I 05.20/21:31:23 solver.py:151 ] => Train  Loss: 1.0496e-02

I 05.20/21:31:25 solver.py:206 ] 
=! Best NMSE: -1.8415e+01 (epoch=350)

I 05.20/21:31:26 solver.py:151 ] => Train  Loss: 1.0509e-02

I 05.20/21:31:27 solver.py:206 ] 
=! Best NMSE: -1.8415e+01 (epoch=350)

I 05.20/21:31:29 solver.py:151 ] => Train  Loss: 1.0557e-02

I 05.20/21:31:30 solver.py:206 ] 
=! Best NMSE: -1.8415e+01 (epoch=350)

I 05.20/21:31:32 solver.py:151 ] => Train  Loss: 1.0506e-02

I 05.20/21:31:33 solver.py:206 ] 
=! Best NMSE: -1.8415e+01 (epoch=350)

I 05.20/21:31:35 solver.py:151 ] => Train  Loss: 1.0488e-02

I 05.20/21:31:36 solver.py:206 ] 
=! Best NMSE: -1.8415e+01 (epoch=350)

I 05.20/21:31:37 solver.py:151 ] => Train  Loss: 1.0494e-02

I 05.20/21:31:39 solver.py:206 ] 
=! Best NMSE: -1.8415e+01 (epoch=350)

I 05.20/21:31:40 solver.py:151 ] => Train  Loss: 1.0496e-02

I 05.20/21:31:42 solver.py:206 ] 
=! Best NMSE: -1.8415e+01 (epoch=350)

I 05.20/21:31:44 solver.py:151 ] => Train  Loss: 1.0507e-02

I 05.20/21:31:44 solver.py:151 ] => Val  Loss: 1.2782e-02

I 05.20/21:31:44 solver.py:285 ] => Test NMSE: -1.8419e+01

I 05.20/21:31:48 solver.py:206 ] 
=! Best NMSE: -1.8419e+01 (epoch=360)

I 05.20/21:31:49 solver.py:151 ] => Train  Loss: 1.0487e-02

I 05.20/21:31:50 solver.py:206 ] 
=! Best NMSE: -1.8419e+01 (epoch=360)

I 05.20/21:31:52 solver.py:151 ] => Train  Loss: 1.0522e-02

I 05.20/21:31:54 solver.py:206 ] 
=! Best NMSE: -1.8419e+01 (epoch=360)

I 05.20/21:31:55 solver.py:151 ] => Train  Loss: 1.0486e-02

I 05.20/21:31:57 solver.py:206 ] 
=! Best NMSE: -1.8419e+01 (epoch=360)

I 05.20/21:31:58 solver.py:151 ] => Train  Loss: 1.0504e-02

I 05.20/21:31:59 solver.py:206 ] 
=! Best NMSE: -1.8419e+01 (epoch=360)

I 05.20/21:32:00 solver.py:151 ] => Train  Loss: 1.0475e-02

I 05.20/21:32:02 solver.py:206 ] 
=! Best NMSE: -1.8419e+01 (epoch=360)

I 05.20/21:32:03 solver.py:151 ] => Train  Loss: 1.0495e-02

I 05.20/21:32:04 solver.py:206 ] 
=! Best NMSE: -1.8419e+01 (epoch=360)

I 05.20/21:32:07 solver.py:151 ] => Train  Loss: 1.0495e-02

I 05.20/21:32:09 solver.py:206 ] 
=! Best NMSE: -1.8419e+01 (epoch=360)

I 05.20/21:32:10 solver.py:151 ] => Train  Loss: 1.0481e-02

I 05.20/21:32:12 solver.py:206 ] 
=! Best NMSE: -1.8419e+01 (epoch=360)

I 05.20/21:32:13 solver.py:151 ] => Train  Loss: 1.0482e-02

I 05.20/21:32:14 solver.py:206 ] 
=! Best NMSE: -1.8419e+01 (epoch=360)

I 05.20/21:32:15 solver.py:151 ] => Train  Loss: 1.0484e-02

I 05.20/21:32:16 solver.py:151 ] => Val  Loss: 1.2769e-02

I 05.20/21:32:16 solver.py:285 ] => Test NMSE: -1.8425e+01

I 05.20/21:32:19 solver.py:206 ] 
=! Best NMSE: -1.8425e+01 (epoch=370)

I 05.20/21:32:21 solver.py:151 ] => Train  Loss: 1.0472e-02

I 05.20/21:32:22 solver.py:206 ] 
=! Best NMSE: -1.8425e+01 (epoch=370)

I 05.20/21:32:24 solver.py:151 ] => Train  Loss: 1.0483e-02

I 05.20/21:32:25 solver.py:206 ] 
=! Best NMSE: -1.8425e+01 (epoch=370)

I 05.20/21:32:26 solver.py:151 ] => Train  Loss: 1.0481e-02

I 05.20/21:32:28 solver.py:206 ] 
=! Best NMSE: -1.8425e+01 (epoch=370)

I 05.20/21:32:29 solver.py:151 ] => Train  Loss: 1.0486e-02

I 05.20/21:32:30 solver.py:206 ] 
=! Best NMSE: -1.8425e+01 (epoch=370)

I 05.20/21:32:31 solver.py:151 ] => Train  Loss: 1.0493e-02

I 05.20/21:32:33 solver.py:206 ] 
=! Best NMSE: -1.8425e+01 (epoch=370)

I 05.20/21:32:34 solver.py:151 ] => Train  Loss: 1.0472e-02

I 05.20/21:32:35 solver.py:206 ] 
=! Best NMSE: -1.8425e+01 (epoch=370)

I 05.20/21:32:36 solver.py:151 ] => Train  Loss: 1.0452e-02

I 05.20/21:32:38 solver.py:206 ] 
=! Best NMSE: -1.8425e+01 (epoch=370)

I 05.20/21:32:39 solver.py:151 ] => Train  Loss: 1.0459e-02

I 05.20/21:32:41 solver.py:206 ] 
=! Best NMSE: -1.8425e+01 (epoch=370)

I 05.20/21:32:43 solver.py:151 ] => Train  Loss: 1.0470e-02

I 05.20/21:32:44 solver.py:206 ] 
=! Best NMSE: -1.8425e+01 (epoch=370)

I 05.20/21:32:46 solver.py:151 ] => Train  Loss: 1.0475e-02

I 05.20/21:32:46 solver.py:151 ] => Val  Loss: 1.2748e-02

I 05.20/21:32:46 solver.py:285 ] => Test NMSE: -1.8432e+01

I 05.20/21:32:49 solver.py:206 ] 
=! Best NMSE: -1.8432e+01 (epoch=380)

I 05.20/21:32:51 solver.py:151 ] => Train  Loss: 1.0482e-02

I 05.20/21:32:53 solver.py:206 ] 
=! Best NMSE: -1.8432e+01 (epoch=380)

I 05.20/21:32:55 solver.py:151 ] => Train  Loss: 1.0457e-02

I 05.20/21:32:56 solver.py:206 ] 
=! Best NMSE: -1.8432e+01 (epoch=380)

I 05.20/21:32:57 solver.py:151 ] => Train  Loss: 1.0464e-02

I 05.20/21:32:58 solver.py:206 ] 
=! Best NMSE: -1.8432e+01 (epoch=380)

I 05.20/21:33:00 solver.py:151 ] => Train  Loss: 1.0455e-02

I 05.20/21:33:02 solver.py:206 ] 
=! Best NMSE: -1.8432e+01 (epoch=380)

I 05.20/21:33:04 solver.py:151 ] => Train  Loss: 1.0478e-02

I 05.20/21:33:06 solver.py:206 ] 
=! Best NMSE: -1.8432e+01 (epoch=380)

I 05.20/21:33:08 solver.py:151 ] => Train  Loss: 1.0458e-02

I 05.20/21:33:10 solver.py:206 ] 
=! Best NMSE: -1.8432e+01 (epoch=380)

I 05.20/21:33:11 solver.py:151 ] => Train  Loss: 1.0452e-02

I 05.20/21:33:13 solver.py:206 ] 
=! Best NMSE: -1.8432e+01 (epoch=380)

I 05.20/21:33:15 solver.py:151 ] => Train  Loss: 1.0468e-02

I 05.20/21:33:17 solver.py:206 ] 
=! Best NMSE: -1.8432e+01 (epoch=380)

I 05.20/21:33:18 solver.py:151 ] => Train  Loss: 1.0451e-02

I 05.20/21:33:19 solver.py:206 ] 
=! Best NMSE: -1.8432e+01 (epoch=380)

I 05.20/21:33:20 solver.py:151 ] => Train  Loss: 1.0476e-02

I 05.20/21:33:20 solver.py:151 ] => Val  Loss: 1.2733e-02

I 05.20/21:33:21 solver.py:285 ] => Test NMSE: -1.8439e+01

I 05.20/21:33:23 solver.py:206 ] 
=! Best NMSE: -1.8439e+01 (epoch=390)

I 05.20/21:33:25 solver.py:151 ] => Train  Loss: 1.0428e-02

I 05.20/21:33:26 solver.py:206 ] 
=! Best NMSE: -1.8439e+01 (epoch=390)

I 05.20/21:33:28 solver.py:151 ] => Train  Loss: 1.0508e-02

I 05.20/21:33:29 solver.py:206 ] 
=! Best NMSE: -1.8439e+01 (epoch=390)

I 05.20/21:33:31 solver.py:151 ] => Train  Loss: 1.0454e-02

I 05.20/21:33:33 solver.py:206 ] 
=! Best NMSE: -1.8439e+01 (epoch=390)

I 05.20/21:33:35 solver.py:151 ] => Train  Loss: 1.0465e-02

I 05.20/21:33:37 solver.py:206 ] 
=! Best NMSE: -1.8439e+01 (epoch=390)

I 05.20/21:33:38 solver.py:151 ] => Train  Loss: 1.0470e-02

I 05.20/21:33:40 solver.py:206 ] 
=! Best NMSE: -1.8439e+01 (epoch=390)

I 05.20/21:33:41 solver.py:151 ] => Train  Loss: 1.0465e-02

I 05.20/21:33:43 solver.py:206 ] 
=! Best NMSE: -1.8439e+01 (epoch=390)

I 05.20/21:33:44 solver.py:151 ] => Train  Loss: 1.0428e-02

I 05.20/21:33:45 solver.py:206 ] 
=! Best NMSE: -1.8439e+01 (epoch=390)

I 05.20/21:33:46 solver.py:151 ] => Train  Loss: 1.0467e-02

I 05.20/21:33:47 solver.py:206 ] 
=! Best NMSE: -1.8439e+01 (epoch=390)

I 05.20/21:33:48 solver.py:151 ] => Train  Loss: 1.0446e-02

I 05.20/21:33:50 solver.py:206 ] 
=! Best NMSE: -1.8439e+01 (epoch=390)

I 05.20/21:33:51 solver.py:151 ] => Train  Loss: 1.0433e-02

I 05.20/21:33:52 solver.py:151 ] => Val  Loss: 1.2720e-02

I 05.20/21:33:52 solver.py:285 ] => Test NMSE: -1.8443e+01

I 05.20/21:33:55 solver.py:206 ] 
=! Best NMSE: -1.8443e+01 (epoch=400)

I 05.20/21:33:55 solver.py:229 ] => Saved encoder outputs to /storage/hujiacong/zxd/Huawei/TransNet/exps/freeze_encoder_self_attn/encoder_output.pth
I 05.20/21:33:55 solver.py:285 ] => Test NMSE: -1.8443e+01

I 05.20/21:33:55 solver.py:254 ] 
=> Test result: 
loss: 1.0730e-02    NMSE: -1.8443e+01

I 05.20/21:33:55 main.py:87  ] 
=! Final test loss: 1.0730e-02
         test NMSE: -1.8443e+01

