I 05.20/21:16:46 main.py:23  ] => Experiment directory: /storage/hujiacong/zxd/Huawei/TransNet/exps/freeze_decoder_cross_attn
I 05.20/21:16:46 main.py:24  ] => PyTorch Version: 2.5.1
I 05.20/21:16:46 init.py:14  ] Random seed set to 3447
I 05.20/21:16:46 init.py:69  ] Running on GPU 3
I 05.20/21:16:49 init.py:100 ] => Model Name: TransNet [pretrained: None]
I 05.20/21:16:49 init.py:101 ] => Model Config: compression ratio=1/4; input shape=(2, 64, 64); input dim=8192
I 05.20/21:16:49 init.py:104 ] => Model Flops: 168.133M
I 05.20/21:16:49 init.py:105 ] => Model Params Num: 34.094M

I 05.20/21:16:49 init.py:106 ] 
**********
Transformer(
  (encoder): TransformerEncoder(
    (layer): TransformerEncoderLayer(
      (self_attn): MultiheadAttention(
        (out_proj): Linear(in_features=64, out_features=64, bias=True)
      )
      (linear1): Linear(in_features=64, out_features=2048, bias=True)
      (dropout): Dropout(p=0.0, inplace=False)
      (linear2): Linear(in_features=2048, out_features=64, bias=True)
      (norm1): LayerNorm((64,), eps=1e-05, elementwise_affine=True)
      (norm2): LayerNorm((64,), eps=1e-05, elementwise_affine=True)
      (dropout1): Dropout(p=0.0, inplace=False)
      (dropout2): Dropout(p=0.0, inplace=False)
    )
  )
  (decoder): TransformerDecoder(
    (layer): TransformerDecoderLayer(
      (self_attn): MultiheadAttention(
        (out_proj): Linear(in_features=64, out_features=64, bias=True)
      )
      (multihead_attn): MultiheadAttention(
        (out_proj): Linear(in_features=64, out_features=64, bias=True)
      )
      (linear1): Linear(in_features=64, out_features=2048, bias=True)
      (dropout): Dropout(p=0.0, inplace=False)
      (linear2): Linear(in_features=2048, out_features=64, bias=True)
      (norm1): LayerNorm((64,), eps=1e-05, elementwise_affine=True)
      (norm2): LayerNorm((64,), eps=1e-05, elementwise_affine=True)
      (norm3): LayerNorm((64,), eps=1e-05, elementwise_affine=True)
      (dropout1): Dropout(p=0.0, inplace=False)
      (dropout2): Dropout(p=0.0, inplace=False)
      (dropout3): Dropout(p=0.0, inplace=False)
    )
    (norm): LayerNorm((64,), eps=1e-05, elementwise_affine=True)
  )
  (fc_encoder): Linear(in_features=8192, out_features=2048, bias=True)
  (fc_decoder): Linear(in_features=2048, out_features=8192, bias=True)
)
**********

I 05.20/21:16:49 init.py:42  ] => Frozen components: decoder_cross_attn
I 05.20/21:16:49 init.py:46  ] 
**********
=> Parameter trainable status
**********
I 05.20/21:16:49 init.py:48  ] encoder.layer.self_attn.in_proj_weight | trainable=True | shape=(192, 64)
I 05.20/21:16:49 init.py:48  ] encoder.layer.self_attn.in_proj_bias | trainable=True | shape=(192,)
I 05.20/21:16:49 init.py:48  ] encoder.layer.self_attn.out_proj.weight | trainable=True | shape=(64, 64)
I 05.20/21:16:49 init.py:48  ] encoder.layer.self_attn.out_proj.bias | trainable=True | shape=(64,)
I 05.20/21:16:49 init.py:48  ] encoder.layer.linear1.weight | trainable=True | shape=(2048, 64)
I 05.20/21:16:49 init.py:48  ] encoder.layer.linear1.bias | trainable=True | shape=(2048,)
I 05.20/21:16:49 init.py:48  ] encoder.layer.linear2.weight | trainable=True | shape=(64, 2048)
I 05.20/21:16:49 init.py:48  ] encoder.layer.linear2.bias | trainable=True | shape=(64,)
I 05.20/21:16:49 init.py:48  ] encoder.layer.norm1.weight | trainable=True | shape=(64,)
I 05.20/21:16:49 init.py:48  ] encoder.layer.norm1.bias | trainable=True | shape=(64,)
I 05.20/21:16:49 init.py:48  ] encoder.layer.norm2.weight | trainable=True | shape=(64,)
I 05.20/21:16:49 init.py:48  ] encoder.layer.norm2.bias | trainable=True | shape=(64,)
I 05.20/21:16:49 init.py:48  ] decoder.layer.self_attn.in_proj_weight | trainable=True | shape=(192, 64)
I 05.20/21:16:49 init.py:48  ] decoder.layer.self_attn.in_proj_bias | trainable=True | shape=(192,)
I 05.20/21:16:49 init.py:48  ] decoder.layer.self_attn.out_proj.weight | trainable=True | shape=(64, 64)
I 05.20/21:16:49 init.py:48  ] decoder.layer.self_attn.out_proj.bias | trainable=True | shape=(64,)
I 05.20/21:16:49 init.py:48  ] decoder.layer.multihead_attn.in_proj_weight | trainable=False | shape=(192, 64)
I 05.20/21:16:49 init.py:48  ] decoder.layer.multihead_attn.in_proj_bias | trainable=False | shape=(192,)
I 05.20/21:16:49 init.py:48  ] decoder.layer.multihead_attn.out_proj.weight | trainable=False | shape=(64, 64)
I 05.20/21:16:49 init.py:48  ] decoder.layer.multihead_attn.out_proj.bias | trainable=False | shape=(64,)
I 05.20/21:16:49 init.py:48  ] decoder.layer.linear1.weight | trainable=True | shape=(2048, 64)
I 05.20/21:16:49 init.py:48  ] decoder.layer.linear1.bias | trainable=True | shape=(2048,)
I 05.20/21:16:49 init.py:48  ] decoder.layer.linear2.weight | trainable=True | shape=(64, 2048)
I 05.20/21:16:49 init.py:48  ] decoder.layer.linear2.bias | trainable=True | shape=(64,)
I 05.20/21:16:49 init.py:48  ] decoder.layer.norm1.weight | trainable=True | shape=(64,)
I 05.20/21:16:49 init.py:48  ] decoder.layer.norm1.bias | trainable=True | shape=(64,)
I 05.20/21:16:49 init.py:48  ] decoder.layer.norm2.weight | trainable=True | shape=(64,)
I 05.20/21:16:49 init.py:48  ] decoder.layer.norm2.bias | trainable=True | shape=(64,)
I 05.20/21:16:49 init.py:48  ] decoder.layer.norm3.weight | trainable=True | shape=(64,)
I 05.20/21:16:49 init.py:48  ] decoder.layer.norm3.bias | trainable=True | shape=(64,)
I 05.20/21:16:49 init.py:48  ] decoder.norm.weight | trainable=True | shape=(64,)
I 05.20/21:16:49 init.py:48  ] decoder.norm.bias | trainable=True | shape=(64,)
I 05.20/21:16:49 init.py:48  ] fc_encoder.weight | trainable=True | shape=(2048, 8192)
I 05.20/21:16:49 init.py:48  ] fc_encoder.bias | trainable=True | shape=(2048,)
I 05.20/21:16:49 init.py:48  ] fc_decoder.weight | trainable=True | shape=(8192, 2048)
I 05.20/21:16:49 init.py:48  ] fc_decoder.bias | trainable=True | shape=(8192,)
I 05.20/21:16:49 init.py:49  ] **********
I 05.20/21:16:52 solver.py:151 ] => Train  Loss: 1.4955e+00

I 05.20/21:16:54 solver.py:151 ] => Train  Loss: 1.4569e+00

I 05.20/21:16:58 solver.py:151 ] => Train  Loss: 1.3670e+00

I 05.20/21:17:01 solver.py:151 ] => Train  Loss: 1.2324e+00

I 05.20/21:17:04 solver.py:151 ] => Train  Loss: 1.0749e+00

I 05.20/21:17:07 solver.py:151 ] => Train  Loss: 9.1868e-01

I 05.20/21:17:10 solver.py:151 ] => Train  Loss: 7.7776e-01

I 05.20/21:17:12 solver.py:151 ] => Train  Loss: 6.5613e-01

I 05.20/21:17:15 solver.py:151 ] => Train  Loss: 5.5618e-01

I 05.20/21:17:18 solver.py:151 ] => Train  Loss: 4.7253e-01

I 05.20/21:17:18 solver.py:151 ] => Val  Loss: 4.4737e-01

I 05.20/21:17:18 solver.py:285 ] => Test NMSE: -2.3748e+00

I 05.20/21:17:21 solver.py:206 ] 
=! Best NMSE: -2.3748e+00 (epoch=10)

I 05.20/21:17:22 solver.py:151 ] => Train  Loss: 4.0431e-01

I 05.20/21:17:24 solver.py:206 ] 
=! Best NMSE: -2.3748e+00 (epoch=10)

I 05.20/21:17:25 solver.py:151 ] => Train  Loss: 3.4875e-01

I 05.20/21:17:26 solver.py:206 ] 
=! Best NMSE: -2.3748e+00 (epoch=10)

I 05.20/21:17:27 solver.py:151 ] => Train  Loss: 3.0300e-01

I 05.20/21:17:29 solver.py:206 ] 
=! Best NMSE: -2.3748e+00 (epoch=10)

I 05.20/21:17:30 solver.py:151 ] => Train  Loss: 2.6681e-01

I 05.20/21:17:31 solver.py:206 ] 
=! Best NMSE: -2.3748e+00 (epoch=10)

I 05.20/21:17:32 solver.py:151 ] => Train  Loss: 2.3861e-01

I 05.20/21:17:34 solver.py:206 ] 
=! Best NMSE: -2.3748e+00 (epoch=10)

I 05.20/21:17:35 solver.py:151 ] => Train  Loss: 2.1618e-01

I 05.20/21:17:36 solver.py:206 ] 
=! Best NMSE: -2.3748e+00 (epoch=10)

I 05.20/21:17:37 solver.py:151 ] => Train  Loss: 1.9898e-01

I 05.20/21:17:39 solver.py:206 ] 
=! Best NMSE: -2.3748e+00 (epoch=10)

I 05.20/21:17:41 solver.py:151 ] => Train  Loss: 1.8538e-01

I 05.20/21:17:42 solver.py:206 ] 
=! Best NMSE: -2.3748e+00 (epoch=10)

I 05.20/21:17:44 solver.py:151 ] => Train  Loss: 1.7407e-01

I 05.20/21:17:45 solver.py:206 ] 
=! Best NMSE: -2.3748e+00 (epoch=10)

I 05.20/21:17:47 solver.py:151 ] => Train  Loss: 1.6523e-01

I 05.20/21:17:47 solver.py:151 ] => Val  Loss: 1.7292e-01

I 05.20/21:17:47 solver.py:285 ] => Test NMSE: -6.5736e+00

I 05.20/21:17:50 solver.py:206 ] 
=! Best NMSE: -6.5736e+00 (epoch=20)

I 05.20/21:17:51 solver.py:151 ] => Train  Loss: 1.5784e-01

I 05.20/21:17:53 solver.py:206 ] 
=! Best NMSE: -6.5736e+00 (epoch=20)

I 05.20/21:17:54 solver.py:151 ] => Train  Loss: 1.5140e-01

I 05.20/21:17:55 solver.py:206 ] 
=! Best NMSE: -6.5736e+00 (epoch=20)

I 05.20/21:17:56 solver.py:151 ] => Train  Loss: 1.4576e-01

I 05.20/21:17:58 solver.py:206 ] 
=! Best NMSE: -6.5736e+00 (epoch=20)

I 05.20/21:17:59 solver.py:151 ] => Train  Loss: 1.4075e-01

I 05.20/21:18:01 solver.py:206 ] 
=! Best NMSE: -6.5736e+00 (epoch=20)

I 05.20/21:18:02 solver.py:151 ] => Train  Loss: 1.3597e-01

I 05.20/21:18:03 solver.py:206 ] 
=! Best NMSE: -6.5736e+00 (epoch=20)

I 05.20/21:18:05 solver.py:151 ] => Train  Loss: 1.3173e-01

I 05.20/21:18:07 solver.py:206 ] 
=! Best NMSE: -6.5736e+00 (epoch=20)

I 05.20/21:18:09 solver.py:151 ] => Train  Loss: 1.2744e-01

I 05.20/21:18:11 solver.py:206 ] 
=! Best NMSE: -6.5736e+00 (epoch=20)

I 05.20/21:18:13 solver.py:151 ] => Train  Loss: 1.2363e-01

I 05.20/21:18:14 solver.py:206 ] 
=! Best NMSE: -6.5736e+00 (epoch=20)

I 05.20/21:18:16 solver.py:151 ] => Train  Loss: 1.2039e-01

I 05.20/21:18:18 solver.py:206 ] 
=! Best NMSE: -6.5736e+00 (epoch=20)

I 05.20/21:18:20 solver.py:151 ] => Train  Loss: 1.1685e-01

I 05.20/21:18:20 solver.py:151 ] => Val  Loss: 1.2518e-01

I 05.20/21:18:20 solver.py:285 ] => Test NMSE: -7.9486e+00

I 05.20/21:18:24 solver.py:206 ] 
=! Best NMSE: -7.9486e+00 (epoch=30)

I 05.20/21:18:26 solver.py:151 ] => Train  Loss: 1.1376e-01

I 05.20/21:18:28 solver.py:206 ] 
=! Best NMSE: -7.9486e+00 (epoch=30)

I 05.20/21:18:30 solver.py:151 ] => Train  Loss: 1.1074e-01

I 05.20/21:18:32 solver.py:206 ] 
=! Best NMSE: -7.9486e+00 (epoch=30)

I 05.20/21:18:34 solver.py:151 ] => Train  Loss: 1.0824e-01

I 05.20/21:18:35 solver.py:206 ] 
=! Best NMSE: -7.9486e+00 (epoch=30)

I 05.20/21:18:37 solver.py:151 ] => Train  Loss: 1.0549e-01

I 05.20/21:18:39 solver.py:206 ] 
=! Best NMSE: -7.9486e+00 (epoch=30)

I 05.20/21:18:40 solver.py:151 ] => Train  Loss: 1.0300e-01

I 05.20/21:18:42 solver.py:206 ] 
=! Best NMSE: -7.9486e+00 (epoch=30)

I 05.20/21:18:43 solver.py:151 ] => Train  Loss: 1.0067e-01

I 05.20/21:18:44 solver.py:206 ] 
=! Best NMSE: -7.9486e+00 (epoch=30)

I 05.20/21:18:45 solver.py:151 ] => Train  Loss: 9.8329e-02

I 05.20/21:18:47 solver.py:206 ] 
=! Best NMSE: -7.9486e+00 (epoch=30)

I 05.20/21:18:48 solver.py:151 ] => Train  Loss: 9.6084e-02

I 05.20/21:18:50 solver.py:206 ] 
=! Best NMSE: -7.9486e+00 (epoch=30)

I 05.20/21:18:51 solver.py:151 ] => Train  Loss: 9.4124e-02

I 05.20/21:18:53 solver.py:206 ] 
=! Best NMSE: -7.9486e+00 (epoch=30)

I 05.20/21:18:54 solver.py:151 ] => Train  Loss: 9.2071e-02

I 05.20/21:18:55 solver.py:151 ] => Val  Loss: 9.8486e-02

I 05.20/21:18:55 solver.py:285 ] => Test NMSE: -8.9857e+00

I 05.20/21:18:57 solver.py:206 ] 
=! Best NMSE: -8.9857e+00 (epoch=40)

I 05.20/21:18:58 solver.py:151 ] => Train  Loss: 8.9935e-02

I 05.20/21:19:00 solver.py:206 ] 
=! Best NMSE: -8.9857e+00 (epoch=40)

I 05.20/21:19:02 solver.py:151 ] => Train  Loss: 8.7987e-02

I 05.20/21:19:03 solver.py:206 ] 
=! Best NMSE: -8.9857e+00 (epoch=40)

I 05.20/21:19:05 solver.py:151 ] => Train  Loss: 8.5933e-02

I 05.20/21:19:06 solver.py:206 ] 
=! Best NMSE: -8.9857e+00 (epoch=40)

I 05.20/21:19:07 solver.py:151 ] => Train  Loss: 8.4102e-02

I 05.20/21:19:09 solver.py:206 ] 
=! Best NMSE: -8.9857e+00 (epoch=40)

I 05.20/21:19:10 solver.py:151 ] => Train  Loss: 8.2327e-02

I 05.20/21:19:12 solver.py:206 ] 
=! Best NMSE: -8.9857e+00 (epoch=40)

I 05.20/21:19:14 solver.py:151 ] => Train  Loss: 8.0710e-02

I 05.20/21:19:16 solver.py:206 ] 
=! Best NMSE: -8.9857e+00 (epoch=40)

I 05.20/21:19:17 solver.py:151 ] => Train  Loss: 7.8945e-02

I 05.20/21:19:19 solver.py:206 ] 
=! Best NMSE: -8.9857e+00 (epoch=40)

I 05.20/21:19:21 solver.py:151 ] => Train  Loss: 7.7377e-02

I 05.20/21:19:23 solver.py:206 ] 
=! Best NMSE: -8.9857e+00 (epoch=40)

I 05.20/21:19:25 solver.py:151 ] => Train  Loss: 7.5843e-02

I 05.20/21:19:27 solver.py:206 ] 
=! Best NMSE: -8.9857e+00 (epoch=40)

I 05.20/21:19:29 solver.py:151 ] => Train  Loss: 7.4340e-02

I 05.20/21:19:29 solver.py:151 ] => Val  Loss: 7.9896e-02

I 05.20/21:19:29 solver.py:285 ] => Test NMSE: -9.9098e+00

I 05.20/21:19:32 solver.py:206 ] 
=! Best NMSE: -9.9098e+00 (epoch=50)

I 05.20/21:19:34 solver.py:151 ] => Train  Loss: 7.2931e-02

I 05.20/21:19:36 solver.py:206 ] 
=! Best NMSE: -9.9098e+00 (epoch=50)

I 05.20/21:19:38 solver.py:151 ] => Train  Loss: 7.1430e-02

I 05.20/21:19:39 solver.py:206 ] 
=! Best NMSE: -9.9098e+00 (epoch=50)

I 05.20/21:19:41 solver.py:151 ] => Train  Loss: 7.0086e-02

I 05.20/21:19:43 solver.py:206 ] 
=! Best NMSE: -9.9098e+00 (epoch=50)

I 05.20/21:19:45 solver.py:151 ] => Train  Loss: 6.8811e-02

I 05.20/21:19:46 solver.py:206 ] 
=! Best NMSE: -9.9098e+00 (epoch=50)

I 05.20/21:19:47 solver.py:151 ] => Train  Loss: 6.7480e-02

I 05.20/21:19:49 solver.py:206 ] 
=! Best NMSE: -9.9098e+00 (epoch=50)

I 05.20/21:19:51 solver.py:151 ] => Train  Loss: 6.6226e-02

I 05.20/21:19:53 solver.py:206 ] 
=! Best NMSE: -9.9098e+00 (epoch=50)

I 05.20/21:19:55 solver.py:151 ] => Train  Loss: 6.4980e-02

I 05.20/21:19:57 solver.py:206 ] 
=! Best NMSE: -9.9098e+00 (epoch=50)

I 05.20/21:19:58 solver.py:151 ] => Train  Loss: 6.3805e-02

I 05.20/21:20:00 solver.py:206 ] 
=! Best NMSE: -9.9098e+00 (epoch=50)

I 05.20/21:20:02 solver.py:151 ] => Train  Loss: 6.2625e-02

I 05.20/21:20:04 solver.py:206 ] 
=! Best NMSE: -9.9098e+00 (epoch=50)

I 05.20/21:20:06 solver.py:151 ] => Train  Loss: 6.1393e-02

I 05.20/21:20:06 solver.py:151 ] => Val  Loss: 6.6295e-02

I 05.20/21:20:06 solver.py:285 ] => Test NMSE: -1.0751e+01

I 05.20/21:20:09 solver.py:206 ] 
=! Best NMSE: -1.0751e+01 (epoch=60)

I 05.20/21:20:11 solver.py:151 ] => Train  Loss: 6.0316e-02

I 05.20/21:20:12 solver.py:206 ] 
=! Best NMSE: -1.0751e+01 (epoch=60)

I 05.20/21:20:14 solver.py:151 ] => Train  Loss: 5.9157e-02

I 05.20/21:20:16 solver.py:206 ] 
=! Best NMSE: -1.0751e+01 (epoch=60)

I 05.20/21:20:18 solver.py:151 ] => Train  Loss: 5.8075e-02

I 05.20/21:20:20 solver.py:206 ] 
=! Best NMSE: -1.0751e+01 (epoch=60)

I 05.20/21:20:22 solver.py:151 ] => Train  Loss: 5.7018e-02

I 05.20/21:20:24 solver.py:206 ] 
=! Best NMSE: -1.0751e+01 (epoch=60)

I 05.20/21:20:25 solver.py:151 ] => Train  Loss: 5.5965e-02

I 05.20/21:20:26 solver.py:206 ] 
=! Best NMSE: -1.0751e+01 (epoch=60)

I 05.20/21:20:27 solver.py:151 ] => Train  Loss: 5.4950e-02

I 05.20/21:20:28 solver.py:206 ] 
=! Best NMSE: -1.0751e+01 (epoch=60)

I 05.20/21:20:30 solver.py:151 ] => Train  Loss: 5.3953e-02

I 05.20/21:20:31 solver.py:206 ] 
=! Best NMSE: -1.0751e+01 (epoch=60)

I 05.20/21:20:32 solver.py:151 ] => Train  Loss: 5.2919e-02

I 05.20/21:20:34 solver.py:206 ] 
=! Best NMSE: -1.0751e+01 (epoch=60)

I 05.20/21:20:35 solver.py:151 ] => Train  Loss: 5.1976e-02

I 05.20/21:20:36 solver.py:206 ] 
=! Best NMSE: -1.0751e+01 (epoch=60)

I 05.20/21:20:37 solver.py:151 ] => Train  Loss: 5.0961e-02

I 05.20/21:20:37 solver.py:151 ] => Val  Loss: 5.5335e-02

I 05.20/21:20:38 solver.py:285 ] => Test NMSE: -1.1564e+01

I 05.20/21:20:41 solver.py:206 ] 
=! Best NMSE: -1.1564e+01 (epoch=70)

I 05.20/21:20:42 solver.py:151 ] => Train  Loss: 5.0040e-02

I 05.20/21:20:43 solver.py:206 ] 
=! Best NMSE: -1.1564e+01 (epoch=70)

I 05.20/21:20:44 solver.py:151 ] => Train  Loss: 4.9238e-02

I 05.20/21:20:45 solver.py:206 ] 
=! Best NMSE: -1.1564e+01 (epoch=70)

I 05.20/21:20:46 solver.py:151 ] => Train  Loss: 4.8387e-02

I 05.20/21:20:48 solver.py:206 ] 
=! Best NMSE: -1.1564e+01 (epoch=70)

I 05.20/21:20:49 solver.py:151 ] => Train  Loss: 4.7473e-02

I 05.20/21:20:51 solver.py:206 ] 
=! Best NMSE: -1.1564e+01 (epoch=70)

I 05.20/21:20:52 solver.py:151 ] => Train  Loss: 4.6654e-02

I 05.20/21:20:54 solver.py:206 ] 
=! Best NMSE: -1.1564e+01 (epoch=70)

I 05.20/21:20:56 solver.py:151 ] => Train  Loss: 4.5741e-02

I 05.20/21:20:57 solver.py:206 ] 
=! Best NMSE: -1.1564e+01 (epoch=70)

I 05.20/21:20:59 solver.py:151 ] => Train  Loss: 4.4920e-02

I 05.20/21:21:01 solver.py:206 ] 
=! Best NMSE: -1.1564e+01 (epoch=70)

I 05.20/21:21:03 solver.py:151 ] => Train  Loss: 4.4080e-02

I 05.20/21:21:05 solver.py:206 ] 
=! Best NMSE: -1.1564e+01 (epoch=70)

I 05.20/21:21:07 solver.py:151 ] => Train  Loss: 4.3225e-02

I 05.20/21:21:08 solver.py:206 ] 
=! Best NMSE: -1.1564e+01 (epoch=70)

I 05.20/21:21:10 solver.py:151 ] => Train  Loss: 4.2441e-02

I 05.20/21:21:11 solver.py:151 ] => Val  Loss: 4.6416e-02

I 05.20/21:21:11 solver.py:285 ] => Test NMSE: -1.2362e+01

I 05.20/21:21:14 solver.py:206 ] 
=! Best NMSE: -1.2362e+01 (epoch=80)

I 05.20/21:21:15 solver.py:151 ] => Train  Loss: 4.1679e-02

I 05.20/21:21:17 solver.py:206 ] 
=! Best NMSE: -1.2362e+01 (epoch=80)

I 05.20/21:21:18 solver.py:151 ] => Train  Loss: 4.1009e-02

I 05.20/21:21:19 solver.py:206 ] 
=! Best NMSE: -1.2362e+01 (epoch=80)

I 05.20/21:21:20 solver.py:151 ] => Train  Loss: 4.0209e-02

I 05.20/21:21:22 solver.py:206 ] 
=! Best NMSE: -1.2362e+01 (epoch=80)

I 05.20/21:21:23 solver.py:151 ] => Train  Loss: 3.9477e-02

I 05.20/21:21:24 solver.py:206 ] 
=! Best NMSE: -1.2362e+01 (epoch=80)

I 05.20/21:21:26 solver.py:151 ] => Train  Loss: 3.8831e-02

I 05.20/21:21:27 solver.py:206 ] 
=! Best NMSE: -1.2362e+01 (epoch=80)

I 05.20/21:21:29 solver.py:151 ] => Train  Loss: 3.8052e-02

I 05.20/21:21:30 solver.py:206 ] 
=! Best NMSE: -1.2362e+01 (epoch=80)

I 05.20/21:21:32 solver.py:151 ] => Train  Loss: 3.7429e-02

I 05.20/21:21:34 solver.py:206 ] 
=! Best NMSE: -1.2362e+01 (epoch=80)

I 05.20/21:21:36 solver.py:151 ] => Train  Loss: 3.6723e-02

I 05.20/21:21:37 solver.py:206 ] 
=! Best NMSE: -1.2362e+01 (epoch=80)

I 05.20/21:21:38 solver.py:151 ] => Train  Loss: 3.6034e-02

I 05.20/21:21:40 solver.py:206 ] 
=! Best NMSE: -1.2362e+01 (epoch=80)

I 05.20/21:21:41 solver.py:151 ] => Train  Loss: 3.5396e-02

I 05.20/21:21:41 solver.py:151 ] => Val  Loss: 3.9049e-02

I 05.20/21:21:41 solver.py:285 ] => Test NMSE: -1.3157e+01

I 05.20/21:21:44 solver.py:206 ] 
=! Best NMSE: -1.3157e+01 (epoch=90)

I 05.20/21:21:45 solver.py:151 ] => Train  Loss: 3.4736e-02

I 05.20/21:21:47 solver.py:206 ] 
=! Best NMSE: -1.3157e+01 (epoch=90)

I 05.20/21:21:48 solver.py:151 ] => Train  Loss: 3.4119e-02

I 05.20/21:21:49 solver.py:206 ] 
=! Best NMSE: -1.3157e+01 (epoch=90)

I 05.20/21:21:50 solver.py:151 ] => Train  Loss: 3.3465e-02

I 05.20/21:21:52 solver.py:206 ] 
=! Best NMSE: -1.3157e+01 (epoch=90)

I 05.20/21:21:53 solver.py:151 ] => Train  Loss: 3.2937e-02

I 05.20/21:21:55 solver.py:206 ] 
=! Best NMSE: -1.3157e+01 (epoch=90)

I 05.20/21:21:56 solver.py:151 ] => Train  Loss: 3.2307e-02

I 05.20/21:21:57 solver.py:206 ] 
=! Best NMSE: -1.3157e+01 (epoch=90)

I 05.20/21:21:58 solver.py:151 ] => Train  Loss: 3.1732e-02

I 05.20/21:21:59 solver.py:206 ] 
=! Best NMSE: -1.3157e+01 (epoch=90)

I 05.20/21:22:00 solver.py:151 ] => Train  Loss: 3.1112e-02

I 05.20/21:22:02 solver.py:206 ] 
=! Best NMSE: -1.3157e+01 (epoch=90)

I 05.20/21:22:03 solver.py:151 ] => Train  Loss: 3.0591e-02

I 05.20/21:22:05 solver.py:206 ] 
=! Best NMSE: -1.3157e+01 (epoch=90)

I 05.20/21:22:06 solver.py:151 ] => Train  Loss: 3.0012e-02

I 05.20/21:22:07 solver.py:206 ] 
=! Best NMSE: -1.3157e+01 (epoch=90)

I 05.20/21:22:08 solver.py:151 ] => Train  Loss: 2.9518e-02

I 05.20/21:22:09 solver.py:151 ] => Val  Loss: 3.2960e-02

I 05.20/21:22:09 solver.py:285 ] => Test NMSE: -1.3937e+01

I 05.20/21:22:11 solver.py:206 ] 
=! Best NMSE: -1.3937e+01 (epoch=100)

I 05.20/21:22:12 solver.py:151 ] => Train  Loss: 2.8962e-02

I 05.20/21:22:14 solver.py:206 ] 
=! Best NMSE: -1.3937e+01 (epoch=100)

I 05.20/21:22:15 solver.py:151 ] => Train  Loss: 2.8508e-02

I 05.20/21:22:16 solver.py:206 ] 
=! Best NMSE: -1.3937e+01 (epoch=100)

I 05.20/21:22:17 solver.py:151 ] => Train  Loss: 2.7927e-02

I 05.20/21:22:19 solver.py:206 ] 
=! Best NMSE: -1.3937e+01 (epoch=100)

I 05.20/21:22:20 solver.py:151 ] => Train  Loss: 2.7449e-02

I 05.20/21:22:21 solver.py:206 ] 
=! Best NMSE: -1.3937e+01 (epoch=100)

I 05.20/21:22:23 solver.py:151 ] => Train  Loss: 2.6937e-02

I 05.20/21:22:24 solver.py:206 ] 
=! Best NMSE: -1.3937e+01 (epoch=100)

I 05.20/21:22:25 solver.py:151 ] => Train  Loss: 2.6503e-02

I 05.20/21:22:26 solver.py:206 ] 
=! Best NMSE: -1.3937e+01 (epoch=100)

I 05.20/21:22:27 solver.py:151 ] => Train  Loss: 2.6034e-02

I 05.20/21:22:29 solver.py:206 ] 
=! Best NMSE: -1.3937e+01 (epoch=100)

I 05.20/21:22:30 solver.py:151 ] => Train  Loss: 2.5574e-02

I 05.20/21:22:32 solver.py:206 ] 
=! Best NMSE: -1.3937e+01 (epoch=100)

I 05.20/21:22:34 solver.py:151 ] => Train  Loss: 2.5149e-02

I 05.20/21:22:36 solver.py:206 ] 
=! Best NMSE: -1.3937e+01 (epoch=100)

I 05.20/21:22:38 solver.py:151 ] => Train  Loss: 2.4708e-02

I 05.20/21:22:38 solver.py:151 ] => Val  Loss: 2.7990e-02

I 05.20/21:22:38 solver.py:285 ] => Test NMSE: -1.4712e+01

I 05.20/21:22:41 solver.py:206 ] 
=! Best NMSE: -1.4712e+01 (epoch=110)

I 05.20/21:22:42 solver.py:151 ] => Train  Loss: 2.4278e-02

I 05.20/21:22:43 solver.py:206 ] 
=! Best NMSE: -1.4712e+01 (epoch=110)

I 05.20/21:22:44 solver.py:151 ] => Train  Loss: 2.3852e-02

I 05.20/21:22:46 solver.py:206 ] 
=! Best NMSE: -1.4712e+01 (epoch=110)

I 05.20/21:22:47 solver.py:151 ] => Train  Loss: 2.3458e-02

I 05.20/21:22:48 solver.py:206 ] 
=! Best NMSE: -1.4712e+01 (epoch=110)

I 05.20/21:22:49 solver.py:151 ] => Train  Loss: 2.3140e-02

I 05.20/21:22:51 solver.py:206 ] 
=! Best NMSE: -1.4712e+01 (epoch=110)

I 05.20/21:22:53 solver.py:151 ] => Train  Loss: 2.2719e-02

I 05.20/21:22:54 solver.py:206 ] 
=! Best NMSE: -1.4712e+01 (epoch=110)

I 05.20/21:22:55 solver.py:151 ] => Train  Loss: 2.2255e-02

I 05.20/21:22:56 solver.py:206 ] 
=! Best NMSE: -1.4712e+01 (epoch=110)

I 05.20/21:22:57 solver.py:151 ] => Train  Loss: 2.1955e-02

I 05.20/21:22:59 solver.py:206 ] 
=! Best NMSE: -1.4712e+01 (epoch=110)

I 05.20/21:23:00 solver.py:151 ] => Train  Loss: 2.1545e-02

I 05.20/21:23:01 solver.py:206 ] 
=! Best NMSE: -1.4712e+01 (epoch=110)

I 05.20/21:23:03 solver.py:151 ] => Train  Loss: 2.1229e-02

I 05.20/21:23:04 solver.py:206 ] 
=! Best NMSE: -1.4712e+01 (epoch=110)

I 05.20/21:23:06 solver.py:151 ] => Train  Loss: 2.0851e-02

I 05.20/21:23:06 solver.py:151 ] => Val  Loss: 2.4061e-02

I 05.20/21:23:06 solver.py:285 ] => Test NMSE: -1.5425e+01

I 05.20/21:23:09 solver.py:206 ] 
=! Best NMSE: -1.5425e+01 (epoch=120)

I 05.20/21:23:10 solver.py:151 ] => Train  Loss: 2.0534e-02

I 05.20/21:23:11 solver.py:206 ] 
=! Best NMSE: -1.5425e+01 (epoch=120)

I 05.20/21:23:12 solver.py:151 ] => Train  Loss: 2.0199e-02

I 05.20/21:23:14 solver.py:206 ] 
=! Best NMSE: -1.5425e+01 (epoch=120)

I 05.20/21:23:15 solver.py:151 ] => Train  Loss: 1.9906e-02

I 05.20/21:23:17 solver.py:206 ] 
=! Best NMSE: -1.5425e+01 (epoch=120)

I 05.20/21:23:18 solver.py:151 ] => Train  Loss: 1.9599e-02

I 05.20/21:23:19 solver.py:206 ] 
=! Best NMSE: -1.5425e+01 (epoch=120)

I 05.20/21:23:20 solver.py:151 ] => Train  Loss: 1.9326e-02

I 05.20/21:23:21 solver.py:206 ] 
=! Best NMSE: -1.5425e+01 (epoch=120)

I 05.20/21:23:22 solver.py:151 ] => Train  Loss: 1.8977e-02

I 05.20/21:23:24 solver.py:206 ] 
=! Best NMSE: -1.5425e+01 (epoch=120)

I 05.20/21:23:25 solver.py:151 ] => Train  Loss: 1.8696e-02

I 05.20/21:23:26 solver.py:206 ] 
=! Best NMSE: -1.5425e+01 (epoch=120)

I 05.20/21:23:27 solver.py:151 ] => Train  Loss: 1.8415e-02

I 05.20/21:23:28 solver.py:206 ] 
=! Best NMSE: -1.5425e+01 (epoch=120)

I 05.20/21:23:30 solver.py:151 ] => Train  Loss: 1.8174e-02

I 05.20/21:23:32 solver.py:206 ] 
=! Best NMSE: -1.5425e+01 (epoch=120)

I 05.20/21:23:33 solver.py:151 ] => Train  Loss: 1.7889e-02

I 05.20/21:23:33 solver.py:151 ] => Val  Loss: 2.0976e-02

I 05.20/21:23:34 solver.py:285 ] => Test NMSE: -1.6082e+01

I 05.20/21:23:36 solver.py:206 ] 
=! Best NMSE: -1.6082e+01 (epoch=130)

I 05.20/21:23:37 solver.py:151 ] => Train  Loss: 1.7648e-02

I 05.20/21:23:38 solver.py:206 ] 
=! Best NMSE: -1.6082e+01 (epoch=130)

I 05.20/21:23:39 solver.py:151 ] => Train  Loss: 1.7378e-02

I 05.20/21:23:41 solver.py:206 ] 
=! Best NMSE: -1.6082e+01 (epoch=130)

I 05.20/21:23:42 solver.py:151 ] => Train  Loss: 1.7180e-02

I 05.20/21:23:43 solver.py:206 ] 
=! Best NMSE: -1.6082e+01 (epoch=130)

I 05.20/21:23:44 solver.py:151 ] => Train  Loss: 1.6962e-02

I 05.20/21:23:45 solver.py:206 ] 
=! Best NMSE: -1.6082e+01 (epoch=130)

I 05.20/21:23:47 solver.py:151 ] => Train  Loss: 1.6723e-02

I 05.20/21:23:48 solver.py:206 ] 
=! Best NMSE: -1.6082e+01 (epoch=130)

I 05.20/21:23:49 solver.py:151 ] => Train  Loss: 1.6593e-02

I 05.20/21:23:51 solver.py:206 ] 
=! Best NMSE: -1.6082e+01 (epoch=130)

I 05.20/21:23:52 solver.py:151 ] => Train  Loss: 1.6324e-02

I 05.20/21:23:53 solver.py:206 ] 
=! Best NMSE: -1.6082e+01 (epoch=130)

I 05.20/21:23:54 solver.py:151 ] => Train  Loss: 1.6116e-02

I 05.20/21:23:57 solver.py:206 ] 
=! Best NMSE: -1.6082e+01 (epoch=130)

I 05.20/21:23:59 solver.py:151 ] => Train  Loss: 1.5904e-02

I 05.20/21:24:00 solver.py:206 ] 
=! Best NMSE: -1.6082e+01 (epoch=130)

I 05.20/21:24:02 solver.py:151 ] => Train  Loss: 1.5729e-02

I 05.20/21:24:02 solver.py:151 ] => Val  Loss: 1.8714e-02

I 05.20/21:24:03 solver.py:285 ] => Test NMSE: -1.6635e+01

I 05.20/21:24:06 solver.py:206 ] 
=! Best NMSE: -1.6635e+01 (epoch=140)

I 05.20/21:24:07 solver.py:151 ] => Train  Loss: 1.5549e-02

I 05.20/21:24:08 solver.py:206 ] 
=! Best NMSE: -1.6635e+01 (epoch=140)

I 05.20/21:24:10 solver.py:151 ] => Train  Loss: 1.5374e-02

I 05.20/21:24:11 solver.py:206 ] 
=! Best NMSE: -1.6635e+01 (epoch=140)

I 05.20/21:24:12 solver.py:151 ] => Train  Loss: 1.5216e-02

I 05.20/21:24:14 solver.py:206 ] 
=! Best NMSE: -1.6635e+01 (epoch=140)

I 05.20/21:24:15 solver.py:151 ] => Train  Loss: 1.5076e-02

I 05.20/21:24:16 solver.py:206 ] 
=! Best NMSE: -1.6635e+01 (epoch=140)

I 05.20/21:24:18 solver.py:151 ] => Train  Loss: 1.4878e-02

I 05.20/21:24:20 solver.py:206 ] 
=! Best NMSE: -1.6635e+01 (epoch=140)

I 05.20/21:24:21 solver.py:151 ] => Train  Loss: 1.4718e-02

I 05.20/21:24:22 solver.py:206 ] 
=! Best NMSE: -1.6635e+01 (epoch=140)

I 05.20/21:24:23 solver.py:151 ] => Train  Loss: 1.4591e-02

I 05.20/21:24:25 solver.py:206 ] 
=! Best NMSE: -1.6635e+01 (epoch=140)

I 05.20/21:24:26 solver.py:151 ] => Train  Loss: 1.4417e-02

I 05.20/21:24:28 solver.py:206 ] 
=! Best NMSE: -1.6635e+01 (epoch=140)

I 05.20/21:24:29 solver.py:151 ] => Train  Loss: 1.4302e-02

I 05.20/21:24:30 solver.py:206 ] 
=! Best NMSE: -1.6635e+01 (epoch=140)

I 05.20/21:24:31 solver.py:151 ] => Train  Loss: 1.4174e-02

I 05.20/21:24:31 solver.py:151 ] => Val  Loss: 1.7093e-02

I 05.20/21:24:31 solver.py:285 ] => Test NMSE: -1.7072e+01

I 05.20/21:24:35 solver.py:206 ] 
=! Best NMSE: -1.7072e+01 (epoch=150)

I 05.20/21:24:36 solver.py:151 ] => Train  Loss: 1.4047e-02

I 05.20/21:24:37 solver.py:206 ] 
=! Best NMSE: -1.7072e+01 (epoch=150)

I 05.20/21:24:38 solver.py:151 ] => Train  Loss: 1.3945e-02

I 05.20/21:24:40 solver.py:206 ] 
=! Best NMSE: -1.7072e+01 (epoch=150)

I 05.20/21:24:41 solver.py:151 ] => Train  Loss: 1.3801e-02

I 05.20/21:24:42 solver.py:206 ] 
=! Best NMSE: -1.7072e+01 (epoch=150)

I 05.20/21:24:43 solver.py:151 ] => Train  Loss: 1.3720e-02

I 05.20/21:24:45 solver.py:206 ] 
=! Best NMSE: -1.7072e+01 (epoch=150)

I 05.20/21:24:46 solver.py:151 ] => Train  Loss: 1.3652e-02

I 05.20/21:24:48 solver.py:206 ] 
=! Best NMSE: -1.7072e+01 (epoch=150)

I 05.20/21:24:49 solver.py:151 ] => Train  Loss: 1.3533e-02

I 05.20/21:24:50 solver.py:206 ] 
=! Best NMSE: -1.7072e+01 (epoch=150)

I 05.20/21:24:51 solver.py:151 ] => Train  Loss: 1.3373e-02

I 05.20/21:24:53 solver.py:206 ] 
=! Best NMSE: -1.7072e+01 (epoch=150)

I 05.20/21:24:54 solver.py:151 ] => Train  Loss: 1.3267e-02

I 05.20/21:24:55 solver.py:206 ] 
=! Best NMSE: -1.7072e+01 (epoch=150)

I 05.20/21:24:56 solver.py:151 ] => Train  Loss: 1.3189e-02

I 05.20/21:24:58 solver.py:206 ] 
=! Best NMSE: -1.7072e+01 (epoch=150)

I 05.20/21:24:59 solver.py:151 ] => Train  Loss: 1.3111e-02

I 05.20/21:24:59 solver.py:151 ] => Val  Loss: 1.5953e-02

I 05.20/21:24:59 solver.py:285 ] => Test NMSE: -1.7408e+01

I 05.20/21:25:02 solver.py:206 ] 
=! Best NMSE: -1.7408e+01 (epoch=160)

I 05.20/21:25:04 solver.py:151 ] => Train  Loss: 1.3054e-02

I 05.20/21:25:05 solver.py:206 ] 
=! Best NMSE: -1.7408e+01 (epoch=160)

I 05.20/21:25:06 solver.py:151 ] => Train  Loss: 1.2952e-02

I 05.20/21:25:07 solver.py:206 ] 
=! Best NMSE: -1.7408e+01 (epoch=160)

I 05.20/21:25:09 solver.py:151 ] => Train  Loss: 1.2892e-02

I 05.20/21:25:10 solver.py:206 ] 
=! Best NMSE: -1.7408e+01 (epoch=160)

I 05.20/21:25:11 solver.py:151 ] => Train  Loss: 1.2768e-02

I 05.20/21:25:12 solver.py:206 ] 
=! Best NMSE: -1.7408e+01 (epoch=160)

I 05.20/21:25:13 solver.py:151 ] => Train  Loss: 1.2734e-02

I 05.20/21:25:14 solver.py:206 ] 
=! Best NMSE: -1.7408e+01 (epoch=160)

I 05.20/21:25:15 solver.py:151 ] => Train  Loss: 1.2619e-02

I 05.20/21:25:17 solver.py:206 ] 
=! Best NMSE: -1.7408e+01 (epoch=160)

I 05.20/21:25:18 solver.py:151 ] => Train  Loss: 1.2617e-02

I 05.20/21:25:20 solver.py:206 ] 
=! Best NMSE: -1.7408e+01 (epoch=160)

I 05.20/21:25:21 solver.py:151 ] => Train  Loss: 1.2477e-02

I 05.20/21:25:22 solver.py:206 ] 
=! Best NMSE: -1.7408e+01 (epoch=160)

I 05.20/21:25:23 solver.py:151 ] => Train  Loss: 1.2454e-02

I 05.20/21:25:25 solver.py:206 ] 
=! Best NMSE: -1.7408e+01 (epoch=160)

I 05.20/21:25:26 solver.py:151 ] => Train  Loss: 1.2373e-02

I 05.20/21:25:26 solver.py:151 ] => Val  Loss: 1.5174e-02

I 05.20/21:25:27 solver.py:285 ] => Test NMSE: -1.7646e+01

I 05.20/21:25:29 solver.py:206 ] 
=! Best NMSE: -1.7646e+01 (epoch=170)

I 05.20/21:25:31 solver.py:151 ] => Train  Loss: 1.2332e-02

I 05.20/21:25:32 solver.py:206 ] 
=! Best NMSE: -1.7646e+01 (epoch=170)

I 05.20/21:25:33 solver.py:151 ] => Train  Loss: 1.2257e-02

I 05.20/21:25:35 solver.py:206 ] 
=! Best NMSE: -1.7646e+01 (epoch=170)

I 05.20/21:25:36 solver.py:151 ] => Train  Loss: 1.2243e-02

I 05.20/21:25:37 solver.py:206 ] 
=! Best NMSE: -1.7646e+01 (epoch=170)

I 05.20/21:25:39 solver.py:151 ] => Train  Loss: 1.2166e-02

I 05.20/21:25:40 solver.py:206 ] 
=! Best NMSE: -1.7646e+01 (epoch=170)

I 05.20/21:25:42 solver.py:151 ] => Train  Loss: 1.2111e-02

I 05.20/21:25:44 solver.py:206 ] 
=! Best NMSE: -1.7646e+01 (epoch=170)

I 05.20/21:25:45 solver.py:151 ] => Train  Loss: 1.2108e-02

I 05.20/21:25:47 solver.py:206 ] 
=! Best NMSE: -1.7646e+01 (epoch=170)

I 05.20/21:25:48 solver.py:151 ] => Train  Loss: 1.2062e-02

I 05.20/21:25:50 solver.py:206 ] 
=! Best NMSE: -1.7646e+01 (epoch=170)

I 05.20/21:25:51 solver.py:151 ] => Train  Loss: 1.2029e-02

I 05.20/21:25:53 solver.py:206 ] 
=! Best NMSE: -1.7646e+01 (epoch=170)

I 05.20/21:25:54 solver.py:151 ] => Train  Loss: 1.1978e-02

I 05.20/21:25:56 solver.py:206 ] 
=! Best NMSE: -1.7646e+01 (epoch=170)

I 05.20/21:25:58 solver.py:151 ] => Train  Loss: 1.1909e-02

I 05.20/21:25:59 solver.py:151 ] => Val  Loss: 1.4665e-02

I 05.20/21:25:59 solver.py:285 ] => Test NMSE: -1.7810e+01

I 05.20/21:26:02 solver.py:206 ] 
=! Best NMSE: -1.7810e+01 (epoch=180)

I 05.20/21:26:03 solver.py:151 ] => Train  Loss: 1.1911e-02

I 05.20/21:26:05 solver.py:206 ] 
=! Best NMSE: -1.7810e+01 (epoch=180)

I 05.20/21:26:06 solver.py:151 ] => Train  Loss: 1.1850e-02

I 05.20/21:26:08 solver.py:206 ] 
=! Best NMSE: -1.7810e+01 (epoch=180)

I 05.20/21:26:09 solver.py:151 ] => Train  Loss: 1.1813e-02

I 05.20/21:26:10 solver.py:206 ] 
=! Best NMSE: -1.7810e+01 (epoch=180)

I 05.20/21:26:11 solver.py:151 ] => Train  Loss: 1.1803e-02

I 05.20/21:26:12 solver.py:206 ] 
=! Best NMSE: -1.7810e+01 (epoch=180)

I 05.20/21:26:14 solver.py:151 ] => Train  Loss: 1.1743e-02

I 05.20/21:26:15 solver.py:206 ] 
=! Best NMSE: -1.7810e+01 (epoch=180)

I 05.20/21:26:16 solver.py:151 ] => Train  Loss: 1.1734e-02

I 05.20/21:26:17 solver.py:206 ] 
=! Best NMSE: -1.7810e+01 (epoch=180)

I 05.20/21:26:18 solver.py:151 ] => Train  Loss: 1.1707e-02

I 05.20/21:26:19 solver.py:206 ] 
=! Best NMSE: -1.7810e+01 (epoch=180)

I 05.20/21:26:20 solver.py:151 ] => Train  Loss: 1.1656e-02

I 05.20/21:26:22 solver.py:206 ] 
=! Best NMSE: -1.7810e+01 (epoch=180)

I 05.20/21:26:23 solver.py:151 ] => Train  Loss: 1.1640e-02

I 05.20/21:26:24 solver.py:206 ] 
=! Best NMSE: -1.7810e+01 (epoch=180)

I 05.20/21:26:25 solver.py:151 ] => Train  Loss: 1.1605e-02

I 05.20/21:26:25 solver.py:151 ] => Val  Loss: 1.4287e-02

I 05.20/21:26:26 solver.py:285 ] => Test NMSE: -1.7923e+01

I 05.20/21:26:29 solver.py:206 ] 
=! Best NMSE: -1.7923e+01 (epoch=190)

I 05.20/21:26:30 solver.py:151 ] => Train  Loss: 1.1581e-02

I 05.20/21:26:31 solver.py:206 ] 
=! Best NMSE: -1.7923e+01 (epoch=190)

I 05.20/21:26:32 solver.py:151 ] => Train  Loss: 1.1566e-02

I 05.20/21:26:34 solver.py:206 ] 
=! Best NMSE: -1.7923e+01 (epoch=190)

I 05.20/21:26:35 solver.py:151 ] => Train  Loss: 1.1546e-02

I 05.20/21:26:37 solver.py:206 ] 
=! Best NMSE: -1.7923e+01 (epoch=190)

I 05.20/21:26:38 solver.py:151 ] => Train  Loss: 1.1486e-02

I 05.20/21:26:39 solver.py:206 ] 
=! Best NMSE: -1.7923e+01 (epoch=190)

I 05.20/21:26:40 solver.py:151 ] => Train  Loss: 1.1510e-02

I 05.20/21:26:42 solver.py:206 ] 
=! Best NMSE: -1.7923e+01 (epoch=190)

I 05.20/21:26:43 solver.py:151 ] => Train  Loss: 1.1467e-02

I 05.20/21:26:45 solver.py:206 ] 
=! Best NMSE: -1.7923e+01 (epoch=190)

I 05.20/21:26:46 solver.py:151 ] => Train  Loss: 1.1440e-02

I 05.20/21:26:47 solver.py:206 ] 
=! Best NMSE: -1.7923e+01 (epoch=190)

I 05.20/21:26:49 solver.py:151 ] => Train  Loss: 1.1432e-02

I 05.20/21:26:51 solver.py:206 ] 
=! Best NMSE: -1.7923e+01 (epoch=190)

I 05.20/21:26:52 solver.py:151 ] => Train  Loss: 1.1363e-02

I 05.20/21:26:53 solver.py:206 ] 
=! Best NMSE: -1.7923e+01 (epoch=190)

I 05.20/21:26:54 solver.py:151 ] => Train  Loss: 1.1392e-02

I 05.20/21:26:55 solver.py:151 ] => Val  Loss: 1.3980e-02

I 05.20/21:26:55 solver.py:285 ] => Test NMSE: -1.8024e+01

I 05.20/21:26:58 solver.py:206 ] 
=! Best NMSE: -1.8024e+01 (epoch=200)

I 05.20/21:26:59 solver.py:151 ] => Train  Loss: 1.1347e-02

I 05.20/21:27:00 solver.py:206 ] 
=! Best NMSE: -1.8024e+01 (epoch=200)

I 05.20/21:27:01 solver.py:151 ] => Train  Loss: 1.1346e-02

I 05.20/21:27:03 solver.py:206 ] 
=! Best NMSE: -1.8024e+01 (epoch=200)

I 05.20/21:27:04 solver.py:151 ] => Train  Loss: 1.1317e-02

I 05.20/21:27:06 solver.py:206 ] 
=! Best NMSE: -1.8024e+01 (epoch=200)

I 05.20/21:27:07 solver.py:151 ] => Train  Loss: 1.1317e-02

I 05.20/21:27:08 solver.py:206 ] 
=! Best NMSE: -1.8024e+01 (epoch=200)

I 05.20/21:27:10 solver.py:151 ] => Train  Loss: 1.1277e-02

I 05.20/21:27:12 solver.py:206 ] 
=! Best NMSE: -1.8024e+01 (epoch=200)

I 05.20/21:27:14 solver.py:151 ] => Train  Loss: 1.1281e-02

I 05.20/21:27:15 solver.py:206 ] 
=! Best NMSE: -1.8024e+01 (epoch=200)

I 05.20/21:27:17 solver.py:151 ] => Train  Loss: 1.1265e-02

I 05.20/21:27:19 solver.py:206 ] 
=! Best NMSE: -1.8024e+01 (epoch=200)

I 05.20/21:27:21 solver.py:151 ] => Train  Loss: 1.1207e-02

I 05.20/21:27:23 solver.py:206 ] 
=! Best NMSE: -1.8024e+01 (epoch=200)

I 05.20/21:27:25 solver.py:151 ] => Train  Loss: 1.1208e-02

I 05.20/21:27:26 solver.py:206 ] 
=! Best NMSE: -1.8024e+01 (epoch=200)

I 05.20/21:27:28 solver.py:151 ] => Train  Loss: 1.1195e-02

I 05.20/21:27:28 solver.py:151 ] => Val  Loss: 1.3717e-02

I 05.20/21:27:28 solver.py:285 ] => Test NMSE: -1.8099e+01

I 05.20/21:27:32 solver.py:206 ] 
=! Best NMSE: -1.8099e+01 (epoch=210)

I 05.20/21:27:34 solver.py:151 ] => Train  Loss: 1.1200e-02

I 05.20/21:27:35 solver.py:206 ] 
=! Best NMSE: -1.8099e+01 (epoch=210)

I 05.20/21:27:37 solver.py:151 ] => Train  Loss: 1.1178e-02

I 05.20/21:27:39 solver.py:206 ] 
=! Best NMSE: -1.8099e+01 (epoch=210)

I 05.20/21:27:41 solver.py:151 ] => Train  Loss: 1.1167e-02

I 05.20/21:27:43 solver.py:206 ] 
=! Best NMSE: -1.8099e+01 (epoch=210)

I 05.20/21:27:44 solver.py:151 ] => Train  Loss: 1.1156e-02

I 05.20/21:27:45 solver.py:206 ] 
=! Best NMSE: -1.8099e+01 (epoch=210)

I 05.20/21:27:47 solver.py:151 ] => Train  Loss: 1.1104e-02

I 05.20/21:27:48 solver.py:206 ] 
=! Best NMSE: -1.8099e+01 (epoch=210)

I 05.20/21:27:50 solver.py:151 ] => Train  Loss: 1.1092e-02

I 05.20/21:27:52 solver.py:206 ] 
=! Best NMSE: -1.8099e+01 (epoch=210)

I 05.20/21:27:54 solver.py:151 ] => Train  Loss: 1.1100e-02

I 05.20/21:27:55 solver.py:206 ] 
=! Best NMSE: -1.8099e+01 (epoch=210)

I 05.20/21:27:57 solver.py:151 ] => Train  Loss: 1.1113e-02

I 05.20/21:27:58 solver.py:206 ] 
=! Best NMSE: -1.8099e+01 (epoch=210)

I 05.20/21:28:00 solver.py:151 ] => Train  Loss: 1.1055e-02

I 05.20/21:28:02 solver.py:206 ] 
=! Best NMSE: -1.8099e+01 (epoch=210)

I 05.20/21:28:04 solver.py:151 ] => Train  Loss: 1.1076e-02

I 05.20/21:28:04 solver.py:151 ] => Val  Loss: 1.3533e-02

I 05.20/21:28:05 solver.py:285 ] => Test NMSE: -1.8162e+01

I 05.20/21:28:07 solver.py:206 ] 
=! Best NMSE: -1.8162e+01 (epoch=220)

I 05.20/21:28:08 solver.py:151 ] => Train  Loss: 1.1024e-02

I 05.20/21:28:09 solver.py:206 ] 
=! Best NMSE: -1.8162e+01 (epoch=220)

I 05.20/21:28:10 solver.py:151 ] => Train  Loss: 1.1026e-02

I 05.20/21:28:11 solver.py:206 ] 
=! Best NMSE: -1.8162e+01 (epoch=220)

I 05.20/21:28:12 solver.py:151 ] => Train  Loss: 1.1046e-02

I 05.20/21:28:14 solver.py:206 ] 
=! Best NMSE: -1.8162e+01 (epoch=220)

I 05.20/21:28:15 solver.py:151 ] => Train  Loss: 1.1032e-02

I 05.20/21:28:16 solver.py:206 ] 
=! Best NMSE: -1.8162e+01 (epoch=220)

I 05.20/21:28:17 solver.py:151 ] => Train  Loss: 1.1025e-02

I 05.20/21:28:19 solver.py:206 ] 
=! Best NMSE: -1.8162e+01 (epoch=220)

I 05.20/21:28:21 solver.py:151 ] => Train  Loss: 1.1024e-02

I 05.20/21:28:22 solver.py:206 ] 
=! Best NMSE: -1.8162e+01 (epoch=220)

I 05.20/21:28:23 solver.py:151 ] => Train  Loss: 1.1004e-02

I 05.20/21:28:24 solver.py:206 ] 
=! Best NMSE: -1.8162e+01 (epoch=220)

I 05.20/21:28:26 solver.py:151 ] => Train  Loss: 1.1006e-02

I 05.20/21:28:27 solver.py:206 ] 
=! Best NMSE: -1.8162e+01 (epoch=220)

I 05.20/21:28:28 solver.py:151 ] => Train  Loss: 1.0957e-02

I 05.20/21:28:29 solver.py:206 ] 
=! Best NMSE: -1.8162e+01 (epoch=220)

I 05.20/21:28:30 solver.py:151 ] => Train  Loss: 1.0968e-02

I 05.20/21:28:31 solver.py:151 ] => Val  Loss: 1.3376e-02

I 05.20/21:28:31 solver.py:285 ] => Test NMSE: -1.8215e+01

I 05.20/21:28:34 solver.py:206 ] 
=! Best NMSE: -1.8215e+01 (epoch=230)

I 05.20/21:28:35 solver.py:151 ] => Train  Loss: 1.0938e-02

I 05.20/21:28:37 solver.py:206 ] 
=! Best NMSE: -1.8215e+01 (epoch=230)

I 05.20/21:28:38 solver.py:151 ] => Train  Loss: 1.0923e-02

I 05.20/21:28:39 solver.py:206 ] 
=! Best NMSE: -1.8215e+01 (epoch=230)

I 05.20/21:28:40 solver.py:151 ] => Train  Loss: 1.0922e-02

I 05.20/21:28:41 solver.py:206 ] 
=! Best NMSE: -1.8215e+01 (epoch=230)

I 05.20/21:28:42 solver.py:151 ] => Train  Loss: 1.0939e-02

I 05.20/21:28:43 solver.py:206 ] 
=! Best NMSE: -1.8215e+01 (epoch=230)

I 05.20/21:28:45 solver.py:151 ] => Train  Loss: 1.0942e-02

I 05.20/21:28:46 solver.py:206 ] 
=! Best NMSE: -1.8215e+01 (epoch=230)

I 05.20/21:28:47 solver.py:151 ] => Train  Loss: 1.0929e-02

I 05.20/21:28:48 solver.py:206 ] 
=! Best NMSE: -1.8215e+01 (epoch=230)

I 05.20/21:28:49 solver.py:151 ] => Train  Loss: 1.0894e-02

I 05.20/21:28:51 solver.py:206 ] 
=! Best NMSE: -1.8215e+01 (epoch=230)

I 05.20/21:28:53 solver.py:151 ] => Train  Loss: 1.0906e-02

I 05.20/21:28:54 solver.py:206 ] 
=! Best NMSE: -1.8215e+01 (epoch=230)

I 05.20/21:28:55 solver.py:151 ] => Train  Loss: 1.0904e-02

I 05.20/21:28:56 solver.py:206 ] 
=! Best NMSE: -1.8215e+01 (epoch=230)

I 05.20/21:28:58 solver.py:151 ] => Train  Loss: 1.0925e-02

I 05.20/21:28:58 solver.py:151 ] => Val  Loss: 1.3244e-02

I 05.20/21:28:58 solver.py:285 ] => Test NMSE: -1.8260e+01

I 05.20/21:29:02 solver.py:206 ] 
=! Best NMSE: -1.8260e+01 (epoch=240)

I 05.20/21:29:03 solver.py:151 ] => Train  Loss: 1.0845e-02

I 05.20/21:29:04 solver.py:206 ] 
=! Best NMSE: -1.8260e+01 (epoch=240)

I 05.20/21:29:05 solver.py:151 ] => Train  Loss: 1.0840e-02

I 05.20/21:29:06 solver.py:206 ] 
=! Best NMSE: -1.8260e+01 (epoch=240)

I 05.20/21:29:07 solver.py:151 ] => Train  Loss: 1.0865e-02

I 05.20/21:29:09 solver.py:206 ] 
=! Best NMSE: -1.8260e+01 (epoch=240)

I 05.20/21:29:10 solver.py:151 ] => Train  Loss: 1.0837e-02

I 05.20/21:29:12 solver.py:206 ] 
=! Best NMSE: -1.8260e+01 (epoch=240)

I 05.20/21:29:13 solver.py:151 ] => Train  Loss: 1.0831e-02

I 05.20/21:29:15 solver.py:206 ] 
=! Best NMSE: -1.8260e+01 (epoch=240)

I 05.20/21:29:16 solver.py:151 ] => Train  Loss: 1.0865e-02

I 05.20/21:29:18 solver.py:206 ] 
=! Best NMSE: -1.8260e+01 (epoch=240)

I 05.20/21:29:19 solver.py:151 ] => Train  Loss: 1.0843e-02

I 05.20/21:29:20 solver.py:206 ] 
=! Best NMSE: -1.8260e+01 (epoch=240)

I 05.20/21:29:22 solver.py:151 ] => Train  Loss: 1.0829e-02

I 05.20/21:29:23 solver.py:206 ] 
=! Best NMSE: -1.8260e+01 (epoch=240)

I 05.20/21:29:25 solver.py:151 ] => Train  Loss: 1.0833e-02

I 05.20/21:29:26 solver.py:206 ] 
=! Best NMSE: -1.8260e+01 (epoch=240)

I 05.20/21:29:27 solver.py:151 ] => Train  Loss: 1.0803e-02

I 05.20/21:29:27 solver.py:151 ] => Val  Loss: 1.3124e-02

I 05.20/21:29:28 solver.py:285 ] => Test NMSE: -1.8297e+01

I 05.20/21:29:31 solver.py:206 ] 
=! Best NMSE: -1.8297e+01 (epoch=250)

I 05.20/21:29:32 solver.py:151 ] => Train  Loss: 1.0817e-02

I 05.20/21:29:33 solver.py:206 ] 
=! Best NMSE: -1.8297e+01 (epoch=250)

I 05.20/21:29:34 solver.py:151 ] => Train  Loss: 1.0769e-02

I 05.20/21:29:35 solver.py:206 ] 
=! Best NMSE: -1.8297e+01 (epoch=250)

I 05.20/21:29:36 solver.py:151 ] => Train  Loss: 1.0777e-02

I 05.20/21:29:38 solver.py:206 ] 
=! Best NMSE: -1.8297e+01 (epoch=250)

I 05.20/21:29:39 solver.py:151 ] => Train  Loss: 1.0775e-02

I 05.20/21:29:40 solver.py:206 ] 
=! Best NMSE: -1.8297e+01 (epoch=250)

I 05.20/21:29:42 solver.py:151 ] => Train  Loss: 1.0775e-02

I 05.20/21:29:43 solver.py:206 ] 
=! Best NMSE: -1.8297e+01 (epoch=250)

I 05.20/21:29:44 solver.py:151 ] => Train  Loss: 1.0771e-02

I 05.20/21:29:46 solver.py:206 ] 
=! Best NMSE: -1.8297e+01 (epoch=250)

I 05.20/21:29:48 solver.py:151 ] => Train  Loss: 1.0795e-02

I 05.20/21:29:49 solver.py:206 ] 
=! Best NMSE: -1.8297e+01 (epoch=250)

I 05.20/21:29:50 solver.py:151 ] => Train  Loss: 1.0764e-02

I 05.20/21:29:51 solver.py:206 ] 
=! Best NMSE: -1.8297e+01 (epoch=250)

I 05.20/21:29:53 solver.py:151 ] => Train  Loss: 1.0730e-02

I 05.20/21:29:55 solver.py:206 ] 
=! Best NMSE: -1.8297e+01 (epoch=250)

I 05.20/21:29:57 solver.py:151 ] => Train  Loss: 1.0738e-02

I 05.20/21:29:57 solver.py:151 ] => Val  Loss: 1.3017e-02

I 05.20/21:29:57 solver.py:285 ] => Test NMSE: -1.8334e+01

I 05.20/21:30:00 solver.py:206 ] 
=! Best NMSE: -1.8334e+01 (epoch=260)

I 05.20/21:30:01 solver.py:151 ] => Train  Loss: 1.0783e-02

I 05.20/21:30:02 solver.py:206 ] 
=! Best NMSE: -1.8334e+01 (epoch=260)

I 05.20/21:30:03 solver.py:151 ] => Train  Loss: 1.0732e-02

I 05.20/21:30:05 solver.py:206 ] 
=! Best NMSE: -1.8334e+01 (epoch=260)

I 05.20/21:30:06 solver.py:151 ] => Train  Loss: 1.0729e-02

I 05.20/21:30:07 solver.py:206 ] 
=! Best NMSE: -1.8334e+01 (epoch=260)

I 05.20/21:30:08 solver.py:151 ] => Train  Loss: 1.0728e-02

I 05.20/21:30:09 solver.py:206 ] 
=! Best NMSE: -1.8334e+01 (epoch=260)

I 05.20/21:30:11 solver.py:151 ] => Train  Loss: 1.0713e-02

I 05.20/21:30:12 solver.py:206 ] 
=! Best NMSE: -1.8334e+01 (epoch=260)

I 05.20/21:30:13 solver.py:151 ] => Train  Loss: 1.0728e-02

I 05.20/21:30:15 solver.py:206 ] 
=! Best NMSE: -1.8334e+01 (epoch=260)

I 05.20/21:30:17 solver.py:151 ] => Train  Loss: 1.0707e-02

I 05.20/21:30:18 solver.py:206 ] 
=! Best NMSE: -1.8334e+01 (epoch=260)

I 05.20/21:30:19 solver.py:151 ] => Train  Loss: 1.0702e-02

I 05.20/21:30:20 solver.py:206 ] 
=! Best NMSE: -1.8334e+01 (epoch=260)

I 05.20/21:30:21 solver.py:151 ] => Train  Loss: 1.0680e-02

I 05.20/21:30:23 solver.py:206 ] 
=! Best NMSE: -1.8334e+01 (epoch=260)

I 05.20/21:30:24 solver.py:151 ] => Train  Loss: 1.0695e-02

I 05.20/21:30:24 solver.py:151 ] => Val  Loss: 1.2935e-02

I 05.20/21:30:24 solver.py:285 ] => Test NMSE: -1.8362e+01

I 05.20/21:30:27 solver.py:206 ] 
=! Best NMSE: -1.8362e+01 (epoch=270)

I 05.20/21:30:29 solver.py:151 ] => Train  Loss: 1.0696e-02

I 05.20/21:30:30 solver.py:206 ] 
=! Best NMSE: -1.8362e+01 (epoch=270)

I 05.20/21:30:31 solver.py:151 ] => Train  Loss: 1.0673e-02

I 05.20/21:30:32 solver.py:206 ] 
=! Best NMSE: -1.8362e+01 (epoch=270)

I 05.20/21:30:33 solver.py:151 ] => Train  Loss: 1.0662e-02

I 05.20/21:30:34 solver.py:206 ] 
=! Best NMSE: -1.8362e+01 (epoch=270)

I 05.20/21:30:35 solver.py:151 ] => Train  Loss: 1.0655e-02

I 05.20/21:30:37 solver.py:206 ] 
=! Best NMSE: -1.8362e+01 (epoch=270)

I 05.20/21:30:38 solver.py:151 ] => Train  Loss: 1.0698e-02

I 05.20/21:30:39 solver.py:206 ] 
=! Best NMSE: -1.8362e+01 (epoch=270)

I 05.20/21:30:40 solver.py:151 ] => Train  Loss: 1.0659e-02

I 05.20/21:30:42 solver.py:206 ] 
=! Best NMSE: -1.8362e+01 (epoch=270)

I 05.20/21:30:43 solver.py:151 ] => Train  Loss: 1.0683e-02

I 05.20/21:30:44 solver.py:206 ] 
=! Best NMSE: -1.8362e+01 (epoch=270)

I 05.20/21:30:45 solver.py:151 ] => Train  Loss: 1.0648e-02

I 05.20/21:30:47 solver.py:206 ] 
=! Best NMSE: -1.8362e+01 (epoch=270)

I 05.20/21:30:48 solver.py:151 ] => Train  Loss: 1.0621e-02

I 05.20/21:30:49 solver.py:206 ] 
=! Best NMSE: -1.8362e+01 (epoch=270)

I 05.20/21:30:50 solver.py:151 ] => Train  Loss: 1.0682e-02

I 05.20/21:30:51 solver.py:151 ] => Val  Loss: 1.2853e-02

I 05.20/21:30:51 solver.py:285 ] => Test NMSE: -1.8393e+01

I 05.20/21:30:54 solver.py:206 ] 
=! Best NMSE: -1.8393e+01 (epoch=280)

I 05.20/21:30:55 solver.py:151 ] => Train  Loss: 1.0636e-02

I 05.20/21:30:56 solver.py:206 ] 
=! Best NMSE: -1.8393e+01 (epoch=280)

I 05.20/21:30:57 solver.py:151 ] => Train  Loss: 1.0655e-02

I 05.20/21:30:59 solver.py:206 ] 
=! Best NMSE: -1.8393e+01 (epoch=280)

I 05.20/21:31:00 solver.py:151 ] => Train  Loss: 1.0652e-02

I 05.20/21:31:01 solver.py:206 ] 
=! Best NMSE: -1.8393e+01 (epoch=280)

I 05.20/21:31:03 solver.py:151 ] => Train  Loss: 1.0604e-02

I 05.20/21:31:04 solver.py:206 ] 
=! Best NMSE: -1.8393e+01 (epoch=280)

I 05.20/21:31:05 solver.py:151 ] => Train  Loss: 1.0627e-02

I 05.20/21:31:06 solver.py:206 ] 
=! Best NMSE: -1.8393e+01 (epoch=280)

I 05.20/21:31:08 solver.py:151 ] => Train  Loss: 1.0625e-02

I 05.20/21:31:10 solver.py:206 ] 
=! Best NMSE: -1.8393e+01 (epoch=280)

I 05.20/21:31:12 solver.py:151 ] => Train  Loss: 1.0628e-02

I 05.20/21:31:13 solver.py:206 ] 
=! Best NMSE: -1.8393e+01 (epoch=280)

I 05.20/21:31:15 solver.py:151 ] => Train  Loss: 1.0609e-02

I 05.20/21:31:17 solver.py:206 ] 
=! Best NMSE: -1.8393e+01 (epoch=280)

I 05.20/21:31:19 solver.py:151 ] => Train  Loss: 1.0599e-02

I 05.20/21:31:21 solver.py:206 ] 
=! Best NMSE: -1.8393e+01 (epoch=280)

I 05.20/21:31:23 solver.py:151 ] => Train  Loss: 1.0600e-02

I 05.20/21:31:23 solver.py:151 ] => Val  Loss: 1.2782e-02

I 05.20/21:31:23 solver.py:285 ] => Test NMSE: -1.8420e+01

I 05.20/21:31:26 solver.py:206 ] 
=! Best NMSE: -1.8420e+01 (epoch=290)

I 05.20/21:31:28 solver.py:151 ] => Train  Loss: 1.0597e-02

I 05.20/21:31:30 solver.py:206 ] 
=! Best NMSE: -1.8420e+01 (epoch=290)

I 05.20/21:31:32 solver.py:151 ] => Train  Loss: 1.0607e-02

I 05.20/21:31:33 solver.py:206 ] 
=! Best NMSE: -1.8420e+01 (epoch=290)

I 05.20/21:31:35 solver.py:151 ] => Train  Loss: 1.0618e-02

I 05.20/21:31:36 solver.py:206 ] 
=! Best NMSE: -1.8420e+01 (epoch=290)

I 05.20/21:31:38 solver.py:151 ] => Train  Loss: 1.0589e-02

I 05.20/21:31:39 solver.py:206 ] 
=! Best NMSE: -1.8420e+01 (epoch=290)

I 05.20/21:31:40 solver.py:151 ] => Train  Loss: 1.0587e-02

I 05.20/21:31:42 solver.py:206 ] 
=! Best NMSE: -1.8420e+01 (epoch=290)

I 05.20/21:31:44 solver.py:151 ] => Train  Loss: 1.0569e-02

I 05.20/21:31:45 solver.py:206 ] 
=! Best NMSE: -1.8420e+01 (epoch=290)

I 05.20/21:31:46 solver.py:151 ] => Train  Loss: 1.0592e-02

I 05.20/21:31:47 solver.py:206 ] 
=! Best NMSE: -1.8420e+01 (epoch=290)

I 05.20/21:31:48 solver.py:151 ] => Train  Loss: 1.0572e-02

I 05.20/21:31:50 solver.py:206 ] 
=! Best NMSE: -1.8420e+01 (epoch=290)

I 05.20/21:31:51 solver.py:151 ] => Train  Loss: 1.0582e-02

I 05.20/21:31:53 solver.py:206 ] 
=! Best NMSE: -1.8420e+01 (epoch=290)

I 05.20/21:31:55 solver.py:151 ] => Train  Loss: 1.0528e-02

I 05.20/21:31:55 solver.py:151 ] => Val  Loss: 1.2726e-02

I 05.20/21:31:55 solver.py:285 ] => Test NMSE: -1.8440e+01

I 05.20/21:31:58 solver.py:206 ] 
=! Best NMSE: -1.8440e+01 (epoch=300)

I 05.20/21:31:59 solver.py:151 ] => Train  Loss: 1.0550e-02

I 05.20/21:32:00 solver.py:206 ] 
=! Best NMSE: -1.8440e+01 (epoch=300)

I 05.20/21:32:01 solver.py:151 ] => Train  Loss: 1.0535e-02

I 05.20/21:32:03 solver.py:206 ] 
=! Best NMSE: -1.8440e+01 (epoch=300)

I 05.20/21:32:04 solver.py:151 ] => Train  Loss: 1.0552e-02

I 05.20/21:32:05 solver.py:206 ] 
=! Best NMSE: -1.8440e+01 (epoch=300)

I 05.20/21:32:06 solver.py:151 ] => Train  Loss: 1.0561e-02

I 05.20/21:32:09 solver.py:206 ] 
=! Best NMSE: -1.8440e+01 (epoch=300)

I 05.20/21:32:10 solver.py:151 ] => Train  Loss: 1.0525e-02

I 05.20/21:32:12 solver.py:206 ] 
=! Best NMSE: -1.8440e+01 (epoch=300)

I 05.20/21:32:14 solver.py:151 ] => Train  Loss: 1.0532e-02

I 05.20/21:32:16 solver.py:206 ] 
=! Best NMSE: -1.8440e+01 (epoch=300)

I 05.20/21:32:17 solver.py:151 ] => Train  Loss: 1.0553e-02

I 05.20/21:32:19 solver.py:206 ] 
=! Best NMSE: -1.8440e+01 (epoch=300)

I 05.20/21:32:21 solver.py:151 ] => Train  Loss: 1.0571e-02

I 05.20/21:32:23 solver.py:206 ] 
=! Best NMSE: -1.8440e+01 (epoch=300)

I 05.20/21:32:25 solver.py:151 ] => Train  Loss: 1.0536e-02

I 05.20/21:32:26 solver.py:206 ] 
=! Best NMSE: -1.8440e+01 (epoch=300)

I 05.20/21:32:28 solver.py:151 ] => Train  Loss: 1.0529e-02

I 05.20/21:32:29 solver.py:151 ] => Val  Loss: 1.2675e-02

I 05.20/21:32:29 solver.py:285 ] => Test NMSE: -1.8457e+01

I 05.20/21:32:32 solver.py:206 ] 
=! Best NMSE: -1.8457e+01 (epoch=310)

I 05.20/21:32:33 solver.py:151 ] => Train  Loss: 1.0512e-02

I 05.20/21:32:34 solver.py:206 ] 
=! Best NMSE: -1.8457e+01 (epoch=310)

I 05.20/21:32:36 solver.py:151 ] => Train  Loss: 1.0529e-02

I 05.20/21:32:37 solver.py:206 ] 
=! Best NMSE: -1.8457e+01 (epoch=310)

I 05.20/21:32:39 solver.py:151 ] => Train  Loss: 1.0500e-02

I 05.20/21:32:40 solver.py:206 ] 
=! Best NMSE: -1.8457e+01 (epoch=310)

I 05.20/21:32:41 solver.py:151 ] => Train  Loss: 1.0498e-02

I 05.20/21:32:43 solver.py:206 ] 
=! Best NMSE: -1.8457e+01 (epoch=310)

I 05.20/21:32:44 solver.py:151 ] => Train  Loss: 1.0514e-02

I 05.20/21:32:46 solver.py:206 ] 
=! Best NMSE: -1.8457e+01 (epoch=310)

I 05.20/21:32:47 solver.py:151 ] => Train  Loss: 1.0494e-02

I 05.20/21:32:49 solver.py:206 ] 
=! Best NMSE: -1.8457e+01 (epoch=310)

I 05.20/21:32:50 solver.py:151 ] => Train  Loss: 1.0494e-02

I 05.20/21:32:52 solver.py:206 ] 
=! Best NMSE: -1.8457e+01 (epoch=310)

I 05.20/21:32:53 solver.py:151 ] => Train  Loss: 1.0500e-02

I 05.20/21:32:54 solver.py:206 ] 
=! Best NMSE: -1.8457e+01 (epoch=310)

I 05.20/21:32:55 solver.py:151 ] => Train  Loss: 1.0489e-02

I 05.20/21:32:57 solver.py:206 ] 
=! Best NMSE: -1.8457e+01 (epoch=310)

I 05.20/21:32:58 solver.py:151 ] => Train  Loss: 1.0501e-02

I 05.20/21:32:59 solver.py:151 ] => Val  Loss: 1.2627e-02

I 05.20/21:32:59 solver.py:285 ] => Test NMSE: -1.8476e+01

I 05.20/21:33:02 solver.py:206 ] 
=! Best NMSE: -1.8476e+01 (epoch=320)

I 05.20/21:33:03 solver.py:151 ] => Train  Loss: 1.0496e-02

I 05.20/21:33:04 solver.py:206 ] 
=! Best NMSE: -1.8476e+01 (epoch=320)

I 05.20/21:33:05 solver.py:151 ] => Train  Loss: 1.0515e-02

I 05.20/21:33:07 solver.py:206 ] 
=! Best NMSE: -1.8476e+01 (epoch=320)

I 05.20/21:33:08 solver.py:151 ] => Train  Loss: 1.0490e-02

I 05.20/21:33:10 solver.py:206 ] 
=! Best NMSE: -1.8476e+01 (epoch=320)

I 05.20/21:33:11 solver.py:151 ] => Train  Loss: 1.0495e-02

I 05.20/21:33:13 solver.py:206 ] 
=! Best NMSE: -1.8476e+01 (epoch=320)

I 05.20/21:33:15 solver.py:151 ] => Train  Loss: 1.0475e-02

I 05.20/21:33:16 solver.py:206 ] 
=! Best NMSE: -1.8476e+01 (epoch=320)

I 05.20/21:33:17 solver.py:151 ] => Train  Loss: 1.0451e-02

I 05.20/21:33:19 solver.py:206 ] 
=! Best NMSE: -1.8476e+01 (epoch=320)

I 05.20/21:33:20 solver.py:151 ] => Train  Loss: 1.0475e-02

I 05.20/21:33:22 solver.py:206 ] 
=! Best NMSE: -1.8476e+01 (epoch=320)

I 05.20/21:33:24 solver.py:151 ] => Train  Loss: 1.0466e-02

I 05.20/21:33:25 solver.py:206 ] 
=! Best NMSE: -1.8476e+01 (epoch=320)

I 05.20/21:33:27 solver.py:151 ] => Train  Loss: 1.0427e-02

I 05.20/21:33:28 solver.py:206 ] 
=! Best NMSE: -1.8476e+01 (epoch=320)

I 05.20/21:33:30 solver.py:151 ] => Train  Loss: 1.0470e-02

I 05.20/21:33:30 solver.py:151 ] => Val  Loss: 1.2583e-02

I 05.20/21:33:30 solver.py:285 ] => Test NMSE: -1.8490e+01

I 05.20/21:33:33 solver.py:206 ] 
=! Best NMSE: -1.8490e+01 (epoch=330)

I 05.20/21:33:35 solver.py:151 ] => Train  Loss: 1.0465e-02

I 05.20/21:33:36 solver.py:206 ] 
=! Best NMSE: -1.8490e+01 (epoch=330)

I 05.20/21:33:37 solver.py:151 ] => Train  Loss: 1.0475e-02

I 05.20/21:33:38 solver.py:206 ] 
=! Best NMSE: -1.8490e+01 (epoch=330)

I 05.20/21:33:39 solver.py:151 ] => Train  Loss: 1.0495e-02

I 05.20/21:33:41 solver.py:206 ] 
=! Best NMSE: -1.8490e+01 (epoch=330)

I 05.20/21:33:42 solver.py:151 ] => Train  Loss: 1.0444e-02

I 05.20/21:33:43 solver.py:206 ] 
=! Best NMSE: -1.8490e+01 (epoch=330)

I 05.20/21:33:44 solver.py:151 ] => Train  Loss: 1.0460e-02

I 05.20/21:33:46 solver.py:206 ] 
=! Best NMSE: -1.8490e+01 (epoch=330)

I 05.20/21:33:48 solver.py:151 ] => Train  Loss: 1.0480e-02

I 05.20/21:33:49 solver.py:206 ] 
=! Best NMSE: -1.8490e+01 (epoch=330)

I 05.20/21:33:50 solver.py:151 ] => Train  Loss: 1.0459e-02

I 05.20/21:33:51 solver.py:206 ] 
=! Best NMSE: -1.8490e+01 (epoch=330)

I 05.20/21:33:52 solver.py:151 ] => Train  Loss: 1.0447e-02

I 05.20/21:33:53 solver.py:206 ] 
=! Best NMSE: -1.8490e+01 (epoch=330)

I 05.20/21:33:55 solver.py:151 ] => Train  Loss: 1.0465e-02

I 05.20/21:33:56 solver.py:206 ] 
=! Best NMSE: -1.8490e+01 (epoch=330)

I 05.20/21:33:57 solver.py:151 ] => Train  Loss: 1.0434e-02

I 05.20/21:33:57 solver.py:151 ] => Val  Loss: 1.2553e-02

I 05.20/21:33:58 solver.py:285 ] => Test NMSE: -1.8503e+01

I 05.20/21:34:01 solver.py:206 ] 
=! Best NMSE: -1.8503e+01 (epoch=340)

I 05.20/21:34:02 solver.py:151 ] => Train  Loss: 1.0412e-02

I 05.20/21:34:03 solver.py:206 ] 
=! Best NMSE: -1.8503e+01 (epoch=340)

I 05.20/21:34:04 solver.py:151 ] => Train  Loss: 1.0459e-02

I 05.20/21:34:05 solver.py:206 ] 
=! Best NMSE: -1.8503e+01 (epoch=340)

I 05.20/21:34:06 solver.py:151 ] => Train  Loss: 1.0432e-02

I 05.20/21:34:08 solver.py:206 ] 
=! Best NMSE: -1.8503e+01 (epoch=340)

I 05.20/21:34:09 solver.py:151 ] => Train  Loss: 1.0442e-02

I 05.20/21:34:10 solver.py:206 ] 
=! Best NMSE: -1.8503e+01 (epoch=340)

I 05.20/21:34:11 solver.py:151 ] => Train  Loss: 1.0394e-02

I 05.20/21:34:12 solver.py:206 ] 
=! Best NMSE: -1.8503e+01 (epoch=340)

I 05.20/21:34:13 solver.py:151 ] => Train  Loss: 1.0447e-02

I 05.20/21:34:14 solver.py:206 ] 
=! Best NMSE: -1.8503e+01 (epoch=340)

I 05.20/21:34:16 solver.py:151 ] => Train  Loss: 1.0393e-02

I 05.20/21:34:17 solver.py:206 ] 
=! Best NMSE: -1.8503e+01 (epoch=340)

I 05.20/21:34:18 solver.py:151 ] => Train  Loss: 1.0396e-02

I 05.20/21:34:19 solver.py:206 ] 
=! Best NMSE: -1.8503e+01 (epoch=340)

I 05.20/21:34:20 solver.py:151 ] => Train  Loss: 1.0459e-02

I 05.20/21:34:21 solver.py:206 ] 
=! Best NMSE: -1.8503e+01 (epoch=340)

I 05.20/21:34:22 solver.py:151 ] => Train  Loss: 1.0443e-02

I 05.20/21:34:22 solver.py:151 ] => Val  Loss: 1.2516e-02

I 05.20/21:34:23 solver.py:285 ] => Test NMSE: -1.8515e+01

I 05.20/21:34:25 solver.py:206 ] 
=! Best NMSE: -1.8515e+01 (epoch=350)

I 05.20/21:34:27 solver.py:151 ] => Train  Loss: 1.0426e-02

I 05.20/21:34:28 solver.py:206 ] 
=! Best NMSE: -1.8515e+01 (epoch=350)

I 05.20/21:34:29 solver.py:151 ] => Train  Loss: 1.0427e-02

I 05.20/21:34:30 solver.py:206 ] 
=! Best NMSE: -1.8515e+01 (epoch=350)

I 05.20/21:34:31 solver.py:151 ] => Train  Loss: 1.0389e-02

I 05.20/21:34:32 solver.py:206 ] 
=! Best NMSE: -1.8515e+01 (epoch=350)

I 05.20/21:34:33 solver.py:151 ] => Train  Loss: 1.0403e-02

I 05.20/21:34:35 solver.py:206 ] 
=! Best NMSE: -1.8515e+01 (epoch=350)

I 05.20/21:34:36 solver.py:151 ] => Train  Loss: 1.0455e-02

I 05.20/21:34:37 solver.py:206 ] 
=! Best NMSE: -1.8515e+01 (epoch=350)

I 05.20/21:34:38 solver.py:151 ] => Train  Loss: 1.0400e-02

I 05.20/21:34:39 solver.py:206 ] 
=! Best NMSE: -1.8515e+01 (epoch=350)

I 05.20/21:34:40 solver.py:151 ] => Train  Loss: 1.0380e-02

I 05.20/21:34:41 solver.py:206 ] 
=! Best NMSE: -1.8515e+01 (epoch=350)

I 05.20/21:34:42 solver.py:151 ] => Train  Loss: 1.0384e-02

I 05.20/21:34:43 solver.py:206 ] 
=! Best NMSE: -1.8515e+01 (epoch=350)

I 05.20/21:34:44 solver.py:151 ] => Train  Loss: 1.0388e-02

I 05.20/21:34:46 solver.py:206 ] 
=! Best NMSE: -1.8515e+01 (epoch=350)

I 05.20/21:34:47 solver.py:151 ] => Train  Loss: 1.0402e-02

I 05.20/21:34:47 solver.py:151 ] => Val  Loss: 1.2485e-02

I 05.20/21:34:47 solver.py:285 ] => Test NMSE: -1.8526e+01

I 05.20/21:34:50 solver.py:206 ] 
=! Best NMSE: -1.8526e+01 (epoch=360)

I 05.20/21:34:51 solver.py:151 ] => Train  Loss: 1.0381e-02

I 05.20/21:34:52 solver.py:206 ] 
=! Best NMSE: -1.8526e+01 (epoch=360)

I 05.20/21:34:53 solver.py:151 ] => Train  Loss: 1.0417e-02

I 05.20/21:34:54 solver.py:206 ] 
=! Best NMSE: -1.8526e+01 (epoch=360)

I 05.20/21:34:56 solver.py:151 ] => Train  Loss: 1.0381e-02

I 05.20/21:34:57 solver.py:206 ] 
=! Best NMSE: -1.8526e+01 (epoch=360)

I 05.20/21:34:58 solver.py:151 ] => Train  Loss: 1.0405e-02

I 05.20/21:34:59 solver.py:206 ] 
=! Best NMSE: -1.8526e+01 (epoch=360)

I 05.20/21:35:00 solver.py:151 ] => Train  Loss: 1.0369e-02

I 05.20/21:35:01 solver.py:206 ] 
=! Best NMSE: -1.8526e+01 (epoch=360)

I 05.20/21:35:02 solver.py:151 ] => Train  Loss: 1.0388e-02

I 05.20/21:35:04 solver.py:206 ] 
=! Best NMSE: -1.8526e+01 (epoch=360)

I 05.20/21:35:05 solver.py:151 ] => Train  Loss: 1.0389e-02

I 05.20/21:35:06 solver.py:206 ] 
=! Best NMSE: -1.8526e+01 (epoch=360)

I 05.20/21:35:07 solver.py:151 ] => Train  Loss: 1.0370e-02

I 05.20/21:35:08 solver.py:206 ] 
=! Best NMSE: -1.8526e+01 (epoch=360)

I 05.20/21:35:09 solver.py:151 ] => Train  Loss: 1.0376e-02

I 05.20/21:35:10 solver.py:206 ] 
=! Best NMSE: -1.8526e+01 (epoch=360)

I 05.20/21:35:12 solver.py:151 ] => Train  Loss: 1.0377e-02

I 05.20/21:35:12 solver.py:151 ] => Val  Loss: 1.2461e-02

I 05.20/21:35:12 solver.py:285 ] => Test NMSE: -1.8535e+01

I 05.20/21:35:15 solver.py:206 ] 
=! Best NMSE: -1.8535e+01 (epoch=370)

I 05.20/21:35:17 solver.py:151 ] => Train  Loss: 1.0367e-02

I 05.20/21:35:19 solver.py:206 ] 
=! Best NMSE: -1.8535e+01 (epoch=370)

I 05.20/21:35:20 solver.py:151 ] => Train  Loss: 1.0379e-02

I 05.20/21:35:22 solver.py:206 ] 
=! Best NMSE: -1.8535e+01 (epoch=370)

I 05.20/21:35:23 solver.py:151 ] => Train  Loss: 1.0370e-02

I 05.20/21:35:25 solver.py:206 ] 
=! Best NMSE: -1.8535e+01 (epoch=370)

I 05.20/21:35:26 solver.py:151 ] => Train  Loss: 1.0379e-02

I 05.20/21:35:27 solver.py:206 ] 
=! Best NMSE: -1.8535e+01 (epoch=370)

I 05.20/21:35:28 solver.py:151 ] => Train  Loss: 1.0383e-02

I 05.20/21:35:29 solver.py:206 ] 
=! Best NMSE: -1.8535e+01 (epoch=370)

I 05.20/21:35:30 solver.py:151 ] => Train  Loss: 1.0363e-02

I 05.20/21:35:32 solver.py:206 ] 
=! Best NMSE: -1.8535e+01 (epoch=370)

I 05.20/21:35:33 solver.py:151 ] => Train  Loss: 1.0343e-02

I 05.20/21:35:35 solver.py:206 ] 
=! Best NMSE: -1.8535e+01 (epoch=370)

I 05.20/21:35:36 solver.py:151 ] => Train  Loss: 1.0353e-02

I 05.20/21:35:37 solver.py:206 ] 
=! Best NMSE: -1.8535e+01 (epoch=370)

I 05.20/21:35:38 solver.py:151 ] => Train  Loss: 1.0366e-02

I 05.20/21:35:40 solver.py:206 ] 
=! Best NMSE: -1.8535e+01 (epoch=370)

I 05.20/21:35:41 solver.py:151 ] => Train  Loss: 1.0367e-02

I 05.20/21:35:41 solver.py:151 ] => Val  Loss: 1.2441e-02

I 05.20/21:35:42 solver.py:285 ] => Test NMSE: -1.8544e+01

I 05.20/21:35:44 solver.py:206 ] 
=! Best NMSE: -1.8544e+01 (epoch=380)

I 05.20/21:35:45 solver.py:151 ] => Train  Loss: 1.0373e-02

I 05.20/21:35:46 solver.py:206 ] 
=! Best NMSE: -1.8544e+01 (epoch=380)

I 05.20/21:35:47 solver.py:151 ] => Train  Loss: 1.0347e-02

I 05.20/21:35:49 solver.py:206 ] 
=! Best NMSE: -1.8544e+01 (epoch=380)

I 05.20/21:35:50 solver.py:151 ] => Train  Loss: 1.0360e-02

I 05.20/21:35:51 solver.py:206 ] 
=! Best NMSE: -1.8544e+01 (epoch=380)

I 05.20/21:35:52 solver.py:151 ] => Train  Loss: 1.0347e-02

I 05.20/21:35:53 solver.py:206 ] 
=! Best NMSE: -1.8544e+01 (epoch=380)

I 05.20/21:35:54 solver.py:151 ] => Train  Loss: 1.0373e-02

I 05.20/21:35:55 solver.py:206 ] 
=! Best NMSE: -1.8544e+01 (epoch=380)

I 05.20/21:35:56 solver.py:151 ] => Train  Loss: 1.0351e-02

I 05.20/21:35:57 solver.py:206 ] 
=! Best NMSE: -1.8544e+01 (epoch=380)

I 05.20/21:35:58 solver.py:151 ] => Train  Loss: 1.0348e-02

I 05.20/21:36:00 solver.py:206 ] 
=! Best NMSE: -1.8544e+01 (epoch=380)

I 05.20/21:36:01 solver.py:151 ] => Train  Loss: 1.0357e-02

I 05.20/21:36:02 solver.py:206 ] 
=! Best NMSE: -1.8544e+01 (epoch=380)

I 05.20/21:36:03 solver.py:151 ] => Train  Loss: 1.0345e-02

I 05.20/21:36:04 solver.py:206 ] 
=! Best NMSE: -1.8544e+01 (epoch=380)

I 05.20/21:36:05 solver.py:151 ] => Train  Loss: 1.0364e-02

I 05.20/21:36:05 solver.py:151 ] => Val  Loss: 1.2415e-02

I 05.20/21:36:05 solver.py:285 ] => Test NMSE: -1.8552e+01

I 05.20/21:36:08 solver.py:206 ] 
=! Best NMSE: -1.8552e+01 (epoch=390)

I 05.20/21:36:09 solver.py:151 ] => Train  Loss: 1.0325e-02

I 05.20/21:36:10 solver.py:206 ] 
=! Best NMSE: -1.8552e+01 (epoch=390)

I 05.20/21:36:11 solver.py:151 ] => Train  Loss: 1.0402e-02

I 05.20/21:36:12 solver.py:206 ] 
=! Best NMSE: -1.8552e+01 (epoch=390)

I 05.20/21:36:13 solver.py:151 ] => Train  Loss: 1.0346e-02

I 05.20/21:36:14 solver.py:206 ] 
=! Best NMSE: -1.8552e+01 (epoch=390)

I 05.20/21:36:15 solver.py:151 ] => Train  Loss: 1.0359e-02

I 05.20/21:36:16 solver.py:206 ] 
=! Best NMSE: -1.8552e+01 (epoch=390)

I 05.20/21:36:17 solver.py:151 ] => Train  Loss: 1.0363e-02

I 05.20/21:36:19 solver.py:206 ] 
=! Best NMSE: -1.8552e+01 (epoch=390)

I 05.20/21:36:20 solver.py:151 ] => Train  Loss: 1.0355e-02

I 05.20/21:36:21 solver.py:206 ] 
=! Best NMSE: -1.8552e+01 (epoch=390)

I 05.20/21:36:22 solver.py:151 ] => Train  Loss: 1.0321e-02

I 05.20/21:36:23 solver.py:206 ] 
=! Best NMSE: -1.8552e+01 (epoch=390)

I 05.20/21:36:24 solver.py:151 ] => Train  Loss: 1.0358e-02

I 05.20/21:36:25 solver.py:206 ] 
=! Best NMSE: -1.8552e+01 (epoch=390)

I 05.20/21:36:26 solver.py:151 ] => Train  Loss: 1.0335e-02

I 05.20/21:36:27 solver.py:206 ] 
=! Best NMSE: -1.8552e+01 (epoch=390)

I 05.20/21:36:28 solver.py:151 ] => Train  Loss: 1.0322e-02

I 05.20/21:36:28 solver.py:151 ] => Val  Loss: 1.2397e-02

I 05.20/21:36:28 solver.py:285 ] => Test NMSE: -1.8559e+01

I 05.20/21:36:31 solver.py:206 ] 
=! Best NMSE: -1.8559e+01 (epoch=400)

I 05.20/21:36:31 solver.py:229 ] => Saved encoder outputs to /storage/hujiacong/zxd/Huawei/TransNet/exps/freeze_decoder_cross_attn/encoder_output.pth
I 05.20/21:36:32 solver.py:285 ] => Test NMSE: -1.8559e+01

I 05.20/21:36:32 solver.py:254 ] 
=> Test result: 
loss: 1.0447e-02    NMSE: -1.8559e+01

I 05.20/21:36:32 main.py:87  ] 
=! Final test loss: 1.0447e-02
         test NMSE: -1.8559e+01

