I 05.20/21:55:05 main.py:23  ] => Experiment directory: /storage/hujiacong/zxd/Huawei/TransNet/exps/freeze_fc_decoder
I 05.20/21:55:05 main.py:24  ] => PyTorch Version: 2.5.1
I 05.20/21:55:05 init.py:14  ] Random seed set to 3447
I 05.20/21:55:06 init.py:69  ] Running on GPU 3
I 05.20/21:55:07 init.py:100 ] => Model Name: TransNet [pretrained: None]
I 05.20/21:55:07 init.py:101 ] => Model Config: compression ratio=1/4; input shape=(2, 64, 64); input dim=8192
I 05.20/21:55:07 init.py:104 ] => Model Flops: 168.133M
I 05.20/21:55:07 init.py:105 ] => Model Params Num: 34.094M

I 05.20/21:55:07 init.py:106 ] 
**********
Transformer(
  (encoder): TransformerEncoder(
    (layer): TransformerEncoderLayer(
      (self_attn): MultiheadAttention(
        (out_proj): Linear(in_features=64, out_features=64, bias=True)
      )
      (linear1): Linear(in_features=64, out_features=2048, bias=True)
      (dropout): Dropout(p=0.0, inplace=False)
      (linear2): Linear(in_features=2048, out_features=64, bias=True)
      (norm1): LayerNorm((64,), eps=1e-05, elementwise_affine=True)
      (norm2): LayerNorm((64,), eps=1e-05, elementwise_affine=True)
      (dropout1): Dropout(p=0.0, inplace=False)
      (dropout2): Dropout(p=0.0, inplace=False)
    )
  )
  (decoder): TransformerDecoder(
    (layer): TransformerDecoderLayer(
      (self_attn): MultiheadAttention(
        (out_proj): Linear(in_features=64, out_features=64, bias=True)
      )
      (multihead_attn): MultiheadAttention(
        (out_proj): Linear(in_features=64, out_features=64, bias=True)
      )
      (linear1): Linear(in_features=64, out_features=2048, bias=True)
      (dropout): Dropout(p=0.0, inplace=False)
      (linear2): Linear(in_features=2048, out_features=64, bias=True)
      (norm1): LayerNorm((64,), eps=1e-05, elementwise_affine=True)
      (norm2): LayerNorm((64,), eps=1e-05, elementwise_affine=True)
      (norm3): LayerNorm((64,), eps=1e-05, elementwise_affine=True)
      (dropout1): Dropout(p=0.0, inplace=False)
      (dropout2): Dropout(p=0.0, inplace=False)
      (dropout3): Dropout(p=0.0, inplace=False)
    )
    (norm): LayerNorm((64,), eps=1e-05, elementwise_affine=True)
  )
  (fc_encoder): Linear(in_features=8192, out_features=2048, bias=True)
  (fc_decoder): Linear(in_features=2048, out_features=8192, bias=True)
)
**********

I 05.20/21:55:07 init.py:42  ] => Frozen components: fc_decoder
I 05.20/21:55:07 init.py:46  ] 
**********
=> Parameter trainable status
**********
I 05.20/21:55:07 init.py:48  ] encoder.layer.self_attn.in_proj_weight | trainable=True | shape=(192, 64)
I 05.20/21:55:07 init.py:48  ] encoder.layer.self_attn.in_proj_bias | trainable=True | shape=(192,)
I 05.20/21:55:07 init.py:48  ] encoder.layer.self_attn.out_proj.weight | trainable=True | shape=(64, 64)
I 05.20/21:55:07 init.py:48  ] encoder.layer.self_attn.out_proj.bias | trainable=True | shape=(64,)
I 05.20/21:55:07 init.py:48  ] encoder.layer.linear1.weight | trainable=True | shape=(2048, 64)
I 05.20/21:55:07 init.py:48  ] encoder.layer.linear1.bias | trainable=True | shape=(2048,)
I 05.20/21:55:07 init.py:48  ] encoder.layer.linear2.weight | trainable=True | shape=(64, 2048)
I 05.20/21:55:07 init.py:48  ] encoder.layer.linear2.bias | trainable=True | shape=(64,)
I 05.20/21:55:07 init.py:48  ] encoder.layer.norm1.weight | trainable=True | shape=(64,)
I 05.20/21:55:07 init.py:48  ] encoder.layer.norm1.bias | trainable=True | shape=(64,)
I 05.20/21:55:07 init.py:48  ] encoder.layer.norm2.weight | trainable=True | shape=(64,)
I 05.20/21:55:07 init.py:48  ] encoder.layer.norm2.bias | trainable=True | shape=(64,)
I 05.20/21:55:07 init.py:48  ] decoder.layer.self_attn.in_proj_weight | trainable=True | shape=(192, 64)
I 05.20/21:55:07 init.py:48  ] decoder.layer.self_attn.in_proj_bias | trainable=True | shape=(192,)
I 05.20/21:55:07 init.py:48  ] decoder.layer.self_attn.out_proj.weight | trainable=True | shape=(64, 64)
I 05.20/21:55:07 init.py:48  ] decoder.layer.self_attn.out_proj.bias | trainable=True | shape=(64,)
I 05.20/21:55:07 init.py:48  ] decoder.layer.multihead_attn.in_proj_weight | trainable=True | shape=(192, 64)
I 05.20/21:55:07 init.py:48  ] decoder.layer.multihead_attn.in_proj_bias | trainable=True | shape=(192,)
I 05.20/21:55:07 init.py:48  ] decoder.layer.multihead_attn.out_proj.weight | trainable=True | shape=(64, 64)
I 05.20/21:55:07 init.py:48  ] decoder.layer.multihead_attn.out_proj.bias | trainable=True | shape=(64,)
I 05.20/21:55:07 init.py:48  ] decoder.layer.linear1.weight | trainable=True | shape=(2048, 64)
I 05.20/21:55:07 init.py:48  ] decoder.layer.linear1.bias | trainable=True | shape=(2048,)
I 05.20/21:55:07 init.py:48  ] decoder.layer.linear2.weight | trainable=True | shape=(64, 2048)
I 05.20/21:55:07 init.py:48  ] decoder.layer.linear2.bias | trainable=True | shape=(64,)
I 05.20/21:55:07 init.py:48  ] decoder.layer.norm1.weight | trainable=True | shape=(64,)
I 05.20/21:55:07 init.py:48  ] decoder.layer.norm1.bias | trainable=True | shape=(64,)
I 05.20/21:55:07 init.py:48  ] decoder.layer.norm2.weight | trainable=True | shape=(64,)
I 05.20/21:55:07 init.py:48  ] decoder.layer.norm2.bias | trainable=True | shape=(64,)
I 05.20/21:55:07 init.py:48  ] decoder.layer.norm3.weight | trainable=True | shape=(64,)
I 05.20/21:55:07 init.py:48  ] decoder.layer.norm3.bias | trainable=True | shape=(64,)
I 05.20/21:55:07 init.py:48  ] decoder.norm.weight | trainable=True | shape=(64,)
I 05.20/21:55:07 init.py:48  ] decoder.norm.bias | trainable=True | shape=(64,)
I 05.20/21:55:07 init.py:48  ] fc_encoder.weight | trainable=True | shape=(2048, 8192)
I 05.20/21:55:07 init.py:48  ] fc_encoder.bias | trainable=True | shape=(2048,)
I 05.20/21:55:07 init.py:48  ] fc_decoder.weight | trainable=False | shape=(8192, 2048)
I 05.20/21:55:07 init.py:48  ] fc_decoder.bias | trainable=False | shape=(8192,)
I 05.20/21:55:07 init.py:49  ] **********
I 05.20/21:55:09 solver.py:151 ] => Train  Loss: 1.4977e+00

I 05.20/21:55:11 solver.py:151 ] => Train  Loss: 1.4781e+00

I 05.20/21:55:13 solver.py:151 ] => Train  Loss: 1.4326e+00

I 05.20/21:55:15 solver.py:151 ] => Train  Loss: 1.3612e+00

I 05.20/21:55:17 solver.py:151 ] => Train  Loss: 1.2728e+00

I 05.20/21:55:18 solver.py:151 ] => Train  Loss: 1.1797e+00

I 05.20/21:55:20 solver.py:151 ] => Train  Loss: 1.0929e+00

I 05.20/21:55:22 solver.py:151 ] => Train  Loss: 1.0176e+00

I 05.20/21:55:24 solver.py:151 ] => Train  Loss: 9.5678e-01

I 05.20/21:55:25 solver.py:151 ] => Train  Loss: 9.0691e-01

I 05.20/21:55:26 solver.py:151 ] => Val  Loss: 8.9460e-01

I 05.20/21:55:26 solver.py:285 ] => Test NMSE: 7.3129e-01

I 05.20/21:55:27 solver.py:206 ] 
=! Best NMSE: 7.3129e-01 (epoch=10)

I 05.20/21:55:28 solver.py:151 ] => Train  Loss: 8.6814e-01

I 05.20/21:55:29 solver.py:206 ] 
=! Best NMSE: 7.3129e-01 (epoch=10)

I 05.20/21:55:30 solver.py:151 ] => Train  Loss: 8.3729e-01

I 05.20/21:55:31 solver.py:206 ] 
=! Best NMSE: 7.3129e-01 (epoch=10)

I 05.20/21:55:32 solver.py:151 ] => Train  Loss: 8.1245e-01

I 05.20/21:55:33 solver.py:206 ] 
=! Best NMSE: 7.3129e-01 (epoch=10)

I 05.20/21:55:34 solver.py:151 ] => Train  Loss: 7.9214e-01

I 05.20/21:55:34 solver.py:206 ] 
=! Best NMSE: 7.3129e-01 (epoch=10)

I 05.20/21:55:35 solver.py:151 ] => Train  Loss: 7.7563e-01

I 05.20/21:55:36 solver.py:206 ] 
=! Best NMSE: 7.3129e-01 (epoch=10)

I 05.20/21:55:37 solver.py:151 ] => Train  Loss: 7.6084e-01

I 05.20/21:55:38 solver.py:206 ] 
=! Best NMSE: 7.3129e-01 (epoch=10)

I 05.20/21:55:39 solver.py:151 ] => Train  Loss: 7.4908e-01

I 05.20/21:55:40 solver.py:206 ] 
=! Best NMSE: 7.3129e-01 (epoch=10)

I 05.20/21:55:41 solver.py:151 ] => Train  Loss: 7.3809e-01

I 05.20/21:55:41 solver.py:206 ] 
=! Best NMSE: 7.3129e-01 (epoch=10)

I 05.20/21:55:42 solver.py:151 ] => Train  Loss: 7.2837e-01

I 05.20/21:55:43 solver.py:206 ] 
=! Best NMSE: 7.3129e-01 (epoch=10)

I 05.20/21:55:44 solver.py:151 ] => Train  Loss: 7.1895e-01

I 05.20/21:55:44 solver.py:151 ] => Val  Loss: 7.1600e-01

I 05.20/21:55:45 solver.py:285 ] => Test NMSE: -1.4259e-01

I 05.20/21:55:46 solver.py:206 ] 
=! Best NMSE: -1.4259e-01 (epoch=20)

I 05.20/21:55:47 solver.py:151 ] => Train  Loss: 7.1110e-01

I 05.20/21:55:48 solver.py:206 ] 
=! Best NMSE: -1.4259e-01 (epoch=20)

I 05.20/21:55:49 solver.py:151 ] => Train  Loss: 7.0274e-01

I 05.20/21:55:50 solver.py:206 ] 
=! Best NMSE: -1.4259e-01 (epoch=20)

I 05.20/21:55:51 solver.py:151 ] => Train  Loss: 6.9468e-01

I 05.20/21:55:52 solver.py:206 ] 
=! Best NMSE: -1.4259e-01 (epoch=20)

I 05.20/21:55:53 solver.py:151 ] => Train  Loss: 6.8651e-01

I 05.20/21:55:53 solver.py:206 ] 
=! Best NMSE: -1.4259e-01 (epoch=20)

I 05.20/21:55:54 solver.py:151 ] => Train  Loss: 6.7834e-01

I 05.20/21:55:55 solver.py:206 ] 
=! Best NMSE: -1.4259e-01 (epoch=20)

I 05.20/21:55:56 solver.py:151 ] => Train  Loss: 6.7051e-01

I 05.20/21:55:57 solver.py:206 ] 
=! Best NMSE: -1.4259e-01 (epoch=20)

I 05.20/21:55:58 solver.py:151 ] => Train  Loss: 6.6213e-01

I 05.20/21:55:59 solver.py:206 ] 
=! Best NMSE: -1.4259e-01 (epoch=20)

I 05.20/21:56:00 solver.py:151 ] => Train  Loss: 6.5352e-01

I 05.20/21:56:00 solver.py:206 ] 
=! Best NMSE: -1.4259e-01 (epoch=20)

I 05.20/21:56:01 solver.py:151 ] => Train  Loss: 6.4473e-01

I 05.20/21:56:02 solver.py:206 ] 
=! Best NMSE: -1.4259e-01 (epoch=20)

I 05.20/21:56:03 solver.py:151 ] => Train  Loss: 6.3544e-01

I 05.20/21:56:04 solver.py:151 ] => Val  Loss: 6.3240e-01

I 05.20/21:56:04 solver.py:285 ] => Test NMSE: -6.7022e-01

I 05.20/21:56:05 solver.py:206 ] 
=! Best NMSE: -6.7022e-01 (epoch=30)

I 05.20/21:56:06 solver.py:151 ] => Train  Loss: 6.2554e-01

I 05.20/21:56:07 solver.py:206 ] 
=! Best NMSE: -6.7022e-01 (epoch=30)

I 05.20/21:56:08 solver.py:151 ] => Train  Loss: 6.1426e-01

I 05.20/21:56:09 solver.py:206 ] 
=! Best NMSE: -6.7022e-01 (epoch=30)

I 05.20/21:56:10 solver.py:151 ] => Train  Loss: 6.0351e-01

I 05.20/21:56:10 solver.py:206 ] 
=! Best NMSE: -6.7022e-01 (epoch=30)

I 05.20/21:56:11 solver.py:151 ] => Train  Loss: 5.8896e-01

I 05.20/21:56:12 solver.py:206 ] 
=! Best NMSE: -6.7022e-01 (epoch=30)

I 05.20/21:56:13 solver.py:151 ] => Train  Loss: 5.7268e-01

I 05.20/21:56:14 solver.py:206 ] 
=! Best NMSE: -6.7022e-01 (epoch=30)

I 05.20/21:56:15 solver.py:151 ] => Train  Loss: 5.5282e-01

I 05.20/21:56:15 solver.py:206 ] 
=! Best NMSE: -6.7022e-01 (epoch=30)

I 05.20/21:56:16 solver.py:151 ] => Train  Loss: 5.2825e-01

I 05.20/21:56:17 solver.py:206 ] 
=! Best NMSE: -6.7022e-01 (epoch=30)

I 05.20/21:56:18 solver.py:151 ] => Train  Loss: 4.9933e-01

I 05.20/21:56:19 solver.py:206 ] 
=! Best NMSE: -6.7022e-01 (epoch=30)

I 05.20/21:56:20 solver.py:151 ] => Train  Loss: 4.6494e-01

I 05.20/21:56:21 solver.py:206 ] 
=! Best NMSE: -6.7022e-01 (epoch=30)

I 05.20/21:56:22 solver.py:151 ] => Train  Loss: 4.2793e-01

I 05.20/21:56:22 solver.py:151 ] => Val  Loss: 4.0786e-01

I 05.20/21:56:22 solver.py:285 ] => Test NMSE: -2.5449e+00

I 05.20/21:56:24 solver.py:206 ] 
=! Best NMSE: -2.5449e+00 (epoch=40)

I 05.20/21:56:25 solver.py:151 ] => Train  Loss: 3.9099e-01

I 05.20/21:56:25 solver.py:206 ] 
=! Best NMSE: -2.5449e+00 (epoch=40)

I 05.20/21:56:26 solver.py:151 ] => Train  Loss: 3.5413e-01

I 05.20/21:56:27 solver.py:206 ] 
=! Best NMSE: -2.5449e+00 (epoch=40)

I 05.20/21:56:28 solver.py:151 ] => Train  Loss: 3.2529e-01

I 05.20/21:56:29 solver.py:206 ] 
=! Best NMSE: -2.5449e+00 (epoch=40)

I 05.20/21:56:30 solver.py:151 ] => Train  Loss: 3.0088e-01

I 05.20/21:56:31 solver.py:206 ] 
=! Best NMSE: -2.5449e+00 (epoch=40)

I 05.20/21:56:32 solver.py:151 ] => Train  Loss: 2.7508e-01

I 05.20/21:56:32 solver.py:206 ] 
=! Best NMSE: -2.5449e+00 (epoch=40)

I 05.20/21:56:33 solver.py:151 ] => Train  Loss: 2.5889e-01

I 05.20/21:56:34 solver.py:206 ] 
=! Best NMSE: -2.5449e+00 (epoch=40)

I 05.20/21:56:35 solver.py:151 ] => Train  Loss: 2.4297e-01

I 05.20/21:56:36 solver.py:206 ] 
=! Best NMSE: -2.5449e+00 (epoch=40)

I 05.20/21:56:37 solver.py:151 ] => Train  Loss: 2.2831e-01

I 05.20/21:56:38 solver.py:206 ] 
=! Best NMSE: -2.5449e+00 (epoch=40)

I 05.20/21:56:39 solver.py:151 ] => Train  Loss: 2.1487e-01

I 05.20/21:56:40 solver.py:206 ] 
=! Best NMSE: -2.5449e+00 (epoch=40)

I 05.20/21:56:41 solver.py:151 ] => Train  Loss: 2.0490e-01

I 05.20/21:56:41 solver.py:151 ] => Val  Loss: 2.0880e-01

I 05.20/21:56:41 solver.py:285 ] => Test NMSE: -5.4484e+00

I 05.20/21:56:43 solver.py:206 ] 
=! Best NMSE: -5.4484e+00 (epoch=50)

I 05.20/21:56:44 solver.py:151 ] => Train  Loss: 1.9480e-01

I 05.20/21:56:44 solver.py:206 ] 
=! Best NMSE: -5.4484e+00 (epoch=50)

I 05.20/21:56:45 solver.py:151 ] => Train  Loss: 1.8723e-01

I 05.20/21:56:46 solver.py:206 ] 
=! Best NMSE: -5.4484e+00 (epoch=50)

I 05.20/21:56:47 solver.py:151 ] => Train  Loss: 1.7896e-01

I 05.20/21:56:48 solver.py:206 ] 
=! Best NMSE: -5.4484e+00 (epoch=50)

I 05.20/21:56:49 solver.py:151 ] => Train  Loss: 1.7518e-01

I 05.20/21:56:50 solver.py:206 ] 
=! Best NMSE: -5.4484e+00 (epoch=50)

I 05.20/21:56:51 solver.py:151 ] => Train  Loss: 1.7356e-01

I 05.20/21:56:51 solver.py:206 ] 
=! Best NMSE: -5.4484e+00 (epoch=50)

I 05.20/21:56:52 solver.py:151 ] => Train  Loss: 1.6772e-01

I 05.20/21:56:53 solver.py:206 ] 
=! Best NMSE: -5.4484e+00 (epoch=50)

I 05.20/21:56:54 solver.py:151 ] => Train  Loss: 1.5901e-01

I 05.20/21:56:55 solver.py:206 ] 
=! Best NMSE: -5.4484e+00 (epoch=50)

I 05.20/21:56:56 solver.py:151 ] => Train  Loss: 1.5350e-01

I 05.20/21:56:57 solver.py:206 ] 
=! Best NMSE: -5.4484e+00 (epoch=50)

I 05.20/21:56:58 solver.py:151 ] => Train  Loss: 1.4816e-01

I 05.20/21:56:59 solver.py:206 ] 
=! Best NMSE: -5.4484e+00 (epoch=50)

I 05.20/21:57:00 solver.py:151 ] => Train  Loss: 1.4481e-01

I 05.20/21:57:00 solver.py:151 ] => Val  Loss: 1.5730e-01

I 05.20/21:57:00 solver.py:285 ] => Test NMSE: -6.7615e+00

I 05.20/21:57:02 solver.py:206 ] 
=! Best NMSE: -6.7615e+00 (epoch=60)

I 05.20/21:57:03 solver.py:151 ] => Train  Loss: 1.4393e-01

I 05.20/21:57:04 solver.py:206 ] 
=! Best NMSE: -6.7615e+00 (epoch=60)

I 05.20/21:57:05 solver.py:151 ] => Train  Loss: 1.4207e-01

I 05.20/21:57:05 solver.py:206 ] 
=! Best NMSE: -6.7615e+00 (epoch=60)

I 05.20/21:57:06 solver.py:151 ] => Train  Loss: 1.3775e-01

I 05.20/21:57:07 solver.py:206 ] 
=! Best NMSE: -6.7615e+00 (epoch=60)

I 05.20/21:57:08 solver.py:151 ] => Train  Loss: 1.3285e-01

I 05.20/21:57:09 solver.py:206 ] 
=! Best NMSE: -6.7615e+00 (epoch=60)

I 05.20/21:57:10 solver.py:151 ] => Train  Loss: 1.2942e-01

I 05.20/21:57:11 solver.py:206 ] 
=! Best NMSE: -6.7615e+00 (epoch=60)

I 05.20/21:57:12 solver.py:151 ] => Train  Loss: 1.2620e-01

I 05.20/21:57:12 solver.py:206 ] 
=! Best NMSE: -6.7615e+00 (epoch=60)

I 05.20/21:57:13 solver.py:151 ] => Train  Loss: 1.2404e-01

I 05.20/21:57:14 solver.py:206 ] 
=! Best NMSE: -6.7615e+00 (epoch=60)

I 05.20/21:57:15 solver.py:151 ] => Train  Loss: 1.2144e-01

I 05.20/21:57:16 solver.py:206 ] 
=! Best NMSE: -6.7615e+00 (epoch=60)

I 05.20/21:57:17 solver.py:151 ] => Train  Loss: 1.1917e-01

I 05.20/21:57:18 solver.py:206 ] 
=! Best NMSE: -6.7615e+00 (epoch=60)

I 05.20/21:57:19 solver.py:151 ] => Train  Loss: 1.1656e-01

I 05.20/21:57:19 solver.py:151 ] => Val  Loss: 1.3503e-01

I 05.20/21:57:19 solver.py:285 ] => Test NMSE: -7.4879e+00

I 05.20/21:57:21 solver.py:206 ] 
=! Best NMSE: -7.4879e+00 (epoch=70)

I 05.20/21:57:22 solver.py:151 ] => Train  Loss: 1.1573e-01

I 05.20/21:57:22 solver.py:206 ] 
=! Best NMSE: -7.4879e+00 (epoch=70)

I 05.20/21:57:23 solver.py:151 ] => Train  Loss: 1.1285e-01

I 05.20/21:57:24 solver.py:206 ] 
=! Best NMSE: -7.4879e+00 (epoch=70)

I 05.20/21:57:25 solver.py:151 ] => Train  Loss: 1.1043e-01

I 05.20/21:57:26 solver.py:206 ] 
=! Best NMSE: -7.4879e+00 (epoch=70)

I 05.20/21:57:27 solver.py:151 ] => Train  Loss: 1.1071e-01

I 05.20/21:57:28 solver.py:206 ] 
=! Best NMSE: -7.4879e+00 (epoch=70)

I 05.20/21:57:29 solver.py:151 ] => Train  Loss: 1.0953e-01

I 05.20/21:57:30 solver.py:206 ] 
=! Best NMSE: -7.4879e+00 (epoch=70)

I 05.20/21:57:31 solver.py:151 ] => Train  Loss: 1.0650e-01

I 05.20/21:57:31 solver.py:206 ] 
=! Best NMSE: -7.4879e+00 (epoch=70)

I 05.20/21:57:32 solver.py:151 ] => Train  Loss: 1.0404e-01

I 05.20/21:57:33 solver.py:206 ] 
=! Best NMSE: -7.4879e+00 (epoch=70)

I 05.20/21:57:34 solver.py:151 ] => Train  Loss: 1.0182e-01

I 05.20/21:57:35 solver.py:206 ] 
=! Best NMSE: -7.4879e+00 (epoch=70)

I 05.20/21:57:36 solver.py:151 ] => Train  Loss: 9.9766e-02

I 05.20/21:57:37 solver.py:206 ] 
=! Best NMSE: -7.4879e+00 (epoch=70)

I 05.20/21:57:38 solver.py:151 ] => Train  Loss: 9.8440e-02

I 05.20/21:57:38 solver.py:151 ] => Val  Loss: 1.1526e-01

I 05.20/21:57:38 solver.py:285 ] => Test NMSE: -8.2398e+00

I 05.20/21:57:40 solver.py:206 ] 
=! Best NMSE: -8.2398e+00 (epoch=80)

I 05.20/21:57:41 solver.py:151 ] => Train  Loss: 9.7400e-02

I 05.20/21:57:41 solver.py:206 ] 
=! Best NMSE: -8.2398e+00 (epoch=80)

I 05.20/21:57:42 solver.py:151 ] => Train  Loss: 9.6667e-02

I 05.20/21:57:43 solver.py:206 ] 
=! Best NMSE: -8.2398e+00 (epoch=80)

I 05.20/21:57:44 solver.py:151 ] => Train  Loss: 9.4669e-02

I 05.20/21:57:45 solver.py:206 ] 
=! Best NMSE: -8.2398e+00 (epoch=80)

I 05.20/21:57:46 solver.py:151 ] => Train  Loss: 9.3389e-02

I 05.20/21:57:47 solver.py:206 ] 
=! Best NMSE: -8.2398e+00 (epoch=80)

I 05.20/21:57:48 solver.py:151 ] => Train  Loss: 9.3373e-02

I 05.20/21:57:48 solver.py:206 ] 
=! Best NMSE: -8.2398e+00 (epoch=80)

I 05.20/21:57:49 solver.py:151 ] => Train  Loss: 9.1101e-02

I 05.20/21:57:50 solver.py:206 ] 
=! Best NMSE: -8.2398e+00 (epoch=80)

I 05.20/21:57:51 solver.py:151 ] => Train  Loss: 8.9740e-02

I 05.20/21:57:52 solver.py:206 ] 
=! Best NMSE: -8.2398e+00 (epoch=80)

I 05.20/21:57:53 solver.py:151 ] => Train  Loss: 8.8439e-02

I 05.20/21:57:54 solver.py:206 ] 
=! Best NMSE: -8.2398e+00 (epoch=80)

I 05.20/21:57:55 solver.py:151 ] => Train  Loss: 8.7316e-02

I 05.20/21:57:56 solver.py:206 ] 
=! Best NMSE: -8.2398e+00 (epoch=80)

I 05.20/21:57:57 solver.py:151 ] => Train  Loss: 8.6187e-02

I 05.20/21:57:57 solver.py:151 ] => Val  Loss: 1.0372e-01

I 05.20/21:57:57 solver.py:285 ] => Test NMSE: -8.7281e+00

I 05.20/21:57:59 solver.py:206 ] 
=! Best NMSE: -8.7281e+00 (epoch=90)

I 05.20/21:58:00 solver.py:151 ] => Train  Loss: 8.5207e-02

I 05.20/21:58:00 solver.py:206 ] 
=! Best NMSE: -8.7281e+00 (epoch=90)

I 05.20/21:58:01 solver.py:151 ] => Train  Loss: 8.4045e-02

I 05.20/21:58:02 solver.py:206 ] 
=! Best NMSE: -8.7281e+00 (epoch=90)

I 05.20/21:58:03 solver.py:151 ] => Train  Loss: 8.2889e-02

I 05.20/21:58:04 solver.py:206 ] 
=! Best NMSE: -8.7281e+00 (epoch=90)

I 05.20/21:58:05 solver.py:151 ] => Train  Loss: 8.1565e-02

I 05.20/21:58:06 solver.py:206 ] 
=! Best NMSE: -8.7281e+00 (epoch=90)

I 05.20/21:58:07 solver.py:151 ] => Train  Loss: 8.1886e-02

I 05.20/21:58:08 solver.py:206 ] 
=! Best NMSE: -8.7281e+00 (epoch=90)

I 05.20/21:58:09 solver.py:151 ] => Train  Loss: 8.0730e-02

I 05.20/21:58:09 solver.py:206 ] 
=! Best NMSE: -8.7281e+00 (epoch=90)

I 05.20/21:58:10 solver.py:151 ] => Train  Loss: 7.9494e-02

I 05.20/21:58:11 solver.py:206 ] 
=! Best NMSE: -8.7281e+00 (epoch=90)

I 05.20/21:58:12 solver.py:151 ] => Train  Loss: 7.8231e-02

I 05.20/21:58:13 solver.py:206 ] 
=! Best NMSE: -8.7281e+00 (epoch=90)

I 05.20/21:58:14 solver.py:151 ] => Train  Loss: 7.7280e-02

I 05.20/21:58:15 solver.py:206 ] 
=! Best NMSE: -8.7281e+00 (epoch=90)

I 05.20/21:58:16 solver.py:151 ] => Train  Loss: 7.6406e-02

I 05.20/21:58:16 solver.py:151 ] => Val  Loss: 9.6335e-02

I 05.20/21:58:16 solver.py:285 ] => Test NMSE: -9.0426e+00

I 05.20/21:58:18 solver.py:206 ] 
=! Best NMSE: -9.0426e+00 (epoch=100)

I 05.20/21:58:19 solver.py:151 ] => Train  Loss: 7.6494e-02

I 05.20/21:58:20 solver.py:206 ] 
=! Best NMSE: -9.0426e+00 (epoch=100)

I 05.20/21:58:21 solver.py:151 ] => Train  Loss: 7.4836e-02

I 05.20/21:58:21 solver.py:206 ] 
=! Best NMSE: -9.0426e+00 (epoch=100)

I 05.20/21:58:22 solver.py:151 ] => Train  Loss: 7.3692e-02

I 05.20/21:58:23 solver.py:206 ] 
=! Best NMSE: -9.0426e+00 (epoch=100)

I 05.20/21:58:24 solver.py:151 ] => Train  Loss: 7.3366e-02

I 05.20/21:58:25 solver.py:206 ] 
=! Best NMSE: -9.0426e+00 (epoch=100)

I 05.20/21:58:26 solver.py:151 ] => Train  Loss: 7.3003e-02

I 05.20/21:58:27 solver.py:206 ] 
=! Best NMSE: -9.0426e+00 (epoch=100)

I 05.20/21:58:28 solver.py:151 ] => Train  Loss: 7.1904e-02

I 05.20/21:58:28 solver.py:206 ] 
=! Best NMSE: -9.0426e+00 (epoch=100)

I 05.20/21:58:29 solver.py:151 ] => Train  Loss: 7.0716e-02

I 05.20/21:58:30 solver.py:206 ] 
=! Best NMSE: -9.0426e+00 (epoch=100)

I 05.20/21:58:31 solver.py:151 ] => Train  Loss: 6.9793e-02

I 05.20/21:58:32 solver.py:206 ] 
=! Best NMSE: -9.0426e+00 (epoch=100)

I 05.20/21:58:33 solver.py:151 ] => Train  Loss: 6.9236e-02

I 05.20/21:58:34 solver.py:206 ] 
=! Best NMSE: -9.0426e+00 (epoch=100)

I 05.20/21:58:35 solver.py:151 ] => Train  Loss: 6.9065e-02

I 05.20/21:58:35 solver.py:151 ] => Val  Loss: 8.7754e-02

I 05.20/21:58:35 solver.py:285 ] => Test NMSE: -9.5141e+00

I 05.20/21:58:37 solver.py:206 ] 
=! Best NMSE: -9.5141e+00 (epoch=110)

I 05.20/21:58:38 solver.py:151 ] => Train  Loss: 6.8694e-02

I 05.20/21:58:39 solver.py:206 ] 
=! Best NMSE: -9.5141e+00 (epoch=110)

I 05.20/21:58:40 solver.py:151 ] => Train  Loss: 6.7219e-02

I 05.20/21:58:40 solver.py:206 ] 
=! Best NMSE: -9.5141e+00 (epoch=110)

I 05.20/21:58:41 solver.py:151 ] => Train  Loss: 6.6521e-02

I 05.20/21:58:42 solver.py:206 ] 
=! Best NMSE: -9.5141e+00 (epoch=110)

I 05.20/21:58:43 solver.py:151 ] => Train  Loss: 6.5816e-02

I 05.20/21:58:44 solver.py:206 ] 
=! Best NMSE: -9.5141e+00 (epoch=110)

I 05.20/21:58:45 solver.py:151 ] => Train  Loss: 6.5284e-02

I 05.20/21:58:46 solver.py:206 ] 
=! Best NMSE: -9.5141e+00 (epoch=110)

I 05.20/21:58:47 solver.py:151 ] => Train  Loss: 6.4231e-02

I 05.20/21:58:47 solver.py:206 ] 
=! Best NMSE: -9.5141e+00 (epoch=110)

I 05.20/21:58:48 solver.py:151 ] => Train  Loss: 6.3712e-02

I 05.20/21:58:49 solver.py:206 ] 
=! Best NMSE: -9.5141e+00 (epoch=110)

I 05.20/21:58:50 solver.py:151 ] => Train  Loss: 6.2919e-02

I 05.20/21:58:51 solver.py:206 ] 
=! Best NMSE: -9.5141e+00 (epoch=110)

I 05.20/21:58:52 solver.py:151 ] => Train  Loss: 6.2832e-02

I 05.20/21:58:53 solver.py:206 ] 
=! Best NMSE: -9.5141e+00 (epoch=110)

I 05.20/21:58:54 solver.py:151 ] => Train  Loss: 6.2086e-02

I 05.20/21:58:54 solver.py:151 ] => Val  Loss: 8.0691e-02

I 05.20/21:58:54 solver.py:285 ] => Test NMSE: -9.9003e+00

I 05.20/21:58:56 solver.py:206 ] 
=! Best NMSE: -9.9003e+00 (epoch=120)

I 05.20/21:58:57 solver.py:151 ] => Train  Loss: 6.1408e-02

I 05.20/21:58:58 solver.py:206 ] 
=! Best NMSE: -9.9003e+00 (epoch=120)

I 05.20/21:58:59 solver.py:151 ] => Train  Loss: 6.0618e-02

I 05.20/21:58:59 solver.py:206 ] 
=! Best NMSE: -9.9003e+00 (epoch=120)

I 05.20/21:59:00 solver.py:151 ] => Train  Loss: 6.0708e-02

I 05.20/21:59:01 solver.py:206 ] 
=! Best NMSE: -9.9003e+00 (epoch=120)

I 05.20/21:59:02 solver.py:151 ] => Train  Loss: 6.0335e-02

I 05.20/21:59:03 solver.py:206 ] 
=! Best NMSE: -9.9003e+00 (epoch=120)

I 05.20/21:59:04 solver.py:151 ] => Train  Loss: 5.9756e-02

I 05.20/21:59:05 solver.py:206 ] 
=! Best NMSE: -9.9003e+00 (epoch=120)

I 05.20/21:59:06 solver.py:151 ] => Train  Loss: 5.8792e-02

I 05.20/21:59:07 solver.py:206 ] 
=! Best NMSE: -9.9003e+00 (epoch=120)

I 05.20/21:59:08 solver.py:151 ] => Train  Loss: 5.8429e-02

I 05.20/21:59:08 solver.py:206 ] 
=! Best NMSE: -9.9003e+00 (epoch=120)

I 05.20/21:59:09 solver.py:151 ] => Train  Loss: 5.7909e-02

I 05.20/21:59:10 solver.py:206 ] 
=! Best NMSE: -9.9003e+00 (epoch=120)

I 05.20/21:59:11 solver.py:151 ] => Train  Loss: 5.7124e-02

I 05.20/21:59:12 solver.py:206 ] 
=! Best NMSE: -9.9003e+00 (epoch=120)

I 05.20/21:59:13 solver.py:151 ] => Train  Loss: 5.6699e-02

I 05.20/21:59:13 solver.py:151 ] => Val  Loss: 7.5047e-02

I 05.20/21:59:13 solver.py:285 ] => Test NMSE: -1.0240e+01

I 05.20/21:59:15 solver.py:206 ] 
=! Best NMSE: -1.0240e+01 (epoch=130)

I 05.20/21:59:16 solver.py:151 ] => Train  Loss: 5.6330e-02

I 05.20/21:59:17 solver.py:206 ] 
=! Best NMSE: -1.0240e+01 (epoch=130)

I 05.20/21:59:18 solver.py:151 ] => Train  Loss: 5.5501e-02

I 05.20/21:59:18 solver.py:206 ] 
=! Best NMSE: -1.0240e+01 (epoch=130)

I 05.20/21:59:19 solver.py:151 ] => Train  Loss: 5.5019e-02

I 05.20/21:59:20 solver.py:206 ] 
=! Best NMSE: -1.0240e+01 (epoch=130)

I 05.20/21:59:21 solver.py:151 ] => Train  Loss: 5.4853e-02

I 05.20/21:59:22 solver.py:206 ] 
=! Best NMSE: -1.0240e+01 (epoch=130)

I 05.20/21:59:23 solver.py:151 ] => Train  Loss: 5.4352e-02

I 05.20/21:59:24 solver.py:206 ] 
=! Best NMSE: -1.0240e+01 (epoch=130)

I 05.20/21:59:25 solver.py:151 ] => Train  Loss: 5.4048e-02

I 05.20/21:59:25 solver.py:206 ] 
=! Best NMSE: -1.0240e+01 (epoch=130)

I 05.20/21:59:27 solver.py:151 ] => Train  Loss: 5.3613e-02

I 05.20/21:59:27 solver.py:206 ] 
=! Best NMSE: -1.0240e+01 (epoch=130)

I 05.20/21:59:28 solver.py:151 ] => Train  Loss: 5.3629e-02

I 05.20/21:59:29 solver.py:206 ] 
=! Best NMSE: -1.0240e+01 (epoch=130)

I 05.20/21:59:30 solver.py:151 ] => Train  Loss: 5.3531e-02

I 05.20/21:59:31 solver.py:206 ] 
=! Best NMSE: -1.0240e+01 (epoch=130)

I 05.20/21:59:32 solver.py:151 ] => Train  Loss: 5.2749e-02

I 05.20/21:59:32 solver.py:151 ] => Val  Loss: 7.1022e-02

I 05.20/21:59:32 solver.py:285 ] => Test NMSE: -1.0497e+01

I 05.20/21:59:34 solver.py:206 ] 
=! Best NMSE: -1.0497e+01 (epoch=140)

I 05.20/21:59:35 solver.py:151 ] => Train  Loss: 5.2446e-02

I 05.20/21:59:36 solver.py:206 ] 
=! Best NMSE: -1.0497e+01 (epoch=140)

I 05.20/21:59:37 solver.py:151 ] => Train  Loss: 5.1402e-02

I 05.20/21:59:37 solver.py:206 ] 
=! Best NMSE: -1.0497e+01 (epoch=140)

I 05.20/21:59:38 solver.py:151 ] => Train  Loss: 5.1679e-02

I 05.20/21:59:39 solver.py:206 ] 
=! Best NMSE: -1.0497e+01 (epoch=140)

I 05.20/21:59:40 solver.py:151 ] => Train  Loss: 5.1365e-02

I 05.20/21:59:41 solver.py:206 ] 
=! Best NMSE: -1.0497e+01 (epoch=140)

I 05.20/21:59:42 solver.py:151 ] => Train  Loss: 5.1247e-02

I 05.20/21:59:43 solver.py:206 ] 
=! Best NMSE: -1.0497e+01 (epoch=140)

I 05.20/21:59:44 solver.py:151 ] => Train  Loss: 5.0540e-02

I 05.20/21:59:44 solver.py:206 ] 
=! Best NMSE: -1.0497e+01 (epoch=140)

I 05.20/21:59:45 solver.py:151 ] => Train  Loss: 5.0147e-02

I 05.20/21:59:46 solver.py:206 ] 
=! Best NMSE: -1.0497e+01 (epoch=140)

I 05.20/21:59:47 solver.py:151 ] => Train  Loss: 5.0051e-02

I 05.20/21:59:48 solver.py:206 ] 
=! Best NMSE: -1.0497e+01 (epoch=140)

I 05.20/21:59:49 solver.py:151 ] => Train  Loss: 4.9318e-02

I 05.20/21:59:50 solver.py:206 ] 
=! Best NMSE: -1.0497e+01 (epoch=140)

I 05.20/21:59:51 solver.py:151 ] => Train  Loss: 4.9071e-02

I 05.20/21:59:51 solver.py:151 ] => Val  Loss: 6.7679e-02

I 05.20/21:59:51 solver.py:285 ] => Test NMSE: -1.0713e+01

I 05.20/21:59:53 solver.py:206 ] 
=! Best NMSE: -1.0713e+01 (epoch=150)

I 05.20/21:59:54 solver.py:151 ] => Train  Loss: 4.8748e-02

I 05.20/21:59:54 solver.py:206 ] 
=! Best NMSE: -1.0713e+01 (epoch=150)

I 05.20/21:59:55 solver.py:151 ] => Train  Loss: 4.8461e-02

I 05.20/21:59:56 solver.py:206 ] 
=! Best NMSE: -1.0713e+01 (epoch=150)

I 05.20/21:59:57 solver.py:151 ] => Train  Loss: 4.8209e-02

I 05.20/21:59:58 solver.py:206 ] 
=! Best NMSE: -1.0713e+01 (epoch=150)

I 05.20/21:59:59 solver.py:151 ] => Train  Loss: 4.7857e-02

I 05.20/22:00:00 solver.py:206 ] 
=! Best NMSE: -1.0713e+01 (epoch=150)

I 05.20/22:00:01 solver.py:151 ] => Train  Loss: 4.7851e-02

I 05.20/22:00:02 solver.py:206 ] 
=! Best NMSE: -1.0713e+01 (epoch=150)

I 05.20/22:00:03 solver.py:151 ] => Train  Loss: 4.7286e-02

I 05.20/22:00:03 solver.py:206 ] 
=! Best NMSE: -1.0713e+01 (epoch=150)

I 05.20/22:00:05 solver.py:151 ] => Train  Loss: 4.7388e-02

I 05.20/22:00:05 solver.py:206 ] 
=! Best NMSE: -1.0713e+01 (epoch=150)

I 05.20/22:00:06 solver.py:151 ] => Train  Loss: 4.7096e-02

I 05.20/22:00:07 solver.py:206 ] 
=! Best NMSE: -1.0713e+01 (epoch=150)

I 05.20/22:00:08 solver.py:151 ] => Train  Loss: 4.6821e-02

I 05.20/22:00:09 solver.py:206 ] 
=! Best NMSE: -1.0713e+01 (epoch=150)

I 05.20/22:00:10 solver.py:151 ] => Train  Loss: 4.6393e-02

I 05.20/22:00:10 solver.py:151 ] => Val  Loss: 6.5626e-02

I 05.20/22:00:10 solver.py:285 ] => Test NMSE: -1.0862e+01

I 05.20/22:00:12 solver.py:206 ] 
=! Best NMSE: -1.0862e+01 (epoch=160)

I 05.20/22:00:13 solver.py:151 ] => Train  Loss: 4.6168e-02

I 05.20/22:00:14 solver.py:206 ] 
=! Best NMSE: -1.0862e+01 (epoch=160)

I 05.20/22:00:15 solver.py:151 ] => Train  Loss: 4.5953e-02

I 05.20/22:00:16 solver.py:206 ] 
=! Best NMSE: -1.0862e+01 (epoch=160)

I 05.20/22:00:17 solver.py:151 ] => Train  Loss: 4.5849e-02

I 05.20/22:00:17 solver.py:206 ] 
=! Best NMSE: -1.0862e+01 (epoch=160)

I 05.20/22:00:18 solver.py:151 ] => Train  Loss: 4.5650e-02

I 05.20/22:00:19 solver.py:206 ] 
=! Best NMSE: -1.0862e+01 (epoch=160)

I 05.20/22:00:20 solver.py:151 ] => Train  Loss: 4.5361e-02

I 05.20/22:00:21 solver.py:206 ] 
=! Best NMSE: -1.0862e+01 (epoch=160)

I 05.20/22:00:22 solver.py:151 ] => Train  Loss: 4.5109e-02

I 05.20/22:00:23 solver.py:206 ] 
=! Best NMSE: -1.0862e+01 (epoch=160)

I 05.20/22:00:24 solver.py:151 ] => Train  Loss: 4.4930e-02

I 05.20/22:00:25 solver.py:206 ] 
=! Best NMSE: -1.0862e+01 (epoch=160)

I 05.20/22:00:26 solver.py:151 ] => Train  Loss: 4.4273e-02

I 05.20/22:00:26 solver.py:206 ] 
=! Best NMSE: -1.0862e+01 (epoch=160)

I 05.20/22:00:27 solver.py:151 ] => Train  Loss: 4.4458e-02

I 05.20/22:00:28 solver.py:206 ] 
=! Best NMSE: -1.0862e+01 (epoch=160)

I 05.20/22:00:29 solver.py:151 ] => Train  Loss: 4.4157e-02

I 05.20/22:00:29 solver.py:151 ] => Val  Loss: 6.3420e-02

I 05.20/22:00:30 solver.py:285 ] => Test NMSE: -1.1001e+01

I 05.20/22:00:31 solver.py:206 ] 
=! Best NMSE: -1.1001e+01 (epoch=170)

I 05.20/22:00:32 solver.py:151 ] => Train  Loss: 4.4413e-02

I 05.20/22:00:33 solver.py:206 ] 
=! Best NMSE: -1.1001e+01 (epoch=170)

I 05.20/22:00:34 solver.py:151 ] => Train  Loss: 4.3739e-02

I 05.20/22:00:35 solver.py:206 ] 
=! Best NMSE: -1.1001e+01 (epoch=170)

I 05.20/22:00:36 solver.py:151 ] => Train  Loss: 4.3626e-02

I 05.20/22:00:36 solver.py:206 ] 
=! Best NMSE: -1.1001e+01 (epoch=170)

I 05.20/22:00:37 solver.py:151 ] => Train  Loss: 4.3227e-02

I 05.20/22:00:38 solver.py:206 ] 
=! Best NMSE: -1.1001e+01 (epoch=170)

I 05.20/22:00:39 solver.py:151 ] => Train  Loss: 4.3086e-02

I 05.20/22:00:40 solver.py:206 ] 
=! Best NMSE: -1.1001e+01 (epoch=170)

I 05.20/22:00:41 solver.py:151 ] => Train  Loss: 4.3382e-02

I 05.20/22:00:42 solver.py:206 ] 
=! Best NMSE: -1.1001e+01 (epoch=170)

I 05.20/22:00:43 solver.py:151 ] => Train  Loss: 4.2865e-02

I 05.20/22:00:44 solver.py:206 ] 
=! Best NMSE: -1.1001e+01 (epoch=170)

I 05.20/22:00:45 solver.py:151 ] => Train  Loss: 4.2518e-02

I 05.20/22:00:45 solver.py:206 ] 
=! Best NMSE: -1.1001e+01 (epoch=170)

I 05.20/22:00:46 solver.py:151 ] => Train  Loss: 4.2288e-02

I 05.20/22:00:47 solver.py:206 ] 
=! Best NMSE: -1.1001e+01 (epoch=170)

I 05.20/22:00:48 solver.py:151 ] => Train  Loss: 4.2002e-02

I 05.20/22:00:48 solver.py:151 ] => Val  Loss: 6.0910e-02

I 05.20/22:00:49 solver.py:285 ] => Test NMSE: -1.1209e+01

I 05.20/22:00:50 solver.py:206 ] 
=! Best NMSE: -1.1209e+01 (epoch=180)

I 05.20/22:00:51 solver.py:151 ] => Train  Loss: 4.2212e-02

I 05.20/22:00:52 solver.py:206 ] 
=! Best NMSE: -1.1209e+01 (epoch=180)

I 05.20/22:00:53 solver.py:151 ] => Train  Loss: 4.2137e-02

I 05.20/22:00:54 solver.py:206 ] 
=! Best NMSE: -1.1209e+01 (epoch=180)

I 05.20/22:00:55 solver.py:151 ] => Train  Loss: 4.1758e-02

I 05.20/22:00:55 solver.py:206 ] 
=! Best NMSE: -1.1209e+01 (epoch=180)

I 05.20/22:00:57 solver.py:151 ] => Train  Loss: 4.1692e-02

I 05.20/22:00:57 solver.py:206 ] 
=! Best NMSE: -1.1209e+01 (epoch=180)

I 05.20/22:00:58 solver.py:151 ] => Train  Loss: 4.1693e-02

I 05.20/22:00:59 solver.py:206 ] 
=! Best NMSE: -1.1209e+01 (epoch=180)

I 05.20/22:01:00 solver.py:151 ] => Train  Loss: 4.1714e-02

I 05.20/22:01:01 solver.py:206 ] 
=! Best NMSE: -1.1209e+01 (epoch=180)

I 05.20/22:01:02 solver.py:151 ] => Train  Loss: 4.1438e-02

I 05.20/22:01:03 solver.py:206 ] 
=! Best NMSE: -1.1209e+01 (epoch=180)

I 05.20/22:01:04 solver.py:151 ] => Train  Loss: 4.1271e-02

I 05.20/22:01:05 solver.py:206 ] 
=! Best NMSE: -1.1209e+01 (epoch=180)

I 05.20/22:01:06 solver.py:151 ] => Train  Loss: 4.0937e-02

I 05.20/22:01:06 solver.py:206 ] 
=! Best NMSE: -1.1209e+01 (epoch=180)

I 05.20/22:01:07 solver.py:151 ] => Train  Loss: 4.0850e-02

I 05.20/22:01:08 solver.py:151 ] => Val  Loss: 5.9610e-02

I 05.20/22:01:08 solver.py:285 ] => Test NMSE: -1.1320e+01

I 05.20/22:01:09 solver.py:206 ] 
=! Best NMSE: -1.1320e+01 (epoch=190)

I 05.20/22:01:10 solver.py:151 ] => Train  Loss: 4.0719e-02

I 05.20/22:01:11 solver.py:206 ] 
=! Best NMSE: -1.1320e+01 (epoch=190)

I 05.20/22:01:12 solver.py:151 ] => Train  Loss: 4.0578e-02

I 05.20/22:01:13 solver.py:206 ] 
=! Best NMSE: -1.1320e+01 (epoch=190)

I 05.20/22:01:14 solver.py:151 ] => Train  Loss: 4.0339e-02

I 05.20/22:01:15 solver.py:206 ] 
=! Best NMSE: -1.1320e+01 (epoch=190)

I 05.20/22:01:16 solver.py:151 ] => Train  Loss: 4.0188e-02

I 05.20/22:01:16 solver.py:206 ] 
=! Best NMSE: -1.1320e+01 (epoch=190)

I 05.20/22:01:17 solver.py:151 ] => Train  Loss: 4.0434e-02

I 05.20/22:01:18 solver.py:206 ] 
=! Best NMSE: -1.1320e+01 (epoch=190)

I 05.20/22:01:19 solver.py:151 ] => Train  Loss: 3.9973e-02

I 05.20/22:01:20 solver.py:206 ] 
=! Best NMSE: -1.1320e+01 (epoch=190)

I 05.20/22:01:21 solver.py:151 ] => Train  Loss: 3.9696e-02

I 05.20/22:01:22 solver.py:206 ] 
=! Best NMSE: -1.1320e+01 (epoch=190)

I 05.20/22:01:23 solver.py:151 ] => Train  Loss: 3.9976e-02

I 05.20/22:01:23 solver.py:206 ] 
=! Best NMSE: -1.1320e+01 (epoch=190)

I 05.20/22:01:24 solver.py:151 ] => Train  Loss: 3.9776e-02

I 05.20/22:01:25 solver.py:206 ] 
=! Best NMSE: -1.1320e+01 (epoch=190)

I 05.20/22:01:26 solver.py:151 ] => Train  Loss: 3.9516e-02

I 05.20/22:01:26 solver.py:151 ] => Val  Loss: 5.8588e-02

I 05.20/22:01:27 solver.py:285 ] => Test NMSE: -1.1404e+01

I 05.20/22:01:28 solver.py:206 ] 
=! Best NMSE: -1.1404e+01 (epoch=200)

I 05.20/22:01:29 solver.py:151 ] => Train  Loss: 3.9356e-02

I 05.20/22:01:30 solver.py:206 ] 
=! Best NMSE: -1.1404e+01 (epoch=200)

I 05.20/22:01:31 solver.py:151 ] => Train  Loss: 3.9241e-02

I 05.20/22:01:32 solver.py:206 ] 
=! Best NMSE: -1.1404e+01 (epoch=200)

I 05.20/22:01:33 solver.py:151 ] => Train  Loss: 3.9223e-02

I 05.20/22:01:34 solver.py:206 ] 
=! Best NMSE: -1.1404e+01 (epoch=200)

I 05.20/22:01:35 solver.py:151 ] => Train  Loss: 3.9325e-02

I 05.20/22:01:35 solver.py:206 ] 
=! Best NMSE: -1.1404e+01 (epoch=200)

I 05.20/22:01:36 solver.py:151 ] => Train  Loss: 3.9142e-02

I 05.20/22:01:37 solver.py:206 ] 
=! Best NMSE: -1.1404e+01 (epoch=200)

I 05.20/22:01:38 solver.py:151 ] => Train  Loss: 3.8982e-02

I 05.20/22:01:39 solver.py:206 ] 
=! Best NMSE: -1.1404e+01 (epoch=200)

I 05.20/22:01:40 solver.py:151 ] => Train  Loss: 3.8851e-02

I 05.20/22:01:41 solver.py:206 ] 
=! Best NMSE: -1.1404e+01 (epoch=200)

I 05.20/22:01:42 solver.py:151 ] => Train  Loss: 3.8555e-02

I 05.20/22:01:42 solver.py:206 ] 
=! Best NMSE: -1.1404e+01 (epoch=200)

I 05.20/22:01:43 solver.py:151 ] => Train  Loss: 3.8517e-02

I 05.20/22:01:44 solver.py:206 ] 
=! Best NMSE: -1.1404e+01 (epoch=200)

I 05.20/22:01:45 solver.py:151 ] => Train  Loss: 3.8422e-02

I 05.20/22:01:45 solver.py:151 ] => Val  Loss: 5.7281e-02

I 05.20/22:01:45 solver.py:285 ] => Test NMSE: -1.1507e+01

I 05.20/22:01:47 solver.py:206 ] 
=! Best NMSE: -1.1507e+01 (epoch=210)

I 05.20/22:01:48 solver.py:151 ] => Train  Loss: 3.8498e-02

I 05.20/22:01:49 solver.py:206 ] 
=! Best NMSE: -1.1507e+01 (epoch=210)

I 05.20/22:01:50 solver.py:151 ] => Train  Loss: 3.8097e-02

I 05.20/22:01:50 solver.py:206 ] 
=! Best NMSE: -1.1507e+01 (epoch=210)

I 05.20/22:01:51 solver.py:151 ] => Train  Loss: 3.7932e-02

I 05.20/22:01:52 solver.py:206 ] 
=! Best NMSE: -1.1507e+01 (epoch=210)

I 05.20/22:01:53 solver.py:151 ] => Train  Loss: 3.8103e-02

I 05.20/22:01:54 solver.py:206 ] 
=! Best NMSE: -1.1507e+01 (epoch=210)

I 05.20/22:01:55 solver.py:151 ] => Train  Loss: 3.7915e-02

I 05.20/22:01:56 solver.py:206 ] 
=! Best NMSE: -1.1507e+01 (epoch=210)

I 05.20/22:01:57 solver.py:151 ] => Train  Loss: 3.7753e-02

I 05.20/22:01:57 solver.py:206 ] 
=! Best NMSE: -1.1507e+01 (epoch=210)

I 05.20/22:01:58 solver.py:151 ] => Train  Loss: 3.7773e-02

I 05.20/22:01:59 solver.py:206 ] 
=! Best NMSE: -1.1507e+01 (epoch=210)

I 05.20/22:02:00 solver.py:151 ] => Train  Loss: 3.7721e-02

I 05.20/22:02:01 solver.py:206 ] 
=! Best NMSE: -1.1507e+01 (epoch=210)

I 05.20/22:02:02 solver.py:151 ] => Train  Loss: 3.7488e-02

I 05.20/22:02:03 solver.py:206 ] 
=! Best NMSE: -1.1507e+01 (epoch=210)

I 05.20/22:02:04 solver.py:151 ] => Train  Loss: 3.7409e-02

I 05.20/22:02:04 solver.py:151 ] => Val  Loss: 5.7135e-02

I 05.20/22:02:05 solver.py:285 ] => Test NMSE: -1.1532e+01

I 05.20/22:02:06 solver.py:206 ] 
=! Best NMSE: -1.1532e+01 (epoch=220)

I 05.20/22:02:07 solver.py:151 ] => Train  Loss: 3.7792e-02

I 05.20/22:02:08 solver.py:206 ] 
=! Best NMSE: -1.1532e+01 (epoch=220)

I 05.20/22:02:09 solver.py:151 ] => Train  Loss: 3.7689e-02

I 05.20/22:02:10 solver.py:206 ] 
=! Best NMSE: -1.1532e+01 (epoch=220)

I 05.20/22:02:11 solver.py:151 ] => Train  Loss: 3.7747e-02

I 05.20/22:02:11 solver.py:206 ] 
=! Best NMSE: -1.1532e+01 (epoch=220)

I 05.20/22:02:12 solver.py:151 ] => Train  Loss: 3.7301e-02

I 05.20/22:02:13 solver.py:206 ] 
=! Best NMSE: -1.1532e+01 (epoch=220)

I 05.20/22:02:14 solver.py:151 ] => Train  Loss: 3.7020e-02

I 05.20/22:02:15 solver.py:206 ] 
=! Best NMSE: -1.1532e+01 (epoch=220)

I 05.20/22:02:16 solver.py:151 ] => Train  Loss: 3.6975e-02

I 05.20/22:02:17 solver.py:206 ] 
=! Best NMSE: -1.1532e+01 (epoch=220)

I 05.20/22:02:18 solver.py:151 ] => Train  Loss: 3.6899e-02

I 05.20/22:02:18 solver.py:206 ] 
=! Best NMSE: -1.1532e+01 (epoch=220)

I 05.20/22:02:19 solver.py:151 ] => Train  Loss: 3.6842e-02

I 05.20/22:02:20 solver.py:206 ] 
=! Best NMSE: -1.1532e+01 (epoch=220)

I 05.20/22:02:21 solver.py:151 ] => Train  Loss: 3.6751e-02

I 05.20/22:02:22 solver.py:206 ] 
=! Best NMSE: -1.1532e+01 (epoch=220)

I 05.20/22:02:23 solver.py:151 ] => Train  Loss: 3.6737e-02

I 05.20/22:02:23 solver.py:151 ] => Val  Loss: 5.5840e-02

I 05.20/22:02:23 solver.py:285 ] => Test NMSE: -1.1623e+01

I 05.20/22:02:25 solver.py:206 ] 
=! Best NMSE: -1.1623e+01 (epoch=230)

I 05.20/22:02:26 solver.py:151 ] => Train  Loss: 3.6582e-02

I 05.20/22:02:27 solver.py:206 ] 
=! Best NMSE: -1.1623e+01 (epoch=230)

I 05.20/22:02:28 solver.py:151 ] => Train  Loss: 3.6457e-02

I 05.20/22:02:28 solver.py:206 ] 
=! Best NMSE: -1.1623e+01 (epoch=230)

I 05.20/22:02:29 solver.py:151 ] => Train  Loss: 3.6272e-02

I 05.20/22:02:30 solver.py:206 ] 
=! Best NMSE: -1.1623e+01 (epoch=230)

I 05.20/22:02:31 solver.py:151 ] => Train  Loss: 3.6232e-02

I 05.20/22:02:32 solver.py:206 ] 
=! Best NMSE: -1.1623e+01 (epoch=230)

I 05.20/22:02:33 solver.py:151 ] => Train  Loss: 3.6442e-02

I 05.20/22:02:34 solver.py:206 ] 
=! Best NMSE: -1.1623e+01 (epoch=230)

I 05.20/22:02:35 solver.py:151 ] => Train  Loss: 3.6418e-02

I 05.20/22:02:35 solver.py:206 ] 
=! Best NMSE: -1.1623e+01 (epoch=230)

I 05.20/22:02:37 solver.py:151 ] => Train  Loss: 3.6227e-02

I 05.20/22:02:37 solver.py:206 ] 
=! Best NMSE: -1.1623e+01 (epoch=230)

I 05.20/22:02:38 solver.py:151 ] => Train  Loss: 3.6304e-02

I 05.20/22:02:39 solver.py:206 ] 
=! Best NMSE: -1.1623e+01 (epoch=230)

I 05.20/22:02:40 solver.py:151 ] => Train  Loss: 3.6191e-02

I 05.20/22:02:41 solver.py:206 ] 
=! Best NMSE: -1.1623e+01 (epoch=230)

I 05.20/22:02:42 solver.py:151 ] => Train  Loss: 3.6042e-02

I 05.20/22:02:42 solver.py:151 ] => Val  Loss: 5.5143e-02

I 05.20/22:02:42 solver.py:285 ] => Test NMSE: -1.1674e+01

I 05.20/22:02:44 solver.py:206 ] 
=! Best NMSE: -1.1674e+01 (epoch=240)

I 05.20/22:02:45 solver.py:151 ] => Train  Loss: 3.5800e-02

I 05.20/22:02:46 solver.py:206 ] 
=! Best NMSE: -1.1674e+01 (epoch=240)

I 05.20/22:02:47 solver.py:151 ] => Train  Loss: 3.5675e-02

I 05.20/22:02:47 solver.py:206 ] 
=! Best NMSE: -1.1674e+01 (epoch=240)

I 05.20/22:02:48 solver.py:151 ] => Train  Loss: 3.5836e-02

I 05.20/22:02:49 solver.py:206 ] 
=! Best NMSE: -1.1674e+01 (epoch=240)

I 05.20/22:02:50 solver.py:151 ] => Train  Loss: 3.5732e-02

I 05.20/22:02:51 solver.py:206 ] 
=! Best NMSE: -1.1674e+01 (epoch=240)

I 05.20/22:02:52 solver.py:151 ] => Train  Loss: 3.5586e-02

I 05.20/22:02:53 solver.py:206 ] 
=! Best NMSE: -1.1674e+01 (epoch=240)

I 05.20/22:02:54 solver.py:151 ] => Train  Loss: 3.5663e-02

I 05.20/22:02:54 solver.py:206 ] 
=! Best NMSE: -1.1674e+01 (epoch=240)

I 05.20/22:02:55 solver.py:151 ] => Train  Loss: 3.5420e-02

I 05.20/22:02:56 solver.py:206 ] 
=! Best NMSE: -1.1674e+01 (epoch=240)

I 05.20/22:02:57 solver.py:151 ] => Train  Loss: 3.5493e-02

I 05.20/22:02:58 solver.py:206 ] 
=! Best NMSE: -1.1674e+01 (epoch=240)

I 05.20/22:02:59 solver.py:151 ] => Train  Loss: 3.5353e-02

I 05.20/22:03:00 solver.py:206 ] 
=! Best NMSE: -1.1674e+01 (epoch=240)

I 05.20/22:03:01 solver.py:151 ] => Train  Loss: 3.5457e-02

I 05.20/22:03:01 solver.py:151 ] => Val  Loss: 5.4851e-02

I 05.20/22:03:01 solver.py:285 ] => Test NMSE: -1.1710e+01

I 05.20/22:03:03 solver.py:206 ] 
=! Best NMSE: -1.1710e+01 (epoch=250)

I 05.20/22:03:04 solver.py:151 ] => Train  Loss: 3.5334e-02

I 05.20/22:03:05 solver.py:206 ] 
=! Best NMSE: -1.1710e+01 (epoch=250)

I 05.20/22:03:06 solver.py:151 ] => Train  Loss: 3.5192e-02

I 05.20/22:03:07 solver.py:206 ] 
=! Best NMSE: -1.1710e+01 (epoch=250)

I 05.20/22:03:08 solver.py:151 ] => Train  Loss: 3.5089e-02

I 05.20/22:03:08 solver.py:206 ] 
=! Best NMSE: -1.1710e+01 (epoch=250)

I 05.20/22:03:09 solver.py:151 ] => Train  Loss: 3.5053e-02

I 05.20/22:03:10 solver.py:206 ] 
=! Best NMSE: -1.1710e+01 (epoch=250)

I 05.20/22:03:11 solver.py:151 ] => Train  Loss: 3.4963e-02

I 05.20/22:03:12 solver.py:206 ] 
=! Best NMSE: -1.1710e+01 (epoch=250)

I 05.20/22:03:13 solver.py:151 ] => Train  Loss: 3.5153e-02

I 05.20/22:03:14 solver.py:206 ] 
=! Best NMSE: -1.1710e+01 (epoch=250)

I 05.20/22:03:15 solver.py:151 ] => Train  Loss: 3.5044e-02

I 05.20/22:03:15 solver.py:206 ] 
=! Best NMSE: -1.1710e+01 (epoch=250)

I 05.20/22:03:16 solver.py:151 ] => Train  Loss: 3.5041e-02

I 05.20/22:03:17 solver.py:206 ] 
=! Best NMSE: -1.1710e+01 (epoch=250)

I 05.20/22:03:18 solver.py:151 ] => Train  Loss: 3.4966e-02

I 05.20/22:03:19 solver.py:206 ] 
=! Best NMSE: -1.1710e+01 (epoch=250)

I 05.20/22:03:20 solver.py:151 ] => Train  Loss: 3.5200e-02

I 05.20/22:03:20 solver.py:151 ] => Val  Loss: 5.4379e-02

I 05.20/22:03:20 solver.py:285 ] => Test NMSE: -1.1741e+01

I 05.20/22:03:22 solver.py:206 ] 
=! Best NMSE: -1.1741e+01 (epoch=260)

I 05.20/22:03:23 solver.py:151 ] => Train  Loss: 3.5085e-02

I 05.20/22:03:24 solver.py:206 ] 
=! Best NMSE: -1.1741e+01 (epoch=260)

I 05.20/22:03:25 solver.py:151 ] => Train  Loss: 3.4688e-02

I 05.20/22:03:25 solver.py:206 ] 
=! Best NMSE: -1.1741e+01 (epoch=260)

I 05.20/22:03:26 solver.py:151 ] => Train  Loss: 3.4542e-02

I 05.20/22:03:27 solver.py:206 ] 
=! Best NMSE: -1.1741e+01 (epoch=260)

I 05.20/22:03:28 solver.py:151 ] => Train  Loss: 3.4515e-02

I 05.20/22:03:29 solver.py:206 ] 
=! Best NMSE: -1.1741e+01 (epoch=260)

I 05.20/22:03:30 solver.py:151 ] => Train  Loss: 3.4453e-02

I 05.20/22:03:31 solver.py:206 ] 
=! Best NMSE: -1.1741e+01 (epoch=260)

I 05.20/22:03:32 solver.py:151 ] => Train  Loss: 3.4490e-02

I 05.20/22:03:32 solver.py:206 ] 
=! Best NMSE: -1.1741e+01 (epoch=260)

I 05.20/22:03:33 solver.py:151 ] => Train  Loss: 3.4364e-02

I 05.20/22:03:34 solver.py:206 ] 
=! Best NMSE: -1.1741e+01 (epoch=260)

I 05.20/22:03:35 solver.py:151 ] => Train  Loss: 3.4371e-02

I 05.20/22:03:36 solver.py:206 ] 
=! Best NMSE: -1.1741e+01 (epoch=260)

I 05.20/22:03:37 solver.py:151 ] => Train  Loss: 3.4338e-02

I 05.20/22:03:38 solver.py:206 ] 
=! Best NMSE: -1.1741e+01 (epoch=260)

I 05.20/22:03:39 solver.py:151 ] => Train  Loss: 3.4222e-02

I 05.20/22:03:39 solver.py:151 ] => Val  Loss: 5.3581e-02

I 05.20/22:03:39 solver.py:285 ] => Test NMSE: -1.1831e+01

I 05.20/22:03:41 solver.py:206 ] 
=! Best NMSE: -1.1831e+01 (epoch=270)

I 05.20/22:03:42 solver.py:151 ] => Train  Loss: 3.4303e-02

I 05.20/22:03:42 solver.py:206 ] 
=! Best NMSE: -1.1831e+01 (epoch=270)

I 05.20/22:03:43 solver.py:151 ] => Train  Loss: 3.4082e-02

I 05.20/22:03:44 solver.py:206 ] 
=! Best NMSE: -1.1831e+01 (epoch=270)

I 05.20/22:03:45 solver.py:151 ] => Train  Loss: 3.4035e-02

I 05.20/22:03:46 solver.py:206 ] 
=! Best NMSE: -1.1831e+01 (epoch=270)

I 05.20/22:03:47 solver.py:151 ] => Train  Loss: 3.4079e-02

I 05.20/22:03:48 solver.py:206 ] 
=! Best NMSE: -1.1831e+01 (epoch=270)

I 05.20/22:03:49 solver.py:151 ] => Train  Loss: 3.4114e-02

I 05.20/22:03:49 solver.py:206 ] 
=! Best NMSE: -1.1831e+01 (epoch=270)

I 05.20/22:03:50 solver.py:151 ] => Train  Loss: 3.3903e-02

I 05.20/22:03:51 solver.py:206 ] 
=! Best NMSE: -1.1831e+01 (epoch=270)

I 05.20/22:03:52 solver.py:151 ] => Train  Loss: 3.4026e-02

I 05.20/22:03:53 solver.py:206 ] 
=! Best NMSE: -1.1831e+01 (epoch=270)

I 05.20/22:03:54 solver.py:151 ] => Train  Loss: 3.3777e-02

I 05.20/22:03:55 solver.py:206 ] 
=! Best NMSE: -1.1831e+01 (epoch=270)

I 05.20/22:03:56 solver.py:151 ] => Train  Loss: 3.3697e-02

I 05.20/22:03:57 solver.py:206 ] 
=! Best NMSE: -1.1831e+01 (epoch=270)

I 05.20/22:03:58 solver.py:151 ] => Train  Loss: 3.3759e-02

I 05.20/22:03:58 solver.py:151 ] => Val  Loss: 5.3403e-02

I 05.20/22:03:58 solver.py:285 ] => Test NMSE: -1.1846e+01

I 05.20/22:04:00 solver.py:206 ] 
=! Best NMSE: -1.1846e+01 (epoch=280)

I 05.20/22:04:01 solver.py:151 ] => Train  Loss: 3.3501e-02

I 05.20/22:04:01 solver.py:206 ] 
=! Best NMSE: -1.1846e+01 (epoch=280)

I 05.20/22:04:02 solver.py:151 ] => Train  Loss: 3.3753e-02

I 05.20/22:04:03 solver.py:206 ] 
=! Best NMSE: -1.1846e+01 (epoch=280)

I 05.20/22:04:04 solver.py:151 ] => Train  Loss: 3.3711e-02

I 05.20/22:04:05 solver.py:206 ] 
=! Best NMSE: -1.1846e+01 (epoch=280)

I 05.20/22:04:06 solver.py:151 ] => Train  Loss: 3.3752e-02

I 05.20/22:04:07 solver.py:206 ] 
=! Best NMSE: -1.1846e+01 (epoch=280)

I 05.20/22:04:08 solver.py:151 ] => Train  Loss: 3.3769e-02

I 05.20/22:04:09 solver.py:206 ] 
=! Best NMSE: -1.1846e+01 (epoch=280)

I 05.20/22:04:10 solver.py:151 ] => Train  Loss: 3.3627e-02

I 05.20/22:04:10 solver.py:206 ] 
=! Best NMSE: -1.1846e+01 (epoch=280)

I 05.20/22:04:11 solver.py:151 ] => Train  Loss: 3.3830e-02

I 05.20/22:04:12 solver.py:206 ] 
=! Best NMSE: -1.1846e+01 (epoch=280)

I 05.20/22:04:13 solver.py:151 ] => Train  Loss: 3.3510e-02

I 05.20/22:04:14 solver.py:206 ] 
=! Best NMSE: -1.1846e+01 (epoch=280)

I 05.20/22:04:15 solver.py:151 ] => Train  Loss: 3.3387e-02

I 05.20/22:04:16 solver.py:206 ] 
=! Best NMSE: -1.1846e+01 (epoch=280)

I 05.20/22:04:17 solver.py:151 ] => Train  Loss: 3.3197e-02

I 05.20/22:04:17 solver.py:151 ] => Val  Loss: 5.3083e-02

I 05.20/22:04:17 solver.py:285 ] => Test NMSE: -1.1873e+01

I 05.20/22:04:19 solver.py:206 ] 
=! Best NMSE: -1.1873e+01 (epoch=290)

I 05.20/22:04:20 solver.py:151 ] => Train  Loss: 3.3234e-02

I 05.20/22:04:20 solver.py:206 ] 
=! Best NMSE: -1.1873e+01 (epoch=290)

I 05.20/22:04:21 solver.py:151 ] => Train  Loss: 3.3195e-02

I 05.20/22:04:22 solver.py:206 ] 
=! Best NMSE: -1.1873e+01 (epoch=290)

I 05.20/22:04:23 solver.py:151 ] => Train  Loss: 3.3335e-02

I 05.20/22:04:24 solver.py:206 ] 
=! Best NMSE: -1.1873e+01 (epoch=290)

I 05.20/22:04:25 solver.py:151 ] => Train  Loss: 3.3262e-02

I 05.20/22:04:26 solver.py:206 ] 
=! Best NMSE: -1.1873e+01 (epoch=290)

I 05.20/22:04:27 solver.py:151 ] => Train  Loss: 3.3453e-02

I 05.20/22:04:27 solver.py:206 ] 
=! Best NMSE: -1.1873e+01 (epoch=290)

I 05.20/22:04:28 solver.py:151 ] => Train  Loss: 3.3200e-02

I 05.20/22:04:29 solver.py:206 ] 
=! Best NMSE: -1.1873e+01 (epoch=290)

I 05.20/22:04:30 solver.py:151 ] => Train  Loss: 3.2997e-02

I 05.20/22:04:31 solver.py:206 ] 
=! Best NMSE: -1.1873e+01 (epoch=290)

I 05.20/22:04:32 solver.py:151 ] => Train  Loss: 3.2960e-02

I 05.20/22:04:33 solver.py:206 ] 
=! Best NMSE: -1.1873e+01 (epoch=290)

I 05.20/22:04:34 solver.py:151 ] => Train  Loss: 3.3029e-02

I 05.20/22:04:34 solver.py:206 ] 
=! Best NMSE: -1.1873e+01 (epoch=290)

I 05.20/22:04:35 solver.py:151 ] => Train  Loss: 3.2801e-02

I 05.20/22:04:36 solver.py:151 ] => Val  Loss: 5.2800e-02

I 05.20/22:04:36 solver.py:285 ] => Test NMSE: -1.1904e+01

I 05.20/22:04:37 solver.py:206 ] 
=! Best NMSE: -1.1904e+01 (epoch=300)

I 05.20/22:04:38 solver.py:151 ] => Train  Loss: 3.2928e-02

I 05.20/22:04:39 solver.py:206 ] 
=! Best NMSE: -1.1904e+01 (epoch=300)

I 05.20/22:04:40 solver.py:151 ] => Train  Loss: 3.2839e-02

I 05.20/22:04:41 solver.py:206 ] 
=! Best NMSE: -1.1904e+01 (epoch=300)

I 05.20/22:04:42 solver.py:151 ] => Train  Loss: 3.2871e-02

I 05.20/22:04:43 solver.py:206 ] 
=! Best NMSE: -1.1904e+01 (epoch=300)

I 05.20/22:04:44 solver.py:151 ] => Train  Loss: 3.2817e-02

I 05.20/22:04:45 solver.py:206 ] 
=! Best NMSE: -1.1904e+01 (epoch=300)

I 05.20/22:04:46 solver.py:151 ] => Train  Loss: 3.2690e-02

I 05.20/22:04:46 solver.py:206 ] 
=! Best NMSE: -1.1904e+01 (epoch=300)

I 05.20/22:04:47 solver.py:151 ] => Train  Loss: 3.2861e-02

I 05.20/22:04:48 solver.py:206 ] 
=! Best NMSE: -1.1904e+01 (epoch=300)

I 05.20/22:04:49 solver.py:151 ] => Train  Loss: 3.2676e-02

I 05.20/22:04:50 solver.py:206 ] 
=! Best NMSE: -1.1904e+01 (epoch=300)

I 05.20/22:04:51 solver.py:151 ] => Train  Loss: 3.2780e-02

I 05.20/22:04:52 solver.py:206 ] 
=! Best NMSE: -1.1904e+01 (epoch=300)

I 05.20/22:04:53 solver.py:151 ] => Train  Loss: 3.2648e-02

I 05.20/22:04:53 solver.py:206 ] 
=! Best NMSE: -1.1904e+01 (epoch=300)

I 05.20/22:04:54 solver.py:151 ] => Train  Loss: 3.2626e-02

I 05.20/22:04:55 solver.py:151 ] => Val  Loss: 5.2605e-02

I 05.20/22:04:55 solver.py:285 ] => Test NMSE: -1.1923e+01

I 05.20/22:04:56 solver.py:206 ] 
=! Best NMSE: -1.1923e+01 (epoch=310)

I 05.20/22:04:57 solver.py:151 ] => Train  Loss: 3.2798e-02

I 05.20/22:04:58 solver.py:206 ] 
=! Best NMSE: -1.1923e+01 (epoch=310)

I 05.20/22:04:59 solver.py:151 ] => Train  Loss: 3.2666e-02

I 05.20/22:05:00 solver.py:206 ] 
=! Best NMSE: -1.1923e+01 (epoch=310)

I 05.20/22:05:01 solver.py:151 ] => Train  Loss: 3.2659e-02

I 05.20/22:05:02 solver.py:206 ] 
=! Best NMSE: -1.1923e+01 (epoch=310)

I 05.20/22:05:03 solver.py:151 ] => Train  Loss: 3.2497e-02

I 05.20/22:05:04 solver.py:206 ] 
=! Best NMSE: -1.1923e+01 (epoch=310)

I 05.20/22:05:05 solver.py:151 ] => Train  Loss: 3.2621e-02

I 05.20/22:05:05 solver.py:206 ] 
=! Best NMSE: -1.1923e+01 (epoch=310)

I 05.20/22:05:06 solver.py:151 ] => Train  Loss: 3.2384e-02

I 05.20/22:05:07 solver.py:206 ] 
=! Best NMSE: -1.1923e+01 (epoch=310)

I 05.20/22:05:08 solver.py:151 ] => Train  Loss: 3.2484e-02

I 05.20/22:05:09 solver.py:206 ] 
=! Best NMSE: -1.1923e+01 (epoch=310)

I 05.20/22:05:10 solver.py:151 ] => Train  Loss: 3.2392e-02

I 05.20/22:05:11 solver.py:206 ] 
=! Best NMSE: -1.1923e+01 (epoch=310)

I 05.20/22:05:12 solver.py:151 ] => Train  Loss: 3.2367e-02

I 05.20/22:05:13 solver.py:206 ] 
=! Best NMSE: -1.1923e+01 (epoch=310)

I 05.20/22:05:14 solver.py:151 ] => Train  Loss: 3.2316e-02

I 05.20/22:05:14 solver.py:151 ] => Val  Loss: 5.2259e-02

I 05.20/22:05:14 solver.py:285 ] => Test NMSE: -1.1957e+01

I 05.20/22:05:15 solver.py:206 ] 
=! Best NMSE: -1.1957e+01 (epoch=320)

I 05.20/22:05:16 solver.py:151 ] => Train  Loss: 3.2303e-02

I 05.20/22:05:17 solver.py:206 ] 
=! Best NMSE: -1.1957e+01 (epoch=320)

I 05.20/22:05:18 solver.py:151 ] => Train  Loss: 3.2466e-02

I 05.20/22:05:19 solver.py:206 ] 
=! Best NMSE: -1.1957e+01 (epoch=320)

I 05.20/22:05:20 solver.py:151 ] => Train  Loss: 3.2322e-02

I 05.20/22:05:21 solver.py:206 ] 
=! Best NMSE: -1.1957e+01 (epoch=320)

I 05.20/22:05:22 solver.py:151 ] => Train  Loss: 3.2245e-02

I 05.20/22:05:22 solver.py:206 ] 
=! Best NMSE: -1.1957e+01 (epoch=320)

I 05.20/22:05:24 solver.py:151 ] => Train  Loss: 3.2183e-02

I 05.20/22:05:24 solver.py:206 ] 
=! Best NMSE: -1.1957e+01 (epoch=320)

I 05.20/22:05:25 solver.py:151 ] => Train  Loss: 3.2081e-02

I 05.20/22:05:26 solver.py:206 ] 
=! Best NMSE: -1.1957e+01 (epoch=320)

I 05.20/22:05:27 solver.py:151 ] => Train  Loss: 3.2105e-02

I 05.20/22:05:28 solver.py:206 ] 
=! Best NMSE: -1.1957e+01 (epoch=320)

I 05.20/22:05:29 solver.py:151 ] => Train  Loss: 3.1956e-02

I 05.20/22:05:30 solver.py:206 ] 
=! Best NMSE: -1.1957e+01 (epoch=320)

I 05.20/22:05:31 solver.py:151 ] => Train  Loss: 3.1977e-02

I 05.20/22:05:31 solver.py:206 ] 
=! Best NMSE: -1.1957e+01 (epoch=320)

I 05.20/22:05:32 solver.py:151 ] => Train  Loss: 3.1950e-02

I 05.20/22:05:32 solver.py:151 ] => Val  Loss: 5.2170e-02

I 05.20/22:05:33 solver.py:285 ] => Test NMSE: -1.1968e+01

I 05.20/22:05:34 solver.py:206 ] 
=! Best NMSE: -1.1968e+01 (epoch=330)

I 05.20/22:05:35 solver.py:151 ] => Train  Loss: 3.1911e-02

I 05.20/22:05:36 solver.py:206 ] 
=! Best NMSE: -1.1968e+01 (epoch=330)

I 05.20/22:05:37 solver.py:151 ] => Train  Loss: 3.2036e-02

I 05.20/22:05:38 solver.py:206 ] 
=! Best NMSE: -1.1968e+01 (epoch=330)

I 05.20/22:05:39 solver.py:151 ] => Train  Loss: 3.2100e-02

I 05.20/22:05:40 solver.py:206 ] 
=! Best NMSE: -1.1968e+01 (epoch=330)

I 05.20/22:05:41 solver.py:151 ] => Train  Loss: 3.1986e-02

I 05.20/22:05:41 solver.py:206 ] 
=! Best NMSE: -1.1968e+01 (epoch=330)

I 05.20/22:05:42 solver.py:151 ] => Train  Loss: 3.1974e-02

I 05.20/22:05:43 solver.py:206 ] 
=! Best NMSE: -1.1968e+01 (epoch=330)

I 05.20/22:05:44 solver.py:151 ] => Train  Loss: 3.2015e-02

I 05.20/22:05:45 solver.py:206 ] 
=! Best NMSE: -1.1968e+01 (epoch=330)

I 05.20/22:05:46 solver.py:151 ] => Train  Loss: 3.1986e-02

I 05.20/22:05:47 solver.py:206 ] 
=! Best NMSE: -1.1968e+01 (epoch=330)

I 05.20/22:05:48 solver.py:151 ] => Train  Loss: 3.1828e-02

I 05.20/22:05:48 solver.py:206 ] 
=! Best NMSE: -1.1968e+01 (epoch=330)

I 05.20/22:05:49 solver.py:151 ] => Train  Loss: 3.1691e-02

I 05.20/22:05:50 solver.py:206 ] 
=! Best NMSE: -1.1968e+01 (epoch=330)

I 05.20/22:05:51 solver.py:151 ] => Train  Loss: 3.1702e-02

I 05.20/22:05:51 solver.py:151 ] => Val  Loss: 5.1930e-02

I 05.20/22:05:52 solver.py:285 ] => Test NMSE: -1.1985e+01

I 05.20/22:05:53 solver.py:206 ] 
=! Best NMSE: -1.1985e+01 (epoch=340)

I 05.20/22:05:54 solver.py:151 ] => Train  Loss: 3.1715e-02

I 05.20/22:05:55 solver.py:206 ] 
=! Best NMSE: -1.1985e+01 (epoch=340)

I 05.20/22:05:56 solver.py:151 ] => Train  Loss: 3.1777e-02

I 05.20/22:05:57 solver.py:206 ] 
=! Best NMSE: -1.1985e+01 (epoch=340)

I 05.20/22:05:58 solver.py:151 ] => Train  Loss: 3.1831e-02

I 05.20/22:05:59 solver.py:206 ] 
=! Best NMSE: -1.1985e+01 (epoch=340)

I 05.20/22:06:00 solver.py:151 ] => Train  Loss: 3.1733e-02

I 05.20/22:06:00 solver.py:206 ] 
=! Best NMSE: -1.1985e+01 (epoch=340)

I 05.20/22:06:01 solver.py:151 ] => Train  Loss: 3.1616e-02

I 05.20/22:06:02 solver.py:206 ] 
=! Best NMSE: -1.1985e+01 (epoch=340)

I 05.20/22:06:03 solver.py:151 ] => Train  Loss: 3.1610e-02

I 05.20/22:06:04 solver.py:206 ] 
=! Best NMSE: -1.1985e+01 (epoch=340)

I 05.20/22:06:05 solver.py:151 ] => Train  Loss: 3.1689e-02

I 05.20/22:06:06 solver.py:206 ] 
=! Best NMSE: -1.1985e+01 (epoch=340)

I 05.20/22:06:07 solver.py:151 ] => Train  Loss: 3.1605e-02

I 05.20/22:06:08 solver.py:206 ] 
=! Best NMSE: -1.1985e+01 (epoch=340)

I 05.20/22:06:09 solver.py:151 ] => Train  Loss: 3.1860e-02

I 05.20/22:06:09 solver.py:206 ] 
=! Best NMSE: -1.1985e+01 (epoch=340)

I 05.20/22:06:10 solver.py:151 ] => Train  Loss: 3.1615e-02

I 05.20/22:06:11 solver.py:151 ] => Val  Loss: 5.1912e-02

I 05.20/22:06:11 solver.py:285 ] => Test NMSE: -1.1990e+01

I 05.20/22:06:12 solver.py:206 ] 
=! Best NMSE: -1.1990e+01 (epoch=350)

I 05.20/22:06:13 solver.py:151 ] => Train  Loss: 3.1634e-02

I 05.20/22:06:14 solver.py:206 ] 
=! Best NMSE: -1.1990e+01 (epoch=350)

I 05.20/22:06:15 solver.py:151 ] => Train  Loss: 3.1482e-02

I 05.20/22:06:16 solver.py:206 ] 
=! Best NMSE: -1.1990e+01 (epoch=350)

I 05.20/22:06:17 solver.py:151 ] => Train  Loss: 3.1425e-02

I 05.20/22:06:18 solver.py:206 ] 
=! Best NMSE: -1.1990e+01 (epoch=350)

I 05.20/22:06:19 solver.py:151 ] => Train  Loss: 3.1470e-02

I 05.20/22:06:20 solver.py:206 ] 
=! Best NMSE: -1.1990e+01 (epoch=350)

I 05.20/22:06:21 solver.py:151 ] => Train  Loss: 3.1604e-02

I 05.20/22:06:21 solver.py:206 ] 
=! Best NMSE: -1.1990e+01 (epoch=350)

I 05.20/22:06:22 solver.py:151 ] => Train  Loss: 3.1395e-02

I 05.20/22:06:23 solver.py:206 ] 
=! Best NMSE: -1.1990e+01 (epoch=350)

I 05.20/22:06:24 solver.py:151 ] => Train  Loss: 3.1549e-02

I 05.20/22:06:25 solver.py:206 ] 
=! Best NMSE: -1.1990e+01 (epoch=350)

I 05.20/22:06:26 solver.py:151 ] => Train  Loss: 3.1384e-02

I 05.20/22:06:27 solver.py:206 ] 
=! Best NMSE: -1.1990e+01 (epoch=350)

I 05.20/22:06:28 solver.py:151 ] => Train  Loss: 3.1417e-02

I 05.20/22:06:29 solver.py:206 ] 
=! Best NMSE: -1.1990e+01 (epoch=350)

I 05.20/22:06:30 solver.py:151 ] => Train  Loss: 3.1401e-02

I 05.20/22:06:30 solver.py:151 ] => Val  Loss: 5.1755e-02

I 05.20/22:06:30 solver.py:285 ] => Test NMSE: -1.2000e+01

I 05.20/22:06:32 solver.py:206 ] 
=! Best NMSE: -1.2000e+01 (epoch=360)

I 05.20/22:06:33 solver.py:151 ] => Train  Loss: 3.1410e-02

I 05.20/22:06:33 solver.py:206 ] 
=! Best NMSE: -1.2000e+01 (epoch=360)

I 05.20/22:06:34 solver.py:151 ] => Train  Loss: 3.1509e-02

I 05.20/22:06:35 solver.py:206 ] 
=! Best NMSE: -1.2000e+01 (epoch=360)

I 05.20/22:06:36 solver.py:151 ] => Train  Loss: 3.1425e-02

I 05.20/22:06:37 solver.py:206 ] 
=! Best NMSE: -1.2000e+01 (epoch=360)

I 05.20/22:06:38 solver.py:151 ] => Train  Loss: 3.1353e-02

I 05.20/22:06:39 solver.py:206 ] 
=! Best NMSE: -1.2000e+01 (epoch=360)

I 05.20/22:06:40 solver.py:151 ] => Train  Loss: 3.1387e-02

I 05.20/22:06:41 solver.py:206 ] 
=! Best NMSE: -1.2000e+01 (epoch=360)

I 05.20/22:06:42 solver.py:151 ] => Train  Loss: 3.1342e-02

I 05.20/22:06:42 solver.py:206 ] 
=! Best NMSE: -1.2000e+01 (epoch=360)

I 05.20/22:06:43 solver.py:151 ] => Train  Loss: 3.1293e-02

I 05.20/22:06:44 solver.py:206 ] 
=! Best NMSE: -1.2000e+01 (epoch=360)

I 05.20/22:06:45 solver.py:151 ] => Train  Loss: 3.1277e-02

I 05.20/22:06:46 solver.py:206 ] 
=! Best NMSE: -1.2000e+01 (epoch=360)

I 05.20/22:06:47 solver.py:151 ] => Train  Loss: 3.1385e-02

I 05.20/22:06:48 solver.py:206 ] 
=! Best NMSE: -1.2000e+01 (epoch=360)

I 05.20/22:06:49 solver.py:151 ] => Train  Loss: 3.1269e-02

I 05.20/22:06:50 solver.py:151 ] => Val  Loss: 5.1803e-02

I 05.20/22:06:50 solver.py:285 ] => Test NMSE: -1.1995e+01

I 05.20/22:06:51 solver.py:206 ] 
=! Best NMSE: -1.2000e+01 (epoch=360)

I 05.20/22:06:52 solver.py:151 ] => Train  Loss: 3.1467e-02

I 05.20/22:06:52 solver.py:206 ] 
=! Best NMSE: -1.2000e+01 (epoch=360)

I 05.20/22:06:54 solver.py:151 ] => Train  Loss: 3.1214e-02

I 05.20/22:06:54 solver.py:206 ] 
=! Best NMSE: -1.2000e+01 (epoch=360)

I 05.20/22:06:55 solver.py:151 ] => Train  Loss: 3.1207e-02

I 05.20/22:06:56 solver.py:206 ] 
=! Best NMSE: -1.2000e+01 (epoch=360)

I 05.20/22:06:57 solver.py:151 ] => Train  Loss: 3.1190e-02

I 05.20/22:06:58 solver.py:206 ] 
=! Best NMSE: -1.2000e+01 (epoch=360)

I 05.20/22:06:59 solver.py:151 ] => Train  Loss: 3.1187e-02

I 05.20/22:07:00 solver.py:206 ] 
=! Best NMSE: -1.2000e+01 (epoch=360)

I 05.20/22:07:01 solver.py:151 ] => Train  Loss: 3.1179e-02

I 05.20/22:07:02 solver.py:206 ] 
=! Best NMSE: -1.2000e+01 (epoch=360)

I 05.20/22:07:03 solver.py:151 ] => Train  Loss: 3.1167e-02

I 05.20/22:07:03 solver.py:206 ] 
=! Best NMSE: -1.2000e+01 (epoch=360)

I 05.20/22:07:05 solver.py:151 ] => Train  Loss: 3.1227e-02

I 05.20/22:07:05 solver.py:206 ] 
=! Best NMSE: -1.2000e+01 (epoch=360)

I 05.20/22:07:06 solver.py:151 ] => Train  Loss: 3.1356e-02

I 05.20/22:07:07 solver.py:206 ] 
=! Best NMSE: -1.2000e+01 (epoch=360)

I 05.20/22:07:08 solver.py:151 ] => Train  Loss: 3.1156e-02

I 05.20/22:07:08 solver.py:151 ] => Val  Loss: 5.1413e-02

I 05.20/22:07:09 solver.py:285 ] => Test NMSE: -1.2030e+01

I 05.20/22:07:10 solver.py:206 ] 
=! Best NMSE: -1.2030e+01 (epoch=380)

I 05.20/22:07:11 solver.py:151 ] => Train  Loss: 3.1222e-02

I 05.20/22:07:12 solver.py:206 ] 
=! Best NMSE: -1.2030e+01 (epoch=380)

I 05.20/22:07:13 solver.py:151 ] => Train  Loss: 3.1203e-02

I 05.20/22:07:14 solver.py:206 ] 
=! Best NMSE: -1.2030e+01 (epoch=380)

I 05.20/22:07:15 solver.py:151 ] => Train  Loss: 3.1124e-02

I 05.20/22:07:16 solver.py:206 ] 
=! Best NMSE: -1.2030e+01 (epoch=380)

I 05.20/22:07:17 solver.py:151 ] => Train  Loss: 3.1058e-02

I 05.20/22:07:18 solver.py:206 ] 
=! Best NMSE: -1.2030e+01 (epoch=380)

I 05.20/22:07:19 solver.py:151 ] => Train  Loss: 3.1021e-02

I 05.20/22:07:20 solver.py:206 ] 
=! Best NMSE: -1.2030e+01 (epoch=380)

I 05.20/22:07:21 solver.py:151 ] => Train  Loss: 3.0923e-02

I 05.20/22:07:22 solver.py:206 ] 
=! Best NMSE: -1.2030e+01 (epoch=380)

I 05.20/22:07:23 solver.py:151 ] => Train  Loss: 3.0814e-02

I 05.20/22:07:23 solver.py:206 ] 
=! Best NMSE: -1.2030e+01 (epoch=380)

I 05.20/22:07:24 solver.py:151 ] => Train  Loss: 3.0916e-02

I 05.20/22:07:25 solver.py:206 ] 
=! Best NMSE: -1.2030e+01 (epoch=380)

I 05.20/22:07:26 solver.py:151 ] => Train  Loss: 3.1009e-02

I 05.20/22:07:27 solver.py:206 ] 
=! Best NMSE: -1.2030e+01 (epoch=380)

I 05.20/22:07:28 solver.py:151 ] => Train  Loss: 3.0959e-02

I 05.20/22:07:28 solver.py:151 ] => Val  Loss: 5.1537e-02

I 05.20/22:07:28 solver.py:285 ] => Test NMSE: -1.2020e+01

I 05.20/22:07:29 solver.py:206 ] 
=! Best NMSE: -1.2030e+01 (epoch=380)

I 05.20/22:07:30 solver.py:151 ] => Train  Loss: 3.0948e-02

I 05.20/22:07:31 solver.py:206 ] 
=! Best NMSE: -1.2030e+01 (epoch=380)

I 05.20/22:07:32 solver.py:151 ] => Train  Loss: 3.1077e-02

I 05.20/22:07:33 solver.py:206 ] 
=! Best NMSE: -1.2030e+01 (epoch=380)

I 05.20/22:07:34 solver.py:151 ] => Train  Loss: 3.0977e-02

I 05.20/22:07:35 solver.py:206 ] 
=! Best NMSE: -1.2030e+01 (epoch=380)

I 05.20/22:07:36 solver.py:151 ] => Train  Loss: 3.0980e-02

I 05.20/22:07:36 solver.py:206 ] 
=! Best NMSE: -1.2030e+01 (epoch=380)

I 05.20/22:07:37 solver.py:151 ] => Train  Loss: 3.0956e-02

I 05.20/22:07:38 solver.py:206 ] 
=! Best NMSE: -1.2030e+01 (epoch=380)

I 05.20/22:07:39 solver.py:151 ] => Train  Loss: 3.0985e-02

I 05.20/22:07:40 solver.py:206 ] 
=! Best NMSE: -1.2030e+01 (epoch=380)

I 05.20/22:07:41 solver.py:151 ] => Train  Loss: 3.0972e-02

I 05.20/22:07:42 solver.py:206 ] 
=! Best NMSE: -1.2030e+01 (epoch=380)

I 05.20/22:07:43 solver.py:151 ] => Train  Loss: 3.0858e-02

I 05.20/22:07:43 solver.py:206 ] 
=! Best NMSE: -1.2030e+01 (epoch=380)

I 05.20/22:07:44 solver.py:151 ] => Train  Loss: 3.0846e-02

I 05.20/22:07:45 solver.py:206 ] 
=! Best NMSE: -1.2030e+01 (epoch=380)

I 05.20/22:07:46 solver.py:151 ] => Train  Loss: 3.0864e-02

I 05.20/22:07:46 solver.py:151 ] => Val  Loss: 5.1331e-02

I 05.20/22:07:47 solver.py:285 ] => Test NMSE: -1.2041e+01

I 05.20/22:07:48 solver.py:206 ] 
=! Best NMSE: -1.2041e+01 (epoch=400)

I 05.20/22:07:49 solver.py:229 ] => Saved encoder outputs to /storage/hujiacong/zxd/Huawei/TransNet/exps/freeze_fc_decoder/encoder_output.pth
I 05.20/22:07:49 solver.py:285 ] => Test NMSE: -1.2041e+01

I 05.20/22:07:49 solver.py:254 ] 
=> Test result: 
loss: 4.6879e-02    NMSE: -1.2041e+01

I 05.20/22:07:49 main.py:87  ] 
=! Final test loss: 4.6879e-02
         test NMSE: -1.2041e+01

