I 05.20/15:48:56 main.py:23  ] => Experiment directory: /storage/hujiacong/zxd/Huawei/TransNet/exps/01878_seed2026_400ep
I 05.20/15:48:56 main.py:24  ] => PyTorch Version: 2.5.1
I 05.20/15:48:56 init.py:13  ] Random seed set to 2026
I 05.20/15:48:56 init.py:38  ] Running on GPU 0
I 05.20/15:48:57 init.py:69  ] => Model Name: TransNet [pretrained: None]
I 05.20/15:48:57 init.py:70  ] => Model Config: compression ratio=1/4; input shape=(2, 64, 64); input dim=8192
I 05.20/15:48:57 init.py:73  ] => Model Flops: 168.133M
I 05.20/15:48:57 init.py:74  ] => Model Params Num: 34.094M

I 05.20/15:48:57 init.py:75  ] 
**********
Transformer(
  (encoder): TransformerEncoder(
    (layer): TransformerEncoderLayer(
      (self_attn): MultiheadAttention(
        (out_proj): Linear(in_features=64, out_features=64, bias=True)
      )
      (linear1): Linear(in_features=64, out_features=2048, bias=True)
      (dropout): Dropout(p=0.0, inplace=False)
      (linear2): Linear(in_features=2048, out_features=64, bias=True)
      (norm1): LayerNorm((64,), eps=1e-05, elementwise_affine=True)
      (norm2): LayerNorm((64,), eps=1e-05, elementwise_affine=True)
      (dropout1): Dropout(p=0.0, inplace=False)
      (dropout2): Dropout(p=0.0, inplace=False)
    )
  )
  (decoder): TransformerDecoder(
    (layer): TransformerDecoderLayer(
      (self_attn): MultiheadAttention(
        (out_proj): Linear(in_features=64, out_features=64, bias=True)
      )
      (multihead_attn): MultiheadAttention(
        (out_proj): Linear(in_features=64, out_features=64, bias=True)
      )
      (linear1): Linear(in_features=64, out_features=2048, bias=True)
      (dropout): Dropout(p=0.0, inplace=False)
      (linear2): Linear(in_features=2048, out_features=64, bias=True)
      (norm1): LayerNorm((64,), eps=1e-05, elementwise_affine=True)
      (norm2): LayerNorm((64,), eps=1e-05, elementwise_affine=True)
      (norm3): LayerNorm((64,), eps=1e-05, elementwise_affine=True)
      (dropout1): Dropout(p=0.0, inplace=False)
      (dropout2): Dropout(p=0.0, inplace=False)
      (dropout3): Dropout(p=0.0, inplace=False)
    )
    (norm): LayerNorm((64,), eps=1e-05, elementwise_affine=True)
  )
  (fc_encoder): Linear(in_features=8192, out_features=2048, bias=True)
  (fc_decoder): Linear(in_features=2048, out_features=8192, bias=True)
)
**********

I 05.20/15:49:01 solver.py:151 ] => Train  Loss: 1.4996e+00

I 05.20/15:49:03 solver.py:151 ] => Train  Loss: 1.4844e+00

I 05.20/15:49:07 solver.py:151 ] => Train  Loss: 1.4506e+00

I 05.20/15:49:10 solver.py:151 ] => Train  Loss: 1.3950e+00

I 05.20/15:49:14 solver.py:151 ] => Train  Loss: 1.3179e+00

I 05.20/15:49:17 solver.py:151 ] => Train  Loss: 1.2238e+00

I 05.20/15:49:20 solver.py:151 ] => Train  Loss: 1.1207e+00

I 05.20/15:49:24 solver.py:151 ] => Train  Loss: 1.0154e+00

I 05.20/15:49:27 solver.py:151 ] => Train  Loss: 9.1348e-01

I 05.20/15:49:32 solver.py:151 ] => Train  Loss: 8.1900e-01

I 05.20/15:49:32 solver.py:151 ] => Val  Loss: 7.8718e-01

I 05.20/15:49:32 solver.py:285 ] => Test NMSE: 1.0941e-01

I 05.20/15:49:35 solver.py:206 ] 
=! Best NMSE: 1.0941e-01 (epoch=10)

I 05.20/15:49:36 solver.py:151 ] => Train  Loss: 7.3292e-01

I 05.20/15:49:38 solver.py:206 ] 
=! Best NMSE: 1.0941e-01 (epoch=10)

I 05.20/15:49:40 solver.py:151 ] => Train  Loss: 6.5541e-01

I 05.20/15:49:41 solver.py:206 ] 
=! Best NMSE: 1.0941e-01 (epoch=10)

I 05.20/15:49:43 solver.py:151 ] => Train  Loss: 5.8644e-01

I 05.20/15:49:45 solver.py:206 ] 
=! Best NMSE: 1.0941e-01 (epoch=10)

I 05.20/15:49:47 solver.py:151 ] => Train  Loss: 5.2629e-01

I 05.20/15:49:48 solver.py:206 ] 
=! Best NMSE: 1.0941e-01 (epoch=10)

I 05.20/15:49:49 solver.py:151 ] => Train  Loss: 4.7306e-01

I 05.20/15:49:50 solver.py:206 ] 
=! Best NMSE: 1.0941e-01 (epoch=10)

I 05.20/15:49:52 solver.py:151 ] => Train  Loss: 4.2679e-01

I 05.20/15:49:54 solver.py:206 ] 
=! Best NMSE: 1.0941e-01 (epoch=10)

I 05.20/15:49:55 solver.py:151 ] => Train  Loss: 3.8593e-01

I 05.20/15:49:56 solver.py:206 ] 
=! Best NMSE: 1.0941e-01 (epoch=10)

I 05.20/15:49:57 solver.py:151 ] => Train  Loss: 3.5060e-01

I 05.20/15:49:59 solver.py:206 ] 
=! Best NMSE: 1.0941e-01 (epoch=10)

I 05.20/15:50:00 solver.py:151 ] => Train  Loss: 3.1988e-01

I 05.20/15:50:02 solver.py:206 ] 
=! Best NMSE: 1.0941e-01 (epoch=10)

I 05.20/15:50:04 solver.py:151 ] => Train  Loss: 2.9275e-01

I 05.20/15:50:04 solver.py:151 ] => Val  Loss: 2.9163e-01

I 05.20/15:50:05 solver.py:285 ] => Test NMSE: -4.2762e+00

I 05.20/15:50:08 solver.py:206 ] 
=! Best NMSE: -4.2762e+00 (epoch=20)

I 05.20/15:50:10 solver.py:151 ] => Train  Loss: 2.6983e-01

I 05.20/15:50:12 solver.py:206 ] 
=! Best NMSE: -4.2762e+00 (epoch=20)

I 05.20/15:50:14 solver.py:151 ] => Train  Loss: 2.4970e-01

I 05.20/15:50:15 solver.py:206 ] 
=! Best NMSE: -4.2762e+00 (epoch=20)

I 05.20/15:50:18 solver.py:151 ] => Train  Loss: 2.3305e-01

I 05.20/15:50:19 solver.py:206 ] 
=! Best NMSE: -4.2762e+00 (epoch=20)

I 05.20/15:50:20 solver.py:151 ] => Train  Loss: 2.1855e-01

I 05.20/15:50:21 solver.py:206 ] 
=! Best NMSE: -4.2762e+00 (epoch=20)

I 05.20/15:50:23 solver.py:151 ] => Train  Loss: 2.0642e-01

I 05.20/15:50:24 solver.py:206 ] 
=! Best NMSE: -4.2762e+00 (epoch=20)

I 05.20/15:50:27 solver.py:151 ] => Train  Loss: 1.9615e-01

I 05.20/15:50:28 solver.py:206 ] 
=! Best NMSE: -4.2762e+00 (epoch=20)

I 05.20/15:50:29 solver.py:151 ] => Train  Loss: 1.8704e-01

I 05.20/15:50:30 solver.py:206 ] 
=! Best NMSE: -4.2762e+00 (epoch=20)

I 05.20/15:50:32 solver.py:151 ] => Train  Loss: 1.7909e-01

I 05.20/15:50:34 solver.py:206 ] 
=! Best NMSE: -4.2762e+00 (epoch=20)

I 05.20/15:50:37 solver.py:151 ] => Train  Loss: 1.7245e-01

I 05.20/15:50:38 solver.py:206 ] 
=! Best NMSE: -4.2762e+00 (epoch=20)

I 05.20/15:50:41 solver.py:151 ] => Train  Loss: 1.6621e-01

I 05.20/15:50:41 solver.py:151 ] => Val  Loss: 1.7507e-01

I 05.20/15:50:41 solver.py:285 ] => Test NMSE: -6.5176e+00

I 05.20/15:50:45 solver.py:206 ] 
=! Best NMSE: -6.5176e+00 (epoch=30)

I 05.20/15:50:47 solver.py:151 ] => Train  Loss: 1.6093e-01

I 05.20/15:50:48 solver.py:206 ] 
=! Best NMSE: -6.5176e+00 (epoch=30)

I 05.20/15:50:50 solver.py:151 ] => Train  Loss: 1.5641e-01

I 05.20/15:50:52 solver.py:206 ] 
=! Best NMSE: -6.5176e+00 (epoch=30)

I 05.20/15:50:54 solver.py:151 ] => Train  Loss: 1.5172e-01

I 05.20/15:50:56 solver.py:206 ] 
=! Best NMSE: -6.5176e+00 (epoch=30)

I 05.20/15:50:59 solver.py:151 ] => Train  Loss: 1.4808e-01

I 05.20/15:51:00 solver.py:206 ] 
=! Best NMSE: -6.5176e+00 (epoch=30)

I 05.20/15:51:03 solver.py:151 ] => Train  Loss: 1.4427e-01

I 05.20/15:51:04 solver.py:206 ] 
=! Best NMSE: -6.5176e+00 (epoch=30)

I 05.20/15:51:06 solver.py:151 ] => Train  Loss: 1.4079e-01

I 05.20/15:51:08 solver.py:206 ] 
=! Best NMSE: -6.5176e+00 (epoch=30)

I 05.20/15:51:11 solver.py:151 ] => Train  Loss: 1.3807e-01

I 05.20/15:51:12 solver.py:206 ] 
=! Best NMSE: -6.5176e+00 (epoch=30)

I 05.20/15:51:15 solver.py:151 ] => Train  Loss: 1.3499e-01

I 05.20/15:51:17 solver.py:206 ] 
=! Best NMSE: -6.5176e+00 (epoch=30)

I 05.20/15:51:19 solver.py:151 ] => Train  Loss: 1.3223e-01

I 05.20/15:51:21 solver.py:206 ] 
=! Best NMSE: -6.5176e+00 (epoch=30)

I 05.20/15:51:23 solver.py:151 ] => Train  Loss: 1.2952e-01

I 05.20/15:51:23 solver.py:151 ] => Val  Loss: 1.3894e-01

I 05.20/15:51:23 solver.py:285 ] => Test NMSE: -7.5123e+00

I 05.20/15:51:26 solver.py:206 ] 
=! Best NMSE: -7.5123e+00 (epoch=40)

I 05.20/15:51:28 solver.py:151 ] => Train  Loss: 1.2699e-01

I 05.20/15:51:29 solver.py:206 ] 
=! Best NMSE: -7.5123e+00 (epoch=40)

I 05.20/15:51:30 solver.py:151 ] => Train  Loss: 1.2429e-01

I 05.20/15:51:31 solver.py:206 ] 
=! Best NMSE: -7.5123e+00 (epoch=40)

I 05.20/15:51:33 solver.py:151 ] => Train  Loss: 1.2205e-01

I 05.20/15:51:35 solver.py:206 ] 
=! Best NMSE: -7.5123e+00 (epoch=40)

I 05.20/15:51:37 solver.py:151 ] => Train  Loss: 1.1993e-01

I 05.20/15:51:38 solver.py:206 ] 
=! Best NMSE: -7.5123e+00 (epoch=40)

I 05.20/15:51:40 solver.py:151 ] => Train  Loss: 1.1777e-01

I 05.20/15:51:41 solver.py:206 ] 
=! Best NMSE: -7.5123e+00 (epoch=40)

I 05.20/15:51:42 solver.py:151 ] => Train  Loss: 1.1590e-01

I 05.20/15:51:44 solver.py:206 ] 
=! Best NMSE: -7.5123e+00 (epoch=40)

I 05.20/15:51:45 solver.py:151 ] => Train  Loss: 1.1433e-01

I 05.20/15:51:47 solver.py:206 ] 
=! Best NMSE: -7.5123e+00 (epoch=40)

I 05.20/15:51:48 solver.py:151 ] => Train  Loss: 1.1252e-01

I 05.20/15:51:49 solver.py:206 ] 
=! Best NMSE: -7.5123e+00 (epoch=40)

I 05.20/15:51:50 solver.py:151 ] => Train  Loss: 1.1082e-01

I 05.20/15:51:52 solver.py:206 ] 
=! Best NMSE: -7.5123e+00 (epoch=40)

I 05.20/15:51:53 solver.py:151 ] => Train  Loss: 1.0927e-01

I 05.20/15:51:53 solver.py:151 ] => Val  Loss: 1.1823e-01

I 05.20/15:51:54 solver.py:285 ] => Test NMSE: -8.1915e+00

I 05.20/15:51:57 solver.py:206 ] 
=! Best NMSE: -8.1915e+00 (epoch=50)

I 05.20/15:51:59 solver.py:151 ] => Train  Loss: 1.0798e-01

I 05.20/15:52:01 solver.py:206 ] 
=! Best NMSE: -8.1915e+00 (epoch=50)

I 05.20/15:52:03 solver.py:151 ] => Train  Loss: 1.0656e-01

I 05.20/15:52:05 solver.py:206 ] 
=! Best NMSE: -8.1915e+00 (epoch=50)

I 05.20/15:52:07 solver.py:151 ] => Train  Loss: 1.0516e-01

I 05.20/15:52:09 solver.py:206 ] 
=! Best NMSE: -8.1915e+00 (epoch=50)

I 05.20/15:52:10 solver.py:151 ] => Train  Loss: 1.0390e-01

I 05.20/15:52:12 solver.py:206 ] 
=! Best NMSE: -8.1915e+00 (epoch=50)

I 05.20/15:52:13 solver.py:151 ] => Train  Loss: 1.0281e-01

I 05.20/15:52:14 solver.py:206 ] 
=! Best NMSE: -8.1915e+00 (epoch=50)

I 05.20/15:52:16 solver.py:151 ] => Train  Loss: 1.0158e-01

I 05.20/15:52:17 solver.py:206 ] 
=! Best NMSE: -8.1915e+00 (epoch=50)

I 05.20/15:52:19 solver.py:151 ] => Train  Loss: 1.0030e-01

I 05.20/15:52:20 solver.py:206 ] 
=! Best NMSE: -8.1915e+00 (epoch=50)

I 05.20/15:52:22 solver.py:151 ] => Train  Loss: 9.9369e-02

I 05.20/15:52:24 solver.py:206 ] 
=! Best NMSE: -8.1915e+00 (epoch=50)

I 05.20/15:52:27 solver.py:151 ] => Train  Loss: 9.8128e-02

I 05.20/15:52:29 solver.py:206 ] 
=! Best NMSE: -8.1915e+00 (epoch=50)

I 05.20/15:52:31 solver.py:151 ] => Train  Loss: 9.7156e-02

I 05.20/15:52:31 solver.py:151 ] => Val  Loss: 1.0501e-01

I 05.20/15:52:32 solver.py:285 ] => Test NMSE: -8.7015e+00

I 05.20/15:52:35 solver.py:206 ] 
=! Best NMSE: -8.7015e+00 (epoch=60)

I 05.20/15:52:37 solver.py:151 ] => Train  Loss: 9.6034e-02

I 05.20/15:52:39 solver.py:206 ] 
=! Best NMSE: -8.7015e+00 (epoch=60)

I 05.20/15:52:42 solver.py:151 ] => Train  Loss: 9.5067e-02

I 05.20/15:52:43 solver.py:206 ] 
=! Best NMSE: -8.7015e+00 (epoch=60)

I 05.20/15:52:45 solver.py:151 ] => Train  Loss: 9.4093e-02

I 05.20/15:52:47 solver.py:206 ] 
=! Best NMSE: -8.7015e+00 (epoch=60)

I 05.20/15:52:48 solver.py:151 ] => Train  Loss: 9.3148e-02

I 05.20/15:52:50 solver.py:206 ] 
=! Best NMSE: -8.7015e+00 (epoch=60)

I 05.20/15:52:53 solver.py:151 ] => Train  Loss: 9.2259e-02

I 05.20/15:52:54 solver.py:206 ] 
=! Best NMSE: -8.7015e+00 (epoch=60)

I 05.20/15:52:56 solver.py:151 ] => Train  Loss: 9.1323e-02

I 05.20/15:52:57 solver.py:206 ] 
=! Best NMSE: -8.7015e+00 (epoch=60)

I 05.20/15:52:59 solver.py:151 ] => Train  Loss: 9.0555e-02

I 05.20/15:53:00 solver.py:206 ] 
=! Best NMSE: -8.7015e+00 (epoch=60)

I 05.20/15:53:01 solver.py:151 ] => Train  Loss: 8.9640e-02

I 05.20/15:53:03 solver.py:206 ] 
=! Best NMSE: -8.7015e+00 (epoch=60)

I 05.20/15:53:04 solver.py:151 ] => Train  Loss: 8.8740e-02

I 05.20/15:53:06 solver.py:206 ] 
=! Best NMSE: -8.7015e+00 (epoch=60)

I 05.20/15:53:07 solver.py:151 ] => Train  Loss: 8.7919e-02

I 05.20/15:53:08 solver.py:151 ] => Val  Loss: 9.5025e-02

I 05.20/15:53:08 solver.py:285 ] => Test NMSE: -9.1379e+00

I 05.20/15:53:12 solver.py:206 ] 
=! Best NMSE: -9.1379e+00 (epoch=70)

I 05.20/15:53:14 solver.py:151 ] => Train  Loss: 8.7146e-02

I 05.20/15:53:15 solver.py:206 ] 
=! Best NMSE: -9.1379e+00 (epoch=70)

I 05.20/15:53:17 solver.py:151 ] => Train  Loss: 8.6391e-02

I 05.20/15:53:18 solver.py:206 ] 
=! Best NMSE: -9.1379e+00 (epoch=70)

I 05.20/15:53:19 solver.py:151 ] => Train  Loss: 8.5532e-02

I 05.20/15:53:21 solver.py:206 ] 
=! Best NMSE: -9.1379e+00 (epoch=70)

I 05.20/15:53:22 solver.py:151 ] => Train  Loss: 8.4732e-02

I 05.20/15:53:23 solver.py:206 ] 
=! Best NMSE: -9.1379e+00 (epoch=70)

I 05.20/15:53:24 solver.py:151 ] => Train  Loss: 8.4066e-02

I 05.20/15:53:26 solver.py:206 ] 
=! Best NMSE: -9.1379e+00 (epoch=70)

I 05.20/15:53:28 solver.py:151 ] => Train  Loss: 8.3325e-02

I 05.20/15:53:30 solver.py:206 ] 
=! Best NMSE: -9.1379e+00 (epoch=70)

I 05.20/15:53:32 solver.py:151 ] => Train  Loss: 8.2584e-02

I 05.20/15:53:34 solver.py:206 ] 
=! Best NMSE: -9.1379e+00 (epoch=70)

I 05.20/15:53:36 solver.py:151 ] => Train  Loss: 8.1827e-02

I 05.20/15:53:37 solver.py:206 ] 
=! Best NMSE: -9.1379e+00 (epoch=70)

I 05.20/15:53:39 solver.py:151 ] => Train  Loss: 8.1198e-02

I 05.20/15:53:41 solver.py:206 ] 
=! Best NMSE: -9.1379e+00 (epoch=70)

I 05.20/15:53:42 solver.py:151 ] => Train  Loss: 8.0415e-02

I 05.20/15:53:43 solver.py:151 ] => Val  Loss: 8.6854e-02

I 05.20/15:53:43 solver.py:285 ] => Test NMSE: -9.5360e+00

I 05.20/15:53:46 solver.py:206 ] 
=! Best NMSE: -9.5360e+00 (epoch=80)

I 05.20/15:53:49 solver.py:151 ] => Train  Loss: 7.9686e-02

I 05.20/15:53:50 solver.py:206 ] 
=! Best NMSE: -9.5360e+00 (epoch=80)

I 05.20/15:53:52 solver.py:151 ] => Train  Loss: 7.9025e-02

I 05.20/15:53:54 solver.py:206 ] 
=! Best NMSE: -9.5360e+00 (epoch=80)

I 05.20/15:53:55 solver.py:151 ] => Train  Loss: 7.8340e-02

I 05.20/15:53:56 solver.py:206 ] 
=! Best NMSE: -9.5360e+00 (epoch=80)

I 05.20/15:53:58 solver.py:151 ] => Train  Loss: 7.7697e-02

I 05.20/15:54:00 solver.py:206 ] 
=! Best NMSE: -9.5360e+00 (epoch=80)

I 05.20/15:54:01 solver.py:151 ] => Train  Loss: 7.7096e-02

I 05.20/15:54:03 solver.py:206 ] 
=! Best NMSE: -9.5360e+00 (epoch=80)

I 05.20/15:54:04 solver.py:151 ] => Train  Loss: 7.6431e-02

I 05.20/15:54:05 solver.py:206 ] 
=! Best NMSE: -9.5360e+00 (epoch=80)

I 05.20/15:54:07 solver.py:151 ] => Train  Loss: 7.5836e-02

I 05.20/15:54:09 solver.py:206 ] 
=! Best NMSE: -9.5360e+00 (epoch=80)

I 05.20/15:54:10 solver.py:151 ] => Train  Loss: 7.5148e-02

I 05.20/15:54:12 solver.py:206 ] 
=! Best NMSE: -9.5360e+00 (epoch=80)

I 05.20/15:54:13 solver.py:151 ] => Train  Loss: 7.4525e-02

I 05.20/15:54:14 solver.py:206 ] 
=! Best NMSE: -9.5360e+00 (epoch=80)

I 05.20/15:54:16 solver.py:151 ] => Train  Loss: 7.3897e-02

I 05.20/15:54:16 solver.py:151 ] => Val  Loss: 7.9814e-02

I 05.20/15:54:16 solver.py:285 ] => Test NMSE: -9.9122e+00

I 05.20/15:54:19 solver.py:206 ] 
=! Best NMSE: -9.9122e+00 (epoch=90)

I 05.20/15:54:22 solver.py:151 ] => Train  Loss: 7.3292e-02

I 05.20/15:54:23 solver.py:206 ] 
=! Best NMSE: -9.9122e+00 (epoch=90)

I 05.20/15:54:25 solver.py:151 ] => Train  Loss: 7.2678e-02

I 05.20/15:54:27 solver.py:206 ] 
=! Best NMSE: -9.9122e+00 (epoch=90)

I 05.20/15:54:29 solver.py:151 ] => Train  Loss: 7.2121e-02

I 05.20/15:54:31 solver.py:206 ] 
=! Best NMSE: -9.9122e+00 (epoch=90)

I 05.20/15:54:33 solver.py:151 ] => Train  Loss: 7.1525e-02

I 05.20/15:54:34 solver.py:206 ] 
=! Best NMSE: -9.9122e+00 (epoch=90)

I 05.20/15:54:35 solver.py:151 ] => Train  Loss: 7.0878e-02

I 05.20/15:54:36 solver.py:206 ] 
=! Best NMSE: -9.9122e+00 (epoch=90)

I 05.20/15:54:38 solver.py:151 ] => Train  Loss: 7.0311e-02

I 05.20/15:54:40 solver.py:206 ] 
=! Best NMSE: -9.9122e+00 (epoch=90)

I 05.20/15:54:42 solver.py:151 ] => Train  Loss: 6.9754e-02

I 05.20/15:54:44 solver.py:206 ] 
=! Best NMSE: -9.9122e+00 (epoch=90)

I 05.20/15:54:46 solver.py:151 ] => Train  Loss: 6.9259e-02

I 05.20/15:54:47 solver.py:206 ] 
=! Best NMSE: -9.9122e+00 (epoch=90)

I 05.20/15:54:49 solver.py:151 ] => Train  Loss: 6.8589e-02

I 05.20/15:54:51 solver.py:206 ] 
=! Best NMSE: -9.9122e+00 (epoch=90)

I 05.20/15:54:53 solver.py:151 ] => Train  Loss: 6.8135e-02

I 05.20/15:54:53 solver.py:151 ] => Val  Loss: 7.3620e-02

I 05.20/15:54:54 solver.py:285 ] => Test NMSE: -1.0274e+01

I 05.20/15:54:57 solver.py:206 ] 
=! Best NMSE: -1.0274e+01 (epoch=100)

I 05.20/15:54:59 solver.py:151 ] => Train  Loss: 6.7562e-02

I 05.20/15:55:00 solver.py:206 ] 
=! Best NMSE: -1.0274e+01 (epoch=100)

I 05.20/15:55:02 solver.py:151 ] => Train  Loss: 6.7029e-02

I 05.20/15:55:04 solver.py:206 ] 
=! Best NMSE: -1.0274e+01 (epoch=100)

I 05.20/15:55:05 solver.py:151 ] => Train  Loss: 6.6444e-02

I 05.20/15:55:07 solver.py:206 ] 
=! Best NMSE: -1.0274e+01 (epoch=100)

I 05.20/15:55:09 solver.py:151 ] => Train  Loss: 6.5946e-02

I 05.20/15:55:10 solver.py:206 ] 
=! Best NMSE: -1.0274e+01 (epoch=100)

I 05.20/15:55:12 solver.py:151 ] => Train  Loss: 6.5421e-02

I 05.20/15:55:13 solver.py:206 ] 
=! Best NMSE: -1.0274e+01 (epoch=100)

I 05.20/15:55:14 solver.py:151 ] => Train  Loss: 6.4908e-02

I 05.20/15:55:16 solver.py:206 ] 
=! Best NMSE: -1.0274e+01 (epoch=100)

I 05.20/15:55:18 solver.py:151 ] => Train  Loss: 6.4391e-02

I 05.20/15:55:19 solver.py:206 ] 
=! Best NMSE: -1.0274e+01 (epoch=100)

I 05.20/15:55:20 solver.py:151 ] => Train  Loss: 6.3856e-02

I 05.20/15:55:22 solver.py:206 ] 
=! Best NMSE: -1.0274e+01 (epoch=100)

I 05.20/15:55:24 solver.py:151 ] => Train  Loss: 6.3378e-02

I 05.20/15:55:25 solver.py:206 ] 
=! Best NMSE: -1.0274e+01 (epoch=100)

I 05.20/15:55:28 solver.py:151 ] => Train  Loss: 6.2843e-02

I 05.20/15:55:28 solver.py:151 ] => Val  Loss: 6.7984e-02

I 05.20/15:55:28 solver.py:285 ] => Test NMSE: -1.0631e+01

I 05.20/15:55:31 solver.py:206 ] 
=! Best NMSE: -1.0631e+01 (epoch=110)

I 05.20/15:55:32 solver.py:151 ] => Train  Loss: 6.2327e-02

I 05.20/15:55:33 solver.py:206 ] 
=! Best NMSE: -1.0631e+01 (epoch=110)

I 05.20/15:55:35 solver.py:151 ] => Train  Loss: 6.1906e-02

I 05.20/15:55:37 solver.py:206 ] 
=! Best NMSE: -1.0631e+01 (epoch=110)

I 05.20/15:55:38 solver.py:151 ] => Train  Loss: 6.1375e-02

I 05.20/15:55:40 solver.py:206 ] 
=! Best NMSE: -1.0631e+01 (epoch=110)

I 05.20/15:55:42 solver.py:151 ] => Train  Loss: 6.0902e-02

I 05.20/15:55:43 solver.py:206 ] 
=! Best NMSE: -1.0631e+01 (epoch=110)

I 05.20/15:55:44 solver.py:151 ] => Train  Loss: 6.0360e-02

I 05.20/15:55:46 solver.py:206 ] 
=! Best NMSE: -1.0631e+01 (epoch=110)

I 05.20/15:55:47 solver.py:151 ] => Train  Loss: 5.9967e-02

I 05.20/15:55:49 solver.py:206 ] 
=! Best NMSE: -1.0631e+01 (epoch=110)

I 05.20/15:55:50 solver.py:151 ] => Train  Loss: 5.9450e-02

I 05.20/15:55:51 solver.py:206 ] 
=! Best NMSE: -1.0631e+01 (epoch=110)

I 05.20/15:55:53 solver.py:151 ] => Train  Loss: 5.8975e-02

I 05.20/15:55:55 solver.py:206 ] 
=! Best NMSE: -1.0631e+01 (epoch=110)

I 05.20/15:55:57 solver.py:151 ] => Train  Loss: 5.8517e-02

I 05.20/15:55:59 solver.py:206 ] 
=! Best NMSE: -1.0631e+01 (epoch=110)

I 05.20/15:56:01 solver.py:151 ] => Train  Loss: 5.8064e-02

I 05.20/15:56:01 solver.py:151 ] => Val  Loss: 6.2923e-02

I 05.20/15:56:02 solver.py:285 ] => Test NMSE: -1.0977e+01

I 05.20/15:56:05 solver.py:206 ] 
=! Best NMSE: -1.0977e+01 (epoch=120)

I 05.20/15:56:07 solver.py:151 ] => Train  Loss: 5.7610e-02

I 05.20/15:56:08 solver.py:206 ] 
=! Best NMSE: -1.0977e+01 (epoch=120)

I 05.20/15:56:11 solver.py:151 ] => Train  Loss: 5.7185e-02

I 05.20/15:56:12 solver.py:206 ] 
=! Best NMSE: -1.0977e+01 (epoch=120)

I 05.20/15:56:14 solver.py:151 ] => Train  Loss: 5.6684e-02

I 05.20/15:56:16 solver.py:206 ] 
=! Best NMSE: -1.0977e+01 (epoch=120)

I 05.20/15:56:18 solver.py:151 ] => Train  Loss: 5.6317e-02

I 05.20/15:56:19 solver.py:206 ] 
=! Best NMSE: -1.0977e+01 (epoch=120)

I 05.20/15:56:22 solver.py:151 ] => Train  Loss: 5.5837e-02

I 05.20/15:56:23 solver.py:206 ] 
=! Best NMSE: -1.0977e+01 (epoch=120)

I 05.20/15:56:24 solver.py:151 ] => Train  Loss: 5.5400e-02

I 05.20/15:56:26 solver.py:206 ] 
=! Best NMSE: -1.0977e+01 (epoch=120)

I 05.20/15:56:27 solver.py:151 ] => Train  Loss: 5.4983e-02

I 05.20/15:56:29 solver.py:206 ] 
=! Best NMSE: -1.0977e+01 (epoch=120)

I 05.20/15:56:30 solver.py:151 ] => Train  Loss: 5.4577e-02

I 05.20/15:56:32 solver.py:206 ] 
=! Best NMSE: -1.0977e+01 (epoch=120)

I 05.20/15:56:33 solver.py:151 ] => Train  Loss: 5.4140e-02

I 05.20/15:56:34 solver.py:206 ] 
=! Best NMSE: -1.0977e+01 (epoch=120)

I 05.20/15:56:35 solver.py:151 ] => Train  Loss: 5.3717e-02

I 05.20/15:56:36 solver.py:151 ] => Val  Loss: 5.8304e-02

I 05.20/15:56:36 solver.py:285 ] => Test NMSE: -1.1321e+01

I 05.20/15:56:40 solver.py:206 ] 
=! Best NMSE: -1.1321e+01 (epoch=130)

I 05.20/15:56:42 solver.py:151 ] => Train  Loss: 5.3283e-02

I 05.20/15:56:43 solver.py:206 ] 
=! Best NMSE: -1.1321e+01 (epoch=130)

I 05.20/15:56:46 solver.py:151 ] => Train  Loss: 5.2916e-02

I 05.20/15:56:47 solver.py:206 ] 
=! Best NMSE: -1.1321e+01 (epoch=130)

I 05.20/15:56:50 solver.py:151 ] => Train  Loss: 5.2457e-02

I 05.20/15:56:52 solver.py:206 ] 
=! Best NMSE: -1.1321e+01 (epoch=130)

I 05.20/15:56:55 solver.py:151 ] => Train  Loss: 5.1972e-02

I 05.20/15:56:57 solver.py:206 ] 
=! Best NMSE: -1.1321e+01 (epoch=130)

I 05.20/15:57:00 solver.py:151 ] => Train  Loss: 5.1607e-02

I 05.20/15:57:02 solver.py:206 ] 
=! Best NMSE: -1.1321e+01 (epoch=130)

I 05.20/15:57:04 solver.py:151 ] => Train  Loss: 5.1201e-02

I 05.20/15:57:06 solver.py:206 ] 
=! Best NMSE: -1.1321e+01 (epoch=130)

I 05.20/15:57:09 solver.py:151 ] => Train  Loss: 5.0815e-02

I 05.20/15:57:11 solver.py:206 ] 
=! Best NMSE: -1.1321e+01 (epoch=130)

I 05.20/15:57:14 solver.py:151 ] => Train  Loss: 5.0450e-02

I 05.20/15:57:15 solver.py:206 ] 
=! Best NMSE: -1.1321e+01 (epoch=130)

I 05.20/15:57:18 solver.py:151 ] => Train  Loss: 5.0031e-02

I 05.20/15:57:19 solver.py:206 ] 
=! Best NMSE: -1.1321e+01 (epoch=130)

I 05.20/15:57:22 solver.py:151 ] => Train  Loss: 4.9684e-02

I 05.20/15:57:22 solver.py:151 ] => Val  Loss: 5.4046e-02

I 05.20/15:57:22 solver.py:285 ] => Test NMSE: -1.1662e+01

I 05.20/15:57:25 solver.py:206 ] 
=! Best NMSE: -1.1662e+01 (epoch=140)

I 05.20/15:57:27 solver.py:151 ] => Train  Loss: 4.9297e-02

I 05.20/15:57:29 solver.py:206 ] 
=! Best NMSE: -1.1662e+01 (epoch=140)

I 05.20/15:57:31 solver.py:151 ] => Train  Loss: 4.8883e-02

I 05.20/15:57:33 solver.py:206 ] 
=! Best NMSE: -1.1662e+01 (epoch=140)

I 05.20/15:57:35 solver.py:151 ] => Train  Loss: 4.8543e-02

I 05.20/15:57:37 solver.py:206 ] 
=! Best NMSE: -1.1662e+01 (epoch=140)

I 05.20/15:57:39 solver.py:151 ] => Train  Loss: 4.8159e-02

I 05.20/15:57:40 solver.py:206 ] 
=! Best NMSE: -1.1662e+01 (epoch=140)

I 05.20/15:57:41 solver.py:151 ] => Train  Loss: 4.7779e-02

I 05.20/15:57:42 solver.py:206 ] 
=! Best NMSE: -1.1662e+01 (epoch=140)

I 05.20/15:57:45 solver.py:151 ] => Train  Loss: 4.7429e-02

I 05.20/15:57:46 solver.py:206 ] 
=! Best NMSE: -1.1662e+01 (epoch=140)

I 05.20/15:57:47 solver.py:151 ] => Train  Loss: 4.7043e-02

I 05.20/15:57:49 solver.py:206 ] 
=! Best NMSE: -1.1662e+01 (epoch=140)

I 05.20/15:57:51 solver.py:151 ] => Train  Loss: 4.6682e-02

I 05.20/15:57:52 solver.py:206 ] 
=! Best NMSE: -1.1662e+01 (epoch=140)

I 05.20/15:57:54 solver.py:151 ] => Train  Loss: 4.6339e-02

I 05.20/15:57:56 solver.py:206 ] 
=! Best NMSE: -1.1662e+01 (epoch=140)

I 05.20/15:57:58 solver.py:151 ] => Train  Loss: 4.5972e-02

I 05.20/15:57:58 solver.py:151 ] => Val  Loss: 5.0171e-02

I 05.20/15:57:58 solver.py:285 ] => Test NMSE: -1.2000e+01

I 05.20/15:58:02 solver.py:206 ] 
=! Best NMSE: -1.2000e+01 (epoch=150)

I 05.20/15:58:03 solver.py:151 ] => Train  Loss: 4.5606e-02

I 05.20/15:58:05 solver.py:206 ] 
=! Best NMSE: -1.2000e+01 (epoch=150)

I 05.20/15:58:06 solver.py:151 ] => Train  Loss: 4.5312e-02

I 05.20/15:58:08 solver.py:206 ] 
=! Best NMSE: -1.2000e+01 (epoch=150)

I 05.20/15:58:10 solver.py:151 ] => Train  Loss: 4.4935e-02

I 05.20/15:58:12 solver.py:206 ] 
=! Best NMSE: -1.2000e+01 (epoch=150)

I 05.20/15:58:14 solver.py:151 ] => Train  Loss: 4.4566e-02

I 05.20/15:58:16 solver.py:206 ] 
=! Best NMSE: -1.2000e+01 (epoch=150)

I 05.20/15:58:19 solver.py:151 ] => Train  Loss: 4.4202e-02

I 05.20/15:58:21 solver.py:206 ] 
=! Best NMSE: -1.2000e+01 (epoch=150)

I 05.20/15:58:23 solver.py:151 ] => Train  Loss: 4.3907e-02

I 05.20/15:58:25 solver.py:206 ] 
=! Best NMSE: -1.2000e+01 (epoch=150)

I 05.20/15:58:27 solver.py:151 ] => Train  Loss: 4.3657e-02

I 05.20/15:58:28 solver.py:206 ] 
=! Best NMSE: -1.2000e+01 (epoch=150)

I 05.20/15:58:29 solver.py:151 ] => Train  Loss: 4.3246e-02

I 05.20/15:58:30 solver.py:206 ] 
=! Best NMSE: -1.2000e+01 (epoch=150)

I 05.20/15:58:31 solver.py:151 ] => Train  Loss: 4.2986e-02

I 05.20/15:58:33 solver.py:206 ] 
=! Best NMSE: -1.2000e+01 (epoch=150)

I 05.20/15:58:35 solver.py:151 ] => Train  Loss: 4.2601e-02

I 05.20/15:58:35 solver.py:151 ] => Val  Loss: 4.6629e-02

I 05.20/15:58:35 solver.py:285 ] => Test NMSE: -1.2332e+01

I 05.20/15:58:38 solver.py:206 ] 
=! Best NMSE: -1.2332e+01 (epoch=160)

I 05.20/15:58:39 solver.py:151 ] => Train  Loss: 4.2288e-02

I 05.20/15:58:40 solver.py:206 ] 
=! Best NMSE: -1.2332e+01 (epoch=160)

I 05.20/15:58:43 solver.py:151 ] => Train  Loss: 4.2007e-02

I 05.20/15:58:44 solver.py:206 ] 
=! Best NMSE: -1.2332e+01 (epoch=160)

I 05.20/15:58:47 solver.py:151 ] => Train  Loss: 4.1622e-02

I 05.20/15:58:48 solver.py:206 ] 
=! Best NMSE: -1.2332e+01 (epoch=160)

I 05.20/15:58:50 solver.py:151 ] => Train  Loss: 4.1352e-02

I 05.20/15:58:52 solver.py:206 ] 
=! Best NMSE: -1.2332e+01 (epoch=160)

I 05.20/15:58:54 solver.py:151 ] => Train  Loss: 4.1037e-02

I 05.20/15:58:56 solver.py:206 ] 
=! Best NMSE: -1.2332e+01 (epoch=160)

I 05.20/15:58:58 solver.py:151 ] => Train  Loss: 4.0757e-02

I 05.20/15:59:00 solver.py:206 ] 
=! Best NMSE: -1.2332e+01 (epoch=160)

I 05.20/15:59:02 solver.py:151 ] => Train  Loss: 4.0461e-02

I 05.20/15:59:04 solver.py:206 ] 
=! Best NMSE: -1.2332e+01 (epoch=160)

I 05.20/15:59:07 solver.py:151 ] => Train  Loss: 4.0120e-02

I 05.20/15:59:09 solver.py:206 ] 
=! Best NMSE: -1.2332e+01 (epoch=160)

I 05.20/15:59:11 solver.py:151 ] => Train  Loss: 3.9852e-02

I 05.20/15:59:13 solver.py:206 ] 
=! Best NMSE: -1.2332e+01 (epoch=160)

I 05.20/15:59:15 solver.py:151 ] => Train  Loss: 3.9522e-02

I 05.20/15:59:15 solver.py:151 ] => Val  Loss: 4.3395e-02

I 05.20/15:59:15 solver.py:285 ] => Test NMSE: -1.2659e+01

I 05.20/15:59:18 solver.py:206 ] 
=! Best NMSE: -1.2659e+01 (epoch=170)

I 05.20/15:59:20 solver.py:151 ] => Train  Loss: 3.9251e-02

I 05.20/15:59:22 solver.py:206 ] 
=! Best NMSE: -1.2659e+01 (epoch=170)

I 05.20/15:59:25 solver.py:151 ] => Train  Loss: 3.8912e-02

I 05.20/15:59:26 solver.py:206 ] 
=! Best NMSE: -1.2659e+01 (epoch=170)

I 05.20/15:59:29 solver.py:151 ] => Train  Loss: 3.8692e-02

I 05.20/15:59:30 solver.py:206 ] 
=! Best NMSE: -1.2659e+01 (epoch=170)

I 05.20/15:59:32 solver.py:151 ] => Train  Loss: 3.8431e-02

I 05.20/15:59:35 solver.py:206 ] 
=! Best NMSE: -1.2659e+01 (epoch=170)

I 05.20/15:59:37 solver.py:151 ] => Train  Loss: 3.8064e-02

I 05.20/15:59:38 solver.py:206 ] 
=! Best NMSE: -1.2659e+01 (epoch=170)

I 05.20/15:59:39 solver.py:151 ] => Train  Loss: 3.7812e-02

I 05.20/15:59:41 solver.py:206 ] 
=! Best NMSE: -1.2659e+01 (epoch=170)

I 05.20/15:59:42 solver.py:151 ] => Train  Loss: 3.7615e-02

I 05.20/15:59:44 solver.py:206 ] 
=! Best NMSE: -1.2659e+01 (epoch=170)

I 05.20/15:59:46 solver.py:151 ] => Train  Loss: 3.7275e-02

I 05.20/15:59:48 solver.py:206 ] 
=! Best NMSE: -1.2659e+01 (epoch=170)

I 05.20/15:59:50 solver.py:151 ] => Train  Loss: 3.6958e-02

I 05.20/15:59:51 solver.py:206 ] 
=! Best NMSE: -1.2659e+01 (epoch=170)

I 05.20/15:59:54 solver.py:151 ] => Train  Loss: 3.6723e-02

I 05.20/15:59:54 solver.py:151 ] => Val  Loss: 4.0460e-02

I 05.20/15:59:55 solver.py:285 ] => Test NMSE: -1.2979e+01

I 05.20/15:59:59 solver.py:206 ] 
=! Best NMSE: -1.2979e+01 (epoch=180)

I 05.20/16:00:01 solver.py:151 ] => Train  Loss: 3.6518e-02

I 05.20/16:00:03 solver.py:206 ] 
=! Best NMSE: -1.2979e+01 (epoch=180)

I 05.20/16:00:05 solver.py:151 ] => Train  Loss: 3.6181e-02

I 05.20/16:00:07 solver.py:206 ] 
=! Best NMSE: -1.2979e+01 (epoch=180)

I 05.20/16:00:09 solver.py:151 ] => Train  Loss: 3.5909e-02

I 05.20/16:00:10 solver.py:206 ] 
=! Best NMSE: -1.2979e+01 (epoch=180)

I 05.20/16:00:11 solver.py:151 ] => Train  Loss: 3.5661e-02

I 05.20/16:00:13 solver.py:206 ] 
=! Best NMSE: -1.2979e+01 (epoch=180)

I 05.20/16:00:15 solver.py:151 ] => Train  Loss: 3.5413e-02

I 05.20/16:00:17 solver.py:206 ] 
=! Best NMSE: -1.2979e+01 (epoch=180)

I 05.20/16:00:18 solver.py:151 ] => Train  Loss: 3.5200e-02

I 05.20/16:00:20 solver.py:206 ] 
=! Best NMSE: -1.2979e+01 (epoch=180)

I 05.20/16:00:22 solver.py:151 ] => Train  Loss: 3.4883e-02

I 05.20/16:00:23 solver.py:206 ] 
=! Best NMSE: -1.2979e+01 (epoch=180)

I 05.20/16:00:26 solver.py:151 ] => Train  Loss: 3.4603e-02

I 05.20/16:00:27 solver.py:206 ] 
=! Best NMSE: -1.2979e+01 (epoch=180)

I 05.20/16:00:30 solver.py:151 ] => Train  Loss: 3.4466e-02

I 05.20/16:00:31 solver.py:206 ] 
=! Best NMSE: -1.2979e+01 (epoch=180)

I 05.20/16:00:33 solver.py:151 ] => Train  Loss: 3.4196e-02

I 05.20/16:00:34 solver.py:151 ] => Val  Loss: 3.7820e-02

I 05.20/16:00:34 solver.py:285 ] => Test NMSE: -1.3291e+01

I 05.20/16:00:37 solver.py:206 ] 
=! Best NMSE: -1.3291e+01 (epoch=190)

I 05.20/16:00:39 solver.py:151 ] => Train  Loss: 3.3962e-02

I 05.20/16:00:40 solver.py:206 ] 
=! Best NMSE: -1.3291e+01 (epoch=190)

I 05.20/16:00:42 solver.py:151 ] => Train  Loss: 3.3695e-02

I 05.20/16:00:43 solver.py:206 ] 
=! Best NMSE: -1.3291e+01 (epoch=190)

I 05.20/16:00:46 solver.py:151 ] => Train  Loss: 3.3443e-02

I 05.20/16:00:48 solver.py:206 ] 
=! Best NMSE: -1.3291e+01 (epoch=190)

I 05.20/16:00:50 solver.py:151 ] => Train  Loss: 3.3271e-02

I 05.20/16:00:51 solver.py:206 ] 
=! Best NMSE: -1.3291e+01 (epoch=190)

I 05.20/16:00:52 solver.py:151 ] => Train  Loss: 3.3015e-02

I 05.20/16:00:54 solver.py:206 ] 
=! Best NMSE: -1.3291e+01 (epoch=190)

I 05.20/16:00:56 solver.py:151 ] => Train  Loss: 3.2773e-02

I 05.20/16:00:57 solver.py:206 ] 
=! Best NMSE: -1.3291e+01 (epoch=190)

I 05.20/16:01:00 solver.py:151 ] => Train  Loss: 3.2542e-02

I 05.20/16:01:02 solver.py:206 ] 
=! Best NMSE: -1.3291e+01 (epoch=190)

I 05.20/16:01:04 solver.py:151 ] => Train  Loss: 3.2366e-02

I 05.20/16:01:06 solver.py:206 ] 
=! Best NMSE: -1.3291e+01 (epoch=190)

I 05.20/16:01:07 solver.py:151 ] => Train  Loss: 3.2158e-02

I 05.20/16:01:09 solver.py:206 ] 
=! Best NMSE: -1.3291e+01 (epoch=190)

I 05.20/16:01:11 solver.py:151 ] => Train  Loss: 3.1892e-02

I 05.20/16:01:11 solver.py:151 ] => Val  Loss: 3.5405e-02

I 05.20/16:01:12 solver.py:285 ] => Test NMSE: -1.3593e+01

I 05.20/16:01:15 solver.py:206 ] 
=! Best NMSE: -1.3593e+01 (epoch=200)

I 05.20/16:01:18 solver.py:151 ] => Train  Loss: 3.1692e-02

I 05.20/16:01:19 solver.py:206 ] 
=! Best NMSE: -1.3593e+01 (epoch=200)

I 05.20/16:01:22 solver.py:151 ] => Train  Loss: 3.1460e-02

I 05.20/16:01:23 solver.py:206 ] 
=! Best NMSE: -1.3593e+01 (epoch=200)

I 05.20/16:01:24 solver.py:151 ] => Train  Loss: 3.1269e-02

I 05.20/16:01:25 solver.py:206 ] 
=! Best NMSE: -1.3593e+01 (epoch=200)

I 05.20/16:01:27 solver.py:151 ] => Train  Loss: 3.0988e-02

I 05.20/16:01:28 solver.py:206 ] 
=! Best NMSE: -1.3593e+01 (epoch=200)

I 05.20/16:01:31 solver.py:151 ] => Train  Loss: 3.0825e-02

I 05.20/16:01:32 solver.py:206 ] 
=! Best NMSE: -1.3593e+01 (epoch=200)

I 05.20/16:01:34 solver.py:151 ] => Train  Loss: 3.0620e-02

I 05.20/16:01:36 solver.py:206 ] 
=! Best NMSE: -1.3593e+01 (epoch=200)

I 05.20/16:01:38 solver.py:151 ] => Train  Loss: 3.0407e-02

I 05.20/16:01:39 solver.py:206 ] 
=! Best NMSE: -1.3593e+01 (epoch=200)

I 05.20/16:01:41 solver.py:151 ] => Train  Loss: 3.0191e-02

I 05.20/16:01:43 solver.py:206 ] 
=! Best NMSE: -1.3593e+01 (epoch=200)

I 05.20/16:01:44 solver.py:151 ] => Train  Loss: 2.9964e-02

I 05.20/16:01:45 solver.py:206 ] 
=! Best NMSE: -1.3593e+01 (epoch=200)

I 05.20/16:01:48 solver.py:151 ] => Train  Loss: 2.9818e-02

I 05.20/16:01:48 solver.py:151 ] => Val  Loss: 3.3243e-02

I 05.20/16:01:48 solver.py:285 ] => Test NMSE: -1.3884e+01

I 05.20/16:01:51 solver.py:206 ] 
=! Best NMSE: -1.3884e+01 (epoch=210)

I 05.20/16:01:52 solver.py:151 ] => Train  Loss: 2.9606e-02

I 05.20/16:01:54 solver.py:206 ] 
=! Best NMSE: -1.3884e+01 (epoch=210)

I 05.20/16:01:55 solver.py:151 ] => Train  Loss: 2.9431e-02

I 05.20/16:01:56 solver.py:206 ] 
=! Best NMSE: -1.3884e+01 (epoch=210)

I 05.20/16:01:57 solver.py:151 ] => Train  Loss: 2.9232e-02

I 05.20/16:01:59 solver.py:206 ] 
=! Best NMSE: -1.3884e+01 (epoch=210)

I 05.20/16:02:00 solver.py:151 ] => Train  Loss: 2.9016e-02

I 05.20/16:02:01 solver.py:206 ] 
=! Best NMSE: -1.3884e+01 (epoch=210)

I 05.20/16:02:03 solver.py:151 ] => Train  Loss: 2.8848e-02

I 05.20/16:02:05 solver.py:206 ] 
=! Best NMSE: -1.3884e+01 (epoch=210)

I 05.20/16:02:08 solver.py:151 ] => Train  Loss: 2.8627e-02

I 05.20/16:02:10 solver.py:206 ] 
=! Best NMSE: -1.3884e+01 (epoch=210)

I 05.20/16:02:12 solver.py:151 ] => Train  Loss: 2.8481e-02

I 05.20/16:02:14 solver.py:206 ] 
=! Best NMSE: -1.3884e+01 (epoch=210)

I 05.20/16:02:16 solver.py:151 ] => Train  Loss: 2.8318e-02

I 05.20/16:02:18 solver.py:206 ] 
=! Best NMSE: -1.3884e+01 (epoch=210)

I 05.20/16:02:20 solver.py:151 ] => Train  Loss: 2.8133e-02

I 05.20/16:02:22 solver.py:206 ] 
=! Best NMSE: -1.3884e+01 (epoch=210)

I 05.20/16:02:23 solver.py:151 ] => Train  Loss: 2.7945e-02

I 05.20/16:02:23 solver.py:151 ] => Val  Loss: 3.1283e-02

I 05.20/16:02:23 solver.py:285 ] => Test NMSE: -1.4167e+01

I 05.20/16:02:27 solver.py:206 ] 
=! Best NMSE: -1.4167e+01 (epoch=220)

I 05.20/16:02:29 solver.py:151 ] => Train  Loss: 2.7775e-02

I 05.20/16:02:30 solver.py:206 ] 
=! Best NMSE: -1.4167e+01 (epoch=220)

I 05.20/16:02:33 solver.py:151 ] => Train  Loss: 2.7573e-02

I 05.20/16:02:35 solver.py:206 ] 
=! Best NMSE: -1.4167e+01 (epoch=220)

I 05.20/16:02:38 solver.py:151 ] => Train  Loss: 2.7358e-02

I 05.20/16:02:40 solver.py:206 ] 
=! Best NMSE: -1.4167e+01 (epoch=220)

I 05.20/16:02:43 solver.py:151 ] => Train  Loss: 2.7210e-02

I 05.20/16:02:45 solver.py:206 ] 
=! Best NMSE: -1.4167e+01 (epoch=220)

I 05.20/16:02:47 solver.py:151 ] => Train  Loss: 2.7042e-02

I 05.20/16:02:49 solver.py:206 ] 
=! Best NMSE: -1.4167e+01 (epoch=220)

I 05.20/16:02:51 solver.py:151 ] => Train  Loss: 2.6869e-02

I 05.20/16:02:52 solver.py:206 ] 
=! Best NMSE: -1.4167e+01 (epoch=220)

I 05.20/16:02:54 solver.py:151 ] => Train  Loss: 2.6760e-02

I 05.20/16:02:55 solver.py:206 ] 
=! Best NMSE: -1.4167e+01 (epoch=220)

I 05.20/16:02:57 solver.py:151 ] => Train  Loss: 2.6629e-02

I 05.20/16:02:58 solver.py:206 ] 
=! Best NMSE: -1.4167e+01 (epoch=220)

I 05.20/16:03:00 solver.py:151 ] => Train  Loss: 2.6379e-02

I 05.20/16:03:01 solver.py:206 ] 
=! Best NMSE: -1.4167e+01 (epoch=220)

I 05.20/16:03:02 solver.py:151 ] => Train  Loss: 2.6235e-02

I 05.20/16:03:03 solver.py:151 ] => Val  Loss: 2.9537e-02

I 05.20/16:03:03 solver.py:285 ] => Test NMSE: -1.4434e+01

I 05.20/16:03:05 solver.py:206 ] 
=! Best NMSE: -1.4434e+01 (epoch=230)

I 05.20/16:03:06 solver.py:151 ] => Train  Loss: 2.6123e-02

I 05.20/16:03:08 solver.py:206 ] 
=! Best NMSE: -1.4434e+01 (epoch=230)

I 05.20/16:03:09 solver.py:151 ] => Train  Loss: 2.5932e-02

I 05.20/16:03:11 solver.py:206 ] 
=! Best NMSE: -1.4434e+01 (epoch=230)

I 05.20/16:03:13 solver.py:151 ] => Train  Loss: 2.5752e-02

I 05.20/16:03:15 solver.py:206 ] 
=! Best NMSE: -1.4434e+01 (epoch=230)

I 05.20/16:03:17 solver.py:151 ] => Train  Loss: 2.5610e-02

I 05.20/16:03:19 solver.py:206 ] 
=! Best NMSE: -1.4434e+01 (epoch=230)

I 05.20/16:03:21 solver.py:151 ] => Train  Loss: 2.5449e-02

I 05.20/16:03:23 solver.py:206 ] 
=! Best NMSE: -1.4434e+01 (epoch=230)

I 05.20/16:03:25 solver.py:151 ] => Train  Loss: 2.5320e-02

I 05.20/16:03:27 solver.py:206 ] 
=! Best NMSE: -1.4434e+01 (epoch=230)

I 05.20/16:03:29 solver.py:151 ] => Train  Loss: 2.5172e-02

I 05.20/16:03:30 solver.py:206 ] 
=! Best NMSE: -1.4434e+01 (epoch=230)

I 05.20/16:03:32 solver.py:151 ] => Train  Loss: 2.5006e-02

I 05.20/16:03:33 solver.py:206 ] 
=! Best NMSE: -1.4434e+01 (epoch=230)

I 05.20/16:03:35 solver.py:151 ] => Train  Loss: 2.4903e-02

I 05.20/16:03:36 solver.py:206 ] 
=! Best NMSE: -1.4434e+01 (epoch=230)

I 05.20/16:03:37 solver.py:151 ] => Train  Loss: 2.4745e-02

I 05.20/16:03:37 solver.py:151 ] => Val  Loss: 2.7963e-02

I 05.20/16:03:38 solver.py:285 ] => Test NMSE: -1.4691e+01

I 05.20/16:03:40 solver.py:206 ] 
=! Best NMSE: -1.4691e+01 (epoch=240)

I 05.20/16:03:42 solver.py:151 ] => Train  Loss: 2.4615e-02

I 05.20/16:03:44 solver.py:206 ] 
=! Best NMSE: -1.4691e+01 (epoch=240)

I 05.20/16:03:45 solver.py:151 ] => Train  Loss: 2.4426e-02

I 05.20/16:03:46 solver.py:206 ] 
=! Best NMSE: -1.4691e+01 (epoch=240)

I 05.20/16:03:48 solver.py:151 ] => Train  Loss: 2.4320e-02

I 05.20/16:03:50 solver.py:206 ] 
=! Best NMSE: -1.4691e+01 (epoch=240)

I 05.20/16:03:52 solver.py:151 ] => Train  Loss: 2.4199e-02

I 05.20/16:03:54 solver.py:206 ] 
=! Best NMSE: -1.4691e+01 (epoch=240)

I 05.20/16:03:57 solver.py:151 ] => Train  Loss: 2.4054e-02

I 05.20/16:03:58 solver.py:206 ] 
=! Best NMSE: -1.4691e+01 (epoch=240)

I 05.20/16:04:00 solver.py:151 ] => Train  Loss: 2.3911e-02

I 05.20/16:04:02 solver.py:206 ] 
=! Best NMSE: -1.4691e+01 (epoch=240)

I 05.20/16:04:03 solver.py:151 ] => Train  Loss: 2.3803e-02

I 05.20/16:04:04 solver.py:206 ] 
=! Best NMSE: -1.4691e+01 (epoch=240)

I 05.20/16:04:06 solver.py:151 ] => Train  Loss: 2.3623e-02

I 05.20/16:04:08 solver.py:206 ] 
=! Best NMSE: -1.4691e+01 (epoch=240)

I 05.20/16:04:09 solver.py:151 ] => Train  Loss: 2.3517e-02

I 05.20/16:04:11 solver.py:206 ] 
=! Best NMSE: -1.4691e+01 (epoch=240)

I 05.20/16:04:14 solver.py:151 ] => Train  Loss: 2.3371e-02

I 05.20/16:04:14 solver.py:151 ] => Val  Loss: 2.6563e-02

I 05.20/16:04:14 solver.py:285 ] => Test NMSE: -1.4934e+01

I 05.20/16:04:18 solver.py:206 ] 
=! Best NMSE: -1.4934e+01 (epoch=250)

I 05.20/16:04:20 solver.py:151 ] => Train  Loss: 2.3255e-02

I 05.20/16:04:21 solver.py:206 ] 
=! Best NMSE: -1.4934e+01 (epoch=250)

I 05.20/16:04:23 solver.py:151 ] => Train  Loss: 2.3137e-02

I 05.20/16:04:24 solver.py:206 ] 
=! Best NMSE: -1.4934e+01 (epoch=250)

I 05.20/16:04:25 solver.py:151 ] => Train  Loss: 2.3010e-02

I 05.20/16:04:27 solver.py:206 ] 
=! Best NMSE: -1.4934e+01 (epoch=250)

I 05.20/16:04:28 solver.py:151 ] => Train  Loss: 2.2913e-02

I 05.20/16:04:29 solver.py:206 ] 
=! Best NMSE: -1.4934e+01 (epoch=250)

I 05.20/16:04:31 solver.py:151 ] => Train  Loss: 2.2777e-02

I 05.20/16:04:32 solver.py:206 ] 
=! Best NMSE: -1.4934e+01 (epoch=250)

I 05.20/16:04:35 solver.py:151 ] => Train  Loss: 2.2663e-02

I 05.20/16:04:36 solver.py:206 ] 
=! Best NMSE: -1.4934e+01 (epoch=250)

I 05.20/16:04:39 solver.py:151 ] => Train  Loss: 2.2549e-02

I 05.20/16:04:40 solver.py:206 ] 
=! Best NMSE: -1.4934e+01 (epoch=250)

I 05.20/16:04:43 solver.py:151 ] => Train  Loss: 2.2421e-02

I 05.20/16:04:44 solver.py:206 ] 
=! Best NMSE: -1.4934e+01 (epoch=250)

I 05.20/16:04:45 solver.py:151 ] => Train  Loss: 2.2319e-02

I 05.20/16:04:47 solver.py:206 ] 
=! Best NMSE: -1.4934e+01 (epoch=250)

I 05.20/16:04:49 solver.py:151 ] => Train  Loss: 2.2226e-02

I 05.20/16:04:49 solver.py:151 ] => Val  Loss: 2.5319e-02

I 05.20/16:04:50 solver.py:285 ] => Test NMSE: -1.5160e+01

I 05.20/16:04:52 solver.py:206 ] 
=! Best NMSE: -1.5160e+01 (epoch=260)

I 05.20/16:04:54 solver.py:151 ] => Train  Loss: 2.2104e-02

I 05.20/16:04:55 solver.py:206 ] 
=! Best NMSE: -1.5160e+01 (epoch=260)

I 05.20/16:04:56 solver.py:151 ] => Train  Loss: 2.1970e-02

I 05.20/16:04:57 solver.py:206 ] 
=! Best NMSE: -1.5160e+01 (epoch=260)

I 05.20/16:04:59 solver.py:151 ] => Train  Loss: 2.1891e-02

I 05.20/16:05:01 solver.py:206 ] 
=! Best NMSE: -1.5160e+01 (epoch=260)

I 05.20/16:05:03 solver.py:151 ] => Train  Loss: 2.1757e-02

I 05.20/16:05:05 solver.py:206 ] 
=! Best NMSE: -1.5160e+01 (epoch=260)

I 05.20/16:05:07 solver.py:151 ] => Train  Loss: 2.1643e-02

I 05.20/16:05:09 solver.py:206 ] 
=! Best NMSE: -1.5160e+01 (epoch=260)

I 05.20/16:05:12 solver.py:151 ] => Train  Loss: 2.1570e-02

I 05.20/16:05:13 solver.py:206 ] 
=! Best NMSE: -1.5160e+01 (epoch=260)

I 05.20/16:05:15 solver.py:151 ] => Train  Loss: 2.1448e-02

I 05.20/16:05:16 solver.py:206 ] 
=! Best NMSE: -1.5160e+01 (epoch=260)

I 05.20/16:05:17 solver.py:151 ] => Train  Loss: 2.1378e-02

I 05.20/16:05:19 solver.py:206 ] 
=! Best NMSE: -1.5160e+01 (epoch=260)

I 05.20/16:05:21 solver.py:151 ] => Train  Loss: 2.1291e-02

I 05.20/16:05:22 solver.py:206 ] 
=! Best NMSE: -1.5160e+01 (epoch=260)

I 05.20/16:05:24 solver.py:151 ] => Train  Loss: 2.1157e-02

I 05.20/16:05:25 solver.py:151 ] => Val  Loss: 2.4216e-02

I 05.20/16:05:25 solver.py:285 ] => Test NMSE: -1.5372e+01

I 05.20/16:05:28 solver.py:206 ] 
=! Best NMSE: -1.5372e+01 (epoch=270)

I 05.20/16:05:29 solver.py:151 ] => Train  Loss: 2.1020e-02

I 05.20/16:05:30 solver.py:206 ] 
=! Best NMSE: -1.5372e+01 (epoch=270)

I 05.20/16:05:32 solver.py:151 ] => Train  Loss: 2.0965e-02

I 05.20/16:05:33 solver.py:206 ] 
=! Best NMSE: -1.5372e+01 (epoch=270)

I 05.20/16:05:34 solver.py:151 ] => Train  Loss: 2.0868e-02

I 05.20/16:05:36 solver.py:206 ] 
=! Best NMSE: -1.5372e+01 (epoch=270)

I 05.20/16:05:37 solver.py:151 ] => Train  Loss: 2.0764e-02

I 05.20/16:05:38 solver.py:206 ] 
=! Best NMSE: -1.5372e+01 (epoch=270)

I 05.20/16:05:39 solver.py:151 ] => Train  Loss: 2.0681e-02

I 05.20/16:05:41 solver.py:206 ] 
=! Best NMSE: -1.5372e+01 (epoch=270)

I 05.20/16:05:42 solver.py:151 ] => Train  Loss: 2.0584e-02

I 05.20/16:05:43 solver.py:206 ] 
=! Best NMSE: -1.5372e+01 (epoch=270)

I 05.20/16:05:45 solver.py:151 ] => Train  Loss: 2.0482e-02

I 05.20/16:05:46 solver.py:206 ] 
=! Best NMSE: -1.5372e+01 (epoch=270)

I 05.20/16:05:48 solver.py:151 ] => Train  Loss: 2.0401e-02

I 05.20/16:05:49 solver.py:206 ] 
=! Best NMSE: -1.5372e+01 (epoch=270)

I 05.20/16:05:50 solver.py:151 ] => Train  Loss: 2.0323e-02

I 05.20/16:05:51 solver.py:206 ] 
=! Best NMSE: -1.5372e+01 (epoch=270)

I 05.20/16:05:53 solver.py:151 ] => Train  Loss: 2.0208e-02

I 05.20/16:05:54 solver.py:151 ] => Val  Loss: 2.3228e-02

I 05.20/16:05:54 solver.py:285 ] => Test NMSE: -1.5569e+01

I 05.20/16:05:56 solver.py:206 ] 
=! Best NMSE: -1.5569e+01 (epoch=280)

I 05.20/16:05:58 solver.py:151 ] => Train  Loss: 2.0135e-02

I 05.20/16:06:00 solver.py:206 ] 
=! Best NMSE: -1.5569e+01 (epoch=280)

I 05.20/16:06:02 solver.py:151 ] => Train  Loss: 2.0000e-02

I 05.20/16:06:03 solver.py:206 ] 
=! Best NMSE: -1.5569e+01 (epoch=280)

I 05.20/16:06:04 solver.py:151 ] => Train  Loss: 1.9966e-02

I 05.20/16:06:05 solver.py:206 ] 
=! Best NMSE: -1.5569e+01 (epoch=280)

I 05.20/16:06:07 solver.py:151 ] => Train  Loss: 1.9856e-02

I 05.20/16:06:08 solver.py:206 ] 
=! Best NMSE: -1.5569e+01 (epoch=280)

I 05.20/16:06:10 solver.py:151 ] => Train  Loss: 1.9786e-02

I 05.20/16:06:11 solver.py:206 ] 
=! Best NMSE: -1.5569e+01 (epoch=280)

I 05.20/16:06:13 solver.py:151 ] => Train  Loss: 1.9705e-02

I 05.20/16:06:15 solver.py:206 ] 
=! Best NMSE: -1.5569e+01 (epoch=280)

I 05.20/16:06:17 solver.py:151 ] => Train  Loss: 1.9607e-02

I 05.20/16:06:18 solver.py:206 ] 
=! Best NMSE: -1.5569e+01 (epoch=280)

I 05.20/16:06:19 solver.py:151 ] => Train  Loss: 1.9604e-02

I 05.20/16:06:20 solver.py:206 ] 
=! Best NMSE: -1.5569e+01 (epoch=280)

I 05.20/16:06:22 solver.py:151 ] => Train  Loss: 1.9438e-02

I 05.20/16:06:23 solver.py:206 ] 
=! Best NMSE: -1.5569e+01 (epoch=280)

I 05.20/16:06:24 solver.py:151 ] => Train  Loss: 1.9357e-02

I 05.20/16:06:25 solver.py:151 ] => Val  Loss: 2.2361e-02

I 05.20/16:06:25 solver.py:285 ] => Test NMSE: -1.5750e+01

I 05.20/16:06:27 solver.py:206 ] 
=! Best NMSE: -1.5750e+01 (epoch=290)

I 05.20/16:06:29 solver.py:151 ] => Train  Loss: 1.9286e-02

I 05.20/16:06:30 solver.py:206 ] 
=! Best NMSE: -1.5750e+01 (epoch=290)

I 05.20/16:06:31 solver.py:151 ] => Train  Loss: 1.9251e-02

I 05.20/16:06:32 solver.py:206 ] 
=! Best NMSE: -1.5750e+01 (epoch=290)

I 05.20/16:06:34 solver.py:151 ] => Train  Loss: 1.9177e-02

I 05.20/16:06:36 solver.py:206 ] 
=! Best NMSE: -1.5750e+01 (epoch=290)

I 05.20/16:06:38 solver.py:151 ] => Train  Loss: 1.9080e-02

I 05.20/16:06:39 solver.py:206 ] 
=! Best NMSE: -1.5750e+01 (epoch=290)

I 05.20/16:06:41 solver.py:151 ] => Train  Loss: 1.9004e-02

I 05.20/16:06:43 solver.py:206 ] 
=! Best NMSE: -1.5750e+01 (epoch=290)

I 05.20/16:06:45 solver.py:151 ] => Train  Loss: 1.8920e-02

I 05.20/16:06:46 solver.py:206 ] 
=! Best NMSE: -1.5750e+01 (epoch=290)

I 05.20/16:06:49 solver.py:151 ] => Train  Loss: 1.8875e-02

I 05.20/16:06:50 solver.py:206 ] 
=! Best NMSE: -1.5750e+01 (epoch=290)

I 05.20/16:06:51 solver.py:151 ] => Train  Loss: 1.8770e-02

I 05.20/16:06:52 solver.py:206 ] 
=! Best NMSE: -1.5750e+01 (epoch=290)

I 05.20/16:06:54 solver.py:151 ] => Train  Loss: 1.8679e-02

I 05.20/16:06:55 solver.py:206 ] 
=! Best NMSE: -1.5750e+01 (epoch=290)

I 05.20/16:06:57 solver.py:151 ] => Train  Loss: 1.8687e-02

I 05.20/16:06:57 solver.py:151 ] => Val  Loss: 2.1592e-02

I 05.20/16:06:57 solver.py:285 ] => Test NMSE: -1.5918e+01

I 05.20/16:07:00 solver.py:206 ] 
=! Best NMSE: -1.5918e+01 (epoch=300)

I 05.20/16:07:02 solver.py:151 ] => Train  Loss: 1.8572e-02

I 05.20/16:07:04 solver.py:206 ] 
=! Best NMSE: -1.5918e+01 (epoch=300)

I 05.20/16:07:06 solver.py:151 ] => Train  Loss: 1.8530e-02

I 05.20/16:07:08 solver.py:206 ] 
=! Best NMSE: -1.5918e+01 (epoch=300)

I 05.20/16:07:11 solver.py:151 ] => Train  Loss: 1.8418e-02

I 05.20/16:07:13 solver.py:206 ] 
=! Best NMSE: -1.5918e+01 (epoch=300)

I 05.20/16:07:15 solver.py:151 ] => Train  Loss: 1.8408e-02

I 05.20/16:07:17 solver.py:206 ] 
=! Best NMSE: -1.5918e+01 (epoch=300)

I 05.20/16:07:19 solver.py:151 ] => Train  Loss: 1.8324e-02

I 05.20/16:07:21 solver.py:206 ] 
=! Best NMSE: -1.5918e+01 (epoch=300)

I 05.20/16:07:24 solver.py:151 ] => Train  Loss: 1.8269e-02

I 05.20/16:07:26 solver.py:206 ] 
=! Best NMSE: -1.5918e+01 (epoch=300)

I 05.20/16:07:28 solver.py:151 ] => Train  Loss: 1.8172e-02

I 05.20/16:07:30 solver.py:206 ] 
=! Best NMSE: -1.5918e+01 (epoch=300)

I 05.20/16:07:32 solver.py:151 ] => Train  Loss: 1.8127e-02

I 05.20/16:07:33 solver.py:206 ] 
=! Best NMSE: -1.5918e+01 (epoch=300)

I 05.20/16:07:34 solver.py:151 ] => Train  Loss: 1.8053e-02

I 05.20/16:07:35 solver.py:206 ] 
=! Best NMSE: -1.5918e+01 (epoch=300)

I 05.20/16:07:38 solver.py:151 ] => Train  Loss: 1.8008e-02

I 05.20/16:07:38 solver.py:151 ] => Val  Loss: 2.0903e-02

I 05.20/16:07:38 solver.py:285 ] => Test NMSE: -1.6073e+01

I 05.20/16:07:41 solver.py:206 ] 
=! Best NMSE: -1.6073e+01 (epoch=310)

I 05.20/16:07:42 solver.py:151 ] => Train  Loss: 1.7925e-02

I 05.20/16:07:43 solver.py:206 ] 
=! Best NMSE: -1.6073e+01 (epoch=310)

I 05.20/16:07:44 solver.py:151 ] => Train  Loss: 1.7843e-02

I 05.20/16:07:46 solver.py:206 ] 
=! Best NMSE: -1.6073e+01 (epoch=310)

I 05.20/16:07:47 solver.py:151 ] => Train  Loss: 1.7814e-02

I 05.20/16:07:49 solver.py:206 ] 
=! Best NMSE: -1.6073e+01 (epoch=310)

I 05.20/16:07:51 solver.py:151 ] => Train  Loss: 1.7754e-02

I 05.20/16:07:52 solver.py:206 ] 
=! Best NMSE: -1.6073e+01 (epoch=310)

I 05.20/16:07:54 solver.py:151 ] => Train  Loss: 1.7684e-02

I 05.20/16:07:55 solver.py:206 ] 
=! Best NMSE: -1.6073e+01 (epoch=310)

I 05.20/16:07:56 solver.py:151 ] => Train  Loss: 1.7649e-02

I 05.20/16:07:57 solver.py:206 ] 
=! Best NMSE: -1.6073e+01 (epoch=310)

I 05.20/16:07:59 solver.py:151 ] => Train  Loss: 1.7585e-02

I 05.20/16:08:00 solver.py:206 ] 
=! Best NMSE: -1.6073e+01 (epoch=310)

I 05.20/16:08:01 solver.py:151 ] => Train  Loss: 1.7483e-02

I 05.20/16:08:03 solver.py:206 ] 
=! Best NMSE: -1.6073e+01 (epoch=310)

I 05.20/16:08:05 solver.py:151 ] => Train  Loss: 1.7480e-02

I 05.20/16:08:06 solver.py:206 ] 
=! Best NMSE: -1.6073e+01 (epoch=310)

I 05.20/16:08:08 solver.py:151 ] => Train  Loss: 1.7439e-02

I 05.20/16:08:08 solver.py:151 ] => Val  Loss: 2.0288e-02

I 05.20/16:08:09 solver.py:285 ] => Test NMSE: -1.6215e+01

I 05.20/16:08:11 solver.py:206 ] 
=! Best NMSE: -1.6215e+01 (epoch=320)

I 05.20/16:08:14 solver.py:151 ] => Train  Loss: 1.7341e-02

I 05.20/16:08:15 solver.py:206 ] 
=! Best NMSE: -1.6215e+01 (epoch=320)

I 05.20/16:08:17 solver.py:151 ] => Train  Loss: 1.7330e-02

I 05.20/16:08:19 solver.py:206 ] 
=! Best NMSE: -1.6215e+01 (epoch=320)

I 05.20/16:08:21 solver.py:151 ] => Train  Loss: 1.7261e-02

I 05.20/16:08:23 solver.py:206 ] 
=! Best NMSE: -1.6215e+01 (epoch=320)

I 05.20/16:08:25 solver.py:151 ] => Train  Loss: 1.7165e-02

I 05.20/16:08:27 solver.py:206 ] 
=! Best NMSE: -1.6215e+01 (epoch=320)

I 05.20/16:08:29 solver.py:151 ] => Train  Loss: 1.7138e-02

I 05.20/16:08:31 solver.py:206 ] 
=! Best NMSE: -1.6215e+01 (epoch=320)

I 05.20/16:08:32 solver.py:151 ] => Train  Loss: 1.7082e-02

I 05.20/16:08:33 solver.py:206 ] 
=! Best NMSE: -1.6215e+01 (epoch=320)

I 05.20/16:08:34 solver.py:151 ] => Train  Loss: 1.7016e-02

I 05.20/16:08:35 solver.py:206 ] 
=! Best NMSE: -1.6215e+01 (epoch=320)

I 05.20/16:08:38 solver.py:151 ] => Train  Loss: 1.6961e-02

I 05.20/16:08:39 solver.py:206 ] 
=! Best NMSE: -1.6215e+01 (epoch=320)

I 05.20/16:08:41 solver.py:151 ] => Train  Loss: 1.6957e-02

I 05.20/16:08:42 solver.py:206 ] 
=! Best NMSE: -1.6215e+01 (epoch=320)

I 05.20/16:08:43 solver.py:151 ] => Train  Loss: 1.6878e-02

I 05.20/16:08:44 solver.py:151 ] => Val  Loss: 1.9739e-02

I 05.20/16:08:44 solver.py:285 ] => Test NMSE: -1.6347e+01

I 05.20/16:08:46 solver.py:206 ] 
=! Best NMSE: -1.6347e+01 (epoch=330)

I 05.20/16:08:48 solver.py:151 ] => Train  Loss: 1.6829e-02

I 05.20/16:08:49 solver.py:206 ] 
=! Best NMSE: -1.6347e+01 (epoch=330)

I 05.20/16:08:50 solver.py:151 ] => Train  Loss: 1.6787e-02

I 05.20/16:08:51 solver.py:206 ] 
=! Best NMSE: -1.6347e+01 (epoch=330)

I 05.20/16:08:54 solver.py:151 ] => Train  Loss: 1.6771e-02

I 05.20/16:08:55 solver.py:206 ] 
=! Best NMSE: -1.6347e+01 (epoch=330)

I 05.20/16:08:57 solver.py:151 ] => Train  Loss: 1.6685e-02

I 05.20/16:08:59 solver.py:206 ] 
=! Best NMSE: -1.6347e+01 (epoch=330)

I 05.20/16:09:01 solver.py:151 ] => Train  Loss: 1.6627e-02

I 05.20/16:09:03 solver.py:206 ] 
=! Best NMSE: -1.6347e+01 (epoch=330)

I 05.20/16:09:05 solver.py:151 ] => Train  Loss: 1.6607e-02

I 05.20/16:09:06 solver.py:206 ] 
=! Best NMSE: -1.6347e+01 (epoch=330)

I 05.20/16:09:07 solver.py:151 ] => Train  Loss: 1.6575e-02

I 05.20/16:09:09 solver.py:206 ] 
=! Best NMSE: -1.6347e+01 (epoch=330)

I 05.20/16:09:10 solver.py:151 ] => Train  Loss: 1.6497e-02

I 05.20/16:09:11 solver.py:206 ] 
=! Best NMSE: -1.6347e+01 (epoch=330)

I 05.20/16:09:13 solver.py:151 ] => Train  Loss: 1.6485e-02

I 05.20/16:09:15 solver.py:206 ] 
=! Best NMSE: -1.6347e+01 (epoch=330)

I 05.20/16:09:16 solver.py:151 ] => Train  Loss: 1.6427e-02

I 05.20/16:09:16 solver.py:151 ] => Val  Loss: 1.9244e-02

I 05.20/16:09:17 solver.py:285 ] => Test NMSE: -1.6470e+01

I 05.20/16:09:19 solver.py:206 ] 
=! Best NMSE: -1.6470e+01 (epoch=340)

I 05.20/16:09:21 solver.py:151 ] => Train  Loss: 1.6416e-02

I 05.20/16:09:23 solver.py:206 ] 
=! Best NMSE: -1.6470e+01 (epoch=340)

I 05.20/16:09:25 solver.py:151 ] => Train  Loss: 1.6314e-02

I 05.20/16:09:26 solver.py:206 ] 
=! Best NMSE: -1.6470e+01 (epoch=340)

I 05.20/16:09:27 solver.py:151 ] => Train  Loss: 1.6282e-02

I 05.20/16:09:28 solver.py:206 ] 
=! Best NMSE: -1.6470e+01 (epoch=340)

I 05.20/16:09:29 solver.py:151 ] => Train  Loss: 1.6241e-02

I 05.20/16:09:31 solver.py:206 ] 
=! Best NMSE: -1.6470e+01 (epoch=340)

I 05.20/16:09:32 solver.py:151 ] => Train  Loss: 1.6184e-02

I 05.20/16:09:34 solver.py:206 ] 
=! Best NMSE: -1.6470e+01 (epoch=340)

I 05.20/16:09:35 solver.py:151 ] => Train  Loss: 1.6188e-02

I 05.20/16:09:36 solver.py:206 ] 
=! Best NMSE: -1.6470e+01 (epoch=340)

I 05.20/16:09:37 solver.py:151 ] => Train  Loss: 1.6116e-02

I 05.20/16:09:39 solver.py:206 ] 
=! Best NMSE: -1.6470e+01 (epoch=340)

I 05.20/16:09:40 solver.py:151 ] => Train  Loss: 1.6079e-02

I 05.20/16:09:41 solver.py:206 ] 
=! Best NMSE: -1.6470e+01 (epoch=340)

I 05.20/16:09:42 solver.py:151 ] => Train  Loss: 1.6026e-02

I 05.20/16:09:44 solver.py:206 ] 
=! Best NMSE: -1.6470e+01 (epoch=340)

I 05.20/16:09:46 solver.py:151 ] => Train  Loss: 1.5995e-02

I 05.20/16:09:46 solver.py:151 ] => Val  Loss: 1.8795e-02

I 05.20/16:09:47 solver.py:285 ] => Test NMSE: -1.6583e+01

I 05.20/16:09:50 solver.py:206 ] 
=! Best NMSE: -1.6583e+01 (epoch=350)

I 05.20/16:09:51 solver.py:151 ] => Train  Loss: 1.5953e-02

I 05.20/16:09:52 solver.py:206 ] 
=! Best NMSE: -1.6583e+01 (epoch=350)

I 05.20/16:09:54 solver.py:151 ] => Train  Loss: 1.5905e-02

I 05.20/16:09:55 solver.py:206 ] 
=! Best NMSE: -1.6583e+01 (epoch=350)

I 05.20/16:09:57 solver.py:151 ] => Train  Loss: 1.5870e-02

I 05.20/16:09:58 solver.py:206 ] 
=! Best NMSE: -1.6583e+01 (epoch=350)

I 05.20/16:10:00 solver.py:151 ] => Train  Loss: 1.5846e-02

I 05.20/16:10:01 solver.py:206 ] 
=! Best NMSE: -1.6583e+01 (epoch=350)

I 05.20/16:10:02 solver.py:151 ] => Train  Loss: 1.5817e-02

I 05.20/16:10:04 solver.py:206 ] 
=! Best NMSE: -1.6583e+01 (epoch=350)

I 05.20/16:10:05 solver.py:151 ] => Train  Loss: 1.5768e-02

I 05.20/16:10:06 solver.py:206 ] 
=! Best NMSE: -1.6583e+01 (epoch=350)

I 05.20/16:10:07 solver.py:151 ] => Train  Loss: 1.5711e-02

I 05.20/16:10:09 solver.py:206 ] 
=! Best NMSE: -1.6583e+01 (epoch=350)

I 05.20/16:10:11 solver.py:151 ] => Train  Loss: 1.5704e-02

I 05.20/16:10:13 solver.py:206 ] 
=! Best NMSE: -1.6583e+01 (epoch=350)

I 05.20/16:10:14 solver.py:151 ] => Train  Loss: 1.5663e-02

I 05.20/16:10:16 solver.py:206 ] 
=! Best NMSE: -1.6583e+01 (epoch=350)

I 05.20/16:10:18 solver.py:151 ] => Train  Loss: 1.5614e-02

I 05.20/16:10:18 solver.py:151 ] => Val  Loss: 1.8381e-02

I 05.20/16:10:18 solver.py:285 ] => Test NMSE: -1.6691e+01

I 05.20/16:10:22 solver.py:206 ] 
=! Best NMSE: -1.6691e+01 (epoch=360)

I 05.20/16:10:25 solver.py:151 ] => Train  Loss: 1.5638e-02

I 05.20/16:10:27 solver.py:206 ] 
=! Best NMSE: -1.6691e+01 (epoch=360)

I 05.20/16:10:30 solver.py:151 ] => Train  Loss: 1.5531e-02

I 05.20/16:10:31 solver.py:206 ] 
=! Best NMSE: -1.6691e+01 (epoch=360)

I 05.20/16:10:34 solver.py:151 ] => Train  Loss: 1.5511e-02

I 05.20/16:10:36 solver.py:206 ] 
=! Best NMSE: -1.6691e+01 (epoch=360)

I 05.20/16:10:38 solver.py:151 ] => Train  Loss: 1.5464e-02

I 05.20/16:10:40 solver.py:206 ] 
=! Best NMSE: -1.6691e+01 (epoch=360)

I 05.20/16:10:42 solver.py:151 ] => Train  Loss: 1.5417e-02

I 05.20/16:10:44 solver.py:206 ] 
=! Best NMSE: -1.6691e+01 (epoch=360)

I 05.20/16:10:47 solver.py:151 ] => Train  Loss: 1.5379e-02

I 05.20/16:10:49 solver.py:206 ] 
=! Best NMSE: -1.6691e+01 (epoch=360)

I 05.20/16:10:51 solver.py:151 ] => Train  Loss: 1.5338e-02

I 05.20/16:10:52 solver.py:206 ] 
=! Best NMSE: -1.6691e+01 (epoch=360)

I 05.20/16:10:53 solver.py:151 ] => Train  Loss: 1.5348e-02

I 05.20/16:10:55 solver.py:206 ] 
=! Best NMSE: -1.6691e+01 (epoch=360)

I 05.20/16:10:56 solver.py:151 ] => Train  Loss: 1.5319e-02

I 05.20/16:10:57 solver.py:206 ] 
=! Best NMSE: -1.6691e+01 (epoch=360)

I 05.20/16:10:59 solver.py:151 ] => Train  Loss: 1.5288e-02

I 05.20/16:10:59 solver.py:151 ] => Val  Loss: 1.8005e-02

I 05.20/16:11:00 solver.py:285 ] => Test NMSE: -1.6791e+01

I 05.20/16:11:02 solver.py:206 ] 
=! Best NMSE: -1.6791e+01 (epoch=370)

I 05.20/16:11:04 solver.py:151 ] => Train  Loss: 1.5241e-02

I 05.20/16:11:05 solver.py:206 ] 
=! Best NMSE: -1.6791e+01 (epoch=370)

I 05.20/16:11:07 solver.py:151 ] => Train  Loss: 1.5187e-02

I 05.20/16:11:08 solver.py:206 ] 
=! Best NMSE: -1.6791e+01 (epoch=370)

I 05.20/16:11:10 solver.py:151 ] => Train  Loss: 1.5197e-02

I 05.20/16:11:11 solver.py:206 ] 
=! Best NMSE: -1.6791e+01 (epoch=370)

I 05.20/16:11:13 solver.py:151 ] => Train  Loss: 1.5105e-02

I 05.20/16:11:14 solver.py:206 ] 
=! Best NMSE: -1.6791e+01 (epoch=370)

I 05.20/16:11:16 solver.py:151 ] => Train  Loss: 1.5111e-02

I 05.20/16:11:18 solver.py:206 ] 
=! Best NMSE: -1.6791e+01 (epoch=370)

I 05.20/16:11:20 solver.py:151 ] => Train  Loss: 1.5068e-02

I 05.20/16:11:21 solver.py:206 ] 
=! Best NMSE: -1.6791e+01 (epoch=370)

I 05.20/16:11:23 solver.py:151 ] => Train  Loss: 1.5009e-02

I 05.20/16:11:24 solver.py:206 ] 
=! Best NMSE: -1.6791e+01 (epoch=370)

I 05.20/16:11:26 solver.py:151 ] => Train  Loss: 1.5001e-02

I 05.20/16:11:27 solver.py:206 ] 
=! Best NMSE: -1.6791e+01 (epoch=370)

I 05.20/16:11:28 solver.py:151 ] => Train  Loss: 1.4947e-02

I 05.20/16:11:30 solver.py:206 ] 
=! Best NMSE: -1.6791e+01 (epoch=370)

I 05.20/16:11:31 solver.py:151 ] => Train  Loss: 1.4910e-02

I 05.20/16:11:31 solver.py:151 ] => Val  Loss: 1.7653e-02

I 05.20/16:11:31 solver.py:285 ] => Test NMSE: -1.6885e+01

I 05.20/16:11:33 solver.py:206 ] 
=! Best NMSE: -1.6885e+01 (epoch=380)

I 05.20/16:11:34 solver.py:151 ] => Train  Loss: 1.4904e-02

I 05.20/16:11:36 solver.py:206 ] 
=! Best NMSE: -1.6885e+01 (epoch=380)

I 05.20/16:11:37 solver.py:151 ] => Train  Loss: 1.4880e-02

I 05.20/16:11:38 solver.py:206 ] 
=! Best NMSE: -1.6885e+01 (epoch=380)

I 05.20/16:11:39 solver.py:151 ] => Train  Loss: 1.4800e-02

I 05.20/16:11:40 solver.py:206 ] 
=! Best NMSE: -1.6885e+01 (epoch=380)

I 05.20/16:11:41 solver.py:151 ] => Train  Loss: 1.4796e-02

I 05.20/16:11:42 solver.py:206 ] 
=! Best NMSE: -1.6885e+01 (epoch=380)

I 05.20/16:11:43 solver.py:151 ] => Train  Loss: 1.4775e-02

I 05.20/16:11:44 solver.py:206 ] 
=! Best NMSE: -1.6885e+01 (epoch=380)

I 05.20/16:11:45 solver.py:151 ] => Train  Loss: 1.4748e-02

I 05.20/16:11:46 solver.py:206 ] 
=! Best NMSE: -1.6885e+01 (epoch=380)

I 05.20/16:11:48 solver.py:151 ] => Train  Loss: 1.4723e-02

I 05.20/16:11:49 solver.py:206 ] 
=! Best NMSE: -1.6885e+01 (epoch=380)

I 05.20/16:11:50 solver.py:151 ] => Train  Loss: 1.4704e-02

I 05.20/16:11:51 solver.py:206 ] 
=! Best NMSE: -1.6885e+01 (epoch=380)

I 05.20/16:11:52 solver.py:151 ] => Train  Loss: 1.4683e-02

I 05.20/16:11:53 solver.py:206 ] 
=! Best NMSE: -1.6885e+01 (epoch=380)

I 05.20/16:11:54 solver.py:151 ] => Train  Loss: 1.4609e-02

I 05.20/16:11:54 solver.py:151 ] => Val  Loss: 1.7322e-02

I 05.20/16:11:55 solver.py:285 ] => Test NMSE: -1.6978e+01

I 05.20/16:11:57 solver.py:206 ] 
=! Best NMSE: -1.6978e+01 (epoch=390)

I 05.20/16:11:58 solver.py:151 ] => Train  Loss: 1.4601e-02

I 05.20/16:11:59 solver.py:206 ] 
=! Best NMSE: -1.6978e+01 (epoch=390)

I 05.20/16:12:00 solver.py:151 ] => Train  Loss: 1.4587e-02

I 05.20/16:12:01 solver.py:206 ] 
=! Best NMSE: -1.6978e+01 (epoch=390)

I 05.20/16:12:02 solver.py:151 ] => Train  Loss: 1.4534e-02

I 05.20/16:12:04 solver.py:206 ] 
=! Best NMSE: -1.6978e+01 (epoch=390)

I 05.20/16:12:05 solver.py:151 ] => Train  Loss: 1.4483e-02

I 05.20/16:12:06 solver.py:206 ] 
=! Best NMSE: -1.6978e+01 (epoch=390)

I 05.20/16:12:07 solver.py:151 ] => Train  Loss: 1.4465e-02

I 05.20/16:12:09 solver.py:206 ] 
=! Best NMSE: -1.6978e+01 (epoch=390)

I 05.20/16:12:10 solver.py:151 ] => Train  Loss: 1.4465e-02

I 05.20/16:12:11 solver.py:206 ] 
=! Best NMSE: -1.6978e+01 (epoch=390)

I 05.20/16:12:12 solver.py:151 ] => Train  Loss: 1.4437e-02

I 05.20/16:12:14 solver.py:206 ] 
=! Best NMSE: -1.6978e+01 (epoch=390)

I 05.20/16:12:15 solver.py:151 ] => Train  Loss: 1.4372e-02

I 05.20/16:12:16 solver.py:206 ] 
=! Best NMSE: -1.6978e+01 (epoch=390)

I 05.20/16:12:17 solver.py:151 ] => Train  Loss: 1.4382e-02

I 05.20/16:12:18 solver.py:206 ] 
=! Best NMSE: -1.6978e+01 (epoch=390)

I 05.20/16:12:19 solver.py:151 ] => Train  Loss: 1.4350e-02

I 05.20/16:12:19 solver.py:151 ] => Val  Loss: 1.7010e-02

I 05.20/16:12:20 solver.py:285 ] => Test NMSE: -1.7065e+01

I 05.20/16:12:22 solver.py:206 ] 
=! Best NMSE: -1.7065e+01 (epoch=400)

I 05.20/16:12:23 solver.py:229 ] => Saved encoder outputs to /storage/hujiacong/zxd/Huawei/TransNet/exps/01878_seed2026_400ep/encoder_output.pth
I 05.20/16:12:23 solver.py:285 ] => Test NMSE: -1.7065e+01

I 05.20/16:12:23 solver.py:254 ] 
=> Test result: 
loss: 1.4737e-02    NMSE: -1.7065e+01

I 05.20/16:12:23 main.py:87  ] 
=! Final test loss: 1.4737e-02
         test NMSE: -1.7065e+01

