I 05.25/14:01:01 main.py:23  ] => Experiment directory: /home/z-jiuri/workspace/Huawei/TransNet/exps/lora_component_smoke
I 05.25/14:01:01 main.py:24  ] => PyTorch Version: 2.5.1
I 05.25/14:01:01 init.py:175 ] Running on CPU
I 05.25/14:01:03 init.py:201 ] => Model Name: TransNet [pretrained: None]
I 05.25/14:01:03 init.py:202 ] => Model Config: compression ratio=1/4; input shape=(2, 32, 32); input dim=2048
I 05.25/14:01:03 init.py:205 ] => Model Flops: 3.5742e+01M
I 05.25/14:01:03 init.py:206 ] => Model Params Num: 2.6290e+00M

I 05.25/14:01:03 init.py:207 ] 
**********
Transformer(
  (encoder): TransformerEncoder(
    (layer): TransformerEncoderLayer(
      (self_attn): MultiheadAttention(
        (out_proj): Linear(in_features=64, out_features=64, bias=True)
      )
      (linear1): Linear(in_features=64, out_features=2048, bias=True)
      (dropout): Dropout(p=0.0, inplace=False)
      (linear2): Linear(in_features=2048, out_features=64, bias=True)
      (norm1): LayerNorm((64,), eps=1e-05, elementwise_affine=True)
      (norm2): LayerNorm((64,), eps=1e-05, elementwise_affine=True)
      (dropout1): Dropout(p=0.0, inplace=False)
      (dropout2): Dropout(p=0.0, inplace=False)
    )
  )
  (decoder): TransformerDecoder(
    (layer): TransformerDecoderLayer(
      (self_attn): MultiheadAttention(
        (out_proj): Linear(in_features=64, out_features=64, bias=True)
      )
      (multihead_attn): MultiheadAttention(
        (out_proj): Linear(in_features=64, out_features=64, bias=True)
      )
      (linear1): Linear(in_features=64, out_features=2048, bias=True)
      (dropout): Dropout(p=0.0, inplace=False)
      (linear2): Linear(in_features=2048, out_features=64, bias=True)
      (norm1): LayerNorm((64,), eps=1e-05, elementwise_affine=True)
      (norm2): LayerNorm((64,), eps=1e-05, elementwise_affine=True)
      (norm3): LayerNorm((64,), eps=1e-05, elementwise_affine=True)
      (dropout1): Dropout(p=0.0, inplace=False)
      (dropout2): Dropout(p=0.0, inplace=False)
      (dropout3): Dropout(p=0.0, inplace=False)
    )
    (norm): LayerNorm((64,), eps=1e-05, elementwise_affine=True)
  )
  (fc_encoder): Linear(in_features=2048, out_features=512, bias=True)
  (fc_decoder): Linear(in_features=512, out_features=2048, bias=True)
)
**********

I 05.25/14:01:05 init.py:129 ] => LoRA enabled on components: encoder_self_attn, encoder_ffn, decoder_self_attn, decoder_cross_attn, decoder_ffn; target_modules=['encoder.layer.self_attn.out_proj', 'encoder.layer.linear1', 'encoder.layer.linear2', 'decoder.layer.self_attn.out_proj', 'decoder.layer.multihead_attn.out_proj', 'decoder.layer.linear1', 'decoder.layer.linear2']; target_parameters=['encoder.layer.self_attn.in_proj_weight', 'decoder.layer.self_attn.in_proj_weight', 'decoder.layer.multihead_attn.in_proj_weight'] (rank=2, alpha=4); 20/56 params trainable
I 05.25/14:01:05 init.py:151 ] 
base_model.model.encoder.layer.self_attn.base_layer.in_proj_weight False    (192, 64)
base_model.model.encoder.layer.self_attn.base_layer.in_proj_bias  False    (192,)
base_model.model.encoder.layer.self_attn.base_layer.out_proj.base_layer.weight False    (64, 64)
base_model.model.encoder.layer.self_attn.base_layer.out_proj.base_layer.bias False    (64,)
base_model.model.encoder.layer.self_attn.base_layer.out_proj.lora_A.default.weight True     (2, 64)
base_model.model.encoder.layer.self_attn.base_layer.out_proj.lora_B.default.weight True     (64, 2)
base_model.model.encoder.layer.self_attn.lora_A.default.weight    True     (2, 64)
base_model.model.encoder.layer.self_attn.lora_B.default.weight    True     (192, 2)
base_model.model.encoder.layer.linear1.base_layer.weight          False    (2048, 64)
base_model.model.encoder.layer.linear1.base_layer.bias            False    (2048,)
base_model.model.encoder.layer.linear1.lora_A.default.weight      True     (2, 64)
base_model.model.encoder.layer.linear1.lora_B.default.weight      True     (2048, 2)
base_model.model.encoder.layer.linear2.base_layer.weight          False    (64, 2048)
base_model.model.encoder.layer.linear2.base_layer.bias            False    (64,)
base_model.model.encoder.layer.linear2.lora_A.default.weight      True     (2, 2048)
base_model.model.encoder.layer.linear2.lora_B.default.weight      True     (64, 2)
base_model.model.encoder.layer.norm1.weight                       False    (64,)
base_model.model.encoder.layer.norm1.bias                         False    (64,)
base_model.model.encoder.layer.norm2.weight                       False    (64,)
base_model.model.encoder.layer.norm2.bias                         False    (64,)
base_model.model.decoder.layer.self_attn.base_layer.in_proj_weight False    (192, 64)
base_model.model.decoder.layer.self_attn.base_layer.in_proj_bias  False    (192,)
base_model.model.decoder.layer.self_attn.base_layer.out_proj.base_layer.weight False    (64, 64)
base_model.model.decoder.layer.self_attn.base_layer.out_proj.base_layer.bias False    (64,)
base_model.model.decoder.layer.self_attn.base_layer.out_proj.lora_A.default.weight True     (2, 64)
base_model.model.decoder.layer.self_attn.base_layer.out_proj.lora_B.default.weight True     (64, 2)
base_model.model.decoder.layer.self_attn.lora_A.default.weight    True     (2, 64)
base_model.model.decoder.layer.self_attn.lora_B.default.weight    True     (192, 2)
base_model.model.decoder.layer.multihead_attn.base_layer.in_proj_weight False    (192, 64)
base_model.model.decoder.layer.multihead_attn.base_layer.in_proj_bias False    (192,)
base_model.model.decoder.layer.multihead_attn.base_layer.out_proj.base_layer.weight False    (64, 64)
base_model.model.decoder.layer.multihead_attn.base_layer.out_proj.base_layer.bias False    (64,)
base_model.model.decoder.layer.multihead_attn.base_layer.out_proj.lora_A.default.weight True     (2, 64)
base_model.model.decoder.layer.multihead_attn.base_layer.out_proj.lora_B.default.weight True     (64, 2)
base_model.model.decoder.layer.multihead_attn.lora_A.default.weight True     (2, 64)
base_model.model.decoder.layer.multihead_attn.lora_B.default.weight True     (192, 2)
base_model.model.decoder.layer.linear1.base_layer.weight          False    (2048, 64)
base_model.model.decoder.layer.linear1.base_layer.bias            False    (2048,)
base_model.model.decoder.layer.linear1.lora_A.default.weight      True     (2, 64)
base_model.model.decoder.layer.linear1.lora_B.default.weight      True     (2048, 2)
base_model.model.decoder.layer.linear2.base_layer.weight          False    (64, 2048)
base_model.model.decoder.layer.linear2.base_layer.bias            False    (64,)
base_model.model.decoder.layer.linear2.lora_A.default.weight      True     (2, 2048)
base_model.model.decoder.layer.linear2.lora_B.default.weight      True     (64, 2)
base_model.model.decoder.layer.norm1.weight                       False    (64,)
base_model.model.decoder.layer.norm1.bias                         False    (64,)
base_model.model.decoder.layer.norm2.weight                       False    (64,)
base_model.model.decoder.layer.norm2.bias                         False    (64,)
base_model.model.decoder.layer.norm3.weight                       False    (64,)
base_model.model.decoder.layer.norm3.bias                         False    (64,)
base_model.model.decoder.norm.weight                              False    (64,)
base_model.model.decoder.norm.bias                                False    (64,)
base_model.model.fc_encoder.weight                                False    (512, 2048)
base_model.model.fc_encoder.bias                                  False    (512,)
base_model.model.fc_decoder.weight                                False    (2048, 512)
base_model.model.fc_decoder.bias                                  False    (2048,)
**********
I 05.25/14:02:16 solver.py:285 ] => Test NMSE: 3.4169e+01

I 05.25/14:02:16 solver.py:254 ] 
=> Test result: 
loss: 1.0005e+00    NMSE: 3.4169e+01

