I 05.20/16:42:30 main.py:23  ] => Experiment directory: /storage/hujiacong/zxd/Huawei/TransNet/exps/01878_seed42_400ep_5e-4
I 05.20/16:42:30 main.py:24  ] => PyTorch Version: 2.5.1
I 05.20/16:42:30 init.py:13  ] Random seed set to 42
I 05.20/16:42:30 init.py:38  ] Running on GPU 0
I 05.20/16:42:34 init.py:69  ] => Model Name: TransNet [pretrained: None]
I 05.20/16:42:34 init.py:70  ] => Model Config: compression ratio=1/4; input shape=(2, 64, 64); input dim=8192
I 05.20/16:42:34 init.py:73  ] => Model Flops: 168.133M
I 05.20/16:42:34 init.py:74  ] => Model Params Num: 34.094M

I 05.20/16:42:34 init.py:75  ] 
**********
Transformer(
  (encoder): TransformerEncoder(
    (layer): TransformerEncoderLayer(
      (self_attn): MultiheadAttention(
        (out_proj): Linear(in_features=64, out_features=64, bias=True)
      )
      (linear1): Linear(in_features=64, out_features=2048, bias=True)
      (dropout): Dropout(p=0.0, inplace=False)
      (linear2): Linear(in_features=2048, out_features=64, bias=True)
      (norm1): LayerNorm((64,), eps=1e-05, elementwise_affine=True)
      (norm2): LayerNorm((64,), eps=1e-05, elementwise_affine=True)
      (dropout1): Dropout(p=0.0, inplace=False)
      (dropout2): Dropout(p=0.0, inplace=False)
    )
  )
  (decoder): TransformerDecoder(
    (layer): TransformerDecoderLayer(
      (self_attn): MultiheadAttention(
        (out_proj): Linear(in_features=64, out_features=64, bias=True)
      )
      (multihead_attn): MultiheadAttention(
        (out_proj): Linear(in_features=64, out_features=64, bias=True)
      )
      (linear1): Linear(in_features=64, out_features=2048, bias=True)
      (dropout): Dropout(p=0.0, inplace=False)
      (linear2): Linear(in_features=2048, out_features=64, bias=True)
      (norm1): LayerNorm((64,), eps=1e-05, elementwise_affine=True)
      (norm2): LayerNorm((64,), eps=1e-05, elementwise_affine=True)
      (norm3): LayerNorm((64,), eps=1e-05, elementwise_affine=True)
      (dropout1): Dropout(p=0.0, inplace=False)
      (dropout2): Dropout(p=0.0, inplace=False)
      (dropout3): Dropout(p=0.0, inplace=False)
    )
    (norm): LayerNorm((64,), eps=1e-05, elementwise_affine=True)
  )
  (fc_encoder): Linear(in_features=8192, out_features=2048, bias=True)
  (fc_decoder): Linear(in_features=2048, out_features=8192, bias=True)
)
**********

I 05.20/16:42:36 solver.py:151 ] => Train  Loss: 1.4948e+00

I 05.20/16:42:38 solver.py:151 ] => Train  Loss: 1.4562e+00

I 05.20/16:42:40 solver.py:151 ] => Train  Loss: 1.3669e+00

I 05.20/16:42:43 solver.py:151 ] => Train  Loss: 1.2324e+00

I 05.20/16:42:45 solver.py:151 ] => Train  Loss: 1.0745e+00

I 05.20/16:42:47 solver.py:151 ] => Train  Loss: 9.1877e-01

I 05.20/16:42:49 solver.py:151 ] => Train  Loss: 7.7761e-01

I 05.20/16:42:51 solver.py:151 ] => Train  Loss: 6.5711e-01

I 05.20/16:42:53 solver.py:151 ] => Train  Loss: 5.5624e-01

I 05.20/16:42:55 solver.py:151 ] => Train  Loss: 4.7362e-01

I 05.20/16:42:56 solver.py:151 ] => Val  Loss: 4.4704e-01

I 05.20/16:42:56 solver.py:285 ] => Test NMSE: -2.3876e+00

I 05.20/16:42:58 solver.py:206 ] 
=! Best NMSE: -2.3876e+00 (epoch=10)

I 05.20/16:42:59 solver.py:151 ] => Train  Loss: 4.0565e-01

I 05.20/16:43:00 solver.py:206 ] 
=! Best NMSE: -2.3876e+00 (epoch=10)

I 05.20/16:43:01 solver.py:151 ] => Train  Loss: 3.4903e-01

I 05.20/16:43:02 solver.py:206 ] 
=! Best NMSE: -2.3876e+00 (epoch=10)

I 05.20/16:43:03 solver.py:151 ] => Train  Loss: 3.0403e-01

I 05.20/16:43:05 solver.py:206 ] 
=! Best NMSE: -2.3876e+00 (epoch=10)

I 05.20/16:43:06 solver.py:151 ] => Train  Loss: 2.6724e-01

I 05.20/16:43:07 solver.py:206 ] 
=! Best NMSE: -2.3876e+00 (epoch=10)

I 05.20/16:43:08 solver.py:151 ] => Train  Loss: 2.3809e-01

I 05.20/16:43:09 solver.py:206 ] 
=! Best NMSE: -2.3876e+00 (epoch=10)

I 05.20/16:43:10 solver.py:151 ] => Train  Loss: 2.1632e-01

I 05.20/16:43:11 solver.py:206 ] 
=! Best NMSE: -2.3876e+00 (epoch=10)

I 05.20/16:43:12 solver.py:151 ] => Train  Loss: 1.9910e-01

I 05.20/16:43:13 solver.py:206 ] 
=! Best NMSE: -2.3876e+00 (epoch=10)

I 05.20/16:43:14 solver.py:151 ] => Train  Loss: 1.8558e-01

I 05.20/16:43:15 solver.py:206 ] 
=! Best NMSE: -2.3876e+00 (epoch=10)

I 05.20/16:43:16 solver.py:151 ] => Train  Loss: 1.7410e-01

I 05.20/16:43:17 solver.py:206 ] 
=! Best NMSE: -2.3876e+00 (epoch=10)

I 05.20/16:43:18 solver.py:151 ] => Train  Loss: 1.6507e-01

I 05.20/16:43:19 solver.py:151 ] => Val  Loss: 1.7172e-01

I 05.20/16:43:19 solver.py:285 ] => Test NMSE: -6.6100e+00

I 05.20/16:43:21 solver.py:206 ] 
=! Best NMSE: -6.6100e+00 (epoch=20)

I 05.20/16:43:22 solver.py:151 ] => Train  Loss: 1.5742e-01

I 05.20/16:43:23 solver.py:206 ] 
=! Best NMSE: -6.6100e+00 (epoch=20)

I 05.20/16:43:24 solver.py:151 ] => Train  Loss: 1.5040e-01

I 05.20/16:43:25 solver.py:206 ] 
=! Best NMSE: -6.6100e+00 (epoch=20)

I 05.20/16:43:26 solver.py:151 ] => Train  Loss: 1.4450e-01

I 05.20/16:43:28 solver.py:206 ] 
=! Best NMSE: -6.6100e+00 (epoch=20)

I 05.20/16:43:29 solver.py:151 ] => Train  Loss: 1.3938e-01

I 05.20/16:43:30 solver.py:206 ] 
=! Best NMSE: -6.6100e+00 (epoch=20)

I 05.20/16:43:31 solver.py:151 ] => Train  Loss: 1.3479e-01

I 05.20/16:43:32 solver.py:206 ] 
=! Best NMSE: -6.6100e+00 (epoch=20)

I 05.20/16:43:33 solver.py:151 ] => Train  Loss: 1.3026e-01

I 05.20/16:43:34 solver.py:206 ] 
=! Best NMSE: -6.6100e+00 (epoch=20)

I 05.20/16:43:35 solver.py:151 ] => Train  Loss: 1.2619e-01

I 05.20/16:43:36 solver.py:206 ] 
=! Best NMSE: -6.6100e+00 (epoch=20)

I 05.20/16:43:37 solver.py:151 ] => Train  Loss: 1.2239e-01

I 05.20/16:43:38 solver.py:206 ] 
=! Best NMSE: -6.6100e+00 (epoch=20)

I 05.20/16:43:39 solver.py:151 ] => Train  Loss: 1.1886e-01

I 05.20/16:43:40 solver.py:206 ] 
=! Best NMSE: -6.6100e+00 (epoch=20)

I 05.20/16:43:41 solver.py:151 ] => Train  Loss: 1.1553e-01

I 05.20/16:43:42 solver.py:151 ] => Val  Loss: 1.2356e-01

I 05.20/16:43:42 solver.py:285 ] => Test NMSE: -8.0007e+00

I 05.20/16:43:44 solver.py:206 ] 
=! Best NMSE: -8.0007e+00 (epoch=30)

I 05.20/16:43:45 solver.py:151 ] => Train  Loss: 1.1250e-01

I 05.20/16:43:46 solver.py:206 ] 
=! Best NMSE: -8.0007e+00 (epoch=30)

I 05.20/16:43:47 solver.py:151 ] => Train  Loss: 1.0955e-01

I 05.20/16:43:48 solver.py:206 ] 
=! Best NMSE: -8.0007e+00 (epoch=30)

I 05.20/16:43:49 solver.py:151 ] => Train  Loss: 1.0677e-01

I 05.20/16:43:51 solver.py:206 ] 
=! Best NMSE: -8.0007e+00 (epoch=30)

I 05.20/16:43:52 solver.py:151 ] => Train  Loss: 1.0430e-01

I 05.20/16:43:53 solver.py:206 ] 
=! Best NMSE: -8.0007e+00 (epoch=30)

I 05.20/16:43:54 solver.py:151 ] => Train  Loss: 1.0187e-01

I 05.20/16:43:55 solver.py:206 ] 
=! Best NMSE: -8.0007e+00 (epoch=30)

I 05.20/16:43:56 solver.py:151 ] => Train  Loss: 9.9636e-02

I 05.20/16:43:57 solver.py:206 ] 
=! Best NMSE: -8.0007e+00 (epoch=30)

I 05.20/16:43:58 solver.py:151 ] => Train  Loss: 9.7272e-02

I 05.20/16:43:59 solver.py:206 ] 
=! Best NMSE: -8.0007e+00 (epoch=30)

I 05.20/16:44:00 solver.py:151 ] => Train  Loss: 9.5019e-02

I 05.20/16:44:02 solver.py:206 ] 
=! Best NMSE: -8.0007e+00 (epoch=30)

I 05.20/16:44:03 solver.py:151 ] => Train  Loss: 9.2884e-02

I 05.20/16:44:04 solver.py:206 ] 
=! Best NMSE: -8.0007e+00 (epoch=30)

I 05.20/16:44:05 solver.py:151 ] => Train  Loss: 9.0798e-02

I 05.20/16:44:05 solver.py:151 ] => Val  Loss: 9.7168e-02

I 05.20/16:44:06 solver.py:285 ] => Test NMSE: -9.0352e+00

I 05.20/16:44:08 solver.py:206 ] 
=! Best NMSE: -9.0352e+00 (epoch=40)

I 05.20/16:44:09 solver.py:151 ] => Train  Loss: 8.8781e-02

I 05.20/16:44:10 solver.py:206 ] 
=! Best NMSE: -9.0352e+00 (epoch=40)

I 05.20/16:44:13 solver.py:151 ] => Train  Loss: 8.6802e-02

I 05.20/16:44:14 solver.py:206 ] 
=! Best NMSE: -9.0352e+00 (epoch=40)

I 05.20/16:44:16 solver.py:151 ] => Train  Loss: 8.4917e-02

I 05.20/16:44:17 solver.py:206 ] 
=! Best NMSE: -9.0352e+00 (epoch=40)

I 05.20/16:44:19 solver.py:151 ] => Train  Loss: 8.3173e-02

I 05.20/16:44:20 solver.py:206 ] 
=! Best NMSE: -9.0352e+00 (epoch=40)

I 05.20/16:44:22 solver.py:151 ] => Train  Loss: 8.1435e-02

I 05.20/16:44:24 solver.py:206 ] 
=! Best NMSE: -9.0352e+00 (epoch=40)

I 05.20/16:44:26 solver.py:151 ] => Train  Loss: 7.9882e-02

I 05.20/16:44:27 solver.py:206 ] 
=! Best NMSE: -9.0352e+00 (epoch=40)

I 05.20/16:44:29 solver.py:151 ] => Train  Loss: 7.8234e-02

I 05.20/16:44:30 solver.py:206 ] 
=! Best NMSE: -9.0352e+00 (epoch=40)

I 05.20/16:44:32 solver.py:151 ] => Train  Loss: 7.6589e-02

I 05.20/16:44:33 solver.py:206 ] 
=! Best NMSE: -9.0352e+00 (epoch=40)

I 05.20/16:44:34 solver.py:151 ] => Train  Loss: 7.5080e-02

I 05.20/16:44:35 solver.py:206 ] 
=! Best NMSE: -9.0352e+00 (epoch=40)

I 05.20/16:44:37 solver.py:151 ] => Train  Loss: 7.3667e-02

I 05.20/16:44:38 solver.py:151 ] => Val  Loss: 7.8929e-02

I 05.20/16:44:38 solver.py:285 ] => Test NMSE: -9.9658e+00

I 05.20/16:44:40 solver.py:206 ] 
=! Best NMSE: -9.9658e+00 (epoch=50)

I 05.20/16:44:41 solver.py:151 ] => Train  Loss: 7.2158e-02

I 05.20/16:44:42 solver.py:206 ] 
=! Best NMSE: -9.9658e+00 (epoch=50)

I 05.20/16:44:45 solver.py:151 ] => Train  Loss: 7.0695e-02

I 05.20/16:44:46 solver.py:206 ] 
=! Best NMSE: -9.9658e+00 (epoch=50)

I 05.20/16:44:49 solver.py:151 ] => Train  Loss: 6.9377e-02

I 05.20/16:44:50 solver.py:206 ] 
=! Best NMSE: -9.9658e+00 (epoch=50)

I 05.20/16:44:52 solver.py:151 ] => Train  Loss: 6.8072e-02

I 05.20/16:44:53 solver.py:206 ] 
=! Best NMSE: -9.9658e+00 (epoch=50)

I 05.20/16:44:55 solver.py:151 ] => Train  Loss: 6.6806e-02

I 05.20/16:44:56 solver.py:206 ] 
=! Best NMSE: -9.9658e+00 (epoch=50)

I 05.20/16:44:57 solver.py:151 ] => Train  Loss: 6.5477e-02

I 05.20/16:44:59 solver.py:206 ] 
=! Best NMSE: -9.9658e+00 (epoch=50)

I 05.20/16:45:00 solver.py:151 ] => Train  Loss: 6.4275e-02

I 05.20/16:45:02 solver.py:206 ] 
=! Best NMSE: -9.9658e+00 (epoch=50)

I 05.20/16:45:04 solver.py:151 ] => Train  Loss: 6.3103e-02

I 05.20/16:45:05 solver.py:206 ] 
=! Best NMSE: -9.9658e+00 (epoch=50)

I 05.20/16:45:08 solver.py:151 ] => Train  Loss: 6.1825e-02

I 05.20/16:45:08 solver.py:206 ] 
=! Best NMSE: -9.9658e+00 (epoch=50)

I 05.20/16:45:10 solver.py:151 ] => Train  Loss: 6.0737e-02

I 05.20/16:45:10 solver.py:151 ] => Val  Loss: 6.5362e-02

I 05.20/16:45:11 solver.py:285 ] => Test NMSE: -1.0809e+01

I 05.20/16:45:13 solver.py:206 ] 
=! Best NMSE: -1.0809e+01 (epoch=60)

I 05.20/16:45:15 solver.py:151 ] => Train  Loss: 5.9613e-02

I 05.20/16:45:16 solver.py:206 ] 
=! Best NMSE: -1.0809e+01 (epoch=60)

I 05.20/16:45:19 solver.py:151 ] => Train  Loss: 5.8455e-02

I 05.20/16:45:20 solver.py:206 ] 
=! Best NMSE: -1.0809e+01 (epoch=60)

I 05.20/16:45:21 solver.py:151 ] => Train  Loss: 5.7405e-02

I 05.20/16:45:23 solver.py:206 ] 
=! Best NMSE: -1.0809e+01 (epoch=60)

I 05.20/16:45:25 solver.py:151 ] => Train  Loss: 5.6342e-02

I 05.20/16:45:26 solver.py:206 ] 
=! Best NMSE: -1.0809e+01 (epoch=60)

I 05.20/16:45:27 solver.py:151 ] => Train  Loss: 5.5234e-02

I 05.20/16:45:29 solver.py:206 ] 
=! Best NMSE: -1.0809e+01 (epoch=60)

I 05.20/16:45:31 solver.py:151 ] => Train  Loss: 5.4284e-02

I 05.20/16:45:32 solver.py:206 ] 
=! Best NMSE: -1.0809e+01 (epoch=60)

I 05.20/16:45:34 solver.py:151 ] => Train  Loss: 5.3257e-02

I 05.20/16:45:35 solver.py:206 ] 
=! Best NMSE: -1.0809e+01 (epoch=60)

I 05.20/16:45:38 solver.py:151 ] => Train  Loss: 5.2198e-02

I 05.20/16:45:39 solver.py:206 ] 
=! Best NMSE: -1.0809e+01 (epoch=60)

I 05.20/16:45:41 solver.py:151 ] => Train  Loss: 5.1252e-02

I 05.20/16:45:43 solver.py:206 ] 
=! Best NMSE: -1.0809e+01 (epoch=60)

I 05.20/16:45:45 solver.py:151 ] => Train  Loss: 5.0250e-02

I 05.20/16:45:46 solver.py:151 ] => Val  Loss: 5.4370e-02

I 05.20/16:45:46 solver.py:285 ] => Test NMSE: -1.1637e+01

I 05.20/16:45:49 solver.py:206 ] 
=! Best NMSE: -1.1637e+01 (epoch=70)

I 05.20/16:45:50 solver.py:151 ] => Train  Loss: 4.9366e-02

I 05.20/16:45:51 solver.py:206 ] 
=! Best NMSE: -1.1637e+01 (epoch=70)

I 05.20/16:45:52 solver.py:151 ] => Train  Loss: 4.8443e-02

I 05.20/16:45:54 solver.py:206 ] 
=! Best NMSE: -1.1637e+01 (epoch=70)

I 05.20/16:45:55 solver.py:151 ] => Train  Loss: 4.7569e-02

I 05.20/16:45:56 solver.py:206 ] 
=! Best NMSE: -1.1637e+01 (epoch=70)

I 05.20/16:45:57 solver.py:151 ] => Train  Loss: 4.6619e-02

I 05.20/16:45:59 solver.py:206 ] 
=! Best NMSE: -1.1637e+01 (epoch=70)

I 05.20/16:46:00 solver.py:151 ] => Train  Loss: 4.5750e-02

I 05.20/16:46:01 solver.py:206 ] 
=! Best NMSE: -1.1637e+01 (epoch=70)

I 05.20/16:46:02 solver.py:151 ] => Train  Loss: 4.4914e-02

I 05.20/16:46:04 solver.py:206 ] 
=! Best NMSE: -1.1637e+01 (epoch=70)

I 05.20/16:46:05 solver.py:151 ] => Train  Loss: 4.4097e-02

I 05.20/16:46:07 solver.py:206 ] 
=! Best NMSE: -1.1637e+01 (epoch=70)

I 05.20/16:46:09 solver.py:151 ] => Train  Loss: 4.3236e-02

I 05.20/16:46:10 solver.py:206 ] 
=! Best NMSE: -1.1637e+01 (epoch=70)

I 05.20/16:46:12 solver.py:151 ] => Train  Loss: 4.2438e-02

I 05.20/16:46:14 solver.py:206 ] 
=! Best NMSE: -1.1637e+01 (epoch=70)

I 05.20/16:46:16 solver.py:151 ] => Train  Loss: 4.1664e-02

I 05.20/16:46:17 solver.py:151 ] => Val  Loss: 4.5395e-02

I 05.20/16:46:17 solver.py:285 ] => Test NMSE: -1.2459e+01

I 05.20/16:46:19 solver.py:206 ] 
=! Best NMSE: -1.2459e+01 (epoch=80)

I 05.20/16:46:21 solver.py:151 ] => Train  Loss: 4.0864e-02

I 05.20/16:46:22 solver.py:206 ] 
=! Best NMSE: -1.2459e+01 (epoch=80)

I 05.20/16:46:23 solver.py:151 ] => Train  Loss: 4.0121e-02

I 05.20/16:46:24 solver.py:206 ] 
=! Best NMSE: -1.2459e+01 (epoch=80)

I 05.20/16:46:26 solver.py:151 ] => Train  Loss: 3.9379e-02

I 05.20/16:46:27 solver.py:206 ] 
=! Best NMSE: -1.2459e+01 (epoch=80)

I 05.20/16:46:30 solver.py:151 ] => Train  Loss: 3.8600e-02

I 05.20/16:46:31 solver.py:206 ] 
=! Best NMSE: -1.2459e+01 (epoch=80)

I 05.20/16:46:32 solver.py:151 ] => Train  Loss: 3.7916e-02

I 05.20/16:46:33 solver.py:206 ] 
=! Best NMSE: -1.2459e+01 (epoch=80)

I 05.20/16:46:35 solver.py:151 ] => Train  Loss: 3.7169e-02

I 05.20/16:46:36 solver.py:206 ] 
=! Best NMSE: -1.2459e+01 (epoch=80)

I 05.20/16:46:37 solver.py:151 ] => Train  Loss: 3.6472e-02

I 05.20/16:46:38 solver.py:206 ] 
=! Best NMSE: -1.2459e+01 (epoch=80)

I 05.20/16:46:40 solver.py:151 ] => Train  Loss: 3.5798e-02

I 05.20/16:46:41 solver.py:206 ] 
=! Best NMSE: -1.2459e+01 (epoch=80)

I 05.20/16:46:43 solver.py:151 ] => Train  Loss: 3.5124e-02

I 05.20/16:46:44 solver.py:206 ] 
=! Best NMSE: -1.2459e+01 (epoch=80)

I 05.20/16:46:46 solver.py:151 ] => Train  Loss: 3.4465e-02

I 05.20/16:46:46 solver.py:151 ] => Val  Loss: 3.7925e-02

I 05.20/16:46:46 solver.py:285 ] => Test NMSE: -1.3279e+01

I 05.20/16:46:49 solver.py:206 ] 
=! Best NMSE: -1.3279e+01 (epoch=90)

I 05.20/16:46:51 solver.py:151 ] => Train  Loss: 3.3876e-02

I 05.20/16:46:52 solver.py:206 ] 
=! Best NMSE: -1.3279e+01 (epoch=90)

I 05.20/16:46:54 solver.py:151 ] => Train  Loss: 3.3209e-02

I 05.20/16:46:55 solver.py:206 ] 
=! Best NMSE: -1.3279e+01 (epoch=90)

I 05.20/16:46:57 solver.py:151 ] => Train  Loss: 3.2613e-02

I 05.20/16:46:58 solver.py:206 ] 
=! Best NMSE: -1.3279e+01 (epoch=90)

I 05.20/16:47:00 solver.py:151 ] => Train  Loss: 3.1932e-02

I 05.20/16:47:01 solver.py:206 ] 
=! Best NMSE: -1.3279e+01 (epoch=90)

I 05.20/16:47:02 solver.py:151 ] => Train  Loss: 3.1323e-02

I 05.20/16:47:04 solver.py:206 ] 
=! Best NMSE: -1.3279e+01 (epoch=90)

I 05.20/16:47:06 solver.py:151 ] => Train  Loss: 3.0781e-02

I 05.20/16:47:07 solver.py:206 ] 
=! Best NMSE: -1.3279e+01 (epoch=90)

I 05.20/16:47:09 solver.py:151 ] => Train  Loss: 3.0241e-02

I 05.20/16:47:10 solver.py:206 ] 
=! Best NMSE: -1.3279e+01 (epoch=90)

I 05.20/16:47:13 solver.py:151 ] => Train  Loss: 2.9655e-02

I 05.20/16:47:14 solver.py:206 ] 
=! Best NMSE: -1.3279e+01 (epoch=90)

I 05.20/16:47:16 solver.py:151 ] => Train  Loss: 2.9083e-02

I 05.20/16:47:17 solver.py:206 ] 
=! Best NMSE: -1.3279e+01 (epoch=90)

I 05.20/16:47:19 solver.py:151 ] => Train  Loss: 2.8528e-02

I 05.20/16:47:19 solver.py:151 ] => Val  Loss: 3.1787e-02

I 05.20/16:47:20 solver.py:285 ] => Test NMSE: -1.4096e+01

I 05.20/16:47:22 solver.py:206 ] 
=! Best NMSE: -1.4096e+01 (epoch=100)

I 05.20/16:47:24 solver.py:151 ] => Train  Loss: 2.8039e-02

I 05.20/16:47:25 solver.py:206 ] 
=! Best NMSE: -1.4096e+01 (epoch=100)

I 05.20/16:47:27 solver.py:151 ] => Train  Loss: 2.7465e-02

I 05.20/16:47:29 solver.py:206 ] 
=! Best NMSE: -1.4096e+01 (epoch=100)

I 05.20/16:47:32 solver.py:151 ] => Train  Loss: 2.6940e-02

I 05.20/16:47:33 solver.py:206 ] 
=! Best NMSE: -1.4096e+01 (epoch=100)

I 05.20/16:47:36 solver.py:151 ] => Train  Loss: 2.6537e-02

I 05.20/16:47:37 solver.py:206 ] 
=! Best NMSE: -1.4096e+01 (epoch=100)

I 05.20/16:47:40 solver.py:151 ] => Train  Loss: 2.6019e-02

I 05.20/16:47:41 solver.py:206 ] 
=! Best NMSE: -1.4096e+01 (epoch=100)

I 05.20/16:47:44 solver.py:151 ] => Train  Loss: 2.5535e-02

I 05.20/16:47:45 solver.py:206 ] 
=! Best NMSE: -1.4096e+01 (epoch=100)

I 05.20/16:47:46 solver.py:151 ] => Train  Loss: 2.5028e-02

I 05.20/16:47:47 solver.py:206 ] 
=! Best NMSE: -1.4096e+01 (epoch=100)

I 05.20/16:47:49 solver.py:151 ] => Train  Loss: 2.4617e-02

I 05.20/16:47:50 solver.py:206 ] 
=! Best NMSE: -1.4096e+01 (epoch=100)

I 05.20/16:47:53 solver.py:151 ] => Train  Loss: 2.4141e-02

I 05.20/16:47:54 solver.py:206 ] 
=! Best NMSE: -1.4096e+01 (epoch=100)

I 05.20/16:47:57 solver.py:151 ] => Train  Loss: 2.3721e-02

I 05.20/16:47:57 solver.py:151 ] => Val  Loss: 2.6815e-02

I 05.20/16:47:57 solver.py:285 ] => Test NMSE: -1.4890e+01

I 05.20/16:47:59 solver.py:206 ] 
=! Best NMSE: -1.4890e+01 (epoch=110)

I 05.20/16:48:02 solver.py:151 ] => Train  Loss: 2.3292e-02

I 05.20/16:48:03 solver.py:206 ] 
=! Best NMSE: -1.4890e+01 (epoch=110)

I 05.20/16:48:06 solver.py:151 ] => Train  Loss: 2.2863e-02

I 05.20/16:48:07 solver.py:206 ] 
=! Best NMSE: -1.4890e+01 (epoch=110)

I 05.20/16:48:08 solver.py:151 ] => Train  Loss: 2.2457e-02

I 05.20/16:48:09 solver.py:206 ] 
=! Best NMSE: -1.4890e+01 (epoch=110)

I 05.20/16:48:11 solver.py:151 ] => Train  Loss: 2.2071e-02

I 05.20/16:48:12 solver.py:206 ] 
=! Best NMSE: -1.4890e+01 (epoch=110)

I 05.20/16:48:15 solver.py:151 ] => Train  Loss: 2.1691e-02

I 05.20/16:48:16 solver.py:206 ] 
=! Best NMSE: -1.4890e+01 (epoch=110)

I 05.20/16:48:18 solver.py:151 ] => Train  Loss: 2.1310e-02

I 05.20/16:48:19 solver.py:206 ] 
=! Best NMSE: -1.4890e+01 (epoch=110)

I 05.20/16:48:21 solver.py:151 ] => Train  Loss: 2.0935e-02

I 05.20/16:48:22 solver.py:206 ] 
=! Best NMSE: -1.4890e+01 (epoch=110)

I 05.20/16:48:23 solver.py:151 ] => Train  Loss: 2.0574e-02

I 05.20/16:48:24 solver.py:206 ] 
=! Best NMSE: -1.4890e+01 (epoch=110)

I 05.20/16:48:26 solver.py:151 ] => Train  Loss: 2.0214e-02

I 05.20/16:48:27 solver.py:206 ] 
=! Best NMSE: -1.4890e+01 (epoch=110)

I 05.20/16:48:29 solver.py:151 ] => Train  Loss: 1.9842e-02

I 05.20/16:48:29 solver.py:151 ] => Val  Loss: 2.2844e-02

I 05.20/16:48:29 solver.py:285 ] => Test NMSE: -1.5644e+01

I 05.20/16:48:32 solver.py:206 ] 
=! Best NMSE: -1.5644e+01 (epoch=120)

I 05.20/16:48:34 solver.py:151 ] => Train  Loss: 1.9529e-02

I 05.20/16:48:35 solver.py:206 ] 
=! Best NMSE: -1.5644e+01 (epoch=120)

I 05.20/16:48:37 solver.py:151 ] => Train  Loss: 1.9253e-02

I 05.20/16:48:38 solver.py:206 ] 
=! Best NMSE: -1.5644e+01 (epoch=120)

I 05.20/16:48:39 solver.py:151 ] => Train  Loss: 1.8936e-02

I 05.20/16:48:40 solver.py:206 ] 
=! Best NMSE: -1.5644e+01 (epoch=120)

I 05.20/16:48:42 solver.py:151 ] => Train  Loss: 1.8610e-02

I 05.20/16:48:44 solver.py:206 ] 
=! Best NMSE: -1.5644e+01 (epoch=120)

I 05.20/16:48:46 solver.py:151 ] => Train  Loss: 1.8340e-02

I 05.20/16:48:47 solver.py:206 ] 
=! Best NMSE: -1.5644e+01 (epoch=120)

I 05.20/16:48:49 solver.py:151 ] => Train  Loss: 1.8021e-02

I 05.20/16:48:50 solver.py:206 ] 
=! Best NMSE: -1.5644e+01 (epoch=120)

I 05.20/16:48:51 solver.py:151 ] => Train  Loss: 1.7732e-02

I 05.20/16:48:52 solver.py:206 ] 
=! Best NMSE: -1.5644e+01 (epoch=120)

I 05.20/16:48:55 solver.py:151 ] => Train  Loss: 1.7496e-02

I 05.20/16:48:56 solver.py:206 ] 
=! Best NMSE: -1.5644e+01 (epoch=120)

I 05.20/16:48:59 solver.py:151 ] => Train  Loss: 1.7208e-02

I 05.20/16:49:00 solver.py:206 ] 
=! Best NMSE: -1.5644e+01 (epoch=120)

I 05.20/16:49:02 solver.py:151 ] => Train  Loss: 1.6960e-02

I 05.20/16:49:03 solver.py:151 ] => Val  Loss: 1.9831e-02

I 05.20/16:49:03 solver.py:285 ] => Test NMSE: -1.6321e+01

I 05.20/16:49:06 solver.py:206 ] 
=! Best NMSE: -1.6321e+01 (epoch=130)

I 05.20/16:49:08 solver.py:151 ] => Train  Loss: 1.6706e-02

I 05.20/16:49:09 solver.py:206 ] 
=! Best NMSE: -1.6321e+01 (epoch=130)

I 05.20/16:49:11 solver.py:151 ] => Train  Loss: 1.6455e-02

I 05.20/16:49:12 solver.py:206 ] 
=! Best NMSE: -1.6321e+01 (epoch=130)

I 05.20/16:49:13 solver.py:151 ] => Train  Loss: 1.6252e-02

I 05.20/16:49:15 solver.py:206 ] 
=! Best NMSE: -1.6321e+01 (epoch=130)

I 05.20/16:49:17 solver.py:151 ] => Train  Loss: 1.6050e-02

I 05.20/16:49:18 solver.py:206 ] 
=! Best NMSE: -1.6321e+01 (epoch=130)

I 05.20/16:49:19 solver.py:151 ] => Train  Loss: 1.5838e-02

I 05.20/16:49:21 solver.py:206 ] 
=! Best NMSE: -1.6321e+01 (epoch=130)

I 05.20/16:49:23 solver.py:151 ] => Train  Loss: 1.5609e-02

I 05.20/16:49:24 solver.py:206 ] 
=! Best NMSE: -1.6321e+01 (epoch=130)

I 05.20/16:49:26 solver.py:151 ] => Train  Loss: 1.5430e-02

I 05.20/16:49:28 solver.py:206 ] 
=! Best NMSE: -1.6321e+01 (epoch=130)

I 05.20/16:49:30 solver.py:151 ] => Train  Loss: 1.5278e-02

I 05.20/16:49:31 solver.py:206 ] 
=! Best NMSE: -1.6321e+01 (epoch=130)

I 05.20/16:49:32 solver.py:151 ] => Train  Loss: 1.5039e-02

I 05.20/16:49:33 solver.py:206 ] 
=! Best NMSE: -1.6321e+01 (epoch=130)

I 05.20/16:49:35 solver.py:151 ] => Train  Loss: 1.4869e-02

I 05.20/16:49:35 solver.py:151 ] => Val  Loss: 1.7636e-02

I 05.20/16:49:35 solver.py:285 ] => Test NMSE: -1.6881e+01

I 05.20/16:49:37 solver.py:206 ] 
=! Best NMSE: -1.6881e+01 (epoch=140)

I 05.20/16:49:39 solver.py:151 ] => Train  Loss: 1.4730e-02

I 05.20/16:49:40 solver.py:206 ] 
=! Best NMSE: -1.6881e+01 (epoch=140)

I 05.20/16:49:41 solver.py:151 ] => Train  Loss: 1.4557e-02

I 05.20/16:49:42 solver.py:206 ] 
=! Best NMSE: -1.6881e+01 (epoch=140)

I 05.20/16:49:44 solver.py:151 ] => Train  Loss: 1.4344e-02

I 05.20/16:49:46 solver.py:206 ] 
=! Best NMSE: -1.6881e+01 (epoch=140)

I 05.20/16:49:48 solver.py:151 ] => Train  Loss: 1.4213e-02

I 05.20/16:49:50 solver.py:206 ] 
=! Best NMSE: -1.6881e+01 (epoch=140)

I 05.20/16:49:53 solver.py:151 ] => Train  Loss: 1.4109e-02

I 05.20/16:49:54 solver.py:206 ] 
=! Best NMSE: -1.6881e+01 (epoch=140)

I 05.20/16:49:55 solver.py:151 ] => Train  Loss: 1.3951e-02

I 05.20/16:49:56 solver.py:206 ] 
=! Best NMSE: -1.6881e+01 (epoch=140)

I 05.20/16:49:58 solver.py:151 ] => Train  Loss: 1.3801e-02

I 05.20/16:49:59 solver.py:206 ] 
=! Best NMSE: -1.6881e+01 (epoch=140)

I 05.20/16:50:02 solver.py:151 ] => Train  Loss: 1.3676e-02

I 05.20/16:50:03 solver.py:206 ] 
=! Best NMSE: -1.6881e+01 (epoch=140)

I 05.20/16:50:05 solver.py:151 ] => Train  Loss: 1.3539e-02

I 05.20/16:50:07 solver.py:206 ] 
=! Best NMSE: -1.6881e+01 (epoch=140)

I 05.20/16:50:09 solver.py:151 ] => Train  Loss: 1.3459e-02

I 05.20/16:50:09 solver.py:151 ] => Val  Loss: 1.6127e-02

I 05.20/16:50:10 solver.py:285 ] => Test NMSE: -1.7315e+01

I 05.20/16:50:12 solver.py:206 ] 
=! Best NMSE: -1.7315e+01 (epoch=150)

I 05.20/16:50:14 solver.py:151 ] => Train  Loss: 1.3312e-02

I 05.20/16:50:15 solver.py:206 ] 
=! Best NMSE: -1.7315e+01 (epoch=150)

I 05.20/16:50:17 solver.py:151 ] => Train  Loss: 1.3192e-02

I 05.20/16:50:18 solver.py:206 ] 
=! Best NMSE: -1.7315e+01 (epoch=150)

I 05.20/16:50:19 solver.py:151 ] => Train  Loss: 1.3074e-02

I 05.20/16:50:20 solver.py:206 ] 
=! Best NMSE: -1.7315e+01 (epoch=150)

I 05.20/16:50:22 solver.py:151 ] => Train  Loss: 1.2960e-02

I 05.20/16:50:23 solver.py:206 ] 
=! Best NMSE: -1.7315e+01 (epoch=150)

I 05.20/16:50:25 solver.py:151 ] => Train  Loss: 1.2900e-02

I 05.20/16:50:26 solver.py:206 ] 
=! Best NMSE: -1.7315e+01 (epoch=150)

I 05.20/16:50:29 solver.py:151 ] => Train  Loss: 1.2801e-02

I 05.20/16:50:30 solver.py:206 ] 
=! Best NMSE: -1.7315e+01 (epoch=150)

I 05.20/16:50:31 solver.py:151 ] => Train  Loss: 1.2716e-02

I 05.20/16:50:32 solver.py:206 ] 
=! Best NMSE: -1.7315e+01 (epoch=150)

I 05.20/16:50:33 solver.py:151 ] => Train  Loss: 1.2608e-02

I 05.20/16:50:35 solver.py:206 ] 
=! Best NMSE: -1.7315e+01 (epoch=150)

I 05.20/16:50:37 solver.py:151 ] => Train  Loss: 1.2542e-02

I 05.20/16:50:38 solver.py:206 ] 
=! Best NMSE: -1.7315e+01 (epoch=150)

I 05.20/16:50:40 solver.py:151 ] => Train  Loss: 1.2482e-02

I 05.20/16:50:40 solver.py:151 ] => Val  Loss: 1.5099e-02

I 05.20/16:50:41 solver.py:285 ] => Test NMSE: -1.7630e+01

I 05.20/16:50:43 solver.py:206 ] 
=! Best NMSE: -1.7630e+01 (epoch=160)

I 05.20/16:50:45 solver.py:151 ] => Train  Loss: 1.2378e-02

I 05.20/16:50:47 solver.py:206 ] 
=! Best NMSE: -1.7630e+01 (epoch=160)

I 05.20/16:50:49 solver.py:151 ] => Train  Loss: 1.2307e-02

I 05.20/16:50:50 solver.py:206 ] 
=! Best NMSE: -1.7630e+01 (epoch=160)

I 05.20/16:50:52 solver.py:151 ] => Train  Loss: 1.2229e-02

I 05.20/16:50:53 solver.py:206 ] 
=! Best NMSE: -1.7630e+01 (epoch=160)

I 05.20/16:50:54 solver.py:151 ] => Train  Loss: 1.2159e-02

I 05.20/16:50:56 solver.py:206 ] 
=! Best NMSE: -1.7630e+01 (epoch=160)

I 05.20/16:50:58 solver.py:151 ] => Train  Loss: 1.2122e-02

I 05.20/16:50:59 solver.py:206 ] 
=! Best NMSE: -1.7630e+01 (epoch=160)

I 05.20/16:51:01 solver.py:151 ] => Train  Loss: 1.2098e-02

I 05.20/16:51:02 solver.py:206 ] 
=! Best NMSE: -1.7630e+01 (epoch=160)

I 05.20/16:51:04 solver.py:151 ] => Train  Loss: 1.1971e-02

I 05.20/16:51:06 solver.py:206 ] 
=! Best NMSE: -1.7630e+01 (epoch=160)

I 05.20/16:51:08 solver.py:151 ] => Train  Loss: 1.1943e-02

I 05.20/16:51:09 solver.py:206 ] 
=! Best NMSE: -1.7630e+01 (epoch=160)

I 05.20/16:51:12 solver.py:151 ] => Train  Loss: 1.1863e-02

I 05.20/16:51:13 solver.py:206 ] 
=! Best NMSE: -1.7630e+01 (epoch=160)

I 05.20/16:51:15 solver.py:151 ] => Train  Loss: 1.1807e-02

I 05.20/16:51:15 solver.py:151 ] => Val  Loss: 1.4394e-02

I 05.20/16:51:16 solver.py:285 ] => Test NMSE: -1.7855e+01

I 05.20/16:51:18 solver.py:206 ] 
=! Best NMSE: -1.7855e+01 (epoch=170)

I 05.20/16:51:20 solver.py:151 ] => Train  Loss: 1.1775e-02

I 05.20/16:51:21 solver.py:206 ] 
=! Best NMSE: -1.7855e+01 (epoch=170)

I 05.20/16:51:23 solver.py:151 ] => Train  Loss: 1.1721e-02

I 05.20/16:51:24 solver.py:206 ] 
=! Best NMSE: -1.7855e+01 (epoch=170)

I 05.20/16:51:25 solver.py:151 ] => Train  Loss: 1.1674e-02

I 05.20/16:51:27 solver.py:206 ] 
=! Best NMSE: -1.7855e+01 (epoch=170)

I 05.20/16:51:29 solver.py:151 ] => Train  Loss: 1.1640e-02

I 05.20/16:51:30 solver.py:206 ] 
=! Best NMSE: -1.7855e+01 (epoch=170)

I 05.20/16:51:31 solver.py:151 ] => Train  Loss: 1.1596e-02

I 05.20/16:51:32 solver.py:206 ] 
=! Best NMSE: -1.7855e+01 (epoch=170)

I 05.20/16:51:35 solver.py:151 ] => Train  Loss: 1.1574e-02

I 05.20/16:51:36 solver.py:206 ] 
=! Best NMSE: -1.7855e+01 (epoch=170)

I 05.20/16:51:38 solver.py:151 ] => Train  Loss: 1.1531e-02

I 05.20/16:51:39 solver.py:206 ] 
=! Best NMSE: -1.7855e+01 (epoch=170)

I 05.20/16:51:41 solver.py:151 ] => Train  Loss: 1.1494e-02

I 05.20/16:51:43 solver.py:206 ] 
=! Best NMSE: -1.7855e+01 (epoch=170)

I 05.20/16:51:44 solver.py:151 ] => Train  Loss: 1.1432e-02

I 05.20/16:51:45 solver.py:206 ] 
=! Best NMSE: -1.7855e+01 (epoch=170)

I 05.20/16:51:46 solver.py:151 ] => Train  Loss: 1.1395e-02

I 05.20/16:51:46 solver.py:151 ] => Val  Loss: 1.3924e-02

I 05.20/16:51:47 solver.py:285 ] => Test NMSE: -1.8006e+01

I 05.20/16:51:49 solver.py:206 ] 
=! Best NMSE: -1.8006e+01 (epoch=180)

I 05.20/16:51:50 solver.py:151 ] => Train  Loss: 1.1367e-02

I 05.20/16:51:51 solver.py:206 ] 
=! Best NMSE: -1.8006e+01 (epoch=180)

I 05.20/16:51:53 solver.py:151 ] => Train  Loss: 1.1359e-02

I 05.20/16:51:54 solver.py:206 ] 
=! Best NMSE: -1.8006e+01 (epoch=180)

I 05.20/16:51:56 solver.py:151 ] => Train  Loss: 1.1306e-02

I 05.20/16:51:57 solver.py:206 ] 
=! Best NMSE: -1.8006e+01 (epoch=180)

I 05.20/16:51:59 solver.py:151 ] => Train  Loss: 1.1284e-02

I 05.20/16:52:00 solver.py:206 ] 
=! Best NMSE: -1.8006e+01 (epoch=180)

I 05.20/16:52:02 solver.py:151 ] => Train  Loss: 1.1260e-02

I 05.20/16:52:04 solver.py:206 ] 
=! Best NMSE: -1.8006e+01 (epoch=180)

I 05.20/16:52:05 solver.py:151 ] => Train  Loss: 1.1242e-02

I 05.20/16:52:06 solver.py:206 ] 
=! Best NMSE: -1.8006e+01 (epoch=180)

I 05.20/16:52:09 solver.py:151 ] => Train  Loss: 1.1221e-02

I 05.20/16:52:10 solver.py:206 ] 
=! Best NMSE: -1.8006e+01 (epoch=180)

I 05.20/16:52:13 solver.py:151 ] => Train  Loss: 1.1197e-02

I 05.20/16:52:14 solver.py:206 ] 
=! Best NMSE: -1.8006e+01 (epoch=180)

I 05.20/16:52:16 solver.py:151 ] => Train  Loss: 1.1191e-02

I 05.20/16:52:17 solver.py:206 ] 
=! Best NMSE: -1.8006e+01 (epoch=180)

I 05.20/16:52:19 solver.py:151 ] => Train  Loss: 1.1119e-02

I 05.20/16:52:19 solver.py:151 ] => Val  Loss: 1.3582e-02

I 05.20/16:52:20 solver.py:285 ] => Test NMSE: -1.8117e+01

I 05.20/16:52:22 solver.py:206 ] 
=! Best NMSE: -1.8117e+01 (epoch=190)

I 05.20/16:52:24 solver.py:151 ] => Train  Loss: 1.1100e-02

I 05.20/16:52:25 solver.py:206 ] 
=! Best NMSE: -1.8117e+01 (epoch=190)

I 05.20/16:52:28 solver.py:151 ] => Train  Loss: 1.1106e-02

I 05.20/16:52:29 solver.py:206 ] 
=! Best NMSE: -1.8117e+01 (epoch=190)

I 05.20/16:52:31 solver.py:151 ] => Train  Loss: 1.1089e-02

I 05.20/16:52:32 solver.py:206 ] 
=! Best NMSE: -1.8117e+01 (epoch=190)

I 05.20/16:52:34 solver.py:151 ] => Train  Loss: 1.1038e-02

I 05.20/16:52:36 solver.py:206 ] 
=! Best NMSE: -1.8117e+01 (epoch=190)

I 05.20/16:52:39 solver.py:151 ] => Train  Loss: 1.1065e-02

I 05.20/16:52:40 solver.py:206 ] 
=! Best NMSE: -1.8117e+01 (epoch=190)

I 05.20/16:52:41 solver.py:151 ] => Train  Loss: 1.1010e-02

I 05.20/16:52:43 solver.py:206 ] 
=! Best NMSE: -1.8117e+01 (epoch=190)

I 05.20/16:52:44 solver.py:151 ] => Train  Loss: 1.0971e-02

I 05.20/16:52:45 solver.py:206 ] 
=! Best NMSE: -1.8117e+01 (epoch=190)

I 05.20/16:52:46 solver.py:151 ] => Train  Loss: 1.0990e-02

I 05.20/16:52:47 solver.py:206 ] 
=! Best NMSE: -1.8117e+01 (epoch=190)

I 05.20/16:52:49 solver.py:151 ] => Train  Loss: 1.0949e-02

I 05.20/16:52:50 solver.py:206 ] 
=! Best NMSE: -1.8117e+01 (epoch=190)

I 05.20/16:52:52 solver.py:151 ] => Train  Loss: 1.0944e-02

I 05.20/16:52:52 solver.py:151 ] => Val  Loss: 1.3310e-02

I 05.20/16:52:53 solver.py:285 ] => Test NMSE: -1.8205e+01

I 05.20/16:52:55 solver.py:206 ] 
=! Best NMSE: -1.8205e+01 (epoch=200)

I 05.20/16:52:57 solver.py:151 ] => Train  Loss: 1.0928e-02

I 05.20/16:52:58 solver.py:206 ] 
=! Best NMSE: -1.8205e+01 (epoch=200)

I 05.20/16:53:00 solver.py:151 ] => Train  Loss: 1.0894e-02

I 05.20/16:53:02 solver.py:206 ] 
=! Best NMSE: -1.8205e+01 (epoch=200)

I 05.20/16:53:04 solver.py:151 ] => Train  Loss: 1.0883e-02

I 05.20/16:53:06 solver.py:206 ] 
=! Best NMSE: -1.8205e+01 (epoch=200)

I 05.20/16:53:09 solver.py:151 ] => Train  Loss: 1.0900e-02

I 05.20/16:53:11 solver.py:206 ] 
=! Best NMSE: -1.8205e+01 (epoch=200)

I 05.20/16:53:13 solver.py:151 ] => Train  Loss: 1.0875e-02

I 05.20/16:53:14 solver.py:206 ] 
=! Best NMSE: -1.8205e+01 (epoch=200)

I 05.20/16:53:16 solver.py:151 ] => Train  Loss: 1.0834e-02

I 05.20/16:53:17 solver.py:206 ] 
=! Best NMSE: -1.8205e+01 (epoch=200)

I 05.20/16:53:19 solver.py:151 ] => Train  Loss: 1.0867e-02

I 05.20/16:53:20 solver.py:206 ] 
=! Best NMSE: -1.8205e+01 (epoch=200)

I 05.20/16:53:22 solver.py:151 ] => Train  Loss: 1.0822e-02

I 05.20/16:53:24 solver.py:206 ] 
=! Best NMSE: -1.8205e+01 (epoch=200)

I 05.20/16:53:26 solver.py:151 ] => Train  Loss: 1.0832e-02

I 05.20/16:53:27 solver.py:206 ] 
=! Best NMSE: -1.8205e+01 (epoch=200)

I 05.20/16:53:30 solver.py:151 ] => Train  Loss: 1.0820e-02

I 05.20/16:53:30 solver.py:151 ] => Val  Loss: 1.3114e-02

I 05.20/16:53:30 solver.py:285 ] => Test NMSE: -1.8274e+01

I 05.20/16:53:32 solver.py:206 ] 
=! Best NMSE: -1.8274e+01 (epoch=210)

I 05.20/16:53:34 solver.py:151 ] => Train  Loss: 1.0806e-02

I 05.20/16:53:35 solver.py:206 ] 
=! Best NMSE: -1.8274e+01 (epoch=210)

I 05.20/16:53:37 solver.py:151 ] => Train  Loss: 1.0754e-02

I 05.20/16:53:38 solver.py:206 ] 
=! Best NMSE: -1.8274e+01 (epoch=210)

I 05.20/16:53:39 solver.py:151 ] => Train  Loss: 1.0771e-02

I 05.20/16:53:40 solver.py:206 ] 
=! Best NMSE: -1.8274e+01 (epoch=210)

I 05.20/16:53:43 solver.py:151 ] => Train  Loss: 1.0720e-02

I 05.20/16:53:44 solver.py:206 ] 
=! Best NMSE: -1.8274e+01 (epoch=210)

I 05.20/16:53:47 solver.py:151 ] => Train  Loss: 1.0734e-02

I 05.20/16:53:48 solver.py:206 ] 
=! Best NMSE: -1.8274e+01 (epoch=210)

I 05.20/16:53:51 solver.py:151 ] => Train  Loss: 1.0703e-02

I 05.20/16:53:52 solver.py:206 ] 
=! Best NMSE: -1.8274e+01 (epoch=210)

I 05.20/16:53:55 solver.py:151 ] => Train  Loss: 1.0699e-02

I 05.20/16:53:56 solver.py:206 ] 
=! Best NMSE: -1.8274e+01 (epoch=210)

I 05.20/16:53:58 solver.py:151 ] => Train  Loss: 1.0724e-02

I 05.20/16:53:59 solver.py:206 ] 
=! Best NMSE: -1.8274e+01 (epoch=210)

I 05.20/16:54:01 solver.py:151 ] => Train  Loss: 1.0690e-02

I 05.20/16:54:02 solver.py:206 ] 
=! Best NMSE: -1.8274e+01 (epoch=210)

I 05.20/16:54:03 solver.py:151 ] => Train  Loss: 1.0698e-02

I 05.20/16:54:04 solver.py:151 ] => Val  Loss: 1.2932e-02

I 05.20/16:54:04 solver.py:285 ] => Test NMSE: -1.8332e+01

I 05.20/16:54:07 solver.py:206 ] 
=! Best NMSE: -1.8332e+01 (epoch=220)

I 05.20/16:54:09 solver.py:151 ] => Train  Loss: 1.0689e-02

I 05.20/16:54:10 solver.py:206 ] 
=! Best NMSE: -1.8332e+01 (epoch=220)

I 05.20/16:54:11 solver.py:151 ] => Train  Loss: 1.0676e-02

I 05.20/16:54:12 solver.py:206 ] 
=! Best NMSE: -1.8332e+01 (epoch=220)

I 05.20/16:54:14 solver.py:151 ] => Train  Loss: 1.0653e-02

I 05.20/16:54:15 solver.py:206 ] 
=! Best NMSE: -1.8332e+01 (epoch=220)

I 05.20/16:54:17 solver.py:151 ] => Train  Loss: 1.0644e-02

I 05.20/16:54:18 solver.py:206 ] 
=! Best NMSE: -1.8332e+01 (epoch=220)

I 05.20/16:54:19 solver.py:151 ] => Train  Loss: 1.0627e-02

I 05.20/16:54:20 solver.py:206 ] 
=! Best NMSE: -1.8332e+01 (epoch=220)

I 05.20/16:54:22 solver.py:151 ] => Train  Loss: 1.0635e-02

I 05.20/16:54:24 solver.py:206 ] 
=! Best NMSE: -1.8332e+01 (epoch=220)

I 05.20/16:54:25 solver.py:151 ] => Train  Loss: 1.0645e-02

I 05.20/16:54:27 solver.py:206 ] 
=! Best NMSE: -1.8332e+01 (epoch=220)

I 05.20/16:54:28 solver.py:151 ] => Train  Loss: 1.0605e-02

I 05.20/16:54:29 solver.py:206 ] 
=! Best NMSE: -1.8332e+01 (epoch=220)

I 05.20/16:54:30 solver.py:151 ] => Train  Loss: 1.0633e-02

I 05.20/16:54:31 solver.py:206 ] 
=! Best NMSE: -1.8332e+01 (epoch=220)

I 05.20/16:54:33 solver.py:151 ] => Train  Loss: 1.0623e-02

I 05.20/16:54:33 solver.py:151 ] => Val  Loss: 1.2806e-02

I 05.20/16:54:34 solver.py:285 ] => Test NMSE: -1.8372e+01

I 05.20/16:54:36 solver.py:206 ] 
=! Best NMSE: -1.8372e+01 (epoch=230)

I 05.20/16:54:38 solver.py:151 ] => Train  Loss: 1.0600e-02

I 05.20/16:54:39 solver.py:206 ] 
=! Best NMSE: -1.8372e+01 (epoch=230)

I 05.20/16:54:40 solver.py:151 ] => Train  Loss: 1.0590e-02

I 05.20/16:54:41 solver.py:206 ] 
=! Best NMSE: -1.8372e+01 (epoch=230)

I 05.20/16:54:44 solver.py:151 ] => Train  Loss: 1.0595e-02

I 05.20/16:54:45 solver.py:206 ] 
=! Best NMSE: -1.8372e+01 (epoch=230)

I 05.20/16:54:47 solver.py:151 ] => Train  Loss: 1.0566e-02

I 05.20/16:54:48 solver.py:206 ] 
=! Best NMSE: -1.8372e+01 (epoch=230)

I 05.20/16:54:49 solver.py:151 ] => Train  Loss: 1.0540e-02

I 05.20/16:54:50 solver.py:206 ] 
=! Best NMSE: -1.8372e+01 (epoch=230)

I 05.20/16:54:52 solver.py:151 ] => Train  Loss: 1.0547e-02

I 05.20/16:54:54 solver.py:206 ] 
=! Best NMSE: -1.8372e+01 (epoch=230)

I 05.20/16:54:56 solver.py:151 ] => Train  Loss: 1.0552e-02

I 05.20/16:54:57 solver.py:206 ] 
=! Best NMSE: -1.8372e+01 (epoch=230)

I 05.20/16:55:00 solver.py:151 ] => Train  Loss: 1.0556e-02

I 05.20/16:55:01 solver.py:206 ] 
=! Best NMSE: -1.8372e+01 (epoch=230)

I 05.20/16:55:04 solver.py:151 ] => Train  Loss: 1.0513e-02

I 05.20/16:55:05 solver.py:206 ] 
=! Best NMSE: -1.8372e+01 (epoch=230)

I 05.20/16:55:07 solver.py:151 ] => Train  Loss: 1.0526e-02

I 05.20/16:55:07 solver.py:151 ] => Val  Loss: 1.2666e-02

I 05.20/16:55:07 solver.py:285 ] => Test NMSE: -1.8426e+01

I 05.20/16:55:10 solver.py:206 ] 
=! Best NMSE: -1.8426e+01 (epoch=240)

I 05.20/16:55:12 solver.py:151 ] => Train  Loss: 1.0500e-02

I 05.20/16:55:14 solver.py:206 ] 
=! Best NMSE: -1.8426e+01 (epoch=240)

I 05.20/16:55:15 solver.py:151 ] => Train  Loss: 1.0515e-02

I 05.20/16:55:16 solver.py:206 ] 
=! Best NMSE: -1.8426e+01 (epoch=240)

I 05.20/16:55:18 solver.py:151 ] => Train  Loss: 1.0485e-02

I 05.20/16:55:19 solver.py:206 ] 
=! Best NMSE: -1.8426e+01 (epoch=240)

I 05.20/16:55:21 solver.py:151 ] => Train  Loss: 1.0475e-02

I 05.20/16:55:22 solver.py:206 ] 
=! Best NMSE: -1.8426e+01 (epoch=240)

I 05.20/16:55:23 solver.py:151 ] => Train  Loss: 1.0467e-02

I 05.20/16:55:25 solver.py:206 ] 
=! Best NMSE: -1.8426e+01 (epoch=240)

I 05.20/16:55:26 solver.py:151 ] => Train  Loss: 1.0472e-02

I 05.20/16:55:27 solver.py:206 ] 
=! Best NMSE: -1.8426e+01 (epoch=240)

I 05.20/16:55:29 solver.py:151 ] => Train  Loss: 1.0470e-02

I 05.20/16:55:31 solver.py:206 ] 
=! Best NMSE: -1.8426e+01 (epoch=240)

I 05.20/16:55:33 solver.py:151 ] => Train  Loss: 1.0460e-02

I 05.20/16:55:34 solver.py:206 ] 
=! Best NMSE: -1.8426e+01 (epoch=240)

I 05.20/16:55:36 solver.py:151 ] => Train  Loss: 1.0480e-02

I 05.20/16:55:38 solver.py:206 ] 
=! Best NMSE: -1.8426e+01 (epoch=240)

I 05.20/16:55:39 solver.py:151 ] => Train  Loss: 1.0454e-02

I 05.20/16:55:40 solver.py:151 ] => Val  Loss: 1.2564e-02

I 05.20/16:55:40 solver.py:285 ] => Test NMSE: -1.8463e+01

I 05.20/16:55:43 solver.py:206 ] 
=! Best NMSE: -1.8463e+01 (epoch=250)

I 05.20/16:55:45 solver.py:151 ] => Train  Loss: 1.0420e-02

I 05.20/16:55:46 solver.py:206 ] 
=! Best NMSE: -1.8463e+01 (epoch=250)

I 05.20/16:55:48 solver.py:151 ] => Train  Loss: 1.0435e-02

I 05.20/16:55:50 solver.py:206 ] 
=! Best NMSE: -1.8463e+01 (epoch=250)

I 05.20/16:55:52 solver.py:151 ] => Train  Loss: 1.0447e-02

I 05.20/16:55:53 solver.py:206 ] 
=! Best NMSE: -1.8463e+01 (epoch=250)

I 05.20/16:55:55 solver.py:151 ] => Train  Loss: 1.0435e-02

I 05.20/16:55:56 solver.py:206 ] 
=! Best NMSE: -1.8463e+01 (epoch=250)

I 05.20/16:55:59 solver.py:151 ] => Train  Loss: 1.0426e-02

I 05.20/16:56:00 solver.py:206 ] 
=! Best NMSE: -1.8463e+01 (epoch=250)

I 05.20/16:56:03 solver.py:151 ] => Train  Loss: 1.0438e-02

I 05.20/16:56:04 solver.py:206 ] 
=! Best NMSE: -1.8463e+01 (epoch=250)

I 05.20/16:56:06 solver.py:151 ] => Train  Loss: 1.0438e-02

I 05.20/16:56:08 solver.py:206 ] 
=! Best NMSE: -1.8463e+01 (epoch=250)

I 05.20/16:56:10 solver.py:151 ] => Train  Loss: 1.0399e-02

I 05.20/16:56:11 solver.py:206 ] 
=! Best NMSE: -1.8463e+01 (epoch=250)

I 05.20/16:56:13 solver.py:151 ] => Train  Loss: 1.0419e-02

I 05.20/16:56:14 solver.py:206 ] 
=! Best NMSE: -1.8463e+01 (epoch=250)

I 05.20/16:56:15 solver.py:151 ] => Train  Loss: 1.0440e-02

I 05.20/16:56:16 solver.py:151 ] => Val  Loss: 1.2477e-02

I 05.20/16:56:16 solver.py:285 ] => Test NMSE: -1.8496e+01

I 05.20/16:56:18 solver.py:206 ] 
=! Best NMSE: -1.8496e+01 (epoch=260)

I 05.20/16:56:19 solver.py:151 ] => Train  Loss: 1.0379e-02

I 05.20/16:56:21 solver.py:206 ] 
=! Best NMSE: -1.8496e+01 (epoch=260)

I 05.20/16:56:23 solver.py:151 ] => Train  Loss: 1.0393e-02

I 05.20/16:56:25 solver.py:206 ] 
=! Best NMSE: -1.8496e+01 (epoch=260)

I 05.20/16:56:27 solver.py:151 ] => Train  Loss: 1.0382e-02

I 05.20/16:56:29 solver.py:206 ] 
=! Best NMSE: -1.8496e+01 (epoch=260)

I 05.20/16:56:30 solver.py:151 ] => Train  Loss: 1.0398e-02

I 05.20/16:56:31 solver.py:206 ] 
=! Best NMSE: -1.8496e+01 (epoch=260)

I 05.20/16:56:32 solver.py:151 ] => Train  Loss: 1.0413e-02

I 05.20/16:56:34 solver.py:206 ] 
=! Best NMSE: -1.8496e+01 (epoch=260)

I 05.20/16:56:35 solver.py:151 ] => Train  Loss: 1.0364e-02

I 05.20/16:56:36 solver.py:206 ] 
=! Best NMSE: -1.8496e+01 (epoch=260)

I 05.20/16:56:38 solver.py:151 ] => Train  Loss: 1.0366e-02

I 05.20/16:56:39 solver.py:206 ] 
=! Best NMSE: -1.8496e+01 (epoch=260)

I 05.20/16:56:41 solver.py:151 ] => Train  Loss: 1.0348e-02

I 05.20/16:56:42 solver.py:206 ] 
=! Best NMSE: -1.8496e+01 (epoch=260)

I 05.20/16:56:43 solver.py:151 ] => Train  Loss: 1.0345e-02

I 05.20/16:56:44 solver.py:206 ] 
=! Best NMSE: -1.8496e+01 (epoch=260)

I 05.20/16:56:45 solver.py:151 ] => Train  Loss: 1.0329e-02

I 05.20/16:56:46 solver.py:151 ] => Val  Loss: 1.2405e-02

I 05.20/16:56:46 solver.py:285 ] => Test NMSE: -1.8525e+01

I 05.20/16:56:48 solver.py:206 ] 
=! Best NMSE: -1.8525e+01 (epoch=270)

I 05.20/16:56:50 solver.py:151 ] => Train  Loss: 1.0360e-02

I 05.20/16:56:51 solver.py:206 ] 
=! Best NMSE: -1.8525e+01 (epoch=270)

I 05.20/16:56:53 solver.py:151 ] => Train  Loss: 1.0342e-02

I 05.20/16:56:54 solver.py:206 ] 
=! Best NMSE: -1.8525e+01 (epoch=270)

I 05.20/16:56:55 solver.py:151 ] => Train  Loss: 1.0345e-02

I 05.20/16:56:56 solver.py:206 ] 
=! Best NMSE: -1.8525e+01 (epoch=270)

I 05.20/16:56:57 solver.py:151 ] => Train  Loss: 1.0352e-02

I 05.20/16:56:59 solver.py:206 ] 
=! Best NMSE: -1.8525e+01 (epoch=270)

I 05.20/16:57:00 solver.py:151 ] => Train  Loss: 1.0320e-02

I 05.20/16:57:01 solver.py:206 ] 
=! Best NMSE: -1.8525e+01 (epoch=270)

I 05.20/16:57:03 solver.py:151 ] => Train  Loss: 1.0335e-02

I 05.20/16:57:04 solver.py:206 ] 
=! Best NMSE: -1.8525e+01 (epoch=270)

I 05.20/16:57:05 solver.py:151 ] => Train  Loss: 1.0316e-02

I 05.20/16:57:06 solver.py:206 ] 
=! Best NMSE: -1.8525e+01 (epoch=270)

I 05.20/16:57:08 solver.py:151 ] => Train  Loss: 1.0300e-02

I 05.20/16:57:09 solver.py:206 ] 
=! Best NMSE: -1.8525e+01 (epoch=270)

I 05.20/16:57:11 solver.py:151 ] => Train  Loss: 1.0310e-02

I 05.20/16:57:12 solver.py:206 ] 
=! Best NMSE: -1.8525e+01 (epoch=270)

I 05.20/16:57:13 solver.py:151 ] => Train  Loss: 1.0316e-02

I 05.20/16:57:13 solver.py:151 ] => Val  Loss: 1.2335e-02

I 05.20/16:57:14 solver.py:285 ] => Test NMSE: -1.8549e+01

I 05.20/16:57:16 solver.py:206 ] 
=! Best NMSE: -1.8549e+01 (epoch=280)

I 05.20/16:57:17 solver.py:151 ] => Train  Loss: 1.0330e-02

I 05.20/16:57:18 solver.py:206 ] 
=! Best NMSE: -1.8549e+01 (epoch=280)

I 05.20/16:57:20 solver.py:151 ] => Train  Loss: 1.0275e-02

I 05.20/16:57:21 solver.py:206 ] 
=! Best NMSE: -1.8549e+01 (epoch=280)

I 05.20/16:57:24 solver.py:151 ] => Train  Loss: 1.0334e-02

I 05.20/16:57:25 solver.py:206 ] 
=! Best NMSE: -1.8549e+01 (epoch=280)

I 05.20/16:57:26 solver.py:151 ] => Train  Loss: 1.0308e-02

I 05.20/16:57:27 solver.py:206 ] 
=! Best NMSE: -1.8549e+01 (epoch=280)

I 05.20/16:57:29 solver.py:151 ] => Train  Loss: 1.0315e-02

I 05.20/16:57:31 solver.py:206 ] 
=! Best NMSE: -1.8549e+01 (epoch=280)

I 05.20/16:57:32 solver.py:151 ] => Train  Loss: 1.0285e-02

I 05.20/16:57:33 solver.py:206 ] 
=! Best NMSE: -1.8549e+01 (epoch=280)

I 05.20/16:57:34 solver.py:151 ] => Train  Loss: 1.0308e-02

I 05.20/16:57:36 solver.py:206 ] 
=! Best NMSE: -1.8549e+01 (epoch=280)

I 05.20/16:57:38 solver.py:151 ] => Train  Loss: 1.0297e-02

I 05.20/16:57:40 solver.py:206 ] 
=! Best NMSE: -1.8549e+01 (epoch=280)

I 05.20/16:57:42 solver.py:151 ] => Train  Loss: 1.0297e-02

I 05.20/16:57:43 solver.py:206 ] 
=! Best NMSE: -1.8549e+01 (epoch=280)

I 05.20/16:57:46 solver.py:151 ] => Train  Loss: 1.0276e-02

I 05.20/16:57:46 solver.py:151 ] => Val  Loss: 1.2277e-02

I 05.20/16:57:46 solver.py:285 ] => Test NMSE: -1.8568e+01

I 05.20/16:57:48 solver.py:206 ] 
=! Best NMSE: -1.8568e+01 (epoch=290)

I 05.20/16:57:49 solver.py:151 ] => Train  Loss: 1.0311e-02

I 05.20/16:57:51 solver.py:206 ] 
=! Best NMSE: -1.8568e+01 (epoch=290)

I 05.20/16:57:53 solver.py:151 ] => Train  Loss: 1.0282e-02

I 05.20/16:57:54 solver.py:206 ] 
=! Best NMSE: -1.8568e+01 (epoch=290)

I 05.20/16:57:56 solver.py:151 ] => Train  Loss: 1.0281e-02

I 05.20/16:57:57 solver.py:206 ] 
=! Best NMSE: -1.8568e+01 (epoch=290)

I 05.20/16:57:58 solver.py:151 ] => Train  Loss: 1.0273e-02

I 05.20/16:57:59 solver.py:206 ] 
=! Best NMSE: -1.8568e+01 (epoch=290)

I 05.20/16:58:01 solver.py:151 ] => Train  Loss: 1.0293e-02

I 05.20/16:58:02 solver.py:206 ] 
=! Best NMSE: -1.8568e+01 (epoch=290)

I 05.20/16:58:03 solver.py:151 ] => Train  Loss: 1.0286e-02

I 05.20/16:58:04 solver.py:206 ] 
=! Best NMSE: -1.8568e+01 (epoch=290)

I 05.20/16:58:06 solver.py:151 ] => Train  Loss: 1.0235e-02

I 05.20/16:58:08 solver.py:206 ] 
=! Best NMSE: -1.8568e+01 (epoch=290)

I 05.20/16:58:10 solver.py:151 ] => Train  Loss: 1.0258e-02

I 05.20/16:58:11 solver.py:206 ] 
=! Best NMSE: -1.8568e+01 (epoch=290)

I 05.20/16:58:13 solver.py:151 ] => Train  Loss: 1.0287e-02

I 05.20/16:58:15 solver.py:206 ] 
=! Best NMSE: -1.8568e+01 (epoch=290)

I 05.20/16:58:17 solver.py:151 ] => Train  Loss: 1.0253e-02

I 05.20/16:58:17 solver.py:151 ] => Val  Loss: 1.2222e-02

I 05.20/16:58:17 solver.py:285 ] => Test NMSE: -1.8590e+01

I 05.20/16:58:20 solver.py:206 ] 
=! Best NMSE: -1.8590e+01 (epoch=300)

I 05.20/16:58:22 solver.py:151 ] => Train  Loss: 1.0246e-02

I 05.20/16:58:24 solver.py:206 ] 
=! Best NMSE: -1.8590e+01 (epoch=300)

I 05.20/16:58:26 solver.py:151 ] => Train  Loss: 1.0219e-02

I 05.20/16:58:28 solver.py:206 ] 
=! Best NMSE: -1.8590e+01 (epoch=300)

I 05.20/16:58:30 solver.py:151 ] => Train  Loss: 1.0219e-02

I 05.20/16:58:31 solver.py:206 ] 
=! Best NMSE: -1.8590e+01 (epoch=300)

I 05.20/16:58:32 solver.py:151 ] => Train  Loss: 1.0236e-02

I 05.20/16:58:33 solver.py:206 ] 
=! Best NMSE: -1.8590e+01 (epoch=300)

I 05.20/16:58:36 solver.py:151 ] => Train  Loss: 1.0249e-02

I 05.20/16:58:36 solver.py:206 ] 
=! Best NMSE: -1.8590e+01 (epoch=300)

I 05.20/16:58:38 solver.py:151 ] => Train  Loss: 1.0238e-02

I 05.20/16:58:39 solver.py:206 ] 
=! Best NMSE: -1.8590e+01 (epoch=300)

I 05.20/16:58:40 solver.py:151 ] => Train  Loss: 1.0227e-02

I 05.20/16:58:41 solver.py:206 ] 
=! Best NMSE: -1.8590e+01 (epoch=300)

I 05.20/16:58:44 solver.py:151 ] => Train  Loss: 1.0212e-02

I 05.20/16:58:45 solver.py:206 ] 
=! Best NMSE: -1.8590e+01 (epoch=300)

I 05.20/16:58:47 solver.py:151 ] => Train  Loss: 1.0205e-02

I 05.20/16:58:48 solver.py:206 ] 
=! Best NMSE: -1.8590e+01 (epoch=300)

I 05.20/16:58:50 solver.py:151 ] => Train  Loss: 1.0190e-02

I 05.20/16:58:51 solver.py:151 ] => Val  Loss: 1.2176e-02

I 05.20/16:58:51 solver.py:285 ] => Test NMSE: -1.8608e+01

I 05.20/16:58:54 solver.py:206 ] 
=! Best NMSE: -1.8608e+01 (epoch=310)

I 05.20/16:58:56 solver.py:151 ] => Train  Loss: 1.0222e-02

I 05.20/16:58:57 solver.py:206 ] 
=! Best NMSE: -1.8608e+01 (epoch=310)

I 05.20/16:58:58 solver.py:151 ] => Train  Loss: 1.0203e-02

I 05.20/16:59:00 solver.py:206 ] 
=! Best NMSE: -1.8608e+01 (epoch=310)

I 05.20/16:59:02 solver.py:151 ] => Train  Loss: 1.0198e-02

I 05.20/16:59:03 solver.py:206 ] 
=! Best NMSE: -1.8608e+01 (epoch=310)

I 05.20/16:59:04 solver.py:151 ] => Train  Loss: 1.0199e-02

I 05.20/16:59:06 solver.py:206 ] 
=! Best NMSE: -1.8608e+01 (epoch=310)

I 05.20/16:59:08 solver.py:151 ] => Train  Loss: 1.0212e-02

I 05.20/16:59:09 solver.py:206 ] 
=! Best NMSE: -1.8608e+01 (epoch=310)

I 05.20/16:59:12 solver.py:151 ] => Train  Loss: 1.0212e-02

I 05.20/16:59:13 solver.py:206 ] 
=! Best NMSE: -1.8608e+01 (epoch=310)

I 05.20/16:59:16 solver.py:151 ] => Train  Loss: 1.0196e-02

I 05.20/16:59:17 solver.py:206 ] 
=! Best NMSE: -1.8608e+01 (epoch=310)

I 05.20/16:59:19 solver.py:151 ] => Train  Loss: 1.0196e-02

I 05.20/16:59:20 solver.py:206 ] 
=! Best NMSE: -1.8608e+01 (epoch=310)

I 05.20/16:59:22 solver.py:151 ] => Train  Loss: 1.0176e-02

I 05.20/16:59:23 solver.py:206 ] 
=! Best NMSE: -1.8608e+01 (epoch=310)

I 05.20/16:59:25 solver.py:151 ] => Train  Loss: 1.0201e-02

I 05.20/16:59:25 solver.py:151 ] => Val  Loss: 1.2133e-02

I 05.20/16:59:25 solver.py:285 ] => Test NMSE: -1.8621e+01

I 05.20/16:59:28 solver.py:206 ] 
=! Best NMSE: -1.8621e+01 (epoch=320)

I 05.20/16:59:30 solver.py:151 ] => Train  Loss: 1.0169e-02

I 05.20/16:59:31 solver.py:206 ] 
=! Best NMSE: -1.8621e+01 (epoch=320)

I 05.20/16:59:32 solver.py:151 ] => Train  Loss: 1.0172e-02

I 05.20/16:59:33 solver.py:206 ] 
=! Best NMSE: -1.8621e+01 (epoch=320)

I 05.20/16:59:36 solver.py:151 ] => Train  Loss: 1.0174e-02

I 05.20/16:59:37 solver.py:206 ] 
=! Best NMSE: -1.8621e+01 (epoch=320)

I 05.20/16:59:39 solver.py:151 ] => Train  Loss: 1.0181e-02

I 05.20/16:59:41 solver.py:206 ] 
=! Best NMSE: -1.8621e+01 (epoch=320)

I 05.20/16:59:43 solver.py:151 ] => Train  Loss: 1.0182e-02

I 05.20/16:59:44 solver.py:206 ] 
=! Best NMSE: -1.8621e+01 (epoch=320)

I 05.20/16:59:46 solver.py:151 ] => Train  Loss: 1.0173e-02

I 05.20/16:59:48 solver.py:206 ] 
=! Best NMSE: -1.8621e+01 (epoch=320)

I 05.20/16:59:50 solver.py:151 ] => Train  Loss: 1.0147e-02

I 05.20/16:59:51 solver.py:206 ] 
=! Best NMSE: -1.8621e+01 (epoch=320)

I 05.20/16:59:53 solver.py:151 ] => Train  Loss: 1.0167e-02

I 05.20/16:59:54 solver.py:206 ] 
=! Best NMSE: -1.8621e+01 (epoch=320)

I 05.20/16:59:55 solver.py:151 ] => Train  Loss: 1.0174e-02

I 05.20/16:59:56 solver.py:206 ] 
=! Best NMSE: -1.8621e+01 (epoch=320)

I 05.20/16:59:58 solver.py:151 ] => Train  Loss: 1.0186e-02

I 05.20/16:59:58 solver.py:151 ] => Val  Loss: 1.2096e-02

I 05.20/16:59:58 solver.py:285 ] => Test NMSE: -1.8636e+01

I 05.20/17:00:01 solver.py:206 ] 
=! Best NMSE: -1.8636e+01 (epoch=330)

I 05.20/17:00:03 solver.py:151 ] => Train  Loss: 1.0169e-02

I 05.20/17:00:04 solver.py:206 ] 
=! Best NMSE: -1.8636e+01 (epoch=330)

I 05.20/17:00:05 solver.py:151 ] => Train  Loss: 1.0152e-02

I 05.20/17:00:07 solver.py:206 ] 
=! Best NMSE: -1.8636e+01 (epoch=330)

I 05.20/17:00:09 solver.py:151 ] => Train  Loss: 1.0168e-02

I 05.20/17:00:10 solver.py:206 ] 
=! Best NMSE: -1.8636e+01 (epoch=330)

I 05.20/17:00:12 solver.py:151 ] => Train  Loss: 1.0143e-02

I 05.20/17:00:14 solver.py:206 ] 
=! Best NMSE: -1.8636e+01 (epoch=330)

I 05.20/17:00:16 solver.py:151 ] => Train  Loss: 1.0142e-02

I 05.20/17:00:18 solver.py:206 ] 
=! Best NMSE: -1.8636e+01 (epoch=330)

I 05.20/17:00:21 solver.py:151 ] => Train  Loss: 1.0155e-02

I 05.20/17:00:22 solver.py:206 ] 
=! Best NMSE: -1.8636e+01 (epoch=330)

I 05.20/17:00:24 solver.py:151 ] => Train  Loss: 1.0143e-02

I 05.20/17:00:26 solver.py:206 ] 
=! Best NMSE: -1.8636e+01 (epoch=330)

I 05.20/17:00:28 solver.py:151 ] => Train  Loss: 1.0157e-02

I 05.20/17:00:29 solver.py:206 ] 
=! Best NMSE: -1.8636e+01 (epoch=330)

I 05.20/17:00:31 solver.py:151 ] => Train  Loss: 1.0136e-02

I 05.20/17:00:32 solver.py:206 ] 
=! Best NMSE: -1.8636e+01 (epoch=330)

I 05.20/17:00:33 solver.py:151 ] => Train  Loss: 1.0120e-02

I 05.20/17:00:33 solver.py:151 ] => Val  Loss: 1.2068e-02

I 05.20/17:00:33 solver.py:285 ] => Test NMSE: -1.8649e+01

I 05.20/17:00:36 solver.py:206 ] 
=! Best NMSE: -1.8649e+01 (epoch=340)

I 05.20/17:00:37 solver.py:151 ] => Train  Loss: 1.0145e-02

I 05.20/17:00:38 solver.py:206 ] 
=! Best NMSE: -1.8649e+01 (epoch=340)

I 05.20/17:00:40 solver.py:151 ] => Train  Loss: 1.0152e-02

I 05.20/17:00:41 solver.py:206 ] 
=! Best NMSE: -1.8649e+01 (epoch=340)

I 05.20/17:00:42 solver.py:151 ] => Train  Loss: 1.0159e-02

I 05.20/17:00:43 solver.py:206 ] 
=! Best NMSE: -1.8649e+01 (epoch=340)

I 05.20/17:00:45 solver.py:151 ] => Train  Loss: 1.0119e-02

I 05.20/17:00:46 solver.py:206 ] 
=! Best NMSE: -1.8649e+01 (epoch=340)

I 05.20/17:00:47 solver.py:151 ] => Train  Loss: 1.0134e-02

I 05.20/17:00:48 solver.py:206 ] 
=! Best NMSE: -1.8649e+01 (epoch=340)

I 05.20/17:00:50 solver.py:151 ] => Train  Loss: 1.0130e-02

I 05.20/17:00:51 solver.py:206 ] 
=! Best NMSE: -1.8649e+01 (epoch=340)

I 05.20/17:00:53 solver.py:151 ] => Train  Loss: 1.0148e-02

I 05.20/17:00:54 solver.py:206 ] 
=! Best NMSE: -1.8649e+01 (epoch=340)

I 05.20/17:00:56 solver.py:151 ] => Train  Loss: 1.0146e-02

I 05.20/17:00:58 solver.py:206 ] 
=! Best NMSE: -1.8649e+01 (epoch=340)

I 05.20/17:01:00 solver.py:151 ] => Train  Loss: 1.0128e-02

I 05.20/17:01:01 solver.py:206 ] 
=! Best NMSE: -1.8649e+01 (epoch=340)

I 05.20/17:01:03 solver.py:151 ] => Train  Loss: 1.0141e-02

I 05.20/17:01:03 solver.py:151 ] => Val  Loss: 1.2033e-02

I 05.20/17:01:04 solver.py:285 ] => Test NMSE: -1.8659e+01

I 05.20/17:01:06 solver.py:206 ] 
=! Best NMSE: -1.8659e+01 (epoch=350)

I 05.20/17:01:08 solver.py:151 ] => Train  Loss: 1.0141e-02

I 05.20/17:01:09 solver.py:206 ] 
=! Best NMSE: -1.8659e+01 (epoch=350)

I 05.20/17:01:11 solver.py:151 ] => Train  Loss: 1.0119e-02

I 05.20/17:01:12 solver.py:206 ] 
=! Best NMSE: -1.8659e+01 (epoch=350)

I 05.20/17:01:13 solver.py:151 ] => Train  Loss: 1.0118e-02

I 05.20/17:01:14 solver.py:206 ] 
=! Best NMSE: -1.8659e+01 (epoch=350)

I 05.20/17:01:17 solver.py:151 ] => Train  Loss: 1.0101e-02

I 05.20/17:01:18 solver.py:206 ] 
=! Best NMSE: -1.8659e+01 (epoch=350)

I 05.20/17:01:21 solver.py:151 ] => Train  Loss: 1.0100e-02

I 05.20/17:01:22 solver.py:206 ] 
=! Best NMSE: -1.8659e+01 (epoch=350)

I 05.20/17:01:25 solver.py:151 ] => Train  Loss: 1.0105e-02

I 05.20/17:01:26 solver.py:206 ] 
=! Best NMSE: -1.8659e+01 (epoch=350)

I 05.20/17:01:29 solver.py:151 ] => Train  Loss: 1.0114e-02

I 05.20/17:01:30 solver.py:206 ] 
=! Best NMSE: -1.8659e+01 (epoch=350)

I 05.20/17:01:32 solver.py:151 ] => Train  Loss: 1.0097e-02

I 05.20/17:01:33 solver.py:206 ] 
=! Best NMSE: -1.8659e+01 (epoch=350)

I 05.20/17:01:34 solver.py:151 ] => Train  Loss: 1.0118e-02

I 05.20/17:01:35 solver.py:206 ] 
=! Best NMSE: -1.8659e+01 (epoch=350)

I 05.20/17:01:37 solver.py:151 ] => Train  Loss: 1.0115e-02

I 05.20/17:01:37 solver.py:151 ] => Val  Loss: 1.2013e-02

I 05.20/17:01:38 solver.py:285 ] => Test NMSE: -1.8669e+01

I 05.20/17:01:40 solver.py:206 ] 
=! Best NMSE: -1.8669e+01 (epoch=360)

I 05.20/17:01:43 solver.py:151 ] => Train  Loss: 1.0081e-02

I 05.20/17:01:45 solver.py:206 ] 
=! Best NMSE: -1.8669e+01 (epoch=360)

I 05.20/17:01:48 solver.py:151 ] => Train  Loss: 1.0100e-02

I 05.20/17:01:49 solver.py:206 ] 
=! Best NMSE: -1.8669e+01 (epoch=360)

I 05.20/17:01:50 solver.py:151 ] => Train  Loss: 1.0118e-02

I 05.20/17:01:52 solver.py:206 ] 
=! Best NMSE: -1.8669e+01 (epoch=360)

I 05.20/17:01:54 solver.py:151 ] => Train  Loss: 1.0095e-02

I 05.20/17:01:56 solver.py:206 ] 
=! Best NMSE: -1.8669e+01 (epoch=360)

I 05.20/17:01:59 solver.py:151 ] => Train  Loss: 1.0099e-02

I 05.20/17:02:00 solver.py:206 ] 
=! Best NMSE: -1.8669e+01 (epoch=360)

I 05.20/17:02:02 solver.py:151 ] => Train  Loss: 1.0090e-02

I 05.20/17:02:04 solver.py:206 ] 
=! Best NMSE: -1.8669e+01 (epoch=360)

I 05.20/17:02:06 solver.py:151 ] => Train  Loss: 1.0092e-02

I 05.20/17:02:08 solver.py:206 ] 
=! Best NMSE: -1.8669e+01 (epoch=360)

I 05.20/17:02:10 solver.py:151 ] => Train  Loss: 1.0114e-02

I 05.20/17:02:12 solver.py:206 ] 
=! Best NMSE: -1.8669e+01 (epoch=360)

I 05.20/17:02:14 solver.py:151 ] => Train  Loss: 1.0083e-02

I 05.20/17:02:15 solver.py:206 ] 
=! Best NMSE: -1.8669e+01 (epoch=360)

I 05.20/17:02:18 solver.py:151 ] => Train  Loss: 1.0097e-02

I 05.20/17:02:18 solver.py:151 ] => Val  Loss: 1.1985e-02

I 05.20/17:02:18 solver.py:285 ] => Test NMSE: -1.8678e+01

I 05.20/17:02:21 solver.py:206 ] 
=! Best NMSE: -1.8678e+01 (epoch=370)

I 05.20/17:02:22 solver.py:151 ] => Train  Loss: 1.0133e-02

I 05.20/17:02:23 solver.py:206 ] 
=! Best NMSE: -1.8678e+01 (epoch=370)

I 05.20/17:02:25 solver.py:151 ] => Train  Loss: 1.0094e-02

I 05.20/17:02:26 solver.py:206 ] 
=! Best NMSE: -1.8678e+01 (epoch=370)

I 05.20/17:02:28 solver.py:151 ] => Train  Loss: 1.0078e-02

I 05.20/17:02:29 solver.py:206 ] 
=! Best NMSE: -1.8678e+01 (epoch=370)

I 05.20/17:02:31 solver.py:151 ] => Train  Loss: 1.0106e-02

I 05.20/17:02:32 solver.py:206 ] 
=! Best NMSE: -1.8678e+01 (epoch=370)

I 05.20/17:02:33 solver.py:151 ] => Train  Loss: 1.0103e-02

I 05.20/17:02:34 solver.py:206 ] 
=! Best NMSE: -1.8678e+01 (epoch=370)

I 05.20/17:02:36 solver.py:151 ] => Train  Loss: 1.0102e-02

I 05.20/17:02:37 solver.py:206 ] 
=! Best NMSE: -1.8678e+01 (epoch=370)

I 05.20/17:02:39 solver.py:151 ] => Train  Loss: 1.0093e-02

I 05.20/17:02:40 solver.py:206 ] 
=! Best NMSE: -1.8678e+01 (epoch=370)

I 05.20/17:02:41 solver.py:151 ] => Train  Loss: 1.0076e-02

I 05.20/17:02:42 solver.py:206 ] 
=! Best NMSE: -1.8678e+01 (epoch=370)

I 05.20/17:02:43 solver.py:151 ] => Train  Loss: 1.0066e-02

I 05.20/17:02:44 solver.py:206 ] 
=! Best NMSE: -1.8678e+01 (epoch=370)

I 05.20/17:02:46 solver.py:151 ] => Train  Loss: 1.0074e-02

I 05.20/17:02:47 solver.py:151 ] => Val  Loss: 1.1964e-02

I 05.20/17:02:47 solver.py:285 ] => Test NMSE: -1.8687e+01

I 05.20/17:02:49 solver.py:206 ] 
=! Best NMSE: -1.8687e+01 (epoch=380)

I 05.20/17:02:52 solver.py:151 ] => Train  Loss: 1.0077e-02

I 05.20/17:02:53 solver.py:206 ] 
=! Best NMSE: -1.8687e+01 (epoch=380)

I 05.20/17:02:54 solver.py:151 ] => Train  Loss: 1.0083e-02

I 05.20/17:02:55 solver.py:206 ] 
=! Best NMSE: -1.8687e+01 (epoch=380)

I 05.20/17:02:57 solver.py:151 ] => Train  Loss: 1.0094e-02

I 05.20/17:02:59 solver.py:206 ] 
=! Best NMSE: -1.8687e+01 (epoch=380)

I 05.20/17:03:00 solver.py:151 ] => Train  Loss: 1.0083e-02

I 05.20/17:03:01 solver.py:206 ] 
=! Best NMSE: -1.8687e+01 (epoch=380)

I 05.20/17:03:02 solver.py:151 ] => Train  Loss: 1.0082e-02

I 05.20/17:03:04 solver.py:206 ] 
=! Best NMSE: -1.8687e+01 (epoch=380)

I 05.20/17:03:05 solver.py:151 ] => Train  Loss: 1.0056e-02

I 05.20/17:03:06 solver.py:206 ] 
=! Best NMSE: -1.8687e+01 (epoch=380)

I 05.20/17:03:08 solver.py:151 ] => Train  Loss: 1.0069e-02

I 05.20/17:03:09 solver.py:206 ] 
=! Best NMSE: -1.8687e+01 (epoch=380)

I 05.20/17:03:10 solver.py:151 ] => Train  Loss: 1.0058e-02

I 05.20/17:03:11 solver.py:206 ] 
=! Best NMSE: -1.8687e+01 (epoch=380)

I 05.20/17:03:13 solver.py:151 ] => Train  Loss: 1.0082e-02

I 05.20/17:03:14 solver.py:206 ] 
=! Best NMSE: -1.8687e+01 (epoch=380)

I 05.20/17:03:15 solver.py:151 ] => Train  Loss: 1.0095e-02

I 05.20/17:03:16 solver.py:151 ] => Val  Loss: 1.1943e-02

I 05.20/17:03:16 solver.py:285 ] => Test NMSE: -1.8693e+01

I 05.20/17:03:19 solver.py:206 ] 
=! Best NMSE: -1.8693e+01 (epoch=390)

I 05.20/17:03:21 solver.py:151 ] => Train  Loss: 1.0075e-02

I 05.20/17:03:22 solver.py:206 ] 
=! Best NMSE: -1.8693e+01 (epoch=390)

I 05.20/17:03:23 solver.py:151 ] => Train  Loss: 1.0068e-02

I 05.20/17:03:24 solver.py:206 ] 
=! Best NMSE: -1.8693e+01 (epoch=390)

I 05.20/17:03:26 solver.py:151 ] => Train  Loss: 1.0080e-02

I 05.20/17:03:28 solver.py:206 ] 
=! Best NMSE: -1.8693e+01 (epoch=390)

I 05.20/17:03:30 solver.py:151 ] => Train  Loss: 1.0062e-02

I 05.20/17:03:31 solver.py:206 ] 
=! Best NMSE: -1.8693e+01 (epoch=390)

I 05.20/17:03:33 solver.py:151 ] => Train  Loss: 1.0081e-02

I 05.20/17:03:34 solver.py:206 ] 
=! Best NMSE: -1.8693e+01 (epoch=390)

I 05.20/17:03:35 solver.py:151 ] => Train  Loss: 1.0070e-02

I 05.20/17:03:36 solver.py:206 ] 
=! Best NMSE: -1.8693e+01 (epoch=390)

I 05.20/17:03:38 solver.py:151 ] => Train  Loss: 1.0041e-02

I 05.20/17:03:40 solver.py:206 ] 
=! Best NMSE: -1.8693e+01 (epoch=390)

I 05.20/17:03:42 solver.py:151 ] => Train  Loss: 1.0072e-02

I 05.20/17:03:43 solver.py:206 ] 
=! Best NMSE: -1.8693e+01 (epoch=390)

I 05.20/17:03:46 solver.py:151 ] => Train  Loss: 1.0069e-02

I 05.20/17:03:47 solver.py:206 ] 
=! Best NMSE: -1.8693e+01 (epoch=390)

I 05.20/17:03:49 solver.py:151 ] => Train  Loss: 1.0084e-02

I 05.20/17:03:50 solver.py:151 ] => Val  Loss: 1.1923e-02

I 05.20/17:03:50 solver.py:285 ] => Test NMSE: -1.8702e+01

I 05.20/17:03:52 solver.py:206 ] 
=! Best NMSE: -1.8702e+01 (epoch=400)

I 05.20/17:03:53 solver.py:229 ] => Saved encoder outputs to /storage/hujiacong/zxd/Huawei/TransNet/exps/01878_seed42_400ep_5e-4/encoder_output.pth
I 05.20/17:03:53 solver.py:285 ] => Test NMSE: -1.8702e+01

I 05.20/17:03:53 solver.py:254 ] 
=> Test result: 
loss: 1.0110e-02    NMSE: -1.8702e+01

I 05.20/17:03:53 main.py:87  ] 
=! Final test loss: 1.0110e-02
         test NMSE: -1.8702e+01

