I 05.20/21:16:08 main.py:23  ] => Experiment directory: /storage/hujiacong/zxd/Huawei/TransNet/exps/freeze_decoder_ffn
I 05.20/21:16:08 main.py:24  ] => PyTorch Version: 2.5.1
I 05.20/21:16:08 init.py:14  ] Random seed set to 3447
I 05.20/21:16:08 init.py:69  ] Running on GPU 3
I 05.20/21:16:10 init.py:100 ] => Model Name: TransNet [pretrained: None]
I 05.20/21:16:10 init.py:101 ] => Model Config: compression ratio=1/4; input shape=(2, 64, 64); input dim=8192
I 05.20/21:16:10 init.py:104 ] => Model Flops: 168.133M
I 05.20/21:16:10 init.py:105 ] => Model Params Num: 34.094M

I 05.20/21:16:10 init.py:106 ] 
**********
Transformer(
  (encoder): TransformerEncoder(
    (layer): TransformerEncoderLayer(
      (self_attn): MultiheadAttention(
        (out_proj): Linear(in_features=64, out_features=64, bias=True)
      )
      (linear1): Linear(in_features=64, out_features=2048, bias=True)
      (dropout): Dropout(p=0.0, inplace=False)
      (linear2): Linear(in_features=2048, out_features=64, bias=True)
      (norm1): LayerNorm((64,), eps=1e-05, elementwise_affine=True)
      (norm2): LayerNorm((64,), eps=1e-05, elementwise_affine=True)
      (dropout1): Dropout(p=0.0, inplace=False)
      (dropout2): Dropout(p=0.0, inplace=False)
    )
  )
  (decoder): TransformerDecoder(
    (layer): TransformerDecoderLayer(
      (self_attn): MultiheadAttention(
        (out_proj): Linear(in_features=64, out_features=64, bias=True)
      )
      (multihead_attn): MultiheadAttention(
        (out_proj): Linear(in_features=64, out_features=64, bias=True)
      )
      (linear1): Linear(in_features=64, out_features=2048, bias=True)
      (dropout): Dropout(p=0.0, inplace=False)
      (linear2): Linear(in_features=2048, out_features=64, bias=True)
      (norm1): LayerNorm((64,), eps=1e-05, elementwise_affine=True)
      (norm2): LayerNorm((64,), eps=1e-05, elementwise_affine=True)
      (norm3): LayerNorm((64,), eps=1e-05, elementwise_affine=True)
      (dropout1): Dropout(p=0.0, inplace=False)
      (dropout2): Dropout(p=0.0, inplace=False)
      (dropout3): Dropout(p=0.0, inplace=False)
    )
    (norm): LayerNorm((64,), eps=1e-05, elementwise_affine=True)
  )
  (fc_encoder): Linear(in_features=8192, out_features=2048, bias=True)
  (fc_decoder): Linear(in_features=2048, out_features=8192, bias=True)
)
**********

I 05.20/21:16:10 init.py:42  ] => Frozen components: decoder_ffn
I 05.20/21:16:10 init.py:46  ] 
**********
=> Parameter trainable status
**********
I 05.20/21:16:10 init.py:48  ] encoder.layer.self_attn.in_proj_weight | trainable=True | shape=(192, 64)
I 05.20/21:16:10 init.py:48  ] encoder.layer.self_attn.in_proj_bias | trainable=True | shape=(192,)
I 05.20/21:16:10 init.py:48  ] encoder.layer.self_attn.out_proj.weight | trainable=True | shape=(64, 64)
I 05.20/21:16:10 init.py:48  ] encoder.layer.self_attn.out_proj.bias | trainable=True | shape=(64,)
I 05.20/21:16:10 init.py:48  ] encoder.layer.linear1.weight | trainable=True | shape=(2048, 64)
I 05.20/21:16:10 init.py:48  ] encoder.layer.linear1.bias | trainable=True | shape=(2048,)
I 05.20/21:16:10 init.py:48  ] encoder.layer.linear2.weight | trainable=True | shape=(64, 2048)
I 05.20/21:16:10 init.py:48  ] encoder.layer.linear2.bias | trainable=True | shape=(64,)
I 05.20/21:16:10 init.py:48  ] encoder.layer.norm1.weight | trainable=True | shape=(64,)
I 05.20/21:16:10 init.py:48  ] encoder.layer.norm1.bias | trainable=True | shape=(64,)
I 05.20/21:16:10 init.py:48  ] encoder.layer.norm2.weight | trainable=True | shape=(64,)
I 05.20/21:16:10 init.py:48  ] encoder.layer.norm2.bias | trainable=True | shape=(64,)
I 05.20/21:16:10 init.py:48  ] decoder.layer.self_attn.in_proj_weight | trainable=True | shape=(192, 64)
I 05.20/21:16:10 init.py:48  ] decoder.layer.self_attn.in_proj_bias | trainable=True | shape=(192,)
I 05.20/21:16:10 init.py:48  ] decoder.layer.self_attn.out_proj.weight | trainable=True | shape=(64, 64)
I 05.20/21:16:10 init.py:48  ] decoder.layer.self_attn.out_proj.bias | trainable=True | shape=(64,)
I 05.20/21:16:10 init.py:48  ] decoder.layer.multihead_attn.in_proj_weight | trainable=True | shape=(192, 64)
I 05.20/21:16:10 init.py:48  ] decoder.layer.multihead_attn.in_proj_bias | trainable=True | shape=(192,)
I 05.20/21:16:10 init.py:48  ] decoder.layer.multihead_attn.out_proj.weight | trainable=True | shape=(64, 64)
I 05.20/21:16:10 init.py:48  ] decoder.layer.multihead_attn.out_proj.bias | trainable=True | shape=(64,)
I 05.20/21:16:10 init.py:48  ] decoder.layer.linear1.weight | trainable=False | shape=(2048, 64)
I 05.20/21:16:10 init.py:48  ] decoder.layer.linear1.bias | trainable=False | shape=(2048,)
I 05.20/21:16:10 init.py:48  ] decoder.layer.linear2.weight | trainable=False | shape=(64, 2048)
I 05.20/21:16:10 init.py:48  ] decoder.layer.linear2.bias | trainable=False | shape=(64,)
I 05.20/21:16:10 init.py:48  ] decoder.layer.norm1.weight | trainable=True | shape=(64,)
I 05.20/21:16:10 init.py:48  ] decoder.layer.norm1.bias | trainable=True | shape=(64,)
I 05.20/21:16:10 init.py:48  ] decoder.layer.norm2.weight | trainable=True | shape=(64,)
I 05.20/21:16:10 init.py:48  ] decoder.layer.norm2.bias | trainable=True | shape=(64,)
I 05.20/21:16:10 init.py:48  ] decoder.layer.norm3.weight | trainable=True | shape=(64,)
I 05.20/21:16:10 init.py:48  ] decoder.layer.norm3.bias | trainable=True | shape=(64,)
I 05.20/21:16:10 init.py:48  ] decoder.norm.weight | trainable=True | shape=(64,)
I 05.20/21:16:10 init.py:48  ] decoder.norm.bias | trainable=True | shape=(64,)
I 05.20/21:16:10 init.py:48  ] fc_encoder.weight | trainable=True | shape=(2048, 8192)
I 05.20/21:16:10 init.py:48  ] fc_encoder.bias | trainable=True | shape=(2048,)
I 05.20/21:16:10 init.py:48  ] fc_decoder.weight | trainable=True | shape=(8192, 2048)
I 05.20/21:16:10 init.py:48  ] fc_decoder.bias | trainable=True | shape=(8192,)
I 05.20/21:16:10 init.py:49  ] **********
I 05.20/21:16:13 solver.py:151 ] => Train  Loss: 1.4956e+00

I 05.20/21:16:16 solver.py:151 ] => Train  Loss: 1.4576e+00

I 05.20/21:16:18 solver.py:151 ] => Train  Loss: 1.3703e+00

I 05.20/21:16:20 solver.py:151 ] => Train  Loss: 1.2430e+00

I 05.20/21:16:23 solver.py:151 ] => Train  Loss: 1.0957e+00

I 05.20/21:16:25 solver.py:151 ] => Train  Loss: 9.4704e-01

I 05.20/21:16:28 solver.py:151 ] => Train  Loss: 8.0912e-01

I 05.20/21:16:30 solver.py:151 ] => Train  Loss: 6.8673e-01

I 05.20/21:16:33 solver.py:151 ] => Train  Loss: 5.8534e-01

I 05.20/21:16:35 solver.py:151 ] => Train  Loss: 5.0055e-01

I 05.20/21:16:35 solver.py:151 ] => Val  Loss: 4.8078e-01

I 05.20/21:16:35 solver.py:285 ] => Test NMSE: -2.1200e+00

I 05.20/21:16:38 solver.py:206 ] 
=! Best NMSE: -2.1200e+00 (epoch=10)

I 05.20/21:16:39 solver.py:151 ] => Train  Loss: 4.3209e-01

I 05.20/21:16:40 solver.py:206 ] 
=! Best NMSE: -2.1200e+00 (epoch=10)

I 05.20/21:16:41 solver.py:151 ] => Train  Loss: 3.7760e-01

I 05.20/21:16:42 solver.py:206 ] 
=! Best NMSE: -2.1200e+00 (epoch=10)

I 05.20/21:16:43 solver.py:151 ] => Train  Loss: 3.3269e-01

I 05.20/21:16:45 solver.py:206 ] 
=! Best NMSE: -2.1200e+00 (epoch=10)

I 05.20/21:16:46 solver.py:151 ] => Train  Loss: 2.9656e-01

I 05.20/21:16:48 solver.py:206 ] 
=! Best NMSE: -2.1200e+00 (epoch=10)

I 05.20/21:16:49 solver.py:151 ] => Train  Loss: 2.6726e-01

I 05.20/21:16:50 solver.py:206 ] 
=! Best NMSE: -2.1200e+00 (epoch=10)

I 05.20/21:16:51 solver.py:151 ] => Train  Loss: 2.4382e-01

I 05.20/21:16:53 solver.py:206 ] 
=! Best NMSE: -2.1200e+00 (epoch=10)

I 05.20/21:16:54 solver.py:151 ] => Train  Loss: 2.2457e-01

I 05.20/21:16:56 solver.py:206 ] 
=! Best NMSE: -2.1200e+00 (epoch=10)

I 05.20/21:16:58 solver.py:151 ] => Train  Loss: 2.0981e-01

I 05.20/21:16:59 solver.py:206 ] 
=! Best NMSE: -2.1200e+00 (epoch=10)

I 05.20/21:17:01 solver.py:151 ] => Train  Loss: 1.9738e-01

I 05.20/21:17:02 solver.py:206 ] 
=! Best NMSE: -2.1200e+00 (epoch=10)

I 05.20/21:17:03 solver.py:151 ] => Train  Loss: 1.8727e-01

I 05.20/21:17:04 solver.py:151 ] => Val  Loss: 1.9849e-01

I 05.20/21:17:04 solver.py:285 ] => Test NMSE: -5.9910e+00

I 05.20/21:17:07 solver.py:206 ] 
=! Best NMSE: -5.9910e+00 (epoch=20)

I 05.20/21:17:08 solver.py:151 ] => Train  Loss: 1.7916e-01

I 05.20/21:17:10 solver.py:206 ] 
=! Best NMSE: -5.9910e+00 (epoch=20)

I 05.20/21:17:11 solver.py:151 ] => Train  Loss: 1.7236e-01

I 05.20/21:17:12 solver.py:206 ] 
=! Best NMSE: -5.9910e+00 (epoch=20)

I 05.20/21:17:13 solver.py:151 ] => Train  Loss: 1.6589e-01

I 05.20/21:17:15 solver.py:206 ] 
=! Best NMSE: -5.9910e+00 (epoch=20)

I 05.20/21:17:16 solver.py:151 ] => Train  Loss: 1.6059e-01

I 05.20/21:17:17 solver.py:206 ] 
=! Best NMSE: -5.9910e+00 (epoch=20)

I 05.20/21:17:18 solver.py:151 ] => Train  Loss: 1.5606e-01

I 05.20/21:17:20 solver.py:206 ] 
=! Best NMSE: -5.9910e+00 (epoch=20)

I 05.20/21:17:21 solver.py:151 ] => Train  Loss: 1.5139e-01

I 05.20/21:17:23 solver.py:206 ] 
=! Best NMSE: -5.9910e+00 (epoch=20)

I 05.20/21:17:24 solver.py:151 ] => Train  Loss: 1.4710e-01

I 05.20/21:17:25 solver.py:206 ] 
=! Best NMSE: -5.9910e+00 (epoch=20)

I 05.20/21:17:26 solver.py:151 ] => Train  Loss: 1.4324e-01

I 05.20/21:17:27 solver.py:206 ] 
=! Best NMSE: -5.9910e+00 (epoch=20)

I 05.20/21:17:28 solver.py:151 ] => Train  Loss: 1.3988e-01

I 05.20/21:17:30 solver.py:206 ] 
=! Best NMSE: -5.9910e+00 (epoch=20)

I 05.20/21:17:31 solver.py:151 ] => Train  Loss: 1.3604e-01

I 05.20/21:17:31 solver.py:151 ] => Val  Loss: 1.4587e-01

I 05.20/21:17:31 solver.py:285 ] => Test NMSE: -7.2754e+00

I 05.20/21:17:35 solver.py:206 ] 
=! Best NMSE: -7.2754e+00 (epoch=30)

I 05.20/21:17:36 solver.py:151 ] => Train  Loss: 1.3279e-01

I 05.20/21:17:37 solver.py:206 ] 
=! Best NMSE: -7.2754e+00 (epoch=30)

I 05.20/21:17:38 solver.py:151 ] => Train  Loss: 1.2942e-01

I 05.20/21:17:40 solver.py:206 ] 
=! Best NMSE: -7.2754e+00 (epoch=30)

I 05.20/21:17:41 solver.py:151 ] => Train  Loss: 1.2657e-01

I 05.20/21:17:42 solver.py:206 ] 
=! Best NMSE: -7.2754e+00 (epoch=30)

I 05.20/21:17:44 solver.py:151 ] => Train  Loss: 1.2354e-01

I 05.20/21:17:45 solver.py:206 ] 
=! Best NMSE: -7.2754e+00 (epoch=30)

I 05.20/21:17:47 solver.py:151 ] => Train  Loss: 1.2061e-01

I 05.20/21:17:49 solver.py:206 ] 
=! Best NMSE: -7.2754e+00 (epoch=30)

I 05.20/21:17:50 solver.py:151 ] => Train  Loss: 1.1782e-01

I 05.20/21:17:51 solver.py:206 ] 
=! Best NMSE: -7.2754e+00 (epoch=30)

I 05.20/21:17:52 solver.py:151 ] => Train  Loss: 1.1524e-01

I 05.20/21:17:54 solver.py:206 ] 
=! Best NMSE: -7.2754e+00 (epoch=30)

I 05.20/21:17:55 solver.py:151 ] => Train  Loss: 1.1261e-01

I 05.20/21:17:56 solver.py:206 ] 
=! Best NMSE: -7.2754e+00 (epoch=30)

I 05.20/21:17:57 solver.py:151 ] => Train  Loss: 1.1029e-01

I 05.20/21:17:59 solver.py:206 ] 
=! Best NMSE: -7.2754e+00 (epoch=30)

I 05.20/21:18:00 solver.py:151 ] => Train  Loss: 1.0801e-01

I 05.20/21:18:00 solver.py:151 ] => Val  Loss: 1.1628e-01

I 05.20/21:18:01 solver.py:285 ] => Test NMSE: -8.2577e+00

I 05.20/21:18:04 solver.py:206 ] 
=! Best NMSE: -8.2577e+00 (epoch=40)

I 05.20/21:18:05 solver.py:151 ] => Train  Loss: 1.0543e-01

I 05.20/21:18:07 solver.py:206 ] 
=! Best NMSE: -8.2577e+00 (epoch=40)

I 05.20/21:18:09 solver.py:151 ] => Train  Loss: 1.0313e-01

I 05.20/21:18:11 solver.py:206 ] 
=! Best NMSE: -8.2577e+00 (epoch=40)

I 05.20/21:18:13 solver.py:151 ] => Train  Loss: 1.0075e-01

I 05.20/21:18:14 solver.py:206 ] 
=! Best NMSE: -8.2577e+00 (epoch=40)

I 05.20/21:18:16 solver.py:151 ] => Train  Loss: 9.8602e-02

I 05.20/21:18:18 solver.py:206 ] 
=! Best NMSE: -8.2577e+00 (epoch=40)

I 05.20/21:18:20 solver.py:151 ] => Train  Loss: 9.6563e-02

I 05.20/21:18:21 solver.py:206 ] 
=! Best NMSE: -8.2577e+00 (epoch=40)

I 05.20/21:18:22 solver.py:151 ] => Train  Loss: 9.4706e-02

I 05.20/21:18:24 solver.py:206 ] 
=! Best NMSE: -8.2577e+00 (epoch=40)

I 05.20/21:18:26 solver.py:151 ] => Train  Loss: 9.2733e-02

I 05.20/21:18:28 solver.py:206 ] 
=! Best NMSE: -8.2577e+00 (epoch=40)

I 05.20/21:18:30 solver.py:151 ] => Train  Loss: 9.0921e-02

I 05.20/21:18:32 solver.py:206 ] 
=! Best NMSE: -8.2577e+00 (epoch=40)

I 05.20/21:18:34 solver.py:151 ] => Train  Loss: 8.9101e-02

I 05.20/21:18:35 solver.py:206 ] 
=! Best NMSE: -8.2577e+00 (epoch=40)

I 05.20/21:18:37 solver.py:151 ] => Train  Loss: 8.7347e-02

I 05.20/21:18:38 solver.py:151 ] => Val  Loss: 9.5297e-02

I 05.20/21:18:38 solver.py:285 ] => Test NMSE: -9.1335e+00

I 05.20/21:18:41 solver.py:206 ] 
=! Best NMSE: -9.1335e+00 (epoch=50)

I 05.20/21:18:42 solver.py:151 ] => Train  Loss: 8.5720e-02

I 05.20/21:18:43 solver.py:206 ] 
=! Best NMSE: -9.1335e+00 (epoch=50)

I 05.20/21:18:45 solver.py:151 ] => Train  Loss: 8.3997e-02

I 05.20/21:18:46 solver.py:206 ] 
=! Best NMSE: -9.1335e+00 (epoch=50)

I 05.20/21:18:48 solver.py:151 ] => Train  Loss: 8.2451e-02

I 05.20/21:18:49 solver.py:206 ] 
=! Best NMSE: -9.1335e+00 (epoch=50)

I 05.20/21:18:51 solver.py:151 ] => Train  Loss: 8.0993e-02

I 05.20/21:18:53 solver.py:206 ] 
=! Best NMSE: -9.1335e+00 (epoch=50)

I 05.20/21:18:54 solver.py:151 ] => Train  Loss: 7.9415e-02

I 05.20/21:18:55 solver.py:206 ] 
=! Best NMSE: -9.1335e+00 (epoch=50)

I 05.20/21:18:56 solver.py:151 ] => Train  Loss: 7.8008e-02

I 05.20/21:18:58 solver.py:206 ] 
=! Best NMSE: -9.1335e+00 (epoch=50)

I 05.20/21:18:59 solver.py:151 ] => Train  Loss: 7.6605e-02

I 05.20/21:19:00 solver.py:206 ] 
=! Best NMSE: -9.1335e+00 (epoch=50)

I 05.20/21:19:02 solver.py:151 ] => Train  Loss: 7.5223e-02

I 05.20/21:19:04 solver.py:206 ] 
=! Best NMSE: -9.1335e+00 (epoch=50)

I 05.20/21:19:05 solver.py:151 ] => Train  Loss: 7.3848e-02

I 05.20/21:19:07 solver.py:206 ] 
=! Best NMSE: -9.1335e+00 (epoch=50)

I 05.20/21:19:08 solver.py:151 ] => Train  Loss: 7.2480e-02

I 05.20/21:19:08 solver.py:151 ] => Val  Loss: 7.9546e-02

I 05.20/21:19:08 solver.py:285 ] => Test NMSE: -9.9324e+00

I 05.20/21:19:12 solver.py:206 ] 
=! Best NMSE: -9.9324e+00 (epoch=60)

I 05.20/21:19:14 solver.py:151 ] => Train  Loss: 7.1234e-02

I 05.20/21:19:15 solver.py:206 ] 
=! Best NMSE: -9.9324e+00 (epoch=60)

I 05.20/21:19:17 solver.py:151 ] => Train  Loss: 6.9939e-02

I 05.20/21:19:19 solver.py:206 ] 
=! Best NMSE: -9.9324e+00 (epoch=60)

I 05.20/21:19:20 solver.py:151 ] => Train  Loss: 6.8681e-02

I 05.20/21:19:23 solver.py:206 ] 
=! Best NMSE: -9.9324e+00 (epoch=60)

I 05.20/21:19:25 solver.py:151 ] => Train  Loss: 6.7468e-02

I 05.20/21:19:27 solver.py:206 ] 
=! Best NMSE: -9.9324e+00 (epoch=60)

I 05.20/21:19:28 solver.py:151 ] => Train  Loss: 6.6259e-02

I 05.20/21:19:29 solver.py:206 ] 
=! Best NMSE: -9.9324e+00 (epoch=60)

I 05.20/21:19:30 solver.py:151 ] => Train  Loss: 6.5073e-02

I 05.20/21:19:32 solver.py:206 ] 
=! Best NMSE: -9.9324e+00 (epoch=60)

I 05.20/21:19:34 solver.py:151 ] => Train  Loss: 6.3916e-02

I 05.20/21:19:36 solver.py:206 ] 
=! Best NMSE: -9.9324e+00 (epoch=60)

I 05.20/21:19:38 solver.py:151 ] => Train  Loss: 6.2715e-02

I 05.20/21:19:39 solver.py:206 ] 
=! Best NMSE: -9.9324e+00 (epoch=60)

I 05.20/21:19:41 solver.py:151 ] => Train  Loss: 6.1632e-02

I 05.20/21:19:43 solver.py:206 ] 
=! Best NMSE: -9.9324e+00 (epoch=60)

I 05.20/21:19:45 solver.py:151 ] => Train  Loss: 6.0488e-02

I 05.20/21:19:45 solver.py:151 ] => Val  Loss: 6.7180e-02

I 05.20/21:19:45 solver.py:285 ] => Test NMSE: -1.0696e+01

I 05.20/21:19:49 solver.py:206 ] 
=! Best NMSE: -1.0696e+01 (epoch=70)

I 05.20/21:19:51 solver.py:151 ] => Train  Loss: 5.9442e-02

I 05.20/21:19:53 solver.py:206 ] 
=! Best NMSE: -1.0696e+01 (epoch=70)

I 05.20/21:19:55 solver.py:151 ] => Train  Loss: 5.8465e-02

I 05.20/21:19:57 solver.py:206 ] 
=! Best NMSE: -1.0696e+01 (epoch=70)

I 05.20/21:19:59 solver.py:151 ] => Train  Loss: 5.7506e-02

I 05.20/21:20:00 solver.py:206 ] 
=! Best NMSE: -1.0696e+01 (epoch=70)

I 05.20/21:20:02 solver.py:151 ] => Train  Loss: 5.6472e-02

I 05.20/21:20:04 solver.py:206 ] 
=! Best NMSE: -1.0696e+01 (epoch=70)

I 05.20/21:20:06 solver.py:151 ] => Train  Loss: 5.5535e-02

I 05.20/21:20:07 solver.py:206 ] 
=! Best NMSE: -1.0696e+01 (epoch=70)

I 05.20/21:20:08 solver.py:151 ] => Train  Loss: 5.4487e-02

I 05.20/21:20:09 solver.py:206 ] 
=! Best NMSE: -1.0696e+01 (epoch=70)

I 05.20/21:20:11 solver.py:151 ] => Train  Loss: 5.3555e-02

I 05.20/21:20:13 solver.py:206 ] 
=! Best NMSE: -1.0696e+01 (epoch=70)

I 05.20/21:20:14 solver.py:151 ] => Train  Loss: 5.2559e-02

I 05.20/21:20:16 solver.py:206 ] 
=! Best NMSE: -1.0696e+01 (epoch=70)

I 05.20/21:20:18 solver.py:151 ] => Train  Loss: 5.1602e-02

I 05.20/21:20:20 solver.py:206 ] 
=! Best NMSE: -1.0696e+01 (epoch=70)

I 05.20/21:20:22 solver.py:151 ] => Train  Loss: 5.0704e-02

I 05.20/21:20:22 solver.py:151 ] => Val  Loss: 5.7034e-02

I 05.20/21:20:22 solver.py:285 ] => Test NMSE: -1.1438e+01

I 05.20/21:20:25 solver.py:206 ] 
=! Best NMSE: -1.1438e+01 (epoch=80)

I 05.20/21:20:26 solver.py:151 ] => Train  Loss: 4.9797e-02

I 05.20/21:20:28 solver.py:206 ] 
=! Best NMSE: -1.1438e+01 (epoch=80)

I 05.20/21:20:29 solver.py:151 ] => Train  Loss: 4.9053e-02

I 05.20/21:20:30 solver.py:206 ] 
=! Best NMSE: -1.1438e+01 (epoch=80)

I 05.20/21:20:31 solver.py:151 ] => Train  Loss: 4.8130e-02

I 05.20/21:20:32 solver.py:206 ] 
=! Best NMSE: -1.1438e+01 (epoch=80)

I 05.20/21:20:33 solver.py:151 ] => Train  Loss: 4.7286e-02

I 05.20/21:20:35 solver.py:206 ] 
=! Best NMSE: -1.1438e+01 (epoch=80)

I 05.20/21:20:36 solver.py:151 ] => Train  Loss: 4.6578e-02

I 05.20/21:20:37 solver.py:206 ] 
=! Best NMSE: -1.1438e+01 (epoch=80)

I 05.20/21:20:38 solver.py:151 ] => Train  Loss: 4.5706e-02

I 05.20/21:20:40 solver.py:206 ] 
=! Best NMSE: -1.1438e+01 (epoch=80)

I 05.20/21:20:41 solver.py:151 ] => Train  Loss: 4.4973e-02

I 05.20/21:20:42 solver.py:206 ] 
=! Best NMSE: -1.1438e+01 (epoch=80)

I 05.20/21:20:43 solver.py:151 ] => Train  Loss: 4.4246e-02

I 05.20/21:20:44 solver.py:206 ] 
=! Best NMSE: -1.1438e+01 (epoch=80)

I 05.20/21:20:45 solver.py:151 ] => Train  Loss: 4.3442e-02

I 05.20/21:20:47 solver.py:206 ] 
=! Best NMSE: -1.1438e+01 (epoch=80)

I 05.20/21:20:48 solver.py:151 ] => Train  Loss: 4.2694e-02

I 05.20/21:20:48 solver.py:151 ] => Val  Loss: 4.8779e-02

I 05.20/21:20:48 solver.py:285 ] => Test NMSE: -1.2154e+01

I 05.20/21:20:51 solver.py:206 ] 
=! Best NMSE: -1.2154e+01 (epoch=90)

I 05.20/21:20:53 solver.py:151 ] => Train  Loss: 4.1939e-02

I 05.20/21:20:54 solver.py:206 ] 
=! Best NMSE: -1.2154e+01 (epoch=90)

I 05.20/21:20:56 solver.py:151 ] => Train  Loss: 4.1234e-02

I 05.20/21:20:57 solver.py:206 ] 
=! Best NMSE: -1.2154e+01 (epoch=90)

I 05.20/21:20:59 solver.py:151 ] => Train  Loss: 4.0517e-02

I 05.20/21:21:01 solver.py:206 ] 
=! Best NMSE: -1.2154e+01 (epoch=90)

I 05.20/21:21:03 solver.py:151 ] => Train  Loss: 3.9929e-02

I 05.20/21:21:05 solver.py:206 ] 
=! Best NMSE: -1.2154e+01 (epoch=90)

I 05.20/21:21:07 solver.py:151 ] => Train  Loss: 3.9213e-02

I 05.20/21:21:08 solver.py:206 ] 
=! Best NMSE: -1.2154e+01 (epoch=90)

I 05.20/21:21:10 solver.py:151 ] => Train  Loss: 3.8551e-02

I 05.20/21:21:12 solver.py:206 ] 
=! Best NMSE: -1.2154e+01 (epoch=90)

I 05.20/21:21:13 solver.py:151 ] => Train  Loss: 3.7875e-02

I 05.20/21:21:15 solver.py:206 ] 
=! Best NMSE: -1.2154e+01 (epoch=90)

I 05.20/21:21:16 solver.py:151 ] => Train  Loss: 3.7284e-02

I 05.20/21:21:17 solver.py:206 ] 
=! Best NMSE: -1.2154e+01 (epoch=90)

I 05.20/21:21:19 solver.py:151 ] => Train  Loss: 3.6637e-02

I 05.20/21:21:20 solver.py:206 ] 
=! Best NMSE: -1.2154e+01 (epoch=90)

I 05.20/21:21:21 solver.py:151 ] => Train  Loss: 3.6114e-02

I 05.20/21:21:21 solver.py:151 ] => Val  Loss: 4.2040e-02

I 05.20/21:21:21 solver.py:285 ] => Test NMSE: -1.2836e+01

I 05.20/21:21:24 solver.py:206 ] 
=! Best NMSE: -1.2836e+01 (epoch=100)

I 05.20/21:21:25 solver.py:151 ] => Train  Loss: 3.5492e-02

I 05.20/21:21:27 solver.py:206 ] 
=! Best NMSE: -1.2836e+01 (epoch=100)

I 05.20/21:21:28 solver.py:151 ] => Train  Loss: 3.4977e-02

I 05.20/21:21:30 solver.py:206 ] 
=! Best NMSE: -1.2836e+01 (epoch=100)

I 05.20/21:21:32 solver.py:151 ] => Train  Loss: 3.4362e-02

I 05.20/21:21:34 solver.py:206 ] 
=! Best NMSE: -1.2836e+01 (epoch=100)

I 05.20/21:21:35 solver.py:151 ] => Train  Loss: 3.3809e-02

I 05.20/21:21:36 solver.py:206 ] 
=! Best NMSE: -1.2836e+01 (epoch=100)

I 05.20/21:21:37 solver.py:151 ] => Train  Loss: 3.3257e-02

I 05.20/21:21:39 solver.py:206 ] 
=! Best NMSE: -1.2836e+01 (epoch=100)

I 05.20/21:21:39 solver.py:151 ] => Train  Loss: 3.2785e-02

I 05.20/21:21:41 solver.py:206 ] 
=! Best NMSE: -1.2836e+01 (epoch=100)

I 05.20/21:21:42 solver.py:151 ] => Train  Loss: 3.2274e-02

I 05.20/21:21:43 solver.py:206 ] 
=! Best NMSE: -1.2836e+01 (epoch=100)

I 05.20/21:21:45 solver.py:151 ] => Train  Loss: 3.1784e-02

I 05.20/21:21:46 solver.py:206 ] 
=! Best NMSE: -1.2836e+01 (epoch=100)

I 05.20/21:21:47 solver.py:151 ] => Train  Loss: 3.1323e-02

I 05.20/21:21:48 solver.py:206 ] 
=! Best NMSE: -1.2836e+01 (epoch=100)

I 05.20/21:21:50 solver.py:151 ] => Train  Loss: 3.0844e-02

I 05.20/21:21:50 solver.py:151 ] => Val  Loss: 3.6587e-02

I 05.20/21:21:50 solver.py:285 ] => Test NMSE: -1.3482e+01

I 05.20/21:21:53 solver.py:206 ] 
=! Best NMSE: -1.3482e+01 (epoch=110)

I 05.20/21:21:54 solver.py:151 ] => Train  Loss: 3.0364e-02

I 05.20/21:21:55 solver.py:206 ] 
=! Best NMSE: -1.3482e+01 (epoch=110)

I 05.20/21:21:56 solver.py:151 ] => Train  Loss: 2.9890e-02

I 05.20/21:21:58 solver.py:206 ] 
=! Best NMSE: -1.3482e+01 (epoch=110)

I 05.20/21:21:59 solver.py:151 ] => Train  Loss: 2.9479e-02

I 05.20/21:22:00 solver.py:206 ] 
=! Best NMSE: -1.3482e+01 (epoch=110)

I 05.20/21:22:01 solver.py:151 ] => Train  Loss: 2.9120e-02

I 05.20/21:22:03 solver.py:206 ] 
=! Best NMSE: -1.3482e+01 (epoch=110)

I 05.20/21:22:04 solver.py:151 ] => Train  Loss: 2.8672e-02

I 05.20/21:22:06 solver.py:206 ] 
=! Best NMSE: -1.3482e+01 (epoch=110)

I 05.20/21:22:07 solver.py:151 ] => Train  Loss: 2.8191e-02

I 05.20/21:22:08 solver.py:206 ] 
=! Best NMSE: -1.3482e+01 (epoch=110)

I 05.20/21:22:09 solver.py:151 ] => Train  Loss: 2.7894e-02

I 05.20/21:22:10 solver.py:206 ] 
=! Best NMSE: -1.3482e+01 (epoch=110)

I 05.20/21:22:11 solver.py:151 ] => Train  Loss: 2.7409e-02

I 05.20/21:22:13 solver.py:206 ] 
=! Best NMSE: -1.3482e+01 (epoch=110)

I 05.20/21:22:14 solver.py:151 ] => Train  Loss: 2.7050e-02

I 05.20/21:22:16 solver.py:206 ] 
=! Best NMSE: -1.3482e+01 (epoch=110)

I 05.20/21:22:17 solver.py:151 ] => Train  Loss: 2.6621e-02

I 05.20/21:22:17 solver.py:151 ] => Val  Loss: 3.2285e-02

I 05.20/21:22:17 solver.py:285 ] => Test NMSE: -1.4066e+01

I 05.20/21:22:20 solver.py:206 ] 
=! Best NMSE: -1.4066e+01 (epoch=120)

I 05.20/21:22:21 solver.py:151 ] => Train  Loss: 2.6283e-02

I 05.20/21:22:22 solver.py:206 ] 
=! Best NMSE: -1.4066e+01 (epoch=120)

I 05.20/21:22:23 solver.py:151 ] => Train  Loss: 2.5925e-02

I 05.20/21:22:25 solver.py:206 ] 
=! Best NMSE: -1.4066e+01 (epoch=120)

I 05.20/21:22:26 solver.py:151 ] => Train  Loss: 2.5625e-02

I 05.20/21:22:27 solver.py:206 ] 
=! Best NMSE: -1.4066e+01 (epoch=120)

I 05.20/21:22:28 solver.py:151 ] => Train  Loss: 2.5281e-02

I 05.20/21:22:29 solver.py:206 ] 
=! Best NMSE: -1.4066e+01 (epoch=120)

I 05.20/21:22:31 solver.py:151 ] => Train  Loss: 2.5007e-02

I 05.20/21:22:32 solver.py:206 ] 
=! Best NMSE: -1.4066e+01 (epoch=120)

I 05.20/21:22:34 solver.py:151 ] => Train  Loss: 2.4625e-02

I 05.20/21:22:36 solver.py:206 ] 
=! Best NMSE: -1.4066e+01 (epoch=120)

I 05.20/21:22:38 solver.py:151 ] => Train  Loss: 2.4321e-02

I 05.20/21:22:39 solver.py:206 ] 
=! Best NMSE: -1.4066e+01 (epoch=120)

I 05.20/21:22:40 solver.py:151 ] => Train  Loss: 2.4011e-02

I 05.20/21:22:41 solver.py:206 ] 
=! Best NMSE: -1.4066e+01 (epoch=120)

I 05.20/21:22:43 solver.py:151 ] => Train  Loss: 2.3753e-02

I 05.20/21:22:45 solver.py:206 ] 
=! Best NMSE: -1.4066e+01 (epoch=120)

I 05.20/21:22:46 solver.py:151 ] => Train  Loss: 2.3433e-02

I 05.20/21:22:46 solver.py:151 ] => Val  Loss: 2.8933e-02

I 05.20/21:22:46 solver.py:285 ] => Test NMSE: -1.4577e+01

I 05.20/21:22:49 solver.py:206 ] 
=! Best NMSE: -1.4577e+01 (epoch=130)

I 05.20/21:22:50 solver.py:151 ] => Train  Loss: 2.3188e-02

I 05.20/21:22:52 solver.py:206 ] 
=! Best NMSE: -1.4577e+01 (epoch=130)

I 05.20/21:22:53 solver.py:151 ] => Train  Loss: 2.2893e-02

I 05.20/21:22:55 solver.py:206 ] 
=! Best NMSE: -1.4577e+01 (epoch=130)

I 05.20/21:22:56 solver.py:151 ] => Train  Loss: 2.2659e-02

I 05.20/21:22:57 solver.py:206 ] 
=! Best NMSE: -1.4577e+01 (epoch=130)

I 05.20/21:22:58 solver.py:151 ] => Train  Loss: 2.2449e-02

I 05.20/21:22:59 solver.py:206 ] 
=! Best NMSE: -1.4577e+01 (epoch=130)

I 05.20/21:23:01 solver.py:151 ] => Train  Loss: 2.2200e-02

I 05.20/21:23:02 solver.py:206 ] 
=! Best NMSE: -1.4577e+01 (epoch=130)

I 05.20/21:23:03 solver.py:151 ] => Train  Loss: 2.1992e-02

I 05.20/21:23:04 solver.py:206 ] 
=! Best NMSE: -1.4577e+01 (epoch=130)

I 05.20/21:23:06 solver.py:151 ] => Train  Loss: 2.1676e-02

I 05.20/21:23:08 solver.py:206 ] 
=! Best NMSE: -1.4577e+01 (epoch=130)

I 05.20/21:23:09 solver.py:151 ] => Train  Loss: 2.1459e-02

I 05.20/21:23:10 solver.py:206 ] 
=! Best NMSE: -1.4577e+01 (epoch=130)

I 05.20/21:23:11 solver.py:151 ] => Train  Loss: 2.1222e-02

I 05.20/21:23:13 solver.py:206 ] 
=! Best NMSE: -1.4577e+01 (epoch=130)

I 05.20/21:23:14 solver.py:151 ] => Train  Loss: 2.1013e-02

I 05.20/21:23:14 solver.py:151 ] => Val  Loss: 2.6390e-02

I 05.20/21:23:14 solver.py:285 ] => Test NMSE: -1.5012e+01

I 05.20/21:23:17 solver.py:206 ] 
=! Best NMSE: -1.5012e+01 (epoch=140)

I 05.20/21:23:18 solver.py:151 ] => Train  Loss: 2.0817e-02

I 05.20/21:23:20 solver.py:206 ] 
=! Best NMSE: -1.5012e+01 (epoch=140)

I 05.20/21:23:21 solver.py:151 ] => Train  Loss: 2.0643e-02

I 05.20/21:23:22 solver.py:206 ] 
=! Best NMSE: -1.5012e+01 (epoch=140)

I 05.20/21:23:23 solver.py:151 ] => Train  Loss: 2.0478e-02

I 05.20/21:23:25 solver.py:206 ] 
=! Best NMSE: -1.5012e+01 (epoch=140)

I 05.20/21:23:26 solver.py:151 ] => Train  Loss: 2.0344e-02

I 05.20/21:23:28 solver.py:206 ] 
=! Best NMSE: -1.5012e+01 (epoch=140)

I 05.20/21:23:30 solver.py:151 ] => Train  Loss: 2.0120e-02

I 05.20/21:23:31 solver.py:206 ] 
=! Best NMSE: -1.5012e+01 (epoch=140)

I 05.20/21:23:33 solver.py:151 ] => Train  Loss: 1.9936e-02

I 05.20/21:23:34 solver.py:206 ] 
=! Best NMSE: -1.5012e+01 (epoch=140)

I 05.20/21:23:35 solver.py:151 ] => Train  Loss: 1.9752e-02

I 05.20/21:23:37 solver.py:206 ] 
=! Best NMSE: -1.5012e+01 (epoch=140)

I 05.20/21:23:38 solver.py:151 ] => Train  Loss: 1.9542e-02

I 05.20/21:23:39 solver.py:206 ] 
=! Best NMSE: -1.5012e+01 (epoch=140)

I 05.20/21:23:40 solver.py:151 ] => Train  Loss: 1.9426e-02

I 05.20/21:23:41 solver.py:206 ] 
=! Best NMSE: -1.5012e+01 (epoch=140)

I 05.20/21:23:42 solver.py:151 ] => Train  Loss: 1.9242e-02

I 05.20/21:23:43 solver.py:151 ] => Val  Loss: 2.4527e-02

I 05.20/21:23:43 solver.py:285 ] => Test NMSE: -1.5348e+01

I 05.20/21:23:46 solver.py:206 ] 
=! Best NMSE: -1.5348e+01 (epoch=150)

I 05.20/21:23:47 solver.py:151 ] => Train  Loss: 1.9100e-02

I 05.20/21:23:49 solver.py:206 ] 
=! Best NMSE: -1.5348e+01 (epoch=150)

I 05.20/21:23:50 solver.py:151 ] => Train  Loss: 1.8952e-02

I 05.20/21:23:51 solver.py:206 ] 
=! Best NMSE: -1.5348e+01 (epoch=150)

I 05.20/21:23:52 solver.py:151 ] => Train  Loss: 1.8842e-02

I 05.20/21:23:54 solver.py:206 ] 
=! Best NMSE: -1.5348e+01 (epoch=150)

I 05.20/21:23:55 solver.py:151 ] => Train  Loss: 1.8728e-02

I 05.20/21:23:57 solver.py:206 ] 
=! Best NMSE: -1.5348e+01 (epoch=150)

I 05.20/21:23:59 solver.py:151 ] => Train  Loss: 1.8623e-02

I 05.20/21:24:01 solver.py:206 ] 
=! Best NMSE: -1.5348e+01 (epoch=150)

I 05.20/21:24:02 solver.py:151 ] => Train  Loss: 1.8512e-02

I 05.20/21:24:04 solver.py:206 ] 
=! Best NMSE: -1.5348e+01 (epoch=150)

I 05.20/21:24:05 solver.py:151 ] => Train  Loss: 1.8360e-02

I 05.20/21:24:06 solver.py:206 ] 
=! Best NMSE: -1.5348e+01 (epoch=150)

I 05.20/21:24:08 solver.py:151 ] => Train  Loss: 1.8200e-02

I 05.20/21:24:09 solver.py:206 ] 
=! Best NMSE: -1.5348e+01 (epoch=150)

I 05.20/21:24:10 solver.py:151 ] => Train  Loss: 1.8086e-02

I 05.20/21:24:12 solver.py:206 ] 
=! Best NMSE: -1.5348e+01 (epoch=150)

I 05.20/21:24:13 solver.py:151 ] => Train  Loss: 1.7971e-02

I 05.20/21:24:13 solver.py:151 ] => Val  Loss: 2.3180e-02

I 05.20/21:24:13 solver.py:285 ] => Test NMSE: -1.5623e+01

I 05.20/21:24:16 solver.py:206 ] 
=! Best NMSE: -1.5623e+01 (epoch=160)

I 05.20/21:24:17 solver.py:151 ] => Train  Loss: 1.7871e-02

I 05.20/21:24:19 solver.py:206 ] 
=! Best NMSE: -1.5623e+01 (epoch=160)

I 05.20/21:24:20 solver.py:151 ] => Train  Loss: 1.7792e-02

I 05.20/21:24:22 solver.py:206 ] 
=! Best NMSE: -1.5623e+01 (epoch=160)

I 05.20/21:24:23 solver.py:151 ] => Train  Loss: 1.7671e-02

I 05.20/21:24:24 solver.py:206 ] 
=! Best NMSE: -1.5623e+01 (epoch=160)

I 05.20/21:24:25 solver.py:151 ] => Train  Loss: 1.7523e-02

I 05.20/21:24:26 solver.py:206 ] 
=! Best NMSE: -1.5623e+01 (epoch=160)

I 05.20/21:24:27 solver.py:151 ] => Train  Loss: 1.7485e-02

I 05.20/21:24:29 solver.py:206 ] 
=! Best NMSE: -1.5623e+01 (epoch=160)

I 05.20/21:24:30 solver.py:151 ] => Train  Loss: 1.7353e-02

I 05.20/21:24:31 solver.py:206 ] 
=! Best NMSE: -1.5623e+01 (epoch=160)

I 05.20/21:24:32 solver.py:151 ] => Train  Loss: 1.7305e-02

I 05.20/21:24:34 solver.py:206 ] 
=! Best NMSE: -1.5623e+01 (epoch=160)

I 05.20/21:24:35 solver.py:151 ] => Train  Loss: 1.7194e-02

I 05.20/21:24:36 solver.py:206 ] 
=! Best NMSE: -1.5623e+01 (epoch=160)

I 05.20/21:24:37 solver.py:151 ] => Train  Loss: 1.7143e-02

I 05.20/21:24:39 solver.py:206 ] 
=! Best NMSE: -1.5623e+01 (epoch=160)

I 05.20/21:24:40 solver.py:151 ] => Train  Loss: 1.7026e-02

I 05.20/21:24:40 solver.py:151 ] => Val  Loss: 2.2131e-02

I 05.20/21:24:40 solver.py:285 ] => Test NMSE: -1.5834e+01

I 05.20/21:24:44 solver.py:206 ] 
=! Best NMSE: -1.5834e+01 (epoch=170)

I 05.20/21:24:45 solver.py:151 ] => Train  Loss: 1.6960e-02

I 05.20/21:24:46 solver.py:206 ] 
=! Best NMSE: -1.5834e+01 (epoch=170)

I 05.20/21:24:47 solver.py:151 ] => Train  Loss: 1.6881e-02

I 05.20/21:24:48 solver.py:206 ] 
=! Best NMSE: -1.5834e+01 (epoch=170)

I 05.20/21:24:49 solver.py:151 ] => Train  Loss: 1.6831e-02

I 05.20/21:24:51 solver.py:206 ] 
=! Best NMSE: -1.5834e+01 (epoch=170)

I 05.20/21:24:52 solver.py:151 ] => Train  Loss: 1.6706e-02

I 05.20/21:24:54 solver.py:206 ] 
=! Best NMSE: -1.5834e+01 (epoch=170)

I 05.20/21:24:55 solver.py:151 ] => Train  Loss: 1.6623e-02

I 05.20/21:24:56 solver.py:206 ] 
=! Best NMSE: -1.5834e+01 (epoch=170)

I 05.20/21:24:57 solver.py:151 ] => Train  Loss: 1.6629e-02

I 05.20/21:24:59 solver.py:206 ] 
=! Best NMSE: -1.5834e+01 (epoch=170)

I 05.20/21:25:00 solver.py:151 ] => Train  Loss: 1.6582e-02

I 05.20/21:25:01 solver.py:206 ] 
=! Best NMSE: -1.5834e+01 (epoch=170)

I 05.20/21:25:02 solver.py:151 ] => Train  Loss: 1.6506e-02

I 05.20/21:25:04 solver.py:206 ] 
=! Best NMSE: -1.5834e+01 (epoch=170)

I 05.20/21:25:05 solver.py:151 ] => Train  Loss: 1.6424e-02

I 05.20/21:25:06 solver.py:206 ] 
=! Best NMSE: -1.5834e+01 (epoch=170)

I 05.20/21:25:07 solver.py:151 ] => Train  Loss: 1.6320e-02

I 05.20/21:25:07 solver.py:151 ] => Val  Loss: 2.1390e-02

I 05.20/21:25:08 solver.py:285 ] => Test NMSE: -1.5999e+01

I 05.20/21:25:11 solver.py:206 ] 
=! Best NMSE: -1.5999e+01 (epoch=180)

I 05.20/21:25:12 solver.py:151 ] => Train  Loss: 1.6321e-02

I 05.20/21:25:14 solver.py:206 ] 
=! Best NMSE: -1.5999e+01 (epoch=180)

I 05.20/21:25:15 solver.py:151 ] => Train  Loss: 1.6263e-02

I 05.20/21:25:16 solver.py:206 ] 
=! Best NMSE: -1.5999e+01 (epoch=180)

I 05.20/21:25:17 solver.py:151 ] => Train  Loss: 1.6202e-02

I 05.20/21:25:19 solver.py:206 ] 
=! Best NMSE: -1.5999e+01 (epoch=180)

I 05.20/21:25:20 solver.py:151 ] => Train  Loss: 1.6167e-02

I 05.20/21:25:21 solver.py:206 ] 
=! Best NMSE: -1.5999e+01 (epoch=180)

I 05.20/21:25:22 solver.py:151 ] => Train  Loss: 1.6083e-02

I 05.20/21:25:24 solver.py:206 ] 
=! Best NMSE: -1.5999e+01 (epoch=180)

I 05.20/21:25:25 solver.py:151 ] => Train  Loss: 1.6091e-02

I 05.20/21:25:26 solver.py:206 ] 
=! Best NMSE: -1.5999e+01 (epoch=180)

I 05.20/21:25:27 solver.py:151 ] => Train  Loss: 1.6046e-02

I 05.20/21:25:29 solver.py:206 ] 
=! Best NMSE: -1.5999e+01 (epoch=180)

I 05.20/21:25:30 solver.py:151 ] => Train  Loss: 1.5960e-02

I 05.20/21:25:32 solver.py:206 ] 
=! Best NMSE: -1.5999e+01 (epoch=180)

I 05.20/21:25:33 solver.py:151 ] => Train  Loss: 1.5876e-02

I 05.20/21:25:34 solver.py:206 ] 
=! Best NMSE: -1.5999e+01 (epoch=180)

I 05.20/21:25:35 solver.py:151 ] => Train  Loss: 1.5838e-02

I 05.20/21:25:35 solver.py:151 ] => Val  Loss: 2.0857e-02

I 05.20/21:25:35 solver.py:285 ] => Test NMSE: -1.6111e+01

I 05.20/21:25:38 solver.py:206 ] 
=! Best NMSE: -1.6111e+01 (epoch=190)

I 05.20/21:25:39 solver.py:151 ] => Train  Loss: 1.5817e-02

I 05.20/21:25:41 solver.py:206 ] 
=! Best NMSE: -1.6111e+01 (epoch=190)

I 05.20/21:25:42 solver.py:151 ] => Train  Loss: 1.5766e-02

I 05.20/21:25:44 solver.py:206 ] 
=! Best NMSE: -1.6111e+01 (epoch=190)

I 05.20/21:25:46 solver.py:151 ] => Train  Loss: 1.5751e-02

I 05.20/21:25:47 solver.py:206 ] 
=! Best NMSE: -1.6111e+01 (epoch=190)

I 05.20/21:25:49 solver.py:151 ] => Train  Loss: 1.5665e-02

I 05.20/21:25:50 solver.py:206 ] 
=! Best NMSE: -1.6111e+01 (epoch=190)

I 05.20/21:25:52 solver.py:151 ] => Train  Loss: 1.5657e-02

I 05.20/21:25:53 solver.py:206 ] 
=! Best NMSE: -1.6111e+01 (epoch=190)

I 05.20/21:25:55 solver.py:151 ] => Train  Loss: 1.5613e-02

I 05.20/21:25:57 solver.py:206 ] 
=! Best NMSE: -1.6111e+01 (epoch=190)

I 05.20/21:25:58 solver.py:151 ] => Train  Loss: 1.5581e-02

I 05.20/21:26:00 solver.py:206 ] 
=! Best NMSE: -1.6111e+01 (epoch=190)

I 05.20/21:26:01 solver.py:151 ] => Train  Loss: 1.5589e-02

I 05.20/21:26:03 solver.py:206 ] 
=! Best NMSE: -1.6111e+01 (epoch=190)

I 05.20/21:26:04 solver.py:151 ] => Train  Loss: 1.5496e-02

I 05.20/21:26:06 solver.py:206 ] 
=! Best NMSE: -1.6111e+01 (epoch=190)

I 05.20/21:26:07 solver.py:151 ] => Train  Loss: 1.5464e-02

I 05.20/21:26:07 solver.py:151 ] => Val  Loss: 2.0356e-02

I 05.20/21:26:07 solver.py:285 ] => Test NMSE: -1.6219e+01

I 05.20/21:26:11 solver.py:206 ] 
=! Best NMSE: -1.6219e+01 (epoch=200)

I 05.20/21:26:12 solver.py:151 ] => Train  Loss: 1.5403e-02

I 05.20/21:26:13 solver.py:206 ] 
=! Best NMSE: -1.6219e+01 (epoch=200)

I 05.20/21:26:14 solver.py:151 ] => Train  Loss: 1.5401e-02

I 05.20/21:26:15 solver.py:206 ] 
=! Best NMSE: -1.6219e+01 (epoch=200)

I 05.20/21:26:17 solver.py:151 ] => Train  Loss: 1.5370e-02

I 05.20/21:26:18 solver.py:206 ] 
=! Best NMSE: -1.6219e+01 (epoch=200)

I 05.20/21:26:19 solver.py:151 ] => Train  Loss: 1.5358e-02

I 05.20/21:26:21 solver.py:206 ] 
=! Best NMSE: -1.6219e+01 (epoch=200)

I 05.20/21:26:22 solver.py:151 ] => Train  Loss: 1.5267e-02

I 05.20/21:26:23 solver.py:206 ] 
=! Best NMSE: -1.6219e+01 (epoch=200)

I 05.20/21:26:24 solver.py:151 ] => Train  Loss: 1.5239e-02

I 05.20/21:26:26 solver.py:206 ] 
=! Best NMSE: -1.6219e+01 (epoch=200)

I 05.20/21:26:27 solver.py:151 ] => Train  Loss: 1.5210e-02

I 05.20/21:26:28 solver.py:206 ] 
=! Best NMSE: -1.6219e+01 (epoch=200)

I 05.20/21:26:29 solver.py:151 ] => Train  Loss: 1.5140e-02

I 05.20/21:26:30 solver.py:206 ] 
=! Best NMSE: -1.6219e+01 (epoch=200)

I 05.20/21:26:31 solver.py:151 ] => Train  Loss: 1.5121e-02

I 05.20/21:26:33 solver.py:206 ] 
=! Best NMSE: -1.6219e+01 (epoch=200)

I 05.20/21:26:34 solver.py:151 ] => Train  Loss: 1.5104e-02

I 05.20/21:26:34 solver.py:151 ] => Val  Loss: 1.9899e-02

I 05.20/21:26:35 solver.py:285 ] => Test NMSE: -1.6315e+01

I 05.20/21:26:38 solver.py:206 ] 
=! Best NMSE: -1.6315e+01 (epoch=210)

I 05.20/21:26:39 solver.py:151 ] => Train  Loss: 1.5097e-02

I 05.20/21:26:40 solver.py:206 ] 
=! Best NMSE: -1.6315e+01 (epoch=210)

I 05.20/21:26:41 solver.py:151 ] => Train  Loss: 1.5044e-02

I 05.20/21:26:42 solver.py:206 ] 
=! Best NMSE: -1.6315e+01 (epoch=210)

I 05.20/21:26:43 solver.py:151 ] => Train  Loss: 1.5012e-02

I 05.20/21:26:45 solver.py:206 ] 
=! Best NMSE: -1.6315e+01 (epoch=210)

I 05.20/21:26:47 solver.py:151 ] => Train  Loss: 1.5000e-02

I 05.20/21:26:48 solver.py:206 ] 
=! Best NMSE: -1.6315e+01 (epoch=210)

I 05.20/21:26:49 solver.py:151 ] => Train  Loss: 1.4905e-02

I 05.20/21:26:51 solver.py:206 ] 
=! Best NMSE: -1.6315e+01 (epoch=210)

I 05.20/21:26:53 solver.py:151 ] => Train  Loss: 1.4846e-02

I 05.20/21:26:54 solver.py:206 ] 
=! Best NMSE: -1.6315e+01 (epoch=210)

I 05.20/21:26:55 solver.py:151 ] => Train  Loss: 1.4845e-02

I 05.20/21:26:57 solver.py:206 ] 
=! Best NMSE: -1.6315e+01 (epoch=210)

I 05.20/21:26:58 solver.py:151 ] => Train  Loss: 1.4859e-02

I 05.20/21:26:59 solver.py:206 ] 
=! Best NMSE: -1.6315e+01 (epoch=210)

I 05.20/21:27:00 solver.py:151 ] => Train  Loss: 1.4756e-02

I 05.20/21:27:02 solver.py:206 ] 
=! Best NMSE: -1.6315e+01 (epoch=210)

I 05.20/21:27:04 solver.py:151 ] => Train  Loss: 1.4734e-02

I 05.20/21:27:04 solver.py:151 ] => Val  Loss: 1.9433e-02

I 05.20/21:27:05 solver.py:285 ] => Test NMSE: -1.6436e+01

I 05.20/21:27:08 solver.py:206 ] 
=! Best NMSE: -1.6436e+01 (epoch=220)

I 05.20/21:27:10 solver.py:151 ] => Train  Loss: 1.4661e-02

I 05.20/21:27:12 solver.py:206 ] 
=! Best NMSE: -1.6436e+01 (epoch=220)

I 05.20/21:27:14 solver.py:151 ] => Train  Loss: 1.4676e-02

I 05.20/21:27:16 solver.py:206 ] 
=! Best NMSE: -1.6436e+01 (epoch=220)

I 05.20/21:27:17 solver.py:151 ] => Train  Loss: 1.4699e-02

I 05.20/21:27:19 solver.py:206 ] 
=! Best NMSE: -1.6436e+01 (epoch=220)

I 05.20/21:27:21 solver.py:151 ] => Train  Loss: 1.4655e-02

I 05.20/21:27:23 solver.py:206 ] 
=! Best NMSE: -1.6436e+01 (epoch=220)

I 05.20/21:27:25 solver.py:151 ] => Train  Loss: 1.4614e-02

I 05.20/21:27:26 solver.py:206 ] 
=! Best NMSE: -1.6436e+01 (epoch=220)

I 05.20/21:27:28 solver.py:151 ] => Train  Loss: 1.4585e-02

I 05.20/21:27:29 solver.py:206 ] 
=! Best NMSE: -1.6436e+01 (epoch=220)

I 05.20/21:27:30 solver.py:151 ] => Train  Loss: 1.4520e-02

I 05.20/21:27:32 solver.py:206 ] 
=! Best NMSE: -1.6436e+01 (epoch=220)

I 05.20/21:27:34 solver.py:151 ] => Train  Loss: 1.4481e-02

I 05.20/21:27:35 solver.py:206 ] 
=! Best NMSE: -1.6436e+01 (epoch=220)

I 05.20/21:27:37 solver.py:151 ] => Train  Loss: 1.4400e-02

I 05.20/21:27:39 solver.py:206 ] 
=! Best NMSE: -1.6436e+01 (epoch=220)

I 05.20/21:27:41 solver.py:151 ] => Train  Loss: 1.4410e-02

I 05.20/21:27:41 solver.py:151 ] => Val  Loss: 1.8932e-02

I 05.20/21:27:41 solver.py:285 ] => Test NMSE: -1.6549e+01

I 05.20/21:27:45 solver.py:206 ] 
=! Best NMSE: -1.6549e+01 (epoch=230)

I 05.20/21:27:46 solver.py:151 ] => Train  Loss: 1.4382e-02

I 05.20/21:27:48 solver.py:206 ] 
=! Best NMSE: -1.6549e+01 (epoch=230)

I 05.20/21:27:50 solver.py:151 ] => Train  Loss: 1.4350e-02

I 05.20/21:27:52 solver.py:206 ] 
=! Best NMSE: -1.6549e+01 (epoch=230)

I 05.20/21:27:54 solver.py:151 ] => Train  Loss: 1.4338e-02

I 05.20/21:27:55 solver.py:206 ] 
=! Best NMSE: -1.6549e+01 (epoch=230)

I 05.20/21:27:57 solver.py:151 ] => Train  Loss: 1.4324e-02

I 05.20/21:27:58 solver.py:206 ] 
=! Best NMSE: -1.6549e+01 (epoch=230)

I 05.20/21:28:00 solver.py:151 ] => Train  Loss: 1.4331e-02

I 05.20/21:28:02 solver.py:206 ] 
=! Best NMSE: -1.6549e+01 (epoch=230)

I 05.20/21:28:04 solver.py:151 ] => Train  Loss: 1.4277e-02

I 05.20/21:28:05 solver.py:206 ] 
=! Best NMSE: -1.6549e+01 (epoch=230)

I 05.20/21:28:06 solver.py:151 ] => Train  Loss: 1.4207e-02

I 05.20/21:28:08 solver.py:206 ] 
=! Best NMSE: -1.6549e+01 (epoch=230)

I 05.20/21:28:09 solver.py:151 ] => Train  Loss: 1.4191e-02

I 05.20/21:28:10 solver.py:206 ] 
=! Best NMSE: -1.6549e+01 (epoch=230)

I 05.20/21:28:11 solver.py:151 ] => Train  Loss: 1.4204e-02

I 05.20/21:28:13 solver.py:206 ] 
=! Best NMSE: -1.6549e+01 (epoch=230)

I 05.20/21:28:14 solver.py:151 ] => Train  Loss: 1.4215e-02

I 05.20/21:28:14 solver.py:151 ] => Val  Loss: 1.8543e-02

I 05.20/21:28:15 solver.py:285 ] => Test NMSE: -1.6644e+01

I 05.20/21:28:17 solver.py:206 ] 
=! Best NMSE: -1.6644e+01 (epoch=240)

I 05.20/21:28:18 solver.py:151 ] => Train  Loss: 1.4119e-02

I 05.20/21:28:19 solver.py:206 ] 
=! Best NMSE: -1.6644e+01 (epoch=240)

I 05.20/21:28:21 solver.py:151 ] => Train  Loss: 1.4074e-02

I 05.20/21:28:23 solver.py:206 ] 
=! Best NMSE: -1.6644e+01 (epoch=240)

I 05.20/21:28:24 solver.py:151 ] => Train  Loss: 1.4077e-02

I 05.20/21:28:25 solver.py:206 ] 
=! Best NMSE: -1.6644e+01 (epoch=240)

I 05.20/21:28:26 solver.py:151 ] => Train  Loss: 1.4031e-02

I 05.20/21:28:28 solver.py:206 ] 
=! Best NMSE: -1.6644e+01 (epoch=240)

I 05.20/21:28:29 solver.py:151 ] => Train  Loss: 1.4001e-02

I 05.20/21:28:30 solver.py:206 ] 
=! Best NMSE: -1.6644e+01 (epoch=240)

I 05.20/21:28:31 solver.py:151 ] => Train  Loss: 1.4112e-02

I 05.20/21:28:33 solver.py:206 ] 
=! Best NMSE: -1.6644e+01 (epoch=240)

I 05.20/21:28:34 solver.py:151 ] => Train  Loss: 1.4031e-02

I 05.20/21:28:35 solver.py:206 ] 
=! Best NMSE: -1.6644e+01 (epoch=240)

I 05.20/21:28:36 solver.py:151 ] => Train  Loss: 1.4019e-02

I 05.20/21:28:37 solver.py:206 ] 
=! Best NMSE: -1.6644e+01 (epoch=240)

I 05.20/21:28:38 solver.py:151 ] => Train  Loss: 1.4040e-02

I 05.20/21:28:40 solver.py:206 ] 
=! Best NMSE: -1.6644e+01 (epoch=240)

I 05.20/21:28:41 solver.py:151 ] => Train  Loss: 1.3946e-02

I 05.20/21:28:41 solver.py:151 ] => Val  Loss: 1.8231e-02

I 05.20/21:28:42 solver.py:285 ] => Test NMSE: -1.6721e+01

I 05.20/21:28:44 solver.py:206 ] 
=! Best NMSE: -1.6721e+01 (epoch=250)

I 05.20/21:28:45 solver.py:151 ] => Train  Loss: 1.3919e-02

I 05.20/21:28:47 solver.py:206 ] 
=! Best NMSE: -1.6721e+01 (epoch=250)

I 05.20/21:28:48 solver.py:151 ] => Train  Loss: 1.3864e-02

I 05.20/21:28:49 solver.py:206 ] 
=! Best NMSE: -1.6721e+01 (epoch=250)

I 05.20/21:28:50 solver.py:151 ] => Train  Loss: 1.3854e-02

I 05.20/21:28:52 solver.py:206 ] 
=! Best NMSE: -1.6721e+01 (epoch=250)

I 05.20/21:28:53 solver.py:151 ] => Train  Loss: 1.3836e-02

I 05.20/21:28:54 solver.py:206 ] 
=! Best NMSE: -1.6721e+01 (epoch=250)

I 05.20/21:28:56 solver.py:151 ] => Train  Loss: 1.3826e-02

I 05.20/21:28:57 solver.py:206 ] 
=! Best NMSE: -1.6721e+01 (epoch=250)

I 05.20/21:28:58 solver.py:151 ] => Train  Loss: 1.3843e-02

I 05.20/21:29:00 solver.py:206 ] 
=! Best NMSE: -1.6721e+01 (epoch=250)

I 05.20/21:29:01 solver.py:151 ] => Train  Loss: 1.3828e-02

I 05.20/21:29:03 solver.py:206 ] 
=! Best NMSE: -1.6721e+01 (epoch=250)

I 05.20/21:29:04 solver.py:151 ] => Train  Loss: 1.3798e-02

I 05.20/21:29:05 solver.py:206 ] 
=! Best NMSE: -1.6721e+01 (epoch=250)

I 05.20/21:29:06 solver.py:151 ] => Train  Loss: 1.3737e-02

I 05.20/21:29:07 solver.py:206 ] 
=! Best NMSE: -1.6721e+01 (epoch=250)

I 05.20/21:29:08 solver.py:151 ] => Train  Loss: 1.3763e-02

I 05.20/21:29:09 solver.py:151 ] => Val  Loss: 1.8041e-02

I 05.20/21:29:09 solver.py:285 ] => Test NMSE: -1.6783e+01

I 05.20/21:29:12 solver.py:206 ] 
=! Best NMSE: -1.6783e+01 (epoch=260)

I 05.20/21:29:14 solver.py:151 ] => Train  Loss: 1.3827e-02

I 05.20/21:29:15 solver.py:206 ] 
=! Best NMSE: -1.6783e+01 (epoch=260)

I 05.20/21:29:17 solver.py:151 ] => Train  Loss: 1.3730e-02

I 05.20/21:29:19 solver.py:206 ] 
=! Best NMSE: -1.6783e+01 (epoch=260)

I 05.20/21:29:20 solver.py:151 ] => Train  Loss: 1.3698e-02

I 05.20/21:29:21 solver.py:206 ] 
=! Best NMSE: -1.6783e+01 (epoch=260)

I 05.20/21:29:22 solver.py:151 ] => Train  Loss: 1.3726e-02

I 05.20/21:29:24 solver.py:206 ] 
=! Best NMSE: -1.6783e+01 (epoch=260)

I 05.20/21:29:25 solver.py:151 ] => Train  Loss: 1.3662e-02

I 05.20/21:29:27 solver.py:206 ] 
=! Best NMSE: -1.6783e+01 (epoch=260)

I 05.20/21:29:28 solver.py:151 ] => Train  Loss: 1.3654e-02

I 05.20/21:29:30 solver.py:206 ] 
=! Best NMSE: -1.6783e+01 (epoch=260)

I 05.20/21:29:31 solver.py:151 ] => Train  Loss: 1.3634e-02

I 05.20/21:29:32 solver.py:206 ] 
=! Best NMSE: -1.6783e+01 (epoch=260)

I 05.20/21:29:33 solver.py:151 ] => Train  Loss: 1.3633e-02

I 05.20/21:29:35 solver.py:206 ] 
=! Best NMSE: -1.6783e+01 (epoch=260)

I 05.20/21:29:36 solver.py:151 ] => Train  Loss: 1.3612e-02

I 05.20/21:29:37 solver.py:206 ] 
=! Best NMSE: -1.6783e+01 (epoch=260)

I 05.20/21:29:38 solver.py:151 ] => Train  Loss: 1.3655e-02

I 05.20/21:29:38 solver.py:151 ] => Val  Loss: 1.7797e-02

I 05.20/21:29:39 solver.py:285 ] => Test NMSE: -1.6839e+01

I 05.20/21:29:41 solver.py:206 ] 
=! Best NMSE: -1.6839e+01 (epoch=270)

I 05.20/21:29:42 solver.py:151 ] => Train  Loss: 1.3631e-02

I 05.20/21:29:43 solver.py:206 ] 
=! Best NMSE: -1.6839e+01 (epoch=270)

I 05.20/21:29:45 solver.py:151 ] => Train  Loss: 1.3563e-02

I 05.20/21:29:47 solver.py:206 ] 
=! Best NMSE: -1.6839e+01 (epoch=270)

I 05.20/21:29:48 solver.py:151 ] => Train  Loss: 1.3541e-02

I 05.20/21:29:49 solver.py:206 ] 
=! Best NMSE: -1.6839e+01 (epoch=270)

I 05.20/21:29:51 solver.py:151 ] => Train  Loss: 1.3501e-02

I 05.20/21:29:52 solver.py:206 ] 
=! Best NMSE: -1.6839e+01 (epoch=270)

I 05.20/21:29:53 solver.py:151 ] => Train  Loss: 1.3544e-02

I 05.20/21:29:55 solver.py:206 ] 
=! Best NMSE: -1.6839e+01 (epoch=270)

I 05.20/21:29:57 solver.py:151 ] => Train  Loss: 1.3481e-02

I 05.20/21:29:58 solver.py:206 ] 
=! Best NMSE: -1.6839e+01 (epoch=270)

I 05.20/21:29:59 solver.py:151 ] => Train  Loss: 1.3516e-02

I 05.20/21:30:01 solver.py:206 ] 
=! Best NMSE: -1.6839e+01 (epoch=270)

I 05.20/21:30:02 solver.py:151 ] => Train  Loss: 1.3462e-02

I 05.20/21:30:03 solver.py:206 ] 
=! Best NMSE: -1.6839e+01 (epoch=270)

I 05.20/21:30:04 solver.py:151 ] => Train  Loss: 1.3459e-02

I 05.20/21:30:06 solver.py:206 ] 
=! Best NMSE: -1.6839e+01 (epoch=270)

I 05.20/21:30:07 solver.py:151 ] => Train  Loss: 1.3470e-02

I 05.20/21:30:07 solver.py:151 ] => Val  Loss: 1.7590e-02

I 05.20/21:30:07 solver.py:285 ] => Test NMSE: -1.6888e+01

I 05.20/21:30:10 solver.py:206 ] 
=! Best NMSE: -1.6888e+01 (epoch=280)

I 05.20/21:30:11 solver.py:151 ] => Train  Loss: 1.3449e-02

I 05.20/21:30:12 solver.py:206 ] 
=! Best NMSE: -1.6888e+01 (epoch=280)

I 05.20/21:30:14 solver.py:151 ] => Train  Loss: 1.3502e-02

I 05.20/21:30:15 solver.py:206 ] 
=! Best NMSE: -1.6888e+01 (epoch=280)

I 05.20/21:30:17 solver.py:151 ] => Train  Loss: 1.3496e-02

I 05.20/21:30:19 solver.py:206 ] 
=! Best NMSE: -1.6888e+01 (epoch=280)

I 05.20/21:30:20 solver.py:151 ] => Train  Loss: 1.3422e-02

I 05.20/21:30:21 solver.py:206 ] 
=! Best NMSE: -1.6888e+01 (epoch=280)

I 05.20/21:30:22 solver.py:151 ] => Train  Loss: 1.3446e-02

I 05.20/21:30:24 solver.py:206 ] 
=! Best NMSE: -1.6888e+01 (epoch=280)

I 05.20/21:30:25 solver.py:151 ] => Train  Loss: 1.3462e-02

I 05.20/21:30:26 solver.py:206 ] 
=! Best NMSE: -1.6888e+01 (epoch=280)

I 05.20/21:30:27 solver.py:151 ] => Train  Loss: 1.3431e-02

I 05.20/21:30:28 solver.py:206 ] 
=! Best NMSE: -1.6888e+01 (epoch=280)

I 05.20/21:30:29 solver.py:151 ] => Train  Loss: 1.3375e-02

I 05.20/21:30:31 solver.py:206 ] 
=! Best NMSE: -1.6888e+01 (epoch=280)

I 05.20/21:30:32 solver.py:151 ] => Train  Loss: 1.3390e-02

I 05.20/21:30:33 solver.py:206 ] 
=! Best NMSE: -1.6888e+01 (epoch=280)

I 05.20/21:30:34 solver.py:151 ] => Train  Loss: 1.3325e-02

I 05.20/21:30:34 solver.py:151 ] => Val  Loss: 1.7438e-02

I 05.20/21:30:35 solver.py:285 ] => Test NMSE: -1.6934e+01

I 05.20/21:30:38 solver.py:206 ] 
=! Best NMSE: -1.6934e+01 (epoch=290)

I 05.20/21:30:39 solver.py:151 ] => Train  Loss: 1.3320e-02

I 05.20/21:30:40 solver.py:206 ] 
=! Best NMSE: -1.6934e+01 (epoch=290)

I 05.20/21:30:41 solver.py:151 ] => Train  Loss: 1.3320e-02

I 05.20/21:30:43 solver.py:206 ] 
=! Best NMSE: -1.6934e+01 (epoch=290)

I 05.20/21:30:44 solver.py:151 ] => Train  Loss: 1.3327e-02

I 05.20/21:30:45 solver.py:206 ] 
=! Best NMSE: -1.6934e+01 (epoch=290)

I 05.20/21:30:46 solver.py:151 ] => Train  Loss: 1.3276e-02

I 05.20/21:30:47 solver.py:206 ] 
=! Best NMSE: -1.6934e+01 (epoch=290)

I 05.20/21:30:49 solver.py:151 ] => Train  Loss: 1.3309e-02

I 05.20/21:30:50 solver.py:206 ] 
=! Best NMSE: -1.6934e+01 (epoch=290)

I 05.20/21:30:51 solver.py:151 ] => Train  Loss: 1.3309e-02

I 05.20/21:30:53 solver.py:206 ] 
=! Best NMSE: -1.6934e+01 (epoch=290)

I 05.20/21:30:54 solver.py:151 ] => Train  Loss: 1.3320e-02

I 05.20/21:30:55 solver.py:206 ] 
=! Best NMSE: -1.6934e+01 (epoch=290)

I 05.20/21:30:57 solver.py:151 ] => Train  Loss: 1.3275e-02

I 05.20/21:30:58 solver.py:206 ] 
=! Best NMSE: -1.6934e+01 (epoch=290)

I 05.20/21:30:59 solver.py:151 ] => Train  Loss: 1.3242e-02

I 05.20/21:31:01 solver.py:206 ] 
=! Best NMSE: -1.6934e+01 (epoch=290)

I 05.20/21:31:02 solver.py:151 ] => Train  Loss: 1.3184e-02

I 05.20/21:31:02 solver.py:151 ] => Val  Loss: 1.7309e-02

I 05.20/21:31:03 solver.py:285 ] => Test NMSE: -1.6967e+01

I 05.20/21:31:06 solver.py:206 ] 
=! Best NMSE: -1.6967e+01 (epoch=300)

I 05.20/21:31:08 solver.py:151 ] => Train  Loss: 1.3197e-02

I 05.20/21:31:10 solver.py:206 ] 
=! Best NMSE: -1.6967e+01 (epoch=300)

I 05.20/21:31:11 solver.py:151 ] => Train  Loss: 1.3167e-02

I 05.20/21:31:13 solver.py:206 ] 
=! Best NMSE: -1.6967e+01 (epoch=300)

I 05.20/21:31:15 solver.py:151 ] => Train  Loss: 1.3184e-02

I 05.20/21:31:17 solver.py:206 ] 
=! Best NMSE: -1.6967e+01 (epoch=300)

I 05.20/21:31:18 solver.py:151 ] => Train  Loss: 1.3227e-02

I 05.20/21:31:21 solver.py:206 ] 
=! Best NMSE: -1.6967e+01 (epoch=300)

I 05.20/21:31:23 solver.py:151 ] => Train  Loss: 1.3177e-02

I 05.20/21:31:24 solver.py:206 ] 
=! Best NMSE: -1.6967e+01 (epoch=300)

I 05.20/21:31:25 solver.py:151 ] => Train  Loss: 1.3164e-02

I 05.20/21:31:26 solver.py:206 ] 
=! Best NMSE: -1.6967e+01 (epoch=300)

I 05.20/21:31:28 solver.py:151 ] => Train  Loss: 1.3164e-02

I 05.20/21:31:30 solver.py:206 ] 
=! Best NMSE: -1.6967e+01 (epoch=300)

I 05.20/21:31:31 solver.py:151 ] => Train  Loss: 1.3183e-02

I 05.20/21:31:33 solver.py:206 ] 
=! Best NMSE: -1.6967e+01 (epoch=300)

I 05.20/21:31:34 solver.py:151 ] => Train  Loss: 1.3135e-02

I 05.20/21:31:36 solver.py:206 ] 
=! Best NMSE: -1.6967e+01 (epoch=300)

I 05.20/21:31:37 solver.py:151 ] => Train  Loss: 1.3136e-02

I 05.20/21:31:37 solver.py:151 ] => Val  Loss: 1.7155e-02

I 05.20/21:31:38 solver.py:285 ] => Test NMSE: -1.7007e+01

I 05.20/21:31:41 solver.py:206 ] 
=! Best NMSE: -1.7007e+01 (epoch=310)

I 05.20/21:31:42 solver.py:151 ] => Train  Loss: 1.3099e-02

I 05.20/21:31:43 solver.py:206 ] 
=! Best NMSE: -1.7007e+01 (epoch=310)

I 05.20/21:31:44 solver.py:151 ] => Train  Loss: 1.3169e-02

I 05.20/21:31:46 solver.py:206 ] 
=! Best NMSE: -1.7007e+01 (epoch=310)

I 05.20/21:31:47 solver.py:151 ] => Train  Loss: 1.3125e-02

I 05.20/21:31:48 solver.py:206 ] 
=! Best NMSE: -1.7007e+01 (epoch=310)

I 05.20/21:31:49 solver.py:151 ] => Train  Loss: 1.3087e-02

I 05.20/21:31:51 solver.py:206 ] 
=! Best NMSE: -1.7007e+01 (epoch=310)

I 05.20/21:31:52 solver.py:151 ] => Train  Loss: 1.3082e-02

I 05.20/21:31:53 solver.py:206 ] 
=! Best NMSE: -1.7007e+01 (epoch=310)

I 05.20/21:31:55 solver.py:151 ] => Train  Loss: 1.3058e-02

I 05.20/21:31:57 solver.py:206 ] 
=! Best NMSE: -1.7007e+01 (epoch=310)

I 05.20/21:31:58 solver.py:151 ] => Train  Loss: 1.3089e-02

I 05.20/21:31:59 solver.py:206 ] 
=! Best NMSE: -1.7007e+01 (epoch=310)

I 05.20/21:32:00 solver.py:151 ] => Train  Loss: 1.3086e-02

I 05.20/21:32:02 solver.py:206 ] 
=! Best NMSE: -1.7007e+01 (epoch=310)

I 05.20/21:32:03 solver.py:151 ] => Train  Loss: 1.3080e-02

I 05.20/21:32:04 solver.py:206 ] 
=! Best NMSE: -1.7007e+01 (epoch=310)

I 05.20/21:32:05 solver.py:151 ] => Train  Loss: 1.3070e-02

I 05.20/21:32:05 solver.py:151 ] => Val  Loss: 1.7059e-02

I 05.20/21:32:06 solver.py:285 ] => Test NMSE: -1.7038e+01

I 05.20/21:32:09 solver.py:206 ] 
=! Best NMSE: -1.7038e+01 (epoch=320)

I 05.20/21:32:11 solver.py:151 ] => Train  Loss: 1.3020e-02

I 05.20/21:32:12 solver.py:206 ] 
=! Best NMSE: -1.7038e+01 (epoch=320)

I 05.20/21:32:14 solver.py:151 ] => Train  Loss: 1.3052e-02

I 05.20/21:32:16 solver.py:206 ] 
=! Best NMSE: -1.7038e+01 (epoch=320)

I 05.20/21:32:17 solver.py:151 ] => Train  Loss: 1.3056e-02

I 05.20/21:32:19 solver.py:206 ] 
=! Best NMSE: -1.7038e+01 (epoch=320)

I 05.20/21:32:21 solver.py:151 ] => Train  Loss: 1.3056e-02

I 05.20/21:32:23 solver.py:206 ] 
=! Best NMSE: -1.7038e+01 (epoch=320)

I 05.20/21:32:25 solver.py:151 ] => Train  Loss: 1.3003e-02

I 05.20/21:32:26 solver.py:206 ] 
=! Best NMSE: -1.7038e+01 (epoch=320)

I 05.20/21:32:28 solver.py:151 ] => Train  Loss: 1.2965e-02

I 05.20/21:32:29 solver.py:206 ] 
=! Best NMSE: -1.7038e+01 (epoch=320)

I 05.20/21:32:30 solver.py:151 ] => Train  Loss: 1.2978e-02

I 05.20/21:32:32 solver.py:206 ] 
=! Best NMSE: -1.7038e+01 (epoch=320)

I 05.20/21:32:34 solver.py:151 ] => Train  Loss: 1.2945e-02

I 05.20/21:32:35 solver.py:206 ] 
=! Best NMSE: -1.7038e+01 (epoch=320)

I 05.20/21:32:36 solver.py:151 ] => Train  Loss: 1.2926e-02

I 05.20/21:32:38 solver.py:206 ] 
=! Best NMSE: -1.7038e+01 (epoch=320)

I 05.20/21:32:39 solver.py:151 ] => Train  Loss: 1.2955e-02

I 05.20/21:32:40 solver.py:151 ] => Val  Loss: 1.6934e-02

I 05.20/21:32:40 solver.py:285 ] => Test NMSE: -1.7074e+01

I 05.20/21:32:42 solver.py:206 ] 
=! Best NMSE: -1.7074e+01 (epoch=330)

I 05.20/21:32:44 solver.py:151 ] => Train  Loss: 1.2953e-02

I 05.20/21:32:45 solver.py:206 ] 
=! Best NMSE: -1.7074e+01 (epoch=330)

I 05.20/21:32:47 solver.py:151 ] => Train  Loss: 1.2995e-02

I 05.20/21:32:48 solver.py:206 ] 
=! Best NMSE: -1.7074e+01 (epoch=330)

I 05.20/21:32:50 solver.py:151 ] => Train  Loss: 1.2982e-02

I 05.20/21:32:51 solver.py:206 ] 
=! Best NMSE: -1.7074e+01 (epoch=330)

I 05.20/21:32:52 solver.py:151 ] => Train  Loss: 1.2932e-02

I 05.20/21:32:53 solver.py:206 ] 
=! Best NMSE: -1.7074e+01 (epoch=330)

I 05.20/21:32:54 solver.py:151 ] => Train  Loss: 1.2950e-02

I 05.20/21:32:56 solver.py:206 ] 
=! Best NMSE: -1.7074e+01 (epoch=330)

I 05.20/21:32:57 solver.py:151 ] => Train  Loss: 1.2951e-02

I 05.20/21:32:58 solver.py:206 ] 
=! Best NMSE: -1.7074e+01 (epoch=330)

I 05.20/21:32:59 solver.py:151 ] => Train  Loss: 1.2939e-02

I 05.20/21:33:01 solver.py:206 ] 
=! Best NMSE: -1.7074e+01 (epoch=330)

I 05.20/21:33:02 solver.py:151 ] => Train  Loss: 1.2915e-02

I 05.20/21:33:03 solver.py:206 ] 
=! Best NMSE: -1.7074e+01 (epoch=330)

I 05.20/21:33:04 solver.py:151 ] => Train  Loss: 1.2902e-02

I 05.20/21:33:06 solver.py:206 ] 
=! Best NMSE: -1.7074e+01 (epoch=330)

I 05.20/21:33:07 solver.py:151 ] => Train  Loss: 1.2876e-02

I 05.20/21:33:07 solver.py:151 ] => Val  Loss: 1.6841e-02

I 05.20/21:33:07 solver.py:285 ] => Test NMSE: -1.7096e+01

I 05.20/21:33:10 solver.py:206 ] 
=! Best NMSE: -1.7096e+01 (epoch=340)

I 05.20/21:33:12 solver.py:151 ] => Train  Loss: 1.2846e-02

I 05.20/21:33:13 solver.py:206 ] 
=! Best NMSE: -1.7096e+01 (epoch=340)

I 05.20/21:33:15 solver.py:151 ] => Train  Loss: 1.2902e-02

I 05.20/21:33:16 solver.py:206 ] 
=! Best NMSE: -1.7096e+01 (epoch=340)

I 05.20/21:33:18 solver.py:151 ] => Train  Loss: 1.2877e-02

I 05.20/21:33:19 solver.py:206 ] 
=! Best NMSE: -1.7096e+01 (epoch=340)

I 05.20/21:33:21 solver.py:151 ] => Train  Loss: 1.2893e-02

I 05.20/21:33:22 solver.py:206 ] 
=! Best NMSE: -1.7096e+01 (epoch=340)

I 05.20/21:33:24 solver.py:151 ] => Train  Loss: 1.2832e-02

I 05.20/21:33:25 solver.py:206 ] 
=! Best NMSE: -1.7096e+01 (epoch=340)

I 05.20/21:33:27 solver.py:151 ] => Train  Loss: 1.2877e-02

I 05.20/21:33:28 solver.py:206 ] 
=! Best NMSE: -1.7096e+01 (epoch=340)

I 05.20/21:33:30 solver.py:151 ] => Train  Loss: 1.2846e-02

I 05.20/21:33:31 solver.py:206 ] 
=! Best NMSE: -1.7096e+01 (epoch=340)

I 05.20/21:33:32 solver.py:151 ] => Train  Loss: 1.2831e-02

I 05.20/21:33:33 solver.py:206 ] 
=! Best NMSE: -1.7096e+01 (epoch=340)

I 05.20/21:33:35 solver.py:151 ] => Train  Loss: 1.2885e-02

I 05.20/21:33:37 solver.py:206 ] 
=! Best NMSE: -1.7096e+01 (epoch=340)

I 05.20/21:33:38 solver.py:151 ] => Train  Loss: 1.2845e-02

I 05.20/21:33:38 solver.py:151 ] => Val  Loss: 1.6808e-02

I 05.20/21:33:38 solver.py:285 ] => Test NMSE: -1.7110e+01

I 05.20/21:33:41 solver.py:206 ] 
=! Best NMSE: -1.7110e+01 (epoch=350)

I 05.20/21:33:42 solver.py:151 ] => Train  Loss: 1.2831e-02

I 05.20/21:33:44 solver.py:206 ] 
=! Best NMSE: -1.7110e+01 (epoch=350)

I 05.20/21:33:45 solver.py:151 ] => Train  Loss: 1.2824e-02

I 05.20/21:33:46 solver.py:206 ] 
=! Best NMSE: -1.7110e+01 (epoch=350)

I 05.20/21:33:48 solver.py:151 ] => Train  Loss: 1.2778e-02

I 05.20/21:33:49 solver.py:206 ] 
=! Best NMSE: -1.7110e+01 (epoch=350)

I 05.20/21:33:51 solver.py:151 ] => Train  Loss: 1.2795e-02

I 05.20/21:33:52 solver.py:206 ] 
=! Best NMSE: -1.7110e+01 (epoch=350)

I 05.20/21:33:53 solver.py:151 ] => Train  Loss: 1.2866e-02

I 05.20/21:33:54 solver.py:206 ] 
=! Best NMSE: -1.7110e+01 (epoch=350)

I 05.20/21:33:55 solver.py:151 ] => Train  Loss: 1.2790e-02

I 05.20/21:33:56 solver.py:206 ] 
=! Best NMSE: -1.7110e+01 (epoch=350)

I 05.20/21:33:58 solver.py:151 ] => Train  Loss: 1.2770e-02

I 05.20/21:33:59 solver.py:206 ] 
=! Best NMSE: -1.7110e+01 (epoch=350)

I 05.20/21:34:00 solver.py:151 ] => Train  Loss: 1.2784e-02

I 05.20/21:34:02 solver.py:206 ] 
=! Best NMSE: -1.7110e+01 (epoch=350)

I 05.20/21:34:03 solver.py:151 ] => Train  Loss: 1.2764e-02

I 05.20/21:34:04 solver.py:206 ] 
=! Best NMSE: -1.7110e+01 (epoch=350)

I 05.20/21:34:05 solver.py:151 ] => Train  Loss: 1.2766e-02

I 05.20/21:34:06 solver.py:151 ] => Val  Loss: 1.6725e-02

I 05.20/21:34:06 solver.py:285 ] => Test NMSE: -1.7123e+01

I 05.20/21:34:08 solver.py:206 ] 
=! Best NMSE: -1.7123e+01 (epoch=360)

I 05.20/21:34:09 solver.py:151 ] => Train  Loss: 1.2758e-02

I 05.20/21:34:11 solver.py:206 ] 
=! Best NMSE: -1.7123e+01 (epoch=360)

I 05.20/21:34:12 solver.py:151 ] => Train  Loss: 1.2783e-02

I 05.20/21:34:13 solver.py:206 ] 
=! Best NMSE: -1.7123e+01 (epoch=360)

I 05.20/21:34:14 solver.py:151 ] => Train  Loss: 1.2755e-02

I 05.20/21:34:15 solver.py:206 ] 
=! Best NMSE: -1.7123e+01 (epoch=360)

I 05.20/21:34:16 solver.py:151 ] => Train  Loss: 1.2776e-02

I 05.20/21:34:17 solver.py:206 ] 
=! Best NMSE: -1.7123e+01 (epoch=360)

I 05.20/21:34:18 solver.py:151 ] => Train  Loss: 1.2737e-02

I 05.20/21:34:20 solver.py:206 ] 
=! Best NMSE: -1.7123e+01 (epoch=360)

I 05.20/21:34:21 solver.py:151 ] => Train  Loss: 1.2746e-02

I 05.20/21:34:22 solver.py:206 ] 
=! Best NMSE: -1.7123e+01 (epoch=360)

I 05.20/21:34:23 solver.py:151 ] => Train  Loss: 1.2743e-02

I 05.20/21:34:24 solver.py:206 ] 
=! Best NMSE: -1.7123e+01 (epoch=360)

I 05.20/21:34:25 solver.py:151 ] => Train  Loss: 1.2738e-02

I 05.20/21:34:27 solver.py:206 ] 
=! Best NMSE: -1.7123e+01 (epoch=360)

I 05.20/21:34:28 solver.py:151 ] => Train  Loss: 1.2750e-02

I 05.20/21:34:29 solver.py:206 ] 
=! Best NMSE: -1.7123e+01 (epoch=360)

I 05.20/21:34:30 solver.py:151 ] => Train  Loss: 1.2727e-02

I 05.20/21:34:31 solver.py:151 ] => Val  Loss: 1.6674e-02

I 05.20/21:34:31 solver.py:285 ] => Test NMSE: -1.7144e+01

I 05.20/21:34:33 solver.py:206 ] 
=! Best NMSE: -1.7144e+01 (epoch=370)

I 05.20/21:34:34 solver.py:151 ] => Train  Loss: 1.2723e-02

I 05.20/21:34:36 solver.py:206 ] 
=! Best NMSE: -1.7144e+01 (epoch=370)

I 05.20/21:34:37 solver.py:151 ] => Train  Loss: 1.2732e-02

I 05.20/21:34:38 solver.py:206 ] 
=! Best NMSE: -1.7144e+01 (epoch=370)

I 05.20/21:34:39 solver.py:151 ] => Train  Loss: 1.2719e-02

I 05.20/21:34:40 solver.py:206 ] 
=! Best NMSE: -1.7144e+01 (epoch=370)

I 05.20/21:34:41 solver.py:151 ] => Train  Loss: 1.2729e-02

I 05.20/21:34:42 solver.py:206 ] 
=! Best NMSE: -1.7144e+01 (epoch=370)

I 05.20/21:34:43 solver.py:151 ] => Train  Loss: 1.2736e-02

I 05.20/21:34:44 solver.py:206 ] 
=! Best NMSE: -1.7144e+01 (epoch=370)

I 05.20/21:34:45 solver.py:151 ] => Train  Loss: 1.2705e-02

I 05.20/21:34:47 solver.py:206 ] 
=! Best NMSE: -1.7144e+01 (epoch=370)

I 05.20/21:34:48 solver.py:151 ] => Train  Loss: 1.2690e-02

I 05.20/21:34:49 solver.py:206 ] 
=! Best NMSE: -1.7144e+01 (epoch=370)

I 05.20/21:34:50 solver.py:151 ] => Train  Loss: 1.2683e-02

I 05.20/21:34:51 solver.py:206 ] 
=! Best NMSE: -1.7144e+01 (epoch=370)

I 05.20/21:34:52 solver.py:151 ] => Train  Loss: 1.2692e-02

I 05.20/21:34:54 solver.py:206 ] 
=! Best NMSE: -1.7144e+01 (epoch=370)

I 05.20/21:34:55 solver.py:151 ] => Train  Loss: 1.2689e-02

I 05.20/21:34:55 solver.py:151 ] => Val  Loss: 1.6605e-02

I 05.20/21:34:55 solver.py:285 ] => Test NMSE: -1.7165e+01

I 05.20/21:34:58 solver.py:206 ] 
=! Best NMSE: -1.7165e+01 (epoch=380)

I 05.20/21:34:59 solver.py:151 ] => Train  Loss: 1.2694e-02

I 05.20/21:35:00 solver.py:206 ] 
=! Best NMSE: -1.7165e+01 (epoch=380)

I 05.20/21:35:01 solver.py:151 ] => Train  Loss: 1.2652e-02

I 05.20/21:35:02 solver.py:206 ] 
=! Best NMSE: -1.7165e+01 (epoch=380)

I 05.20/21:35:03 solver.py:151 ] => Train  Loss: 1.2687e-02

I 05.20/21:35:05 solver.py:206 ] 
=! Best NMSE: -1.7165e+01 (epoch=380)

I 05.20/21:35:06 solver.py:151 ] => Train  Loss: 1.2663e-02

I 05.20/21:35:07 solver.py:206 ] 
=! Best NMSE: -1.7165e+01 (epoch=380)

I 05.20/21:35:08 solver.py:151 ] => Train  Loss: 1.2678e-02

I 05.20/21:35:10 solver.py:206 ] 
=! Best NMSE: -1.7165e+01 (epoch=380)

I 05.20/21:35:11 solver.py:151 ] => Train  Loss: 1.2651e-02

I 05.20/21:35:13 solver.py:206 ] 
=! Best NMSE: -1.7165e+01 (epoch=380)

I 05.20/21:35:14 solver.py:151 ] => Train  Loss: 1.2642e-02

I 05.20/21:35:15 solver.py:206 ] 
=! Best NMSE: -1.7165e+01 (epoch=380)

I 05.20/21:35:17 solver.py:151 ] => Train  Loss: 1.2662e-02

I 05.20/21:35:18 solver.py:206 ] 
=! Best NMSE: -1.7165e+01 (epoch=380)

I 05.20/21:35:20 solver.py:151 ] => Train  Loss: 1.2649e-02

I 05.20/21:35:21 solver.py:206 ] 
=! Best NMSE: -1.7165e+01 (epoch=380)

I 05.20/21:35:23 solver.py:151 ] => Train  Loss: 1.2658e-02

I 05.20/21:35:23 solver.py:151 ] => Val  Loss: 1.6558e-02

I 05.20/21:35:24 solver.py:285 ] => Test NMSE: -1.7175e+01

I 05.20/21:35:26 solver.py:206 ] 
=! Best NMSE: -1.7175e+01 (epoch=390)

I 05.20/21:35:28 solver.py:151 ] => Train  Loss: 1.2619e-02

I 05.20/21:35:29 solver.py:206 ] 
=! Best NMSE: -1.7175e+01 (epoch=390)

I 05.20/21:35:30 solver.py:151 ] => Train  Loss: 1.2692e-02

I 05.20/21:35:31 solver.py:206 ] 
=! Best NMSE: -1.7175e+01 (epoch=390)

I 05.20/21:35:32 solver.py:151 ] => Train  Loss: 1.2645e-02

I 05.20/21:35:33 solver.py:206 ] 
=! Best NMSE: -1.7175e+01 (epoch=390)

I 05.20/21:35:34 solver.py:151 ] => Train  Loss: 1.2656e-02

I 05.20/21:35:35 solver.py:206 ] 
=! Best NMSE: -1.7175e+01 (epoch=390)

I 05.20/21:35:36 solver.py:151 ] => Train  Loss: 1.2670e-02

I 05.20/21:35:37 solver.py:206 ] 
=! Best NMSE: -1.7175e+01 (epoch=390)

I 05.20/21:35:39 solver.py:151 ] => Train  Loss: 1.2652e-02

I 05.20/21:35:40 solver.py:206 ] 
=! Best NMSE: -1.7175e+01 (epoch=390)

I 05.20/21:35:42 solver.py:151 ] => Train  Loss: 1.2622e-02

I 05.20/21:35:43 solver.py:206 ] 
=! Best NMSE: -1.7175e+01 (epoch=390)

I 05.20/21:35:44 solver.py:151 ] => Train  Loss: 1.2652e-02

I 05.20/21:35:45 solver.py:206 ] 
=! Best NMSE: -1.7175e+01 (epoch=390)

I 05.20/21:35:46 solver.py:151 ] => Train  Loss: 1.2613e-02

I 05.20/21:35:48 solver.py:206 ] 
=! Best NMSE: -1.7175e+01 (epoch=390)

I 05.20/21:35:49 solver.py:151 ] => Train  Loss: 1.2609e-02

I 05.20/21:35:49 solver.py:151 ] => Val  Loss: 1.6516e-02

I 05.20/21:35:49 solver.py:285 ] => Test NMSE: -1.7189e+01

I 05.20/21:35:51 solver.py:206 ] 
=! Best NMSE: -1.7189e+01 (epoch=400)

I 05.20/21:35:52 solver.py:229 ] => Saved encoder outputs to /storage/hujiacong/zxd/Huawei/TransNet/exps/freeze_decoder_ffn/encoder_output.pth
I 05.20/21:35:52 solver.py:285 ] => Test NMSE: -1.7189e+01

I 05.20/21:35:52 solver.py:254 ] 
=> Test result: 
loss: 1.4324e-02    NMSE: -1.7189e+01

I 05.20/21:35:52 main.py:87  ] 
=! Final test loss: 1.4324e-02
         test NMSE: -1.7189e+01

