I 05.20/21:09:18 main.py:23  ] => Experiment directory: /storage/hujiacong/zxd/Huawei/TransNet/exps/freeze_encoder_ffn
I 05.20/21:09:18 main.py:24  ] => PyTorch Version: 2.5.1
I 05.20/21:09:18 init.py:14  ] Random seed set to 3447
I 05.20/21:09:18 init.py:69  ] Running on GPU 0
I 05.20/21:09:20 init.py:100 ] => Model Name: TransNet [pretrained: None]
I 05.20/21:09:20 init.py:101 ] => Model Config: compression ratio=1/4; input shape=(2, 64, 64); input dim=8192
I 05.20/21:09:20 init.py:104 ] => Model Flops: 168.133M
I 05.20/21:09:20 init.py:105 ] => Model Params Num: 34.094M

I 05.20/21:09:20 init.py:106 ] 
**********
Transformer(
  (encoder): TransformerEncoder(
    (layer): TransformerEncoderLayer(
      (self_attn): MultiheadAttention(
        (out_proj): Linear(in_features=64, out_features=64, bias=True)
      )
      (linear1): Linear(in_features=64, out_features=2048, bias=True)
      (dropout): Dropout(p=0.0, inplace=False)
      (linear2): Linear(in_features=2048, out_features=64, bias=True)
      (norm1): LayerNorm((64,), eps=1e-05, elementwise_affine=True)
      (norm2): LayerNorm((64,), eps=1e-05, elementwise_affine=True)
      (dropout1): Dropout(p=0.0, inplace=False)
      (dropout2): Dropout(p=0.0, inplace=False)
    )
  )
  (decoder): TransformerDecoder(
    (layer): TransformerDecoderLayer(
      (self_attn): MultiheadAttention(
        (out_proj): Linear(in_features=64, out_features=64, bias=True)
      )
      (multihead_attn): MultiheadAttention(
        (out_proj): Linear(in_features=64, out_features=64, bias=True)
      )
      (linear1): Linear(in_features=64, out_features=2048, bias=True)
      (dropout): Dropout(p=0.0, inplace=False)
      (linear2): Linear(in_features=2048, out_features=64, bias=True)
      (norm1): LayerNorm((64,), eps=1e-05, elementwise_affine=True)
      (norm2): LayerNorm((64,), eps=1e-05, elementwise_affine=True)
      (norm3): LayerNorm((64,), eps=1e-05, elementwise_affine=True)
      (dropout1): Dropout(p=0.0, inplace=False)
      (dropout2): Dropout(p=0.0, inplace=False)
      (dropout3): Dropout(p=0.0, inplace=False)
    )
    (norm): LayerNorm((64,), eps=1e-05, elementwise_affine=True)
  )
  (fc_encoder): Linear(in_features=8192, out_features=2048, bias=True)
  (fc_decoder): Linear(in_features=2048, out_features=8192, bias=True)
)
**********

I 05.20/21:09:20 init.py:42  ] => Frozen components: encoder_ffn
I 05.20/21:09:20 init.py:46  ] 
**********
=> Parameter trainable status
**********
I 05.20/21:09:20 init.py:48  ] encoder.layer.self_attn.in_proj_weight | trainable=True | shape=(192, 64)
I 05.20/21:09:20 init.py:48  ] encoder.layer.self_attn.in_proj_bias | trainable=True | shape=(192,)
I 05.20/21:09:20 init.py:48  ] encoder.layer.self_attn.out_proj.weight | trainable=True | shape=(64, 64)
I 05.20/21:09:20 init.py:48  ] encoder.layer.self_attn.out_proj.bias | trainable=True | shape=(64,)
I 05.20/21:09:20 init.py:48  ] encoder.layer.linear1.weight | trainable=False | shape=(2048, 64)
I 05.20/21:09:20 init.py:48  ] encoder.layer.linear1.bias | trainable=False | shape=(2048,)
I 05.20/21:09:20 init.py:48  ] encoder.layer.linear2.weight | trainable=False | shape=(64, 2048)
I 05.20/21:09:20 init.py:48  ] encoder.layer.linear2.bias | trainable=False | shape=(64,)
I 05.20/21:09:20 init.py:48  ] encoder.layer.norm1.weight | trainable=True | shape=(64,)
I 05.20/21:09:20 init.py:48  ] encoder.layer.norm1.bias | trainable=True | shape=(64,)
I 05.20/21:09:20 init.py:48  ] encoder.layer.norm2.weight | trainable=True | shape=(64,)
I 05.20/21:09:20 init.py:48  ] encoder.layer.norm2.bias | trainable=True | shape=(64,)
I 05.20/21:09:20 init.py:48  ] decoder.layer.self_attn.in_proj_weight | trainable=True | shape=(192, 64)
I 05.20/21:09:20 init.py:48  ] decoder.layer.self_attn.in_proj_bias | trainable=True | shape=(192,)
I 05.20/21:09:20 init.py:48  ] decoder.layer.self_attn.out_proj.weight | trainable=True | shape=(64, 64)
I 05.20/21:09:20 init.py:48  ] decoder.layer.self_attn.out_proj.bias | trainable=True | shape=(64,)
I 05.20/21:09:20 init.py:48  ] decoder.layer.multihead_attn.in_proj_weight | trainable=True | shape=(192, 64)
I 05.20/21:09:20 init.py:48  ] decoder.layer.multihead_attn.in_proj_bias | trainable=True | shape=(192,)
I 05.20/21:09:20 init.py:48  ] decoder.layer.multihead_attn.out_proj.weight | trainable=True | shape=(64, 64)
I 05.20/21:09:20 init.py:48  ] decoder.layer.multihead_attn.out_proj.bias | trainable=True | shape=(64,)
I 05.20/21:09:20 init.py:48  ] decoder.layer.linear1.weight | trainable=True | shape=(2048, 64)
I 05.20/21:09:20 init.py:48  ] decoder.layer.linear1.bias | trainable=True | shape=(2048,)
I 05.20/21:09:20 init.py:48  ] decoder.layer.linear2.weight | trainable=True | shape=(64, 2048)
I 05.20/21:09:20 init.py:48  ] decoder.layer.linear2.bias | trainable=True | shape=(64,)
I 05.20/21:09:20 init.py:48  ] decoder.layer.norm1.weight | trainable=True | shape=(64,)
I 05.20/21:09:20 init.py:48  ] decoder.layer.norm1.bias | trainable=True | shape=(64,)
I 05.20/21:09:20 init.py:48  ] decoder.layer.norm2.weight | trainable=True | shape=(64,)
I 05.20/21:09:20 init.py:48  ] decoder.layer.norm2.bias | trainable=True | shape=(64,)
I 05.20/21:09:20 init.py:48  ] decoder.layer.norm3.weight | trainable=True | shape=(64,)
I 05.20/21:09:20 init.py:48  ] decoder.layer.norm3.bias | trainable=True | shape=(64,)
I 05.20/21:09:20 init.py:48  ] decoder.norm.weight | trainable=True | shape=(64,)
I 05.20/21:09:20 init.py:48  ] decoder.norm.bias | trainable=True | shape=(64,)
I 05.20/21:09:20 init.py:48  ] fc_encoder.weight | trainable=True | shape=(2048, 8192)
I 05.20/21:09:20 init.py:48  ] fc_encoder.bias | trainable=True | shape=(2048,)
I 05.20/21:09:20 init.py:48  ] fc_decoder.weight | trainable=True | shape=(8192, 2048)
I 05.20/21:09:20 init.py:48  ] fc_decoder.bias | trainable=True | shape=(8192,)
I 05.20/21:09:20 init.py:49  ] **********
I 05.20/21:09:23 solver.py:151 ] => Train  Loss: 1.4956e+00

I 05.20/21:09:26 solver.py:151 ] => Train  Loss: 1.4582e+00

I 05.20/21:09:28 solver.py:151 ] => Train  Loss: 1.3718e+00

I 05.20/21:09:31 solver.py:151 ] => Train  Loss: 1.2405e+00

I 05.20/21:09:34 solver.py:151 ] => Train  Loss: 1.0866e+00

I 05.20/21:09:37 solver.py:151 ] => Train  Loss: 9.3365e-01

I 05.20/21:09:39 solver.py:151 ] => Train  Loss: 7.9585e-01

I 05.20/21:09:41 solver.py:151 ] => Train  Loss: 6.7688e-01

I 05.20/21:09:44 solver.py:151 ] => Train  Loss: 5.7918e-01

I 05.20/21:09:47 solver.py:151 ] => Train  Loss: 4.9641e-01

I 05.20/21:09:47 solver.py:151 ] => Val  Loss: 4.7140e-01

I 05.20/21:09:47 solver.py:285 ] => Test NMSE: -2.1514e+00

I 05.20/21:09:50 solver.py:206 ] 
=! Best NMSE: -2.1514e+00 (epoch=10)

I 05.20/21:09:51 solver.py:151 ] => Train  Loss: 4.2831e-01

I 05.20/21:09:52 solver.py:206 ] 
=! Best NMSE: -2.1514e+00 (epoch=10)

I 05.20/21:09:53 solver.py:151 ] => Train  Loss: 3.7246e-01

I 05.20/21:09:54 solver.py:206 ] 
=! Best NMSE: -2.1514e+00 (epoch=10)

I 05.20/21:09:56 solver.py:151 ] => Train  Loss: 3.2572e-01

I 05.20/21:09:57 solver.py:206 ] 
=! Best NMSE: -2.1514e+00 (epoch=10)

I 05.20/21:09:59 solver.py:151 ] => Train  Loss: 2.8765e-01

I 05.20/21:10:00 solver.py:206 ] 
=! Best NMSE: -2.1514e+00 (epoch=10)

I 05.20/21:10:02 solver.py:151 ] => Train  Loss: 2.5782e-01

I 05.20/21:10:03 solver.py:206 ] 
=! Best NMSE: -2.1514e+00 (epoch=10)

I 05.20/21:10:04 solver.py:151 ] => Train  Loss: 2.3316e-01

I 05.20/21:10:05 solver.py:206 ] 
=! Best NMSE: -2.1514e+00 (epoch=10)

I 05.20/21:10:06 solver.py:151 ] => Train  Loss: 2.1377e-01

I 05.20/21:10:08 solver.py:206 ] 
=! Best NMSE: -2.1514e+00 (epoch=10)

I 05.20/21:10:09 solver.py:151 ] => Train  Loss: 1.9834e-01

I 05.20/21:10:10 solver.py:206 ] 
=! Best NMSE: -2.1514e+00 (epoch=10)

I 05.20/21:10:12 solver.py:151 ] => Train  Loss: 1.8538e-01

I 05.20/21:10:13 solver.py:206 ] 
=! Best NMSE: -2.1514e+00 (epoch=10)

I 05.20/21:10:15 solver.py:151 ] => Train  Loss: 1.7535e-01

I 05.20/21:10:16 solver.py:151 ] => Val  Loss: 1.8280e-01

I 05.20/21:10:16 solver.py:285 ] => Test NMSE: -6.3403e+00

I 05.20/21:10:18 solver.py:206 ] 
=! Best NMSE: -6.3403e+00 (epoch=20)

I 05.20/21:10:19 solver.py:151 ] => Train  Loss: 1.6654e-01

I 05.20/21:10:20 solver.py:206 ] 
=! Best NMSE: -6.3403e+00 (epoch=20)

I 05.20/21:10:22 solver.py:151 ] => Train  Loss: 1.5906e-01

I 05.20/21:10:23 solver.py:206 ] 
=! Best NMSE: -6.3403e+00 (epoch=20)

I 05.20/21:10:25 solver.py:151 ] => Train  Loss: 1.5280e-01

I 05.20/21:10:26 solver.py:206 ] 
=! Best NMSE: -6.3403e+00 (epoch=20)

I 05.20/21:10:28 solver.py:151 ] => Train  Loss: 1.4715e-01

I 05.20/21:10:29 solver.py:206 ] 
=! Best NMSE: -6.3403e+00 (epoch=20)

I 05.20/21:10:32 solver.py:151 ] => Train  Loss: 1.4194e-01

I 05.20/21:10:33 solver.py:206 ] 
=! Best NMSE: -6.3403e+00 (epoch=20)

I 05.20/21:10:35 solver.py:151 ] => Train  Loss: 1.3740e-01

I 05.20/21:10:36 solver.py:206 ] 
=! Best NMSE: -6.3403e+00 (epoch=20)

I 05.20/21:10:37 solver.py:151 ] => Train  Loss: 1.3275e-01

I 05.20/21:10:38 solver.py:206 ] 
=! Best NMSE: -6.3403e+00 (epoch=20)

I 05.20/21:10:40 solver.py:151 ] => Train  Loss: 1.2867e-01

I 05.20/21:10:41 solver.py:206 ] 
=! Best NMSE: -6.3403e+00 (epoch=20)

I 05.20/21:10:42 solver.py:151 ] => Train  Loss: 1.2509e-01

I 05.20/21:10:44 solver.py:206 ] 
=! Best NMSE: -6.3403e+00 (epoch=20)

I 05.20/21:10:47 solver.py:151 ] => Train  Loss: 1.2133e-01

I 05.20/21:10:47 solver.py:151 ] => Val  Loss: 1.3078e-01

I 05.20/21:10:47 solver.py:285 ] => Test NMSE: -7.7694e+00

I 05.20/21:10:49 solver.py:206 ] 
=! Best NMSE: -7.7694e+00 (epoch=30)

I 05.20/21:10:52 solver.py:151 ] => Train  Loss: 1.1806e-01

I 05.20/21:10:53 solver.py:206 ] 
=! Best NMSE: -7.7694e+00 (epoch=30)

I 05.20/21:10:56 solver.py:151 ] => Train  Loss: 1.1486e-01

I 05.20/21:10:57 solver.py:206 ] 
=! Best NMSE: -7.7694e+00 (epoch=30)

I 05.20/21:11:00 solver.py:151 ] => Train  Loss: 1.1219e-01

I 05.20/21:11:01 solver.py:206 ] 
=! Best NMSE: -7.7694e+00 (epoch=30)

I 05.20/21:11:04 solver.py:151 ] => Train  Loss: 1.0932e-01

I 05.20/21:11:05 solver.py:206 ] 
=! Best NMSE: -7.7694e+00 (epoch=30)

I 05.20/21:11:08 solver.py:151 ] => Train  Loss: 1.0658e-01

I 05.20/21:11:09 solver.py:206 ] 
=! Best NMSE: -7.7694e+00 (epoch=30)

I 05.20/21:11:11 solver.py:151 ] => Train  Loss: 1.0409e-01

I 05.20/21:11:12 solver.py:206 ] 
=! Best NMSE: -7.7694e+00 (epoch=30)

I 05.20/21:11:13 solver.py:151 ] => Train  Loss: 1.0164e-01

I 05.20/21:11:14 solver.py:206 ] 
=! Best NMSE: -7.7694e+00 (epoch=30)

I 05.20/21:11:16 solver.py:151 ] => Train  Loss: 9.9247e-02

I 05.20/21:11:17 solver.py:206 ] 
=! Best NMSE: -7.7694e+00 (epoch=30)

I 05.20/21:11:19 solver.py:151 ] => Train  Loss: 9.7095e-02

I 05.20/21:11:20 solver.py:206 ] 
=! Best NMSE: -7.7694e+00 (epoch=30)

I 05.20/21:11:21 solver.py:151 ] => Train  Loss: 9.4845e-02

I 05.20/21:11:21 solver.py:151 ] => Val  Loss: 1.0244e-01

I 05.20/21:11:22 solver.py:285 ] => Test NMSE: -8.8164e+00

I 05.20/21:11:24 solver.py:206 ] 
=! Best NMSE: -8.8164e+00 (epoch=40)

I 05.20/21:11:26 solver.py:151 ] => Train  Loss: 9.2621e-02

I 05.20/21:11:27 solver.py:206 ] 
=! Best NMSE: -8.8164e+00 (epoch=40)

I 05.20/21:11:30 solver.py:151 ] => Train  Loss: 9.0564e-02

I 05.20/21:11:31 solver.py:206 ] 
=! Best NMSE: -8.8164e+00 (epoch=40)

I 05.20/21:11:33 solver.py:151 ] => Train  Loss: 8.8496e-02

I 05.20/21:11:34 solver.py:206 ] 
=! Best NMSE: -8.8164e+00 (epoch=40)

I 05.20/21:11:35 solver.py:151 ] => Train  Loss: 8.6579e-02

I 05.20/21:11:36 solver.py:206 ] 
=! Best NMSE: -8.8164e+00 (epoch=40)

I 05.20/21:11:37 solver.py:151 ] => Train  Loss: 8.4732e-02

I 05.20/21:11:39 solver.py:206 ] 
=! Best NMSE: -8.8164e+00 (epoch=40)

I 05.20/21:11:41 solver.py:151 ] => Train  Loss: 8.3030e-02

I 05.20/21:11:42 solver.py:206 ] 
=! Best NMSE: -8.8164e+00 (epoch=40)

I 05.20/21:11:44 solver.py:151 ] => Train  Loss: 8.1212e-02

I 05.20/21:11:45 solver.py:206 ] 
=! Best NMSE: -8.8164e+00 (epoch=40)

I 05.20/21:11:47 solver.py:151 ] => Train  Loss: 7.9592e-02

I 05.20/21:11:48 solver.py:206 ] 
=! Best NMSE: -8.8164e+00 (epoch=40)

I 05.20/21:11:49 solver.py:151 ] => Train  Loss: 7.7988e-02

I 05.20/21:11:50 solver.py:206 ] 
=! Best NMSE: -8.8164e+00 (epoch=40)

I 05.20/21:11:52 solver.py:151 ] => Train  Loss: 7.6458e-02

I 05.20/21:11:52 solver.py:151 ] => Val  Loss: 8.3030e-02

I 05.20/21:11:52 solver.py:285 ] => Test NMSE: -9.7421e+00

I 05.20/21:11:55 solver.py:206 ] 
=! Best NMSE: -9.7421e+00 (epoch=50)

I 05.20/21:11:57 solver.py:151 ] => Train  Loss: 7.4984e-02

I 05.20/21:11:58 solver.py:206 ] 
=! Best NMSE: -9.7421e+00 (epoch=50)

I 05.20/21:12:00 solver.py:151 ] => Train  Loss: 7.3429e-02

I 05.20/21:12:01 solver.py:206 ] 
=! Best NMSE: -9.7421e+00 (epoch=50)

I 05.20/21:12:03 solver.py:151 ] => Train  Loss: 7.2051e-02

I 05.20/21:12:05 solver.py:206 ] 
=! Best NMSE: -9.7421e+00 (epoch=50)

I 05.20/21:12:07 solver.py:151 ] => Train  Loss: 7.0699e-02

I 05.20/21:12:08 solver.py:206 ] 
=! Best NMSE: -9.7421e+00 (epoch=50)

I 05.20/21:12:09 solver.py:151 ] => Train  Loss: 6.9314e-02

I 05.20/21:12:10 solver.py:206 ] 
=! Best NMSE: -9.7421e+00 (epoch=50)

I 05.20/21:12:11 solver.py:151 ] => Train  Loss: 6.8020e-02

I 05.20/21:12:13 solver.py:206 ] 
=! Best NMSE: -9.7421e+00 (epoch=50)

I 05.20/21:12:14 solver.py:151 ] => Train  Loss: 6.6702e-02

I 05.20/21:12:16 solver.py:206 ] 
=! Best NMSE: -9.7421e+00 (epoch=50)

I 05.20/21:12:18 solver.py:151 ] => Train  Loss: 6.5497e-02

I 05.20/21:12:19 solver.py:206 ] 
=! Best NMSE: -9.7421e+00 (epoch=50)

I 05.20/21:12:22 solver.py:151 ] => Train  Loss: 6.4269e-02

I 05.20/21:12:23 solver.py:206 ] 
=! Best NMSE: -9.7421e+00 (epoch=50)

I 05.20/21:12:24 solver.py:151 ] => Train  Loss: 6.3020e-02

I 05.20/21:12:24 solver.py:151 ] => Val  Loss: 6.8878e-02

I 05.20/21:12:24 solver.py:285 ] => Test NMSE: -1.0577e+01

I 05.20/21:12:27 solver.py:206 ] 
=! Best NMSE: -1.0577e+01 (epoch=60)

I 05.20/21:12:28 solver.py:151 ] => Train  Loss: 6.1900e-02

I 05.20/21:12:30 solver.py:206 ] 
=! Best NMSE: -1.0577e+01 (epoch=60)

I 05.20/21:12:31 solver.py:151 ] => Train  Loss: 6.0708e-02

I 05.20/21:12:32 solver.py:206 ] 
=! Best NMSE: -1.0577e+01 (epoch=60)

I 05.20/21:12:35 solver.py:151 ] => Train  Loss: 5.9601e-02

I 05.20/21:12:36 solver.py:206 ] 
=! Best NMSE: -1.0577e+01 (epoch=60)

I 05.20/21:12:38 solver.py:151 ] => Train  Loss: 5.8496e-02

I 05.20/21:12:40 solver.py:206 ] 
=! Best NMSE: -1.0577e+01 (epoch=60)

I 05.20/21:12:42 solver.py:151 ] => Train  Loss: 5.7434e-02

I 05.20/21:12:43 solver.py:206 ] 
=! Best NMSE: -1.0577e+01 (epoch=60)

I 05.20/21:12:45 solver.py:151 ] => Train  Loss: 5.6406e-02

I 05.20/21:12:46 solver.py:206 ] 
=! Best NMSE: -1.0577e+01 (epoch=60)

I 05.20/21:12:48 solver.py:151 ] => Train  Loss: 5.5396e-02

I 05.20/21:12:48 solver.py:206 ] 
=! Best NMSE: -1.0577e+01 (epoch=60)

I 05.20/21:12:50 solver.py:151 ] => Train  Loss: 5.4316e-02

I 05.20/21:12:51 solver.py:206 ] 
=! Best NMSE: -1.0577e+01 (epoch=60)

I 05.20/21:12:53 solver.py:151 ] => Train  Loss: 5.3366e-02

I 05.20/21:12:54 solver.py:206 ] 
=! Best NMSE: -1.0577e+01 (epoch=60)

I 05.20/21:12:56 solver.py:151 ] => Train  Loss: 5.2343e-02

I 05.20/21:12:57 solver.py:151 ] => Val  Loss: 5.7666e-02

I 05.20/21:12:57 solver.py:285 ] => Test NMSE: -1.1379e+01

I 05.20/21:12:59 solver.py:206 ] 
=! Best NMSE: -1.1379e+01 (epoch=70)

I 05.20/21:13:00 solver.py:151 ] => Train  Loss: 5.1387e-02

I 05.20/21:13:01 solver.py:206 ] 
=! Best NMSE: -1.1379e+01 (epoch=70)

I 05.20/21:13:03 solver.py:151 ] => Train  Loss: 5.0517e-02

I 05.20/21:13:05 solver.py:206 ] 
=! Best NMSE: -1.1379e+01 (epoch=70)

I 05.20/21:13:07 solver.py:151 ] => Train  Loss: 4.9635e-02

I 05.20/21:13:09 solver.py:206 ] 
=! Best NMSE: -1.1379e+01 (epoch=70)

I 05.20/21:13:11 solver.py:151 ] => Train  Loss: 4.8701e-02

I 05.20/21:13:13 solver.py:206 ] 
=! Best NMSE: -1.1379e+01 (epoch=70)

I 05.20/21:13:16 solver.py:151 ] => Train  Loss: 4.7842e-02

I 05.20/21:13:18 solver.py:206 ] 
=! Best NMSE: -1.1379e+01 (epoch=70)

I 05.20/21:13:20 solver.py:151 ] => Train  Loss: 4.6903e-02

I 05.20/21:13:22 solver.py:206 ] 
=! Best NMSE: -1.1379e+01 (epoch=70)

I 05.20/21:13:24 solver.py:151 ] => Train  Loss: 4.6085e-02

I 05.20/21:13:26 solver.py:206 ] 
=! Best NMSE: -1.1379e+01 (epoch=70)

I 05.20/21:13:29 solver.py:151 ] => Train  Loss: 4.5237e-02

I 05.20/21:13:31 solver.py:206 ] 
=! Best NMSE: -1.1379e+01 (epoch=70)

I 05.20/21:13:33 solver.py:151 ] => Train  Loss: 4.4384e-02

I 05.20/21:13:35 solver.py:206 ] 
=! Best NMSE: -1.1379e+01 (epoch=70)

I 05.20/21:13:37 solver.py:151 ] => Train  Loss: 4.3585e-02

I 05.20/21:13:37 solver.py:151 ] => Val  Loss: 4.8453e-02

I 05.20/21:13:38 solver.py:285 ] => Test NMSE: -1.2166e+01

I 05.20/21:13:40 solver.py:206 ] 
=! Best NMSE: -1.2166e+01 (epoch=80)

I 05.20/21:13:43 solver.py:151 ] => Train  Loss: 4.2790e-02

I 05.20/21:13:44 solver.py:206 ] 
=! Best NMSE: -1.2166e+01 (epoch=80)

I 05.20/21:13:46 solver.py:151 ] => Train  Loss: 4.2083e-02

I 05.20/21:13:48 solver.py:206 ] 
=! Best NMSE: -1.2166e+01 (epoch=80)

I 05.20/21:13:50 solver.py:151 ] => Train  Loss: 4.1256e-02

I 05.20/21:13:51 solver.py:206 ] 
=! Best NMSE: -1.2166e+01 (epoch=80)

I 05.20/21:13:54 solver.py:151 ] => Train  Loss: 4.0509e-02

I 05.20/21:13:55 solver.py:206 ] 
=! Best NMSE: -1.2166e+01 (epoch=80)

I 05.20/21:13:58 solver.py:151 ] => Train  Loss: 3.9824e-02

I 05.20/21:14:00 solver.py:206 ] 
=! Best NMSE: -1.2166e+01 (epoch=80)

I 05.20/21:14:03 solver.py:151 ] => Train  Loss: 3.9043e-02

I 05.20/21:14:04 solver.py:206 ] 
=! Best NMSE: -1.2166e+01 (epoch=80)

I 05.20/21:14:06 solver.py:151 ] => Train  Loss: 3.8413e-02

I 05.20/21:14:08 solver.py:206 ] 
=! Best NMSE: -1.2166e+01 (epoch=80)

I 05.20/21:14:11 solver.py:151 ] => Train  Loss: 3.7683e-02

I 05.20/21:14:12 solver.py:206 ] 
=! Best NMSE: -1.2166e+01 (epoch=80)

I 05.20/21:14:14 solver.py:151 ] => Train  Loss: 3.6981e-02

I 05.20/21:14:16 solver.py:206 ] 
=! Best NMSE: -1.2166e+01 (epoch=80)

I 05.20/21:14:18 solver.py:151 ] => Train  Loss: 3.6332e-02

I 05.20/21:14:19 solver.py:151 ] => Val  Loss: 4.0836e-02

I 05.20/21:14:19 solver.py:285 ] => Test NMSE: -1.2947e+01

I 05.20/21:14:22 solver.py:206 ] 
=! Best NMSE: -1.2947e+01 (epoch=90)

I 05.20/21:14:23 solver.py:151 ] => Train  Loss: 3.5639e-02

I 05.20/21:14:24 solver.py:206 ] 
=! Best NMSE: -1.2947e+01 (epoch=90)

I 05.20/21:14:26 solver.py:151 ] => Train  Loss: 3.5017e-02

I 05.20/21:14:27 solver.py:206 ] 
=! Best NMSE: -1.2947e+01 (epoch=90)

I 05.20/21:14:28 solver.py:151 ] => Train  Loss: 3.4349e-02

I 05.20/21:14:30 solver.py:206 ] 
=! Best NMSE: -1.2947e+01 (epoch=90)

I 05.20/21:14:32 solver.py:151 ] => Train  Loss: 3.3808e-02

I 05.20/21:14:33 solver.py:206 ] 
=! Best NMSE: -1.2947e+01 (epoch=90)

I 05.20/21:14:36 solver.py:151 ] => Train  Loss: 3.3148e-02

I 05.20/21:14:37 solver.py:206 ] 
=! Best NMSE: -1.2947e+01 (epoch=90)

I 05.20/21:14:40 solver.py:151 ] => Train  Loss: 3.2553e-02

I 05.20/21:14:42 solver.py:206 ] 
=! Best NMSE: -1.2947e+01 (epoch=90)

I 05.20/21:14:45 solver.py:151 ] => Train  Loss: 3.1918e-02

I 05.20/21:14:46 solver.py:206 ] 
=! Best NMSE: -1.2947e+01 (epoch=90)

I 05.20/21:14:48 solver.py:151 ] => Train  Loss: 3.1390e-02

I 05.20/21:14:50 solver.py:206 ] 
=! Best NMSE: -1.2947e+01 (epoch=90)

I 05.20/21:14:53 solver.py:151 ] => Train  Loss: 3.0811e-02

I 05.20/21:14:55 solver.py:206 ] 
=! Best NMSE: -1.2947e+01 (epoch=90)

I 05.20/21:14:56 solver.py:151 ] => Train  Loss: 3.0276e-02

I 05.20/21:14:56 solver.py:151 ] => Val  Loss: 3.4531e-02

I 05.20/21:14:57 solver.py:285 ] => Test NMSE: -1.3717e+01

I 05.20/21:14:59 solver.py:206 ] 
=! Best NMSE: -1.3717e+01 (epoch=100)

I 05.20/21:15:01 solver.py:151 ] => Train  Loss: 2.9720e-02

I 05.20/21:15:03 solver.py:206 ] 
=! Best NMSE: -1.3717e+01 (epoch=100)

I 05.20/21:15:05 solver.py:151 ] => Train  Loss: 2.9228e-02

I 05.20/21:15:06 solver.py:206 ] 
=! Best NMSE: -1.3717e+01 (epoch=100)

I 05.20/21:15:09 solver.py:151 ] => Train  Loss: 2.8672e-02

I 05.20/21:15:11 solver.py:206 ] 
=! Best NMSE: -1.3717e+01 (epoch=100)

I 05.20/21:15:15 solver.py:151 ] => Train  Loss: 2.8167e-02

I 05.20/21:15:17 solver.py:206 ] 
=! Best NMSE: -1.3717e+01 (epoch=100)

I 05.20/21:15:21 solver.py:151 ] => Train  Loss: 2.7627e-02

I 05.20/21:15:23 solver.py:206 ] 
=! Best NMSE: -1.3717e+01 (epoch=100)

I 05.20/21:15:26 solver.py:151 ] => Train  Loss: 2.7193e-02

I 05.20/21:15:28 solver.py:206 ] 
=! Best NMSE: -1.3717e+01 (epoch=100)

I 05.20/21:15:31 solver.py:151 ] => Train  Loss: 2.6701e-02

I 05.20/21:15:33 solver.py:206 ] 
=! Best NMSE: -1.3717e+01 (epoch=100)

I 05.20/21:15:36 solver.py:151 ] => Train  Loss: 2.6250e-02

I 05.20/21:15:38 solver.py:206 ] 
=! Best NMSE: -1.3717e+01 (epoch=100)

I 05.20/21:15:40 solver.py:151 ] => Train  Loss: 2.5803e-02

I 05.20/21:15:41 solver.py:206 ] 
=! Best NMSE: -1.3717e+01 (epoch=100)

I 05.20/21:15:44 solver.py:151 ] => Train  Loss: 2.5349e-02

I 05.20/21:15:45 solver.py:151 ] => Val  Loss: 2.9407e-02

I 05.20/21:15:45 solver.py:285 ] => Test NMSE: -1.4467e+01

I 05.20/21:15:48 solver.py:206 ] 
=! Best NMSE: -1.4467e+01 (epoch=110)

I 05.20/21:15:50 solver.py:151 ] => Train  Loss: 2.4903e-02

I 05.20/21:15:52 solver.py:206 ] 
=! Best NMSE: -1.4467e+01 (epoch=110)

I 05.20/21:15:54 solver.py:151 ] => Train  Loss: 2.4493e-02

I 05.20/21:15:55 solver.py:206 ] 
=! Best NMSE: -1.4467e+01 (epoch=110)

I 05.20/21:15:57 solver.py:151 ] => Train  Loss: 2.4080e-02

I 05.20/21:15:59 solver.py:206 ] 
=! Best NMSE: -1.4467e+01 (epoch=110)

I 05.20/21:16:01 solver.py:151 ] => Train  Loss: 2.3749e-02

I 05.20/21:16:03 solver.py:206 ] 
=! Best NMSE: -1.4467e+01 (epoch=110)

I 05.20/21:16:05 solver.py:151 ] => Train  Loss: 2.3308e-02

I 05.20/21:16:06 solver.py:206 ] 
=! Best NMSE: -1.4467e+01 (epoch=110)

I 05.20/21:16:09 solver.py:151 ] => Train  Loss: 2.2857e-02

I 05.20/21:16:11 solver.py:206 ] 
=! Best NMSE: -1.4467e+01 (epoch=110)

I 05.20/21:16:14 solver.py:151 ] => Train  Loss: 2.2532e-02

I 05.20/21:16:15 solver.py:206 ] 
=! Best NMSE: -1.4467e+01 (epoch=110)

I 05.20/21:16:17 solver.py:151 ] => Train  Loss: 2.2113e-02

I 05.20/21:16:19 solver.py:206 ] 
=! Best NMSE: -1.4467e+01 (epoch=110)

I 05.20/21:16:21 solver.py:151 ] => Train  Loss: 2.1764e-02

I 05.20/21:16:23 solver.py:206 ] 
=! Best NMSE: -1.4467e+01 (epoch=110)

I 05.20/21:16:25 solver.py:151 ] => Train  Loss: 2.1381e-02

I 05.20/21:16:25 solver.py:151 ] => Val  Loss: 2.5318e-02

I 05.20/21:16:25 solver.py:285 ] => Test NMSE: -1.5167e+01

I 05.20/21:16:28 solver.py:206 ] 
=! Best NMSE: -1.5167e+01 (epoch=120)

I 05.20/21:16:31 solver.py:151 ] => Train  Loss: 2.1067e-02

I 05.20/21:16:32 solver.py:206 ] 
=! Best NMSE: -1.5167e+01 (epoch=120)

I 05.20/21:16:34 solver.py:151 ] => Train  Loss: 2.0722e-02

I 05.20/21:16:35 solver.py:206 ] 
=! Best NMSE: -1.5167e+01 (epoch=120)

I 05.20/21:16:38 solver.py:151 ] => Train  Loss: 2.0412e-02

I 05.20/21:16:39 solver.py:206 ] 
=! Best NMSE: -1.5167e+01 (epoch=120)

I 05.20/21:16:42 solver.py:151 ] => Train  Loss: 2.0104e-02

I 05.20/21:16:44 solver.py:206 ] 
=! Best NMSE: -1.5167e+01 (epoch=120)

I 05.20/21:16:47 solver.py:151 ] => Train  Loss: 1.9817e-02

I 05.20/21:16:48 solver.py:206 ] 
=! Best NMSE: -1.5167e+01 (epoch=120)

I 05.20/21:16:50 solver.py:151 ] => Train  Loss: 1.9469e-02

I 05.20/21:16:52 solver.py:206 ] 
=! Best NMSE: -1.5167e+01 (epoch=120)

I 05.20/21:16:54 solver.py:151 ] => Train  Loss: 1.9192e-02

I 05.20/21:16:55 solver.py:206 ] 
=! Best NMSE: -1.5167e+01 (epoch=120)

I 05.20/21:16:56 solver.py:151 ] => Train  Loss: 1.8898e-02

I 05.20/21:16:57 solver.py:206 ] 
=! Best NMSE: -1.5167e+01 (epoch=120)

I 05.20/21:16:59 solver.py:151 ] => Train  Loss: 1.8640e-02

I 05.20/21:17:01 solver.py:206 ] 
=! Best NMSE: -1.5167e+01 (epoch=120)

I 05.20/21:17:04 solver.py:151 ] => Train  Loss: 1.8360e-02

I 05.20/21:17:04 solver.py:151 ] => Val  Loss: 2.2104e-02

I 05.20/21:17:04 solver.py:285 ] => Test NMSE: -1.5810e+01

I 05.20/21:17:08 solver.py:206 ] 
=! Best NMSE: -1.5810e+01 (epoch=130)

I 05.20/21:17:10 solver.py:151 ] => Train  Loss: 1.8106e-02

I 05.20/21:17:11 solver.py:206 ] 
=! Best NMSE: -1.5810e+01 (epoch=130)

I 05.20/21:17:13 solver.py:151 ] => Train  Loss: 1.7827e-02

I 05.20/21:17:15 solver.py:206 ] 
=! Best NMSE: -1.5810e+01 (epoch=130)

I 05.20/21:17:17 solver.py:151 ] => Train  Loss: 1.7600e-02

I 05.20/21:17:19 solver.py:206 ] 
=! Best NMSE: -1.5810e+01 (epoch=130)

I 05.20/21:17:22 solver.py:151 ] => Train  Loss: 1.7375e-02

I 05.20/21:17:23 solver.py:206 ] 
=! Best NMSE: -1.5810e+01 (epoch=130)

I 05.20/21:17:24 solver.py:151 ] => Train  Loss: 1.7135e-02

I 05.20/21:17:26 solver.py:206 ] 
=! Best NMSE: -1.5810e+01 (epoch=130)

I 05.20/21:17:28 solver.py:151 ] => Train  Loss: 1.6946e-02

I 05.20/21:17:30 solver.py:206 ] 
=! Best NMSE: -1.5810e+01 (epoch=130)

I 05.20/21:17:33 solver.py:151 ] => Train  Loss: 1.6674e-02

I 05.20/21:17:35 solver.py:206 ] 
=! Best NMSE: -1.5810e+01 (epoch=130)

I 05.20/21:17:37 solver.py:151 ] => Train  Loss: 1.6481e-02

I 05.20/21:17:39 solver.py:206 ] 
=! Best NMSE: -1.5810e+01 (epoch=130)

I 05.20/21:17:42 solver.py:151 ] => Train  Loss: 1.6273e-02

I 05.20/21:17:43 solver.py:206 ] 
=! Best NMSE: -1.5810e+01 (epoch=130)

I 05.20/21:17:44 solver.py:151 ] => Train  Loss: 1.6098e-02

I 05.20/21:17:45 solver.py:151 ] => Val  Loss: 1.9691e-02

I 05.20/21:17:45 solver.py:285 ] => Test NMSE: -1.6357e+01

I 05.20/21:17:48 solver.py:206 ] 
=! Best NMSE: -1.6357e+01 (epoch=140)

I 05.20/21:17:51 solver.py:151 ] => Train  Loss: 1.5899e-02

I 05.20/21:17:53 solver.py:206 ] 
=! Best NMSE: -1.6357e+01 (epoch=140)

I 05.20/21:17:54 solver.py:151 ] => Train  Loss: 1.5731e-02

I 05.20/21:17:55 solver.py:206 ] 
=! Best NMSE: -1.6357e+01 (epoch=140)

I 05.20/21:17:57 solver.py:151 ] => Train  Loss: 1.5542e-02

I 05.20/21:17:59 solver.py:206 ] 
=! Best NMSE: -1.6357e+01 (epoch=140)

I 05.20/21:18:01 solver.py:151 ] => Train  Loss: 1.5401e-02

I 05.20/21:18:02 solver.py:206 ] 
=! Best NMSE: -1.6357e+01 (epoch=140)

I 05.20/21:18:05 solver.py:151 ] => Train  Loss: 1.5199e-02

I 05.20/21:18:06 solver.py:206 ] 
=! Best NMSE: -1.6357e+01 (epoch=140)

I 05.20/21:18:09 solver.py:151 ] => Train  Loss: 1.5068e-02

I 05.20/21:18:10 solver.py:206 ] 
=! Best NMSE: -1.6357e+01 (epoch=140)

I 05.20/21:18:11 solver.py:151 ] => Train  Loss: 1.4933e-02

I 05.20/21:18:13 solver.py:206 ] 
=! Best NMSE: -1.6357e+01 (epoch=140)

I 05.20/21:18:15 solver.py:151 ] => Train  Loss: 1.4751e-02

I 05.20/21:18:18 solver.py:206 ] 
=! Best NMSE: -1.6357e+01 (epoch=140)

I 05.20/21:18:21 solver.py:151 ] => Train  Loss: 1.4634e-02

I 05.20/21:18:23 solver.py:206 ] 
=! Best NMSE: -1.6357e+01 (epoch=140)

I 05.20/21:18:26 solver.py:151 ] => Train  Loss: 1.4496e-02

I 05.20/21:18:26 solver.py:151 ] => Val  Loss: 1.7982e-02

I 05.20/21:18:27 solver.py:285 ] => Test NMSE: -1.6788e+01

I 05.20/21:18:30 solver.py:206 ] 
=! Best NMSE: -1.6788e+01 (epoch=150)

I 05.20/21:18:32 solver.py:151 ] => Train  Loss: 1.4373e-02

I 05.20/21:18:34 solver.py:206 ] 
=! Best NMSE: -1.6788e+01 (epoch=150)

I 05.20/21:18:36 solver.py:151 ] => Train  Loss: 1.4259e-02

I 05.20/21:18:38 solver.py:206 ] 
=! Best NMSE: -1.6788e+01 (epoch=150)

I 05.20/21:18:40 solver.py:151 ] => Train  Loss: 1.4108e-02

I 05.20/21:18:42 solver.py:206 ] 
=! Best NMSE: -1.6788e+01 (epoch=150)

I 05.20/21:18:45 solver.py:151 ] => Train  Loss: 1.4008e-02

I 05.20/21:18:46 solver.py:206 ] 
=! Best NMSE: -1.6788e+01 (epoch=150)

I 05.20/21:18:47 solver.py:151 ] => Train  Loss: 1.3931e-02

I 05.20/21:18:49 solver.py:206 ] 
=! Best NMSE: -1.6788e+01 (epoch=150)

I 05.20/21:18:52 solver.py:151 ] => Train  Loss: 1.3816e-02

I 05.20/21:18:53 solver.py:206 ] 
=! Best NMSE: -1.6788e+01 (epoch=150)

I 05.20/21:18:55 solver.py:151 ] => Train  Loss: 1.3671e-02

I 05.20/21:18:56 solver.py:206 ] 
=! Best NMSE: -1.6788e+01 (epoch=150)

I 05.20/21:18:58 solver.py:151 ] => Train  Loss: 1.3582e-02

I 05.20/21:19:00 solver.py:206 ] 
=! Best NMSE: -1.6788e+01 (epoch=150)

I 05.20/21:19:03 solver.py:151 ] => Train  Loss: 1.3497e-02

I 05.20/21:19:04 solver.py:206 ] 
=! Best NMSE: -1.6788e+01 (epoch=150)

I 05.20/21:19:07 solver.py:151 ] => Train  Loss: 1.3418e-02

I 05.20/21:19:08 solver.py:151 ] => Val  Loss: 1.6802e-02

I 05.20/21:19:08 solver.py:285 ] => Test NMSE: -1.7115e+01

I 05.20/21:19:11 solver.py:206 ] 
=! Best NMSE: -1.7115e+01 (epoch=160)

I 05.20/21:19:14 solver.py:151 ] => Train  Loss: 1.3359e-02

I 05.20/21:19:16 solver.py:206 ] 
=! Best NMSE: -1.7115e+01 (epoch=160)

I 05.20/21:19:17 solver.py:151 ] => Train  Loss: 1.3258e-02

I 05.20/21:19:18 solver.py:206 ] 
=! Best NMSE: -1.7115e+01 (epoch=160)

I 05.20/21:19:20 solver.py:151 ] => Train  Loss: 1.3179e-02

I 05.20/21:19:23 solver.py:206 ] 
=! Best NMSE: -1.7115e+01 (epoch=160)

I 05.20/21:19:25 solver.py:151 ] => Train  Loss: 1.3063e-02

I 05.20/21:19:27 solver.py:206 ] 
=! Best NMSE: -1.7115e+01 (epoch=160)

I 05.20/21:19:30 solver.py:151 ] => Train  Loss: 1.3019e-02

I 05.20/21:19:32 solver.py:206 ] 
=! Best NMSE: -1.7115e+01 (epoch=160)

I 05.20/21:19:34 solver.py:151 ] => Train  Loss: 1.2909e-02

I 05.20/21:19:36 solver.py:206 ] 
=! Best NMSE: -1.7115e+01 (epoch=160)

I 05.20/21:19:37 solver.py:151 ] => Train  Loss: 1.2904e-02

I 05.20/21:19:38 solver.py:206 ] 
=! Best NMSE: -1.7115e+01 (epoch=160)

I 05.20/21:19:39 solver.py:151 ] => Train  Loss: 1.2777e-02

I 05.20/21:19:41 solver.py:206 ] 
=! Best NMSE: -1.7115e+01 (epoch=160)

I 05.20/21:19:42 solver.py:151 ] => Train  Loss: 1.2743e-02

I 05.20/21:19:43 solver.py:206 ] 
=! Best NMSE: -1.7115e+01 (epoch=160)

I 05.20/21:19:45 solver.py:151 ] => Train  Loss: 1.2682e-02

I 05.20/21:19:46 solver.py:151 ] => Val  Loss: 1.5988e-02

I 05.20/21:19:46 solver.py:285 ] => Test NMSE: -1.7348e+01

I 05.20/21:19:49 solver.py:206 ] 
=! Best NMSE: -1.7348e+01 (epoch=170)

I 05.20/21:19:50 solver.py:151 ] => Train  Loss: 1.2631e-02

I 05.20/21:19:51 solver.py:206 ] 
=! Best NMSE: -1.7348e+01 (epoch=170)

I 05.20/21:19:52 solver.py:151 ] => Train  Loss: 1.2557e-02

I 05.20/21:19:54 solver.py:206 ] 
=! Best NMSE: -1.7348e+01 (epoch=170)

I 05.20/21:19:56 solver.py:151 ] => Train  Loss: 1.2524e-02

I 05.20/21:19:57 solver.py:206 ] 
=! Best NMSE: -1.7348e+01 (epoch=170)

I 05.20/21:20:00 solver.py:151 ] => Train  Loss: 1.2456e-02

I 05.20/21:20:02 solver.py:206 ] 
=! Best NMSE: -1.7348e+01 (epoch=170)

I 05.20/21:20:03 solver.py:151 ] => Train  Loss: 1.2395e-02

I 05.20/21:20:05 solver.py:206 ] 
=! Best NMSE: -1.7348e+01 (epoch=170)

I 05.20/21:20:07 solver.py:151 ] => Train  Loss: 1.2388e-02

I 05.20/21:20:08 solver.py:206 ] 
=! Best NMSE: -1.7348e+01 (epoch=170)

I 05.20/21:20:10 solver.py:151 ] => Train  Loss: 1.2338e-02

I 05.20/21:20:12 solver.py:206 ] 
=! Best NMSE: -1.7348e+01 (epoch=170)

I 05.20/21:20:13 solver.py:151 ] => Train  Loss: 1.2303e-02

I 05.20/21:20:14 solver.py:206 ] 
=! Best NMSE: -1.7348e+01 (epoch=170)

I 05.20/21:20:15 solver.py:151 ] => Train  Loss: 1.2256e-02

I 05.20/21:20:16 solver.py:206 ] 
=! Best NMSE: -1.7348e+01 (epoch=170)

I 05.20/21:20:18 solver.py:151 ] => Train  Loss: 1.2193e-02

I 05.20/21:20:18 solver.py:151 ] => Val  Loss: 1.5424e-02

I 05.20/21:20:18 solver.py:285 ] => Test NMSE: -1.7516e+01

I 05.20/21:20:21 solver.py:206 ] 
=! Best NMSE: -1.7516e+01 (epoch=180)

I 05.20/21:20:22 solver.py:151 ] => Train  Loss: 1.2194e-02

I 05.20/21:20:24 solver.py:206 ] 
=! Best NMSE: -1.7516e+01 (epoch=180)

I 05.20/21:20:26 solver.py:151 ] => Train  Loss: 1.2131e-02

I 05.20/21:20:28 solver.py:206 ] 
=! Best NMSE: -1.7516e+01 (epoch=180)

I 05.20/21:20:30 solver.py:151 ] => Train  Loss: 1.2101e-02

I 05.20/21:20:32 solver.py:206 ] 
=! Best NMSE: -1.7516e+01 (epoch=180)

I 05.20/21:20:34 solver.py:151 ] => Train  Loss: 1.2075e-02

I 05.20/21:20:36 solver.py:206 ] 
=! Best NMSE: -1.7516e+01 (epoch=180)

I 05.20/21:20:38 solver.py:151 ] => Train  Loss: 1.2024e-02

I 05.20/21:20:40 solver.py:206 ] 
=! Best NMSE: -1.7516e+01 (epoch=180)

I 05.20/21:20:42 solver.py:151 ] => Train  Loss: 1.2016e-02

I 05.20/21:20:44 solver.py:206 ] 
=! Best NMSE: -1.7516e+01 (epoch=180)

I 05.20/21:20:46 solver.py:151 ] => Train  Loss: 1.1980e-02

I 05.20/21:20:48 solver.py:206 ] 
=! Best NMSE: -1.7516e+01 (epoch=180)

I 05.20/21:20:51 solver.py:151 ] => Train  Loss: 1.1924e-02

I 05.20/21:20:52 solver.py:206 ] 
=! Best NMSE: -1.7516e+01 (epoch=180)

I 05.20/21:20:55 solver.py:151 ] => Train  Loss: 1.1899e-02

I 05.20/21:20:56 solver.py:206 ] 
=! Best NMSE: -1.7516e+01 (epoch=180)

I 05.20/21:20:59 solver.py:151 ] => Train  Loss: 1.1883e-02

I 05.20/21:20:59 solver.py:151 ] => Val  Loss: 1.5034e-02

I 05.20/21:20:59 solver.py:285 ] => Test NMSE: -1.7634e+01

I 05.20/21:21:03 solver.py:206 ] 
=! Best NMSE: -1.7634e+01 (epoch=190)

I 05.20/21:21:05 solver.py:151 ] => Train  Loss: 1.1849e-02

I 05.20/21:21:06 solver.py:206 ] 
=! Best NMSE: -1.7634e+01 (epoch=190)

I 05.20/21:21:08 solver.py:151 ] => Train  Loss: 1.1841e-02

I 05.20/21:21:09 solver.py:206 ] 
=! Best NMSE: -1.7634e+01 (epoch=190)

I 05.20/21:21:10 solver.py:151 ] => Train  Loss: 1.1818e-02

I 05.20/21:21:12 solver.py:206 ] 
=! Best NMSE: -1.7634e+01 (epoch=190)

I 05.20/21:21:15 solver.py:151 ] => Train  Loss: 1.1772e-02

I 05.20/21:21:16 solver.py:206 ] 
=! Best NMSE: -1.7634e+01 (epoch=190)

I 05.20/21:21:17 solver.py:151 ] => Train  Loss: 1.1800e-02

I 05.20/21:21:18 solver.py:206 ] 
=! Best NMSE: -1.7634e+01 (epoch=190)

I 05.20/21:21:20 solver.py:151 ] => Train  Loss: 1.1765e-02

I 05.20/21:21:22 solver.py:206 ] 
=! Best NMSE: -1.7634e+01 (epoch=190)

I 05.20/21:21:24 solver.py:151 ] => Train  Loss: 1.1734e-02

I 05.20/21:21:26 solver.py:206 ] 
=! Best NMSE: -1.7634e+01 (epoch=190)

I 05.20/21:21:28 solver.py:151 ] => Train  Loss: 1.1718e-02

I 05.20/21:21:30 solver.py:206 ] 
=! Best NMSE: -1.7634e+01 (epoch=190)

I 05.20/21:21:32 solver.py:151 ] => Train  Loss: 1.1648e-02

I 05.20/21:21:34 solver.py:206 ] 
=! Best NMSE: -1.7634e+01 (epoch=190)

I 05.20/21:21:36 solver.py:151 ] => Train  Loss: 1.1678e-02

I 05.20/21:21:37 solver.py:151 ] => Val  Loss: 1.4741e-02

I 05.20/21:21:37 solver.py:285 ] => Test NMSE: -1.7722e+01

I 05.20/21:21:40 solver.py:206 ] 
=! Best NMSE: -1.7722e+01 (epoch=200)

I 05.20/21:21:42 solver.py:151 ] => Train  Loss: 1.1637e-02

I 05.20/21:21:44 solver.py:206 ] 
=! Best NMSE: -1.7722e+01 (epoch=200)

I 05.20/21:21:46 solver.py:151 ] => Train  Loss: 1.1641e-02

I 05.20/21:21:48 solver.py:206 ] 
=! Best NMSE: -1.7722e+01 (epoch=200)

I 05.20/21:21:50 solver.py:151 ] => Train  Loss: 1.1614e-02

I 05.20/21:21:51 solver.py:206 ] 
=! Best NMSE: -1.7722e+01 (epoch=200)

I 05.20/21:21:53 solver.py:151 ] => Train  Loss: 1.1610e-02

I 05.20/21:21:54 solver.py:206 ] 
=! Best NMSE: -1.7722e+01 (epoch=200)

I 05.20/21:21:55 solver.py:151 ] => Train  Loss: 1.1580e-02

I 05.20/21:21:56 solver.py:206 ] 
=! Best NMSE: -1.7722e+01 (epoch=200)

I 05.20/21:21:57 solver.py:151 ] => Train  Loss: 1.1573e-02

I 05.20/21:21:59 solver.py:206 ] 
=! Best NMSE: -1.7722e+01 (epoch=200)

I 05.20/21:22:00 solver.py:151 ] => Train  Loss: 1.1567e-02

I 05.20/21:22:02 solver.py:206 ] 
=! Best NMSE: -1.7722e+01 (epoch=200)

I 05.20/21:22:04 solver.py:151 ] => Train  Loss: 1.1508e-02

I 05.20/21:22:06 solver.py:206 ] 
=! Best NMSE: -1.7722e+01 (epoch=200)

I 05.20/21:22:08 solver.py:151 ] => Train  Loss: 1.1503e-02

I 05.20/21:22:09 solver.py:206 ] 
=! Best NMSE: -1.7722e+01 (epoch=200)

I 05.20/21:22:11 solver.py:151 ] => Train  Loss: 1.1501e-02

I 05.20/21:22:11 solver.py:151 ] => Val  Loss: 1.4522e-02

I 05.20/21:22:12 solver.py:285 ] => Test NMSE: -1.7790e+01

I 05.20/21:22:15 solver.py:206 ] 
=! Best NMSE: -1.7790e+01 (epoch=210)

I 05.20/21:22:16 solver.py:151 ] => Train  Loss: 1.1501e-02

I 05.20/21:22:18 solver.py:206 ] 
=! Best NMSE: -1.7790e+01 (epoch=210)

I 05.20/21:22:19 solver.py:151 ] => Train  Loss: 1.1486e-02

I 05.20/21:22:21 solver.py:206 ] 
=! Best NMSE: -1.7790e+01 (epoch=210)

I 05.20/21:22:23 solver.py:151 ] => Train  Loss: 1.1473e-02

I 05.20/21:22:25 solver.py:206 ] 
=! Best NMSE: -1.7790e+01 (epoch=210)

I 05.20/21:22:27 solver.py:151 ] => Train  Loss: 1.1463e-02

I 05.20/21:22:28 solver.py:206 ] 
=! Best NMSE: -1.7790e+01 (epoch=210)

I 05.20/21:22:29 solver.py:151 ] => Train  Loss: 1.1416e-02

I 05.20/21:22:31 solver.py:206 ] 
=! Best NMSE: -1.7790e+01 (epoch=210)

I 05.20/21:22:32 solver.py:151 ] => Train  Loss: 1.1410e-02

I 05.20/21:22:33 solver.py:206 ] 
=! Best NMSE: -1.7790e+01 (epoch=210)

I 05.20/21:22:34 solver.py:151 ] => Train  Loss: 1.1415e-02

I 05.20/21:22:36 solver.py:206 ] 
=! Best NMSE: -1.7790e+01 (epoch=210)

I 05.20/21:22:39 solver.py:151 ] => Train  Loss: 1.1425e-02

I 05.20/21:22:41 solver.py:206 ] 
=! Best NMSE: -1.7790e+01 (epoch=210)

I 05.20/21:22:43 solver.py:151 ] => Train  Loss: 1.1366e-02

I 05.20/21:22:45 solver.py:206 ] 
=! Best NMSE: -1.7790e+01 (epoch=210)

I 05.20/21:22:47 solver.py:151 ] => Train  Loss: 1.1393e-02

I 05.20/21:22:47 solver.py:151 ] => Val  Loss: 1.4351e-02

I 05.20/21:22:48 solver.py:285 ] => Test NMSE: -1.7844e+01

I 05.20/21:22:51 solver.py:206 ] 
=! Best NMSE: -1.7844e+01 (epoch=220)

I 05.20/21:22:53 solver.py:151 ] => Train  Loss: 1.1342e-02

I 05.20/21:22:55 solver.py:206 ] 
=! Best NMSE: -1.7844e+01 (epoch=220)

I 05.20/21:22:57 solver.py:151 ] => Train  Loss: 1.1343e-02

I 05.20/21:22:59 solver.py:206 ] 
=! Best NMSE: -1.7844e+01 (epoch=220)

I 05.20/21:23:01 solver.py:151 ] => Train  Loss: 1.1369e-02

I 05.20/21:23:02 solver.py:206 ] 
=! Best NMSE: -1.7844e+01 (epoch=220)

I 05.20/21:23:04 solver.py:151 ] => Train  Loss: 1.1347e-02

I 05.20/21:23:05 solver.py:206 ] 
=! Best NMSE: -1.7844e+01 (epoch=220)

I 05.20/21:23:06 solver.py:151 ] => Train  Loss: 1.1341e-02

I 05.20/21:23:08 solver.py:206 ] 
=! Best NMSE: -1.7844e+01 (epoch=220)

I 05.20/21:23:09 solver.py:151 ] => Train  Loss: 1.1343e-02

I 05.20/21:23:11 solver.py:206 ] 
=! Best NMSE: -1.7844e+01 (epoch=220)

I 05.20/21:23:12 solver.py:151 ] => Train  Loss: 1.1317e-02

I 05.20/21:23:13 solver.py:206 ] 
=! Best NMSE: -1.7844e+01 (epoch=220)

I 05.20/21:23:15 solver.py:151 ] => Train  Loss: 1.1323e-02

I 05.20/21:23:17 solver.py:206 ] 
=! Best NMSE: -1.7844e+01 (epoch=220)

I 05.20/21:23:19 solver.py:151 ] => Train  Loss: 1.1274e-02

I 05.20/21:23:20 solver.py:206 ] 
=! Best NMSE: -1.7844e+01 (epoch=220)

I 05.20/21:23:22 solver.py:151 ] => Train  Loss: 1.1287e-02

I 05.20/21:23:23 solver.py:151 ] => Val  Loss: 1.4205e-02

I 05.20/21:23:23 solver.py:285 ] => Test NMSE: -1.7892e+01

I 05.20/21:23:26 solver.py:206 ] 
=! Best NMSE: -1.7892e+01 (epoch=230)

I 05.20/21:23:27 solver.py:151 ] => Train  Loss: 1.1255e-02

I 05.20/21:23:28 solver.py:206 ] 
=! Best NMSE: -1.7892e+01 (epoch=230)

I 05.20/21:23:30 solver.py:151 ] => Train  Loss: 1.1242e-02

I 05.20/21:23:31 solver.py:206 ] 
=! Best NMSE: -1.7892e+01 (epoch=230)

I 05.20/21:23:33 solver.py:151 ] => Train  Loss: 1.1246e-02

I 05.20/21:23:34 solver.py:206 ] 
=! Best NMSE: -1.7892e+01 (epoch=230)

I 05.20/21:23:35 solver.py:151 ] => Train  Loss: 1.1256e-02

I 05.20/21:23:37 solver.py:206 ] 
=! Best NMSE: -1.7892e+01 (epoch=230)

I 05.20/21:23:38 solver.py:151 ] => Train  Loss: 1.1260e-02

I 05.20/21:23:40 solver.py:206 ] 
=! Best NMSE: -1.7892e+01 (epoch=230)

I 05.20/21:23:42 solver.py:151 ] => Train  Loss: 1.1249e-02

I 05.20/21:23:43 solver.py:206 ] 
=! Best NMSE: -1.7892e+01 (epoch=230)

I 05.20/21:23:44 solver.py:151 ] => Train  Loss: 1.1215e-02

I 05.20/21:23:46 solver.py:206 ] 
=! Best NMSE: -1.7892e+01 (epoch=230)

I 05.20/21:23:47 solver.py:151 ] => Train  Loss: 1.1225e-02

I 05.20/21:23:49 solver.py:206 ] 
=! Best NMSE: -1.7892e+01 (epoch=230)

I 05.20/21:23:50 solver.py:151 ] => Train  Loss: 1.1231e-02

I 05.20/21:23:52 solver.py:206 ] 
=! Best NMSE: -1.7892e+01 (epoch=230)

I 05.20/21:23:53 solver.py:151 ] => Train  Loss: 1.1246e-02

I 05.20/21:23:53 solver.py:151 ] => Val  Loss: 1.4085e-02

I 05.20/21:23:53 solver.py:285 ] => Test NMSE: -1.7931e+01

I 05.20/21:23:56 solver.py:206 ] 
=! Best NMSE: -1.7931e+01 (epoch=240)

I 05.20/21:23:58 solver.py:151 ] => Train  Loss: 1.1172e-02

I 05.20/21:23:59 solver.py:206 ] 
=! Best NMSE: -1.7931e+01 (epoch=240)

I 05.20/21:24:00 solver.py:151 ] => Train  Loss: 1.1168e-02

I 05.20/21:24:02 solver.py:206 ] 
=! Best NMSE: -1.7931e+01 (epoch=240)

I 05.20/21:24:04 solver.py:151 ] => Train  Loss: 1.1191e-02

I 05.20/21:24:06 solver.py:206 ] 
=! Best NMSE: -1.7931e+01 (epoch=240)

I 05.20/21:24:08 solver.py:151 ] => Train  Loss: 1.1163e-02

I 05.20/21:24:10 solver.py:206 ] 
=! Best NMSE: -1.7931e+01 (epoch=240)

I 05.20/21:24:12 solver.py:151 ] => Train  Loss: 1.1155e-02

I 05.20/21:24:14 solver.py:206 ] 
=! Best NMSE: -1.7931e+01 (epoch=240)

I 05.20/21:24:16 solver.py:151 ] => Train  Loss: 1.1190e-02

I 05.20/21:24:17 solver.py:206 ] 
=! Best NMSE: -1.7931e+01 (epoch=240)

I 05.20/21:24:18 solver.py:151 ] => Train  Loss: 1.1169e-02

I 05.20/21:24:20 solver.py:206 ] 
=! Best NMSE: -1.7931e+01 (epoch=240)

I 05.20/21:24:22 solver.py:151 ] => Train  Loss: 1.1153e-02

I 05.20/21:24:24 solver.py:206 ] 
=! Best NMSE: -1.7931e+01 (epoch=240)

I 05.20/21:24:26 solver.py:151 ] => Train  Loss: 1.1163e-02

I 05.20/21:24:27 solver.py:206 ] 
=! Best NMSE: -1.7931e+01 (epoch=240)

I 05.20/21:24:29 solver.py:151 ] => Train  Loss: 1.1126e-02

I 05.20/21:24:29 solver.py:151 ] => Val  Loss: 1.3980e-02

I 05.20/21:24:30 solver.py:285 ] => Test NMSE: -1.7965e+01

I 05.20/21:24:33 solver.py:206 ] 
=! Best NMSE: -1.7965e+01 (epoch=250)

I 05.20/21:24:34 solver.py:151 ] => Train  Loss: 1.1153e-02

I 05.20/21:24:35 solver.py:206 ] 
=! Best NMSE: -1.7965e+01 (epoch=250)

I 05.20/21:24:37 solver.py:151 ] => Train  Loss: 1.1103e-02

I 05.20/21:24:38 solver.py:206 ] 
=! Best NMSE: -1.7965e+01 (epoch=250)

I 05.20/21:24:40 solver.py:151 ] => Train  Loss: 1.1110e-02

I 05.20/21:24:41 solver.py:206 ] 
=! Best NMSE: -1.7965e+01 (epoch=250)

I 05.20/21:24:42 solver.py:151 ] => Train  Loss: 1.1100e-02

I 05.20/21:24:44 solver.py:206 ] 
=! Best NMSE: -1.7965e+01 (epoch=250)

I 05.20/21:24:46 solver.py:151 ] => Train  Loss: 1.1102e-02

I 05.20/21:24:47 solver.py:206 ] 
=! Best NMSE: -1.7965e+01 (epoch=250)

I 05.20/21:24:49 solver.py:151 ] => Train  Loss: 1.1092e-02

I 05.20/21:24:51 solver.py:206 ] 
=! Best NMSE: -1.7965e+01 (epoch=250)

I 05.20/21:24:53 solver.py:151 ] => Train  Loss: 1.1116e-02

I 05.20/21:24:55 solver.py:206 ] 
=! Best NMSE: -1.7965e+01 (epoch=250)

I 05.20/21:24:56 solver.py:151 ] => Train  Loss: 1.1090e-02

I 05.20/21:24:58 solver.py:206 ] 
=! Best NMSE: -1.7965e+01 (epoch=250)

I 05.20/21:25:00 solver.py:151 ] => Train  Loss: 1.1059e-02

I 05.20/21:25:02 solver.py:206 ] 
=! Best NMSE: -1.7965e+01 (epoch=250)

I 05.20/21:25:05 solver.py:151 ] => Train  Loss: 1.1068e-02

I 05.20/21:25:05 solver.py:151 ] => Val  Loss: 1.3892e-02

I 05.20/21:25:05 solver.py:285 ] => Test NMSE: -1.7996e+01

I 05.20/21:25:09 solver.py:206 ] 
=! Best NMSE: -1.7996e+01 (epoch=260)

I 05.20/21:25:10 solver.py:151 ] => Train  Loss: 1.1102e-02

I 05.20/21:25:11 solver.py:206 ] 
=! Best NMSE: -1.7996e+01 (epoch=260)

I 05.20/21:25:12 solver.py:151 ] => Train  Loss: 1.1057e-02

I 05.20/21:25:14 solver.py:206 ] 
=! Best NMSE: -1.7996e+01 (epoch=260)

I 05.20/21:25:16 solver.py:151 ] => Train  Loss: 1.1060e-02

I 05.20/21:25:17 solver.py:206 ] 
=! Best NMSE: -1.7996e+01 (epoch=260)

I 05.20/21:25:19 solver.py:151 ] => Train  Loss: 1.1066e-02

I 05.20/21:25:21 solver.py:206 ] 
=! Best NMSE: -1.7996e+01 (epoch=260)

I 05.20/21:25:23 solver.py:151 ] => Train  Loss: 1.1052e-02

I 05.20/21:25:25 solver.py:206 ] 
=! Best NMSE: -1.7996e+01 (epoch=260)

I 05.20/21:25:27 solver.py:151 ] => Train  Loss: 1.1055e-02

I 05.20/21:25:29 solver.py:206 ] 
=! Best NMSE: -1.7996e+01 (epoch=260)

I 05.20/21:25:30 solver.py:151 ] => Train  Loss: 1.1038e-02

I 05.20/21:25:31 solver.py:206 ] 
=! Best NMSE: -1.7996e+01 (epoch=260)

I 05.20/21:25:32 solver.py:151 ] => Train  Loss: 1.1036e-02

I 05.20/21:25:33 solver.py:206 ] 
=! Best NMSE: -1.7996e+01 (epoch=260)

I 05.20/21:25:35 solver.py:151 ] => Train  Loss: 1.1011e-02

I 05.20/21:25:36 solver.py:206 ] 
=! Best NMSE: -1.7996e+01 (epoch=260)

I 05.20/21:25:38 solver.py:151 ] => Train  Loss: 1.1026e-02

I 05.20/21:25:38 solver.py:151 ] => Val  Loss: 1.3813e-02

I 05.20/21:25:38 solver.py:285 ] => Test NMSE: -1.8023e+01

I 05.20/21:25:41 solver.py:206 ] 
=! Best NMSE: -1.8023e+01 (epoch=270)

I 05.20/21:25:42 solver.py:151 ] => Train  Loss: 1.1020e-02

I 05.20/21:25:44 solver.py:206 ] 
=! Best NMSE: -1.8023e+01 (epoch=270)

I 05.20/21:25:46 solver.py:151 ] => Train  Loss: 1.1002e-02

I 05.20/21:25:48 solver.py:206 ] 
=! Best NMSE: -1.8023e+01 (epoch=270)

I 05.20/21:25:50 solver.py:151 ] => Train  Loss: 1.1003e-02

I 05.20/21:25:52 solver.py:206 ] 
=! Best NMSE: -1.8023e+01 (epoch=270)

I 05.20/21:25:54 solver.py:151 ] => Train  Loss: 1.0988e-02

I 05.20/21:25:56 solver.py:206 ] 
=! Best NMSE: -1.8023e+01 (epoch=270)

I 05.20/21:25:58 solver.py:151 ] => Train  Loss: 1.1031e-02

I 05.20/21:26:00 solver.py:206 ] 
=! Best NMSE: -1.8023e+01 (epoch=270)

I 05.20/21:26:02 solver.py:151 ] => Train  Loss: 1.0994e-02

I 05.20/21:26:03 solver.py:206 ] 
=! Best NMSE: -1.8023e+01 (epoch=270)

I 05.20/21:26:04 solver.py:151 ] => Train  Loss: 1.1014e-02

I 05.20/21:26:06 solver.py:206 ] 
=! Best NMSE: -1.8023e+01 (epoch=270)

I 05.20/21:26:08 solver.py:151 ] => Train  Loss: 1.0979e-02

I 05.20/21:26:10 solver.py:206 ] 
=! Best NMSE: -1.8023e+01 (epoch=270)

I 05.20/21:26:12 solver.py:151 ] => Train  Loss: 1.0953e-02

I 05.20/21:26:14 solver.py:206 ] 
=! Best NMSE: -1.8023e+01 (epoch=270)

I 05.20/21:26:17 solver.py:151 ] => Train  Loss: 1.1011e-02

I 05.20/21:26:17 solver.py:151 ] => Val  Loss: 1.3746e-02

I 05.20/21:26:17 solver.py:285 ] => Test NMSE: -1.8046e+01

I 05.20/21:26:20 solver.py:206 ] 
=! Best NMSE: -1.8046e+01 (epoch=280)

I 05.20/21:26:21 solver.py:151 ] => Train  Loss: 1.0969e-02

I 05.20/21:26:23 solver.py:206 ] 
=! Best NMSE: -1.8046e+01 (epoch=280)

I 05.20/21:26:24 solver.py:151 ] => Train  Loss: 1.0982e-02

I 05.20/21:26:26 solver.py:206 ] 
=! Best NMSE: -1.8046e+01 (epoch=280)

I 05.20/21:26:27 solver.py:151 ] => Train  Loss: 1.0986e-02

I 05.20/21:26:28 solver.py:206 ] 
=! Best NMSE: -1.8046e+01 (epoch=280)

I 05.20/21:26:29 solver.py:151 ] => Train  Loss: 1.0933e-02

I 05.20/21:26:30 solver.py:206 ] 
=! Best NMSE: -1.8046e+01 (epoch=280)

I 05.20/21:26:32 solver.py:151 ] => Train  Loss: 1.0947e-02

I 05.20/21:26:34 solver.py:206 ] 
=! Best NMSE: -1.8046e+01 (epoch=280)

I 05.20/21:26:36 solver.py:151 ] => Train  Loss: 1.0953e-02

I 05.20/21:26:37 solver.py:206 ] 
=! Best NMSE: -1.8046e+01 (epoch=280)

I 05.20/21:26:39 solver.py:151 ] => Train  Loss: 1.0953e-02

I 05.20/21:26:41 solver.py:206 ] 
=! Best NMSE: -1.8046e+01 (epoch=280)

I 05.20/21:26:43 solver.py:151 ] => Train  Loss: 1.0943e-02

I 05.20/21:26:44 solver.py:206 ] 
=! Best NMSE: -1.8046e+01 (epoch=280)

I 05.20/21:26:45 solver.py:151 ] => Train  Loss: 1.0936e-02

I 05.20/21:26:46 solver.py:206 ] 
=! Best NMSE: -1.8046e+01 (epoch=280)

I 05.20/21:26:48 solver.py:151 ] => Train  Loss: 1.0939e-02

I 05.20/21:26:48 solver.py:151 ] => Val  Loss: 1.3680e-02

I 05.20/21:26:48 solver.py:285 ] => Test NMSE: -1.8068e+01

I 05.20/21:26:51 solver.py:206 ] 
=! Best NMSE: -1.8068e+01 (epoch=290)

I 05.20/21:26:54 solver.py:151 ] => Train  Loss: 1.0934e-02

I 05.20/21:26:55 solver.py:206 ] 
=! Best NMSE: -1.8068e+01 (epoch=290)

I 05.20/21:26:56 solver.py:151 ] => Train  Loss: 1.0943e-02

I 05.20/21:26:58 solver.py:206 ] 
=! Best NMSE: -1.8068e+01 (epoch=290)

I 05.20/21:27:00 solver.py:151 ] => Train  Loss: 1.0953e-02

I 05.20/21:27:02 solver.py:206 ] 
=! Best NMSE: -1.8068e+01 (epoch=290)

I 05.20/21:27:05 solver.py:151 ] => Train  Loss: 1.0925e-02

I 05.20/21:27:07 solver.py:206 ] 
=! Best NMSE: -1.8068e+01 (epoch=290)

I 05.20/21:27:09 solver.py:151 ] => Train  Loss: 1.0918e-02

I 05.20/21:27:10 solver.py:206 ] 
=! Best NMSE: -1.8068e+01 (epoch=290)

I 05.20/21:27:12 solver.py:151 ] => Train  Loss: 1.0905e-02

I 05.20/21:27:13 solver.py:206 ] 
=! Best NMSE: -1.8068e+01 (epoch=290)

I 05.20/21:27:16 solver.py:151 ] => Train  Loss: 1.0927e-02

I 05.20/21:27:17 solver.py:206 ] 
=! Best NMSE: -1.8068e+01 (epoch=290)

I 05.20/21:27:19 solver.py:151 ] => Train  Loss: 1.0909e-02

I 05.20/21:27:21 solver.py:206 ] 
=! Best NMSE: -1.8068e+01 (epoch=290)

I 05.20/21:27:23 solver.py:151 ] => Train  Loss: 1.0917e-02

I 05.20/21:27:24 solver.py:206 ] 
=! Best NMSE: -1.8068e+01 (epoch=290)

I 05.20/21:27:26 solver.py:151 ] => Train  Loss: 1.0862e-02

I 05.20/21:27:27 solver.py:151 ] => Val  Loss: 1.3628e-02

I 05.20/21:27:27 solver.py:285 ] => Test NMSE: -1.8088e+01

I 05.20/21:27:30 solver.py:206 ] 
=! Best NMSE: -1.8088e+01 (epoch=300)

I 05.20/21:27:32 solver.py:151 ] => Train  Loss: 1.0885e-02

I 05.20/21:27:33 solver.py:206 ] 
=! Best NMSE: -1.8088e+01 (epoch=300)

I 05.20/21:27:35 solver.py:151 ] => Train  Loss: 1.0872e-02

I 05.20/21:27:37 solver.py:206 ] 
=! Best NMSE: -1.8088e+01 (epoch=300)

I 05.20/21:27:38 solver.py:151 ] => Train  Loss: 1.0890e-02

I 05.20/21:27:40 solver.py:206 ] 
=! Best NMSE: -1.8088e+01 (epoch=300)

I 05.20/21:27:41 solver.py:151 ] => Train  Loss: 1.0897e-02

I 05.20/21:27:42 solver.py:206 ] 
=! Best NMSE: -1.8088e+01 (epoch=300)

I 05.20/21:27:43 solver.py:151 ] => Train  Loss: 1.0863e-02

I 05.20/21:27:44 solver.py:206 ] 
=! Best NMSE: -1.8088e+01 (epoch=300)

I 05.20/21:27:45 solver.py:151 ] => Train  Loss: 1.0864e-02

I 05.20/21:27:47 solver.py:206 ] 
=! Best NMSE: -1.8088e+01 (epoch=300)

I 05.20/21:27:48 solver.py:151 ] => Train  Loss: 1.0886e-02

I 05.20/21:27:49 solver.py:206 ] 
=! Best NMSE: -1.8088e+01 (epoch=300)

I 05.20/21:27:51 solver.py:151 ] => Train  Loss: 1.0901e-02

I 05.20/21:27:52 solver.py:206 ] 
=! Best NMSE: -1.8088e+01 (epoch=300)

I 05.20/21:27:55 solver.py:151 ] => Train  Loss: 1.0865e-02

I 05.20/21:27:56 solver.py:206 ] 
=! Best NMSE: -1.8088e+01 (epoch=300)

I 05.20/21:27:58 solver.py:151 ] => Train  Loss: 1.0862e-02

I 05.20/21:27:59 solver.py:151 ] => Val  Loss: 1.3577e-02

I 05.20/21:27:59 solver.py:285 ] => Test NMSE: -1.8103e+01

I 05.20/21:28:01 solver.py:206 ] 
=! Best NMSE: -1.8103e+01 (epoch=310)

I 05.20/21:28:02 solver.py:151 ] => Train  Loss: 1.0843e-02

I 05.20/21:28:04 solver.py:206 ] 
=! Best NMSE: -1.8103e+01 (epoch=310)

I 05.20/21:28:06 solver.py:151 ] => Train  Loss: 1.0861e-02

I 05.20/21:28:08 solver.py:206 ] 
=! Best NMSE: -1.8103e+01 (epoch=310)

I 05.20/21:28:11 solver.py:151 ] => Train  Loss: 1.0835e-02

I 05.20/21:28:12 solver.py:206 ] 
=! Best NMSE: -1.8103e+01 (epoch=310)

I 05.20/21:28:13 solver.py:151 ] => Train  Loss: 1.0833e-02

I 05.20/21:28:15 solver.py:206 ] 
=! Best NMSE: -1.8103e+01 (epoch=310)

I 05.20/21:28:17 solver.py:151 ] => Train  Loss: 1.0847e-02

I 05.20/21:28:19 solver.py:206 ] 
=! Best NMSE: -1.8103e+01 (epoch=310)

I 05.20/21:28:21 solver.py:151 ] => Train  Loss: 1.0834e-02

I 05.20/21:28:23 solver.py:206 ] 
=! Best NMSE: -1.8103e+01 (epoch=310)

I 05.20/21:28:26 solver.py:151 ] => Train  Loss: 1.0823e-02

I 05.20/21:28:28 solver.py:206 ] 
=! Best NMSE: -1.8103e+01 (epoch=310)

I 05.20/21:28:30 solver.py:151 ] => Train  Loss: 1.0835e-02

I 05.20/21:28:32 solver.py:206 ] 
=! Best NMSE: -1.8103e+01 (epoch=310)

I 05.20/21:28:34 solver.py:151 ] => Train  Loss: 1.0820e-02

I 05.20/21:28:36 solver.py:206 ] 
=! Best NMSE: -1.8103e+01 (epoch=310)

I 05.20/21:28:39 solver.py:151 ] => Train  Loss: 1.0838e-02

I 05.20/21:28:39 solver.py:151 ] => Val  Loss: 1.3535e-02

I 05.20/21:28:39 solver.py:285 ] => Test NMSE: -1.8120e+01

I 05.20/21:28:42 solver.py:206 ] 
=! Best NMSE: -1.8120e+01 (epoch=320)

I 05.20/21:28:44 solver.py:151 ] => Train  Loss: 1.0830e-02

I 05.20/21:28:45 solver.py:206 ] 
=! Best NMSE: -1.8120e+01 (epoch=320)

I 05.20/21:28:46 solver.py:151 ] => Train  Loss: 1.0849e-02

I 05.20/21:28:47 solver.py:206 ] 
=! Best NMSE: -1.8120e+01 (epoch=320)

I 05.20/21:28:49 solver.py:151 ] => Train  Loss: 1.0827e-02

I 05.20/21:28:51 solver.py:206 ] 
=! Best NMSE: -1.8120e+01 (epoch=320)

I 05.20/21:28:54 solver.py:151 ] => Train  Loss: 1.0827e-02

I 05.20/21:28:56 solver.py:206 ] 
=! Best NMSE: -1.8120e+01 (epoch=320)

I 05.20/21:28:57 solver.py:151 ] => Train  Loss: 1.0806e-02

I 05.20/21:28:59 solver.py:206 ] 
=! Best NMSE: -1.8120e+01 (epoch=320)

I 05.20/21:29:00 solver.py:151 ] => Train  Loss: 1.0786e-02

I 05.20/21:29:02 solver.py:206 ] 
=! Best NMSE: -1.8120e+01 (epoch=320)

I 05.20/21:29:04 solver.py:151 ] => Train  Loss: 1.0809e-02

I 05.20/21:29:06 solver.py:206 ] 
=! Best NMSE: -1.8120e+01 (epoch=320)

I 05.20/21:29:08 solver.py:151 ] => Train  Loss: 1.0803e-02

I 05.20/21:29:10 solver.py:206 ] 
=! Best NMSE: -1.8120e+01 (epoch=320)

I 05.20/21:29:12 solver.py:151 ] => Train  Loss: 1.0762e-02

I 05.20/21:29:13 solver.py:206 ] 
=! Best NMSE: -1.8120e+01 (epoch=320)

I 05.20/21:29:16 solver.py:151 ] => Train  Loss: 1.0806e-02

I 05.20/21:29:16 solver.py:151 ] => Val  Loss: 1.3493e-02

I 05.20/21:29:16 solver.py:285 ] => Test NMSE: -1.8134e+01

I 05.20/21:29:20 solver.py:206 ] 
=! Best NMSE: -1.8134e+01 (epoch=330)

I 05.20/21:29:22 solver.py:151 ] => Train  Loss: 1.0802e-02

I 05.20/21:29:23 solver.py:206 ] 
=! Best NMSE: -1.8134e+01 (epoch=330)

I 05.20/21:29:24 solver.py:151 ] => Train  Loss: 1.0811e-02

I 05.20/21:29:25 solver.py:206 ] 
=! Best NMSE: -1.8134e+01 (epoch=330)

I 05.20/21:29:27 solver.py:151 ] => Train  Loss: 1.0833e-02

I 05.20/21:29:28 solver.py:206 ] 
=! Best NMSE: -1.8134e+01 (epoch=330)

I 05.20/21:29:29 solver.py:151 ] => Train  Loss: 1.0776e-02

I 05.20/21:29:31 solver.py:206 ] 
=! Best NMSE: -1.8134e+01 (epoch=330)

I 05.20/21:29:33 solver.py:151 ] => Train  Loss: 1.0795e-02

I 05.20/21:29:34 solver.py:206 ] 
=! Best NMSE: -1.8134e+01 (epoch=330)

I 05.20/21:29:37 solver.py:151 ] => Train  Loss: 1.0813e-02

I 05.20/21:29:38 solver.py:206 ] 
=! Best NMSE: -1.8134e+01 (epoch=330)

I 05.20/21:29:40 solver.py:151 ] => Train  Loss: 1.0792e-02

I 05.20/21:29:42 solver.py:206 ] 
=! Best NMSE: -1.8134e+01 (epoch=330)

I 05.20/21:29:44 solver.py:151 ] => Train  Loss: 1.0783e-02

I 05.20/21:29:46 solver.py:206 ] 
=! Best NMSE: -1.8134e+01 (epoch=330)

I 05.20/21:29:49 solver.py:151 ] => Train  Loss: 1.0802e-02

I 05.20/21:29:50 solver.py:206 ] 
=! Best NMSE: -1.8134e+01 (epoch=330)

I 05.20/21:29:52 solver.py:151 ] => Train  Loss: 1.0769e-02

I 05.20/21:29:52 solver.py:151 ] => Val  Loss: 1.3461e-02

I 05.20/21:29:52 solver.py:285 ] => Test NMSE: -1.8145e+01

I 05.20/21:29:56 solver.py:206 ] 
=! Best NMSE: -1.8145e+01 (epoch=340)

I 05.20/21:29:57 solver.py:151 ] => Train  Loss: 1.0745e-02

I 05.20/21:29:58 solver.py:206 ] 
=! Best NMSE: -1.8145e+01 (epoch=340)

I 05.20/21:29:59 solver.py:151 ] => Train  Loss: 1.0789e-02

I 05.20/21:30:01 solver.py:206 ] 
=! Best NMSE: -1.8145e+01 (epoch=340)

I 05.20/21:30:03 solver.py:151 ] => Train  Loss: 1.0767e-02

I 05.20/21:30:04 solver.py:206 ] 
=! Best NMSE: -1.8145e+01 (epoch=340)

I 05.20/21:30:05 solver.py:151 ] => Train  Loss: 1.0779e-02

I 05.20/21:30:07 solver.py:206 ] 
=! Best NMSE: -1.8145e+01 (epoch=340)

I 05.20/21:30:09 solver.py:151 ] => Train  Loss: 1.0728e-02

I 05.20/21:30:11 solver.py:206 ] 
=! Best NMSE: -1.8145e+01 (epoch=340)

I 05.20/21:30:13 solver.py:151 ] => Train  Loss: 1.0780e-02

I 05.20/21:30:15 solver.py:206 ] 
=! Best NMSE: -1.8145e+01 (epoch=340)

I 05.20/21:30:17 solver.py:151 ] => Train  Loss: 1.0730e-02

I 05.20/21:30:19 solver.py:206 ] 
=! Best NMSE: -1.8145e+01 (epoch=340)

I 05.20/21:30:21 solver.py:151 ] => Train  Loss: 1.0733e-02

I 05.20/21:30:22 solver.py:206 ] 
=! Best NMSE: -1.8145e+01 (epoch=340)

I 05.20/21:30:23 solver.py:151 ] => Train  Loss: 1.0788e-02

I 05.20/21:30:24 solver.py:206 ] 
=! Best NMSE: -1.8145e+01 (epoch=340)

I 05.20/21:30:26 solver.py:151 ] => Train  Loss: 1.0775e-02

I 05.20/21:30:26 solver.py:151 ] => Val  Loss: 1.3429e-02

I 05.20/21:30:26 solver.py:285 ] => Test NMSE: -1.8157e+01

I 05.20/21:30:29 solver.py:206 ] 
=! Best NMSE: -1.8157e+01 (epoch=350)

I 05.20/21:30:30 solver.py:151 ] => Train  Loss: 1.0760e-02

I 05.20/21:30:31 solver.py:206 ] 
=! Best NMSE: -1.8157e+01 (epoch=350)

I 05.20/21:30:34 solver.py:151 ] => Train  Loss: 1.0759e-02

I 05.20/21:30:36 solver.py:206 ] 
=! Best NMSE: -1.8157e+01 (epoch=350)

I 05.20/21:30:37 solver.py:151 ] => Train  Loss: 1.0725e-02

I 05.20/21:30:38 solver.py:206 ] 
=! Best NMSE: -1.8157e+01 (epoch=350)

I 05.20/21:30:40 solver.py:151 ] => Train  Loss: 1.0738e-02

I 05.20/21:30:42 solver.py:206 ] 
=! Best NMSE: -1.8157e+01 (epoch=350)

I 05.20/21:30:43 solver.py:151 ] => Train  Loss: 1.0784e-02

I 05.20/21:30:44 solver.py:206 ] 
=! Best NMSE: -1.8157e+01 (epoch=350)

I 05.20/21:30:46 solver.py:151 ] => Train  Loss: 1.0736e-02

I 05.20/21:30:47 solver.py:206 ] 
=! Best NMSE: -1.8157e+01 (epoch=350)

I 05.20/21:30:49 solver.py:151 ] => Train  Loss: 1.0714e-02

I 05.20/21:30:50 solver.py:206 ] 
=! Best NMSE: -1.8157e+01 (epoch=350)

I 05.20/21:30:51 solver.py:151 ] => Train  Loss: 1.0722e-02

I 05.20/21:30:53 solver.py:206 ] 
=! Best NMSE: -1.8157e+01 (epoch=350)

I 05.20/21:30:54 solver.py:151 ] => Train  Loss: 1.0721e-02

I 05.20/21:30:56 solver.py:206 ] 
=! Best NMSE: -1.8157e+01 (epoch=350)

I 05.20/21:30:57 solver.py:151 ] => Train  Loss: 1.0735e-02

I 05.20/21:30:57 solver.py:151 ] => Val  Loss: 1.3402e-02

I 05.20/21:30:57 solver.py:285 ] => Test NMSE: -1.8166e+01

I 05.20/21:31:00 solver.py:206 ] 
=! Best NMSE: -1.8166e+01 (epoch=360)

I 05.20/21:31:02 solver.py:151 ] => Train  Loss: 1.0715e-02

I 05.20/21:31:03 solver.py:206 ] 
=! Best NMSE: -1.8166e+01 (epoch=360)

I 05.20/21:31:04 solver.py:151 ] => Train  Loss: 1.0745e-02

I 05.20/21:31:06 solver.py:206 ] 
=! Best NMSE: -1.8166e+01 (epoch=360)

I 05.20/21:31:08 solver.py:151 ] => Train  Loss: 1.0711e-02

I 05.20/21:31:09 solver.py:206 ] 
=! Best NMSE: -1.8166e+01 (epoch=360)

I 05.20/21:31:11 solver.py:151 ] => Train  Loss: 1.0734e-02

I 05.20/21:31:12 solver.py:206 ] 
=! Best NMSE: -1.8166e+01 (epoch=360)

I 05.20/21:31:13 solver.py:151 ] => Train  Loss: 1.0698e-02

I 05.20/21:31:15 solver.py:206 ] 
=! Best NMSE: -1.8166e+01 (epoch=360)

I 05.20/21:31:16 solver.py:151 ] => Train  Loss: 1.0720e-02

I 05.20/21:31:17 solver.py:206 ] 
=! Best NMSE: -1.8166e+01 (epoch=360)

I 05.20/21:31:19 solver.py:151 ] => Train  Loss: 1.0719e-02

I 05.20/21:31:21 solver.py:206 ] 
=! Best NMSE: -1.8166e+01 (epoch=360)

I 05.20/21:31:23 solver.py:151 ] => Train  Loss: 1.0707e-02

I 05.20/21:31:24 solver.py:206 ] 
=! Best NMSE: -1.8166e+01 (epoch=360)

I 05.20/21:31:25 solver.py:151 ] => Train  Loss: 1.0706e-02

I 05.20/21:31:27 solver.py:206 ] 
=! Best NMSE: -1.8166e+01 (epoch=360)

I 05.20/21:31:28 solver.py:151 ] => Train  Loss: 1.0707e-02

I 05.20/21:31:28 solver.py:151 ] => Val  Loss: 1.3375e-02

I 05.20/21:31:28 solver.py:285 ] => Test NMSE: -1.8175e+01

I 05.20/21:31:31 solver.py:206 ] 
=! Best NMSE: -1.8175e+01 (epoch=370)

I 05.20/21:31:33 solver.py:151 ] => Train  Loss: 1.0693e-02

I 05.20/21:31:35 solver.py:206 ] 
=! Best NMSE: -1.8175e+01 (epoch=370)

I 05.20/21:31:37 solver.py:151 ] => Train  Loss: 1.0708e-02

I 05.20/21:31:37 solver.py:206 ] 
=! Best NMSE: -1.8175e+01 (epoch=370)

I 05.20/21:31:39 solver.py:151 ] => Train  Loss: 1.0702e-02

I 05.20/21:31:40 solver.py:206 ] 
=! Best NMSE: -1.8175e+01 (epoch=370)

I 05.20/21:31:41 solver.py:151 ] => Train  Loss: 1.0710e-02

I 05.20/21:31:43 solver.py:206 ] 
=! Best NMSE: -1.8175e+01 (epoch=370)

I 05.20/21:31:45 solver.py:151 ] => Train  Loss: 1.0715e-02

I 05.20/21:31:46 solver.py:206 ] 
=! Best NMSE: -1.8175e+01 (epoch=370)

I 05.20/21:31:48 solver.py:151 ] => Train  Loss: 1.0693e-02

I 05.20/21:31:49 solver.py:206 ] 
=! Best NMSE: -1.8175e+01 (epoch=370)

I 05.20/21:31:50 solver.py:151 ] => Train  Loss: 1.0676e-02

I 05.20/21:31:51 solver.py:206 ] 
=! Best NMSE: -1.8175e+01 (epoch=370)

I 05.20/21:31:53 solver.py:151 ] => Train  Loss: 1.0685e-02

I 05.20/21:31:54 solver.py:206 ] 
=! Best NMSE: -1.8175e+01 (epoch=370)

I 05.20/21:31:56 solver.py:151 ] => Train  Loss: 1.0694e-02

I 05.20/21:31:57 solver.py:206 ] 
=! Best NMSE: -1.8175e+01 (epoch=370)

I 05.20/21:31:59 solver.py:151 ] => Train  Loss: 1.0699e-02

I 05.20/21:32:00 solver.py:151 ] => Val  Loss: 1.3357e-02

I 05.20/21:32:00 solver.py:285 ] => Test NMSE: -1.8183e+01

I 05.20/21:32:04 solver.py:206 ] 
=! Best NMSE: -1.8183e+01 (epoch=380)

I 05.20/21:32:06 solver.py:151 ] => Train  Loss: 1.0704e-02

I 05.20/21:32:07 solver.py:206 ] 
=! Best NMSE: -1.8183e+01 (epoch=380)

I 05.20/21:32:08 solver.py:151 ] => Train  Loss: 1.0681e-02

I 05.20/21:32:10 solver.py:206 ] 
=! Best NMSE: -1.8183e+01 (epoch=380)

I 05.20/21:32:11 solver.py:151 ] => Train  Loss: 1.0690e-02

I 05.20/21:32:12 solver.py:206 ] 
=! Best NMSE: -1.8183e+01 (epoch=380)

I 05.20/21:32:14 solver.py:151 ] => Train  Loss: 1.0679e-02

I 05.20/21:32:15 solver.py:206 ] 
=! Best NMSE: -1.8183e+01 (epoch=380)

I 05.20/21:32:17 solver.py:151 ] => Train  Loss: 1.0700e-02

I 05.20/21:32:18 solver.py:206 ] 
=! Best NMSE: -1.8183e+01 (epoch=380)

I 05.20/21:32:20 solver.py:151 ] => Train  Loss: 1.0680e-02

I 05.20/21:32:22 solver.py:206 ] 
=! Best NMSE: -1.8183e+01 (epoch=380)

I 05.20/21:32:24 solver.py:151 ] => Train  Loss: 1.0676e-02

I 05.20/21:32:24 solver.py:206 ] 
=! Best NMSE: -1.8183e+01 (epoch=380)

I 05.20/21:32:25 solver.py:151 ] => Train  Loss: 1.0688e-02

I 05.20/21:32:27 solver.py:206 ] 
=! Best NMSE: -1.8183e+01 (epoch=380)

I 05.20/21:32:28 solver.py:151 ] => Train  Loss: 1.0670e-02

I 05.20/21:32:29 solver.py:206 ] 
=! Best NMSE: -1.8183e+01 (epoch=380)

I 05.20/21:32:30 solver.py:151 ] => Train  Loss: 1.0695e-02

I 05.20/21:32:31 solver.py:151 ] => Val  Loss: 1.3329e-02

I 05.20/21:32:31 solver.py:285 ] => Test NMSE: -1.8192e+01

I 05.20/21:32:34 solver.py:206 ] 
=! Best NMSE: -1.8192e+01 (epoch=390)

I 05.20/21:32:36 solver.py:151 ] => Train  Loss: 1.0648e-02

I 05.20/21:32:37 solver.py:206 ] 
=! Best NMSE: -1.8192e+01 (epoch=390)

I 05.20/21:32:39 solver.py:151 ] => Train  Loss: 1.0729e-02

I 05.20/21:32:41 solver.py:206 ] 
=! Best NMSE: -1.8192e+01 (epoch=390)

I 05.20/21:32:42 solver.py:151 ] => Train  Loss: 1.0675e-02

I 05.20/21:32:44 solver.py:206 ] 
=! Best NMSE: -1.8192e+01 (epoch=390)

I 05.20/21:32:46 solver.py:151 ] => Train  Loss: 1.0684e-02

I 05.20/21:32:47 solver.py:206 ] 
=! Best NMSE: -1.8192e+01 (epoch=390)

I 05.20/21:32:48 solver.py:151 ] => Train  Loss: 1.0689e-02

I 05.20/21:32:49 solver.py:206 ] 
=! Best NMSE: -1.8192e+01 (epoch=390)

I 05.20/21:32:51 solver.py:151 ] => Train  Loss: 1.0685e-02

I 05.20/21:32:53 solver.py:206 ] 
=! Best NMSE: -1.8192e+01 (epoch=390)

I 05.20/21:32:55 solver.py:151 ] => Train  Loss: 1.0650e-02

I 05.20/21:32:57 solver.py:206 ] 
=! Best NMSE: -1.8192e+01 (epoch=390)

I 05.20/21:32:59 solver.py:151 ] => Train  Loss: 1.0685e-02

I 05.20/21:33:01 solver.py:206 ] 
=! Best NMSE: -1.8192e+01 (epoch=390)

I 05.20/21:33:02 solver.py:151 ] => Train  Loss: 1.0661e-02

I 05.20/21:33:03 solver.py:206 ] 
=! Best NMSE: -1.8192e+01 (epoch=390)

I 05.20/21:33:05 solver.py:151 ] => Train  Loss: 1.0649e-02

I 05.20/21:33:05 solver.py:151 ] => Val  Loss: 1.3310e-02

I 05.20/21:33:05 solver.py:285 ] => Test NMSE: -1.8200e+01

I 05.20/21:33:08 solver.py:206 ] 
=! Best NMSE: -1.8200e+01 (epoch=400)

I 05.20/21:33:08 solver.py:229 ] => Saved encoder outputs to /storage/hujiacong/zxd/Huawei/TransNet/exps/freeze_encoder_ffn/encoder_output.pth
I 05.20/21:33:09 solver.py:285 ] => Test NMSE: -1.8200e+01

I 05.20/21:33:09 solver.py:254 ] 
=> Test result: 
loss: 1.1349e-02    NMSE: -1.8200e+01

I 05.20/21:33:09 main.py:87  ] 
=! Final test loss: 1.1349e-02
         test NMSE: -1.8200e+01

