I 05.20/16:43:51 main.py:23  ] => Experiment directory: /storage/hujiacong/zxd/Huawei/TransNet/exps/01878_seed2026_400ep_5e-4
I 05.20/16:43:51 main.py:24  ] => PyTorch Version: 2.5.1
I 05.20/16:43:51 init.py:13  ] Random seed set to 2026
I 05.20/16:43:51 init.py:38  ] Running on GPU 0
I 05.20/16:43:53 init.py:69  ] => Model Name: TransNet [pretrained: None]
I 05.20/16:43:53 init.py:70  ] => Model Config: compression ratio=1/4; input shape=(2, 64, 64); input dim=8192
I 05.20/16:43:53 init.py:73  ] => Model Flops: 168.133M
I 05.20/16:43:53 init.py:74  ] => Model Params Num: 34.094M

I 05.20/16:43:53 init.py:75  ] 
**********
Transformer(
  (encoder): TransformerEncoder(
    (layer): TransformerEncoderLayer(
      (self_attn): MultiheadAttention(
        (out_proj): Linear(in_features=64, out_features=64, bias=True)
      )
      (linear1): Linear(in_features=64, out_features=2048, bias=True)
      (dropout): Dropout(p=0.0, inplace=False)
      (linear2): Linear(in_features=2048, out_features=64, bias=True)
      (norm1): LayerNorm((64,), eps=1e-05, elementwise_affine=True)
      (norm2): LayerNorm((64,), eps=1e-05, elementwise_affine=True)
      (dropout1): Dropout(p=0.0, inplace=False)
      (dropout2): Dropout(p=0.0, inplace=False)
    )
  )
  (decoder): TransformerDecoder(
    (layer): TransformerDecoderLayer(
      (self_attn): MultiheadAttention(
        (out_proj): Linear(in_features=64, out_features=64, bias=True)
      )
      (multihead_attn): MultiheadAttention(
        (out_proj): Linear(in_features=64, out_features=64, bias=True)
      )
      (linear1): Linear(in_features=64, out_features=2048, bias=True)
      (dropout): Dropout(p=0.0, inplace=False)
      (linear2): Linear(in_features=2048, out_features=64, bias=True)
      (norm1): LayerNorm((64,), eps=1e-05, elementwise_affine=True)
      (norm2): LayerNorm((64,), eps=1e-05, elementwise_affine=True)
      (norm3): LayerNorm((64,), eps=1e-05, elementwise_affine=True)
      (dropout1): Dropout(p=0.0, inplace=False)
      (dropout2): Dropout(p=0.0, inplace=False)
      (dropout3): Dropout(p=0.0, inplace=False)
    )
    (norm): LayerNorm((64,), eps=1e-05, elementwise_affine=True)
  )
  (fc_encoder): Linear(in_features=8192, out_features=2048, bias=True)
  (fc_decoder): Linear(in_features=2048, out_features=8192, bias=True)
)
**********

I 05.20/16:43:55 solver.py:151 ] => Train  Loss: 1.4968e+00

I 05.20/16:43:57 solver.py:151 ] => Train  Loss: 1.4581e+00

I 05.20/16:43:59 solver.py:151 ] => Train  Loss: 1.3686e+00

I 05.20/16:44:01 solver.py:151 ] => Train  Loss: 1.2343e+00

I 05.20/16:44:04 solver.py:151 ] => Train  Loss: 1.0771e+00

I 05.20/16:44:06 solver.py:151 ] => Train  Loss: 9.2056e-01

I 05.20/16:44:09 solver.py:151 ] => Train  Loss: 7.8026e-01

I 05.20/16:44:12 solver.py:151 ] => Train  Loss: 6.5876e-01

I 05.20/16:44:14 solver.py:151 ] => Train  Loss: 5.5681e-01

I 05.20/16:44:17 solver.py:151 ] => Train  Loss: 4.7322e-01

I 05.20/16:44:17 solver.py:151 ] => Val  Loss: 4.4627e-01

I 05.20/16:44:17 solver.py:285 ] => Test NMSE: -2.3795e+00

I 05.20/16:44:20 solver.py:206 ] 
=! Best NMSE: -2.3795e+00 (epoch=10)

I 05.20/16:44:22 solver.py:151 ] => Train  Loss: 4.0529e-01

I 05.20/16:44:23 solver.py:206 ] 
=! Best NMSE: -2.3795e+00 (epoch=10)

I 05.20/16:44:24 solver.py:151 ] => Train  Loss: 3.4955e-01

I 05.20/16:44:25 solver.py:206 ] 
=! Best NMSE: -2.3795e+00 (epoch=10)

I 05.20/16:44:27 solver.py:151 ] => Train  Loss: 3.0384e-01

I 05.20/16:44:28 solver.py:206 ] 
=! Best NMSE: -2.3795e+00 (epoch=10)

I 05.20/16:44:30 solver.py:151 ] => Train  Loss: 2.6808e-01

I 05.20/16:44:31 solver.py:206 ] 
=! Best NMSE: -2.3795e+00 (epoch=10)

I 05.20/16:44:33 solver.py:151 ] => Train  Loss: 2.3902e-01

I 05.20/16:44:35 solver.py:206 ] 
=! Best NMSE: -2.3795e+00 (epoch=10)

I 05.20/16:44:37 solver.py:151 ] => Train  Loss: 2.1671e-01

I 05.20/16:44:39 solver.py:206 ] 
=! Best NMSE: -2.3795e+00 (epoch=10)

I 05.20/16:44:40 solver.py:151 ] => Train  Loss: 1.9877e-01

I 05.20/16:44:42 solver.py:206 ] 
=! Best NMSE: -2.3795e+00 (epoch=10)

I 05.20/16:44:44 solver.py:151 ] => Train  Loss: 1.8467e-01

I 05.20/16:44:46 solver.py:206 ] 
=! Best NMSE: -2.3795e+00 (epoch=10)

I 05.20/16:44:48 solver.py:151 ] => Train  Loss: 1.7348e-01

I 05.20/16:44:49 solver.py:206 ] 
=! Best NMSE: -2.3795e+00 (epoch=10)

I 05.20/16:44:50 solver.py:151 ] => Train  Loss: 1.6419e-01

I 05.20/16:44:51 solver.py:151 ] => Val  Loss: 1.7105e-01

I 05.20/16:44:51 solver.py:285 ] => Test NMSE: -6.6121e+00

I 05.20/16:44:54 solver.py:206 ] 
=! Best NMSE: -6.6121e+00 (epoch=20)

I 05.20/16:44:56 solver.py:151 ] => Train  Loss: 1.5673e-01

I 05.20/16:44:58 solver.py:206 ] 
=! Best NMSE: -6.6121e+00 (epoch=20)

I 05.20/16:45:00 solver.py:151 ] => Train  Loss: 1.4981e-01

I 05.20/16:45:01 solver.py:206 ] 
=! Best NMSE: -6.6121e+00 (epoch=20)

I 05.20/16:45:03 solver.py:151 ] => Train  Loss: 1.4430e-01

I 05.20/16:45:05 solver.py:206 ] 
=! Best NMSE: -6.6121e+00 (epoch=20)

I 05.20/16:45:06 solver.py:151 ] => Train  Loss: 1.3917e-01

I 05.20/16:45:07 solver.py:206 ] 
=! Best NMSE: -6.6121e+00 (epoch=20)

I 05.20/16:45:08 solver.py:151 ] => Train  Loss: 1.3450e-01

I 05.20/16:45:10 solver.py:206 ] 
=! Best NMSE: -6.6121e+00 (epoch=20)

I 05.20/16:45:11 solver.py:151 ] => Train  Loss: 1.3027e-01

I 05.20/16:45:13 solver.py:206 ] 
=! Best NMSE: -6.6121e+00 (epoch=20)

I 05.20/16:45:15 solver.py:151 ] => Train  Loss: 1.2629e-01

I 05.20/16:45:16 solver.py:206 ] 
=! Best NMSE: -6.6121e+00 (epoch=20)

I 05.20/16:45:18 solver.py:151 ] => Train  Loss: 1.2238e-01

I 05.20/16:45:19 solver.py:206 ] 
=! Best NMSE: -6.6121e+00 (epoch=20)

I 05.20/16:45:21 solver.py:151 ] => Train  Loss: 1.1899e-01

I 05.20/16:45:22 solver.py:206 ] 
=! Best NMSE: -6.6121e+00 (epoch=20)

I 05.20/16:45:25 solver.py:151 ] => Train  Loss: 1.1557e-01

I 05.20/16:45:25 solver.py:151 ] => Val  Loss: 1.2362e-01

I 05.20/16:45:25 solver.py:285 ] => Test NMSE: -7.9985e+00

I 05.20/16:45:28 solver.py:206 ] 
=! Best NMSE: -7.9985e+00 (epoch=30)

I 05.20/16:45:30 solver.py:151 ] => Train  Loss: 1.1249e-01

I 05.20/16:45:31 solver.py:206 ] 
=! Best NMSE: -7.9985e+00 (epoch=30)

I 05.20/16:45:32 solver.py:151 ] => Train  Loss: 1.0967e-01

I 05.20/16:45:33 solver.py:206 ] 
=! Best NMSE: -7.9985e+00 (epoch=30)

I 05.20/16:45:35 solver.py:151 ] => Train  Loss: 1.0680e-01

I 05.20/16:45:36 solver.py:206 ] 
=! Best NMSE: -7.9985e+00 (epoch=30)

I 05.20/16:45:38 solver.py:151 ] => Train  Loss: 1.0435e-01

I 05.20/16:45:39 solver.py:206 ] 
=! Best NMSE: -7.9985e+00 (epoch=30)

I 05.20/16:45:42 solver.py:151 ] => Train  Loss: 1.0184e-01

I 05.20/16:45:43 solver.py:206 ] 
=! Best NMSE: -7.9985e+00 (epoch=30)

I 05.20/16:45:46 solver.py:151 ] => Train  Loss: 9.9418e-02

I 05.20/16:45:47 solver.py:206 ] 
=! Best NMSE: -7.9985e+00 (epoch=30)

I 05.20/16:45:48 solver.py:151 ] => Train  Loss: 9.7290e-02

I 05.20/16:45:49 solver.py:206 ] 
=! Best NMSE: -7.9985e+00 (epoch=30)

I 05.20/16:45:51 solver.py:151 ] => Train  Loss: 9.5059e-02

I 05.20/16:45:52 solver.py:206 ] 
=! Best NMSE: -7.9985e+00 (epoch=30)

I 05.20/16:45:53 solver.py:151 ] => Train  Loss: 9.2975e-02

I 05.20/16:45:54 solver.py:206 ] 
=! Best NMSE: -7.9985e+00 (epoch=30)

I 05.20/16:45:56 solver.py:151 ] => Train  Loss: 9.0877e-02

I 05.20/16:45:57 solver.py:151 ] => Val  Loss: 9.7236e-02

I 05.20/16:45:57 solver.py:285 ] => Test NMSE: -9.0348e+00

I 05.20/16:45:59 solver.py:206 ] 
=! Best NMSE: -9.0348e+00 (epoch=40)

I 05.20/16:46:01 solver.py:151 ] => Train  Loss: 8.8883e-02

I 05.20/16:46:02 solver.py:206 ] 
=! Best NMSE: -9.0348e+00 (epoch=40)

I 05.20/16:46:05 solver.py:151 ] => Train  Loss: 8.6829e-02

I 05.20/16:46:06 solver.py:206 ] 
=! Best NMSE: -9.0348e+00 (epoch=40)

I 05.20/16:46:08 solver.py:151 ] => Train  Loss: 8.4935e-02

I 05.20/16:46:09 solver.py:206 ] 
=! Best NMSE: -9.0348e+00 (epoch=40)

I 05.20/16:46:10 solver.py:151 ] => Train  Loss: 8.3136e-02

I 05.20/16:46:11 solver.py:206 ] 
=! Best NMSE: -9.0348e+00 (epoch=40)

I 05.20/16:46:13 solver.py:151 ] => Train  Loss: 8.1386e-02

I 05.20/16:46:14 solver.py:206 ] 
=! Best NMSE: -9.0348e+00 (epoch=40)

I 05.20/16:46:16 solver.py:151 ] => Train  Loss: 7.9695e-02

I 05.20/16:46:18 solver.py:206 ] 
=! Best NMSE: -9.0348e+00 (epoch=40)

I 05.20/16:46:19 solver.py:151 ] => Train  Loss: 7.8219e-02

I 05.20/16:46:20 solver.py:206 ] 
=! Best NMSE: -9.0348e+00 (epoch=40)

I 05.20/16:46:22 solver.py:151 ] => Train  Loss: 7.6586e-02

I 05.20/16:46:23 solver.py:206 ] 
=! Best NMSE: -9.0348e+00 (epoch=40)

I 05.20/16:46:26 solver.py:151 ] => Train  Loss: 7.5028e-02

I 05.20/16:46:27 solver.py:206 ] 
=! Best NMSE: -9.0348e+00 (epoch=40)

I 05.20/16:46:29 solver.py:151 ] => Train  Loss: 7.3545e-02

I 05.20/16:46:30 solver.py:151 ] => Val  Loss: 7.8913e-02

I 05.20/16:46:30 solver.py:285 ] => Test NMSE: -9.9617e+00

I 05.20/16:46:33 solver.py:206 ] 
=! Best NMSE: -9.9617e+00 (epoch=50)

I 05.20/16:46:34 solver.py:151 ] => Train  Loss: 7.2191e-02

I 05.20/16:46:35 solver.py:206 ] 
=! Best NMSE: -9.9617e+00 (epoch=50)

I 05.20/16:46:36 solver.py:151 ] => Train  Loss: 7.0800e-02

I 05.20/16:46:37 solver.py:206 ] 
=! Best NMSE: -9.9617e+00 (epoch=50)

I 05.20/16:46:39 solver.py:151 ] => Train  Loss: 6.9418e-02

I 05.20/16:46:40 solver.py:206 ] 
=! Best NMSE: -9.9617e+00 (epoch=50)

I 05.20/16:46:42 solver.py:151 ] => Train  Loss: 6.8069e-02

I 05.20/16:46:43 solver.py:206 ] 
=! Best NMSE: -9.9617e+00 (epoch=50)

I 05.20/16:46:44 solver.py:151 ] => Train  Loss: 6.6856e-02

I 05.20/16:46:45 solver.py:206 ] 
=! Best NMSE: -9.9617e+00 (epoch=50)

I 05.20/16:46:47 solver.py:151 ] => Train  Loss: 6.5591e-02

I 05.20/16:46:48 solver.py:206 ] 
=! Best NMSE: -9.9617e+00 (epoch=50)

I 05.20/16:46:50 solver.py:151 ] => Train  Loss: 6.4285e-02

I 05.20/16:46:52 solver.py:206 ] 
=! Best NMSE: -9.9617e+00 (epoch=50)

I 05.20/16:46:54 solver.py:151 ] => Train  Loss: 6.3176e-02

I 05.20/16:46:55 solver.py:206 ] 
=! Best NMSE: -9.9617e+00 (epoch=50)

I 05.20/16:46:56 solver.py:151 ] => Train  Loss: 6.1911e-02

I 05.20/16:46:58 solver.py:206 ] 
=! Best NMSE: -9.9617e+00 (epoch=50)

I 05.20/16:47:00 solver.py:151 ] => Train  Loss: 6.0791e-02

I 05.20/16:47:00 solver.py:151 ] => Val  Loss: 6.5408e-02

I 05.20/16:47:01 solver.py:285 ] => Test NMSE: -1.0805e+01

I 05.20/16:47:03 solver.py:206 ] 
=! Best NMSE: -1.0805e+01 (epoch=60)

I 05.20/16:47:06 solver.py:151 ] => Train  Loss: 5.9600e-02

I 05.20/16:47:07 solver.py:206 ] 
=! Best NMSE: -1.0805e+01 (epoch=60)

I 05.20/16:47:09 solver.py:151 ] => Train  Loss: 5.8503e-02

I 05.20/16:47:10 solver.py:206 ] 
=! Best NMSE: -1.0805e+01 (epoch=60)

I 05.20/16:47:12 solver.py:151 ] => Train  Loss: 5.7432e-02

I 05.20/16:47:13 solver.py:206 ] 
=! Best NMSE: -1.0805e+01 (epoch=60)

I 05.20/16:47:14 solver.py:151 ] => Train  Loss: 5.6343e-02

I 05.20/16:47:16 solver.py:206 ] 
=! Best NMSE: -1.0805e+01 (epoch=60)

I 05.20/16:47:17 solver.py:151 ] => Train  Loss: 5.5317e-02

I 05.20/16:47:18 solver.py:206 ] 
=! Best NMSE: -1.0805e+01 (epoch=60)

I 05.20/16:47:20 solver.py:151 ] => Train  Loss: 5.4263e-02

I 05.20/16:47:21 solver.py:206 ] 
=! Best NMSE: -1.0805e+01 (epoch=60)

I 05.20/16:47:24 solver.py:151 ] => Train  Loss: 5.3337e-02

I 05.20/16:47:25 solver.py:206 ] 
=! Best NMSE: -1.0805e+01 (epoch=60)

I 05.20/16:47:27 solver.py:151 ] => Train  Loss: 5.2305e-02

I 05.20/16:47:29 solver.py:206 ] 
=! Best NMSE: -1.0805e+01 (epoch=60)

I 05.20/16:47:32 solver.py:151 ] => Train  Loss: 5.1325e-02

I 05.20/16:47:33 solver.py:206 ] 
=! Best NMSE: -1.0805e+01 (epoch=60)

I 05.20/16:47:34 solver.py:151 ] => Train  Loss: 5.0354e-02

I 05.20/16:47:34 solver.py:151 ] => Val  Loss: 5.4494e-02

I 05.20/16:47:35 solver.py:285 ] => Test NMSE: -1.1625e+01

I 05.20/16:47:37 solver.py:206 ] 
=! Best NMSE: -1.1625e+01 (epoch=70)

I 05.20/16:47:40 solver.py:151 ] => Train  Loss: 4.9456e-02

I 05.20/16:47:42 solver.py:206 ] 
=! Best NMSE: -1.1625e+01 (epoch=70)

I 05.20/16:47:44 solver.py:151 ] => Train  Loss: 4.8550e-02

I 05.20/16:47:46 solver.py:206 ] 
=! Best NMSE: -1.1625e+01 (epoch=70)

I 05.20/16:47:48 solver.py:151 ] => Train  Loss: 4.7589e-02

I 05.20/16:47:50 solver.py:206 ] 
=! Best NMSE: -1.1625e+01 (epoch=70)

I 05.20/16:47:52 solver.py:151 ] => Train  Loss: 4.6679e-02

I 05.20/16:47:54 solver.py:206 ] 
=! Best NMSE: -1.1625e+01 (epoch=70)

I 05.20/16:47:56 solver.py:151 ] => Train  Loss: 4.5873e-02

I 05.20/16:47:57 solver.py:206 ] 
=! Best NMSE: -1.1625e+01 (epoch=70)

I 05.20/16:47:58 solver.py:151 ] => Train  Loss: 4.4997e-02

I 05.20/16:47:59 solver.py:206 ] 
=! Best NMSE: -1.1625e+01 (epoch=70)

I 05.20/16:48:02 solver.py:151 ] => Train  Loss: 4.4170e-02

I 05.20/16:48:03 solver.py:206 ] 
=! Best NMSE: -1.1625e+01 (epoch=70)

I 05.20/16:48:04 solver.py:151 ] => Train  Loss: 4.3307e-02

I 05.20/16:48:06 solver.py:206 ] 
=! Best NMSE: -1.1625e+01 (epoch=70)

I 05.20/16:48:07 solver.py:151 ] => Train  Loss: 4.2549e-02

I 05.20/16:48:08 solver.py:206 ] 
=! Best NMSE: -1.1625e+01 (epoch=70)

I 05.20/16:48:09 solver.py:151 ] => Train  Loss: 4.1702e-02

I 05.20/16:48:10 solver.py:151 ] => Val  Loss: 4.5414e-02

I 05.20/16:48:10 solver.py:285 ] => Test NMSE: -1.2452e+01

I 05.20/16:48:12 solver.py:206 ] 
=! Best NMSE: -1.2452e+01 (epoch=80)

I 05.20/16:48:15 solver.py:151 ] => Train  Loss: 4.0878e-02

I 05.20/16:48:16 solver.py:206 ] 
=! Best NMSE: -1.2452e+01 (epoch=80)

I 05.20/16:48:18 solver.py:151 ] => Train  Loss: 4.0127e-02

I 05.20/16:48:20 solver.py:206 ] 
=! Best NMSE: -1.2452e+01 (epoch=80)

I 05.20/16:48:22 solver.py:151 ] => Train  Loss: 3.9323e-02

I 05.20/16:48:23 solver.py:206 ] 
=! Best NMSE: -1.2452e+01 (epoch=80)

I 05.20/16:48:25 solver.py:151 ] => Train  Loss: 3.8590e-02

I 05.20/16:48:26 solver.py:206 ] 
=! Best NMSE: -1.2452e+01 (epoch=80)

I 05.20/16:48:28 solver.py:151 ] => Train  Loss: 3.7869e-02

I 05.20/16:48:29 solver.py:206 ] 
=! Best NMSE: -1.2452e+01 (epoch=80)

I 05.20/16:48:30 solver.py:151 ] => Train  Loss: 3.7142e-02

I 05.20/16:48:31 solver.py:206 ] 
=! Best NMSE: -1.2452e+01 (epoch=80)

I 05.20/16:48:32 solver.py:151 ] => Train  Loss: 3.6456e-02

I 05.20/16:48:33 solver.py:206 ] 
=! Best NMSE: -1.2452e+01 (epoch=80)

I 05.20/16:48:35 solver.py:151 ] => Train  Loss: 3.5724e-02

I 05.20/16:48:36 solver.py:206 ] 
=! Best NMSE: -1.2452e+01 (epoch=80)

I 05.20/16:48:38 solver.py:151 ] => Train  Loss: 3.5007e-02

I 05.20/16:48:39 solver.py:206 ] 
=! Best NMSE: -1.2452e+01 (epoch=80)

I 05.20/16:48:40 solver.py:151 ] => Train  Loss: 3.4349e-02

I 05.20/16:48:41 solver.py:151 ] => Val  Loss: 3.7789e-02

I 05.20/16:48:41 solver.py:285 ] => Test NMSE: -1.3295e+01

I 05.20/16:48:44 solver.py:206 ] 
=! Best NMSE: -1.3295e+01 (epoch=90)

I 05.20/16:48:46 solver.py:151 ] => Train  Loss: 3.3679e-02

I 05.20/16:48:48 solver.py:206 ] 
=! Best NMSE: -1.3295e+01 (epoch=90)

I 05.20/16:48:50 solver.py:151 ] => Train  Loss: 3.3004e-02

I 05.20/16:48:52 solver.py:206 ] 
=! Best NMSE: -1.3295e+01 (epoch=90)

I 05.20/16:48:54 solver.py:151 ] => Train  Loss: 3.2398e-02

I 05.20/16:48:56 solver.py:206 ] 
=! Best NMSE: -1.3295e+01 (epoch=90)

I 05.20/16:48:59 solver.py:151 ] => Train  Loss: 3.1763e-02

I 05.20/16:49:00 solver.py:206 ] 
=! Best NMSE: -1.3295e+01 (epoch=90)

I 05.20/16:49:02 solver.py:151 ] => Train  Loss: 3.1096e-02

I 05.20/16:49:03 solver.py:206 ] 
=! Best NMSE: -1.3295e+01 (epoch=90)

I 05.20/16:49:05 solver.py:151 ] => Train  Loss: 3.0496e-02

I 05.20/16:49:06 solver.py:206 ] 
=! Best NMSE: -1.3295e+01 (epoch=90)

I 05.20/16:49:08 solver.py:151 ] => Train  Loss: 2.9900e-02

I 05.20/16:49:09 solver.py:206 ] 
=! Best NMSE: -1.3295e+01 (epoch=90)

I 05.20/16:49:12 solver.py:151 ] => Train  Loss: 2.9379e-02

I 05.20/16:49:13 solver.py:206 ] 
=! Best NMSE: -1.3295e+01 (epoch=90)

I 05.20/16:49:14 solver.py:151 ] => Train  Loss: 2.8721e-02

I 05.20/16:49:15 solver.py:206 ] 
=! Best NMSE: -1.3295e+01 (epoch=90)

I 05.20/16:49:18 solver.py:151 ] => Train  Loss: 2.8213e-02

I 05.20/16:49:18 solver.py:151 ] => Val  Loss: 3.1463e-02

I 05.20/16:49:18 solver.py:285 ] => Test NMSE: -1.4141e+01

I 05.20/16:49:20 solver.py:206 ] 
=! Best NMSE: -1.4141e+01 (epoch=100)

I 05.20/16:49:22 solver.py:151 ] => Train  Loss: 2.7667e-02

I 05.20/16:49:24 solver.py:206 ] 
=! Best NMSE: -1.4141e+01 (epoch=100)

I 05.20/16:49:25 solver.py:151 ] => Train  Loss: 2.7146e-02

I 05.20/16:49:26 solver.py:206 ] 
=! Best NMSE: -1.4141e+01 (epoch=100)

I 05.20/16:49:27 solver.py:151 ] => Train  Loss: 2.6584e-02

I 05.20/16:49:28 solver.py:206 ] 
=! Best NMSE: -1.4141e+01 (epoch=100)

I 05.20/16:49:31 solver.py:151 ] => Train  Loss: 2.6090e-02

I 05.20/16:49:32 solver.py:206 ] 
=! Best NMSE: -1.4141e+01 (epoch=100)

I 05.20/16:49:34 solver.py:151 ] => Train  Loss: 2.5570e-02

I 05.20/16:49:35 solver.py:206 ] 
=! Best NMSE: -1.4141e+01 (epoch=100)

I 05.20/16:49:37 solver.py:151 ] => Train  Loss: 2.5071e-02

I 05.20/16:49:38 solver.py:206 ] 
=! Best NMSE: -1.4141e+01 (epoch=100)

I 05.20/16:49:40 solver.py:151 ] => Train  Loss: 2.4603e-02

I 05.20/16:49:42 solver.py:206 ] 
=! Best NMSE: -1.4141e+01 (epoch=100)

I 05.20/16:49:44 solver.py:151 ] => Train  Loss: 2.4104e-02

I 05.20/16:49:46 solver.py:206 ] 
=! Best NMSE: -1.4141e+01 (epoch=100)

I 05.20/16:49:48 solver.py:151 ] => Train  Loss: 2.3660e-02

I 05.20/16:49:50 solver.py:206 ] 
=! Best NMSE: -1.4141e+01 (epoch=100)

I 05.20/16:49:52 solver.py:151 ] => Train  Loss: 2.3200e-02

I 05.20/16:49:53 solver.py:151 ] => Val  Loss: 2.6317e-02

I 05.20/16:49:53 solver.py:285 ] => Test NMSE: -1.4979e+01

I 05.20/16:49:56 solver.py:206 ] 
=! Best NMSE: -1.4979e+01 (epoch=110)

I 05.20/16:49:58 solver.py:151 ] => Train  Loss: 2.2747e-02

I 05.20/16:49:59 solver.py:206 ] 
=! Best NMSE: -1.4979e+01 (epoch=110)

I 05.20/16:50:01 solver.py:151 ] => Train  Loss: 2.2366e-02

I 05.20/16:50:02 solver.py:206 ] 
=! Best NMSE: -1.4979e+01 (epoch=110)

I 05.20/16:50:03 solver.py:151 ] => Train  Loss: 2.1918e-02

I 05.20/16:50:05 solver.py:206 ] 
=! Best NMSE: -1.4979e+01 (epoch=110)

I 05.20/16:50:06 solver.py:151 ] => Train  Loss: 2.1533e-02

I 05.20/16:50:07 solver.py:206 ] 
=! Best NMSE: -1.4979e+01 (epoch=110)

I 05.20/16:50:10 solver.py:151 ] => Train  Loss: 2.1088e-02

I 05.20/16:50:11 solver.py:206 ] 
=! Best NMSE: -1.4979e+01 (epoch=110)

I 05.20/16:50:13 solver.py:151 ] => Train  Loss: 2.0758e-02

I 05.20/16:50:14 solver.py:206 ] 
=! Best NMSE: -1.4979e+01 (epoch=110)

I 05.20/16:50:16 solver.py:151 ] => Train  Loss: 2.0353e-02

I 05.20/16:50:17 solver.py:206 ] 
=! Best NMSE: -1.4979e+01 (epoch=110)

I 05.20/16:50:18 solver.py:151 ] => Train  Loss: 2.0005e-02

I 05.20/16:50:19 solver.py:206 ] 
=! Best NMSE: -1.4979e+01 (epoch=110)

I 05.20/16:50:21 solver.py:151 ] => Train  Loss: 1.9660e-02

I 05.20/16:50:22 solver.py:206 ] 
=! Best NMSE: -1.4979e+01 (epoch=110)

I 05.20/16:50:24 solver.py:151 ] => Train  Loss: 1.9328e-02

I 05.20/16:50:24 solver.py:151 ] => Val  Loss: 2.2320e-02

I 05.20/16:50:25 solver.py:285 ] => Test NMSE: -1.5761e+01

I 05.20/16:50:27 solver.py:206 ] 
=! Best NMSE: -1.5761e+01 (epoch=120)

I 05.20/16:50:29 solver.py:151 ] => Train  Loss: 1.8986e-02

I 05.20/16:50:30 solver.py:206 ] 
=! Best NMSE: -1.5761e+01 (epoch=120)

I 05.20/16:50:33 solver.py:151 ] => Train  Loss: 1.8684e-02

I 05.20/16:50:34 solver.py:206 ] 
=! Best NMSE: -1.5761e+01 (epoch=120)

I 05.20/16:50:36 solver.py:151 ] => Train  Loss: 1.8339e-02

I 05.20/16:50:38 solver.py:206 ] 
=! Best NMSE: -1.5761e+01 (epoch=120)

I 05.20/16:50:40 solver.py:151 ] => Train  Loss: 1.8092e-02

I 05.20/16:50:41 solver.py:206 ] 
=! Best NMSE: -1.5761e+01 (epoch=120)

I 05.20/16:50:42 solver.py:151 ] => Train  Loss: 1.7773e-02

I 05.20/16:50:43 solver.py:206 ] 
=! Best NMSE: -1.5761e+01 (epoch=120)

I 05.20/16:50:45 solver.py:151 ] => Train  Loss: 1.7492e-02

I 05.20/16:50:47 solver.py:206 ] 
=! Best NMSE: -1.5761e+01 (epoch=120)

I 05.20/16:50:49 solver.py:151 ] => Train  Loss: 1.7227e-02

I 05.20/16:50:50 solver.py:206 ] 
=! Best NMSE: -1.5761e+01 (epoch=120)

I 05.20/16:50:52 solver.py:151 ] => Train  Loss: 1.6981e-02

I 05.20/16:50:54 solver.py:206 ] 
=! Best NMSE: -1.5761e+01 (epoch=120)

I 05.20/16:50:55 solver.py:151 ] => Train  Loss: 1.6724e-02

I 05.20/16:50:56 solver.py:206 ] 
=! Best NMSE: -1.5761e+01 (epoch=120)

I 05.20/16:50:59 solver.py:151 ] => Train  Loss: 1.6485e-02

I 05.20/16:50:59 solver.py:151 ] => Val  Loss: 1.9376e-02

I 05.20/16:50:59 solver.py:285 ] => Test NMSE: -1.6439e+01

I 05.20/16:51:01 solver.py:206 ] 
=! Best NMSE: -1.6439e+01 (epoch=130)

I 05.20/16:51:03 solver.py:151 ] => Train  Loss: 1.6252e-02

I 05.20/16:51:04 solver.py:206 ] 
=! Best NMSE: -1.6439e+01 (epoch=130)

I 05.20/16:51:05 solver.py:151 ] => Train  Loss: 1.6074e-02

I 05.20/16:51:06 solver.py:206 ] 
=! Best NMSE: -1.6439e+01 (epoch=130)

I 05.20/16:51:08 solver.py:151 ] => Train  Loss: 1.5808e-02

I 05.20/16:51:10 solver.py:206 ] 
=! Best NMSE: -1.6439e+01 (epoch=130)

I 05.20/16:51:12 solver.py:151 ] => Train  Loss: 1.5547e-02

I 05.20/16:51:13 solver.py:206 ] 
=! Best NMSE: -1.6439e+01 (epoch=130)

I 05.20/16:51:16 solver.py:151 ] => Train  Loss: 1.5366e-02

I 05.20/16:51:17 solver.py:206 ] 
=! Best NMSE: -1.6439e+01 (epoch=130)

I 05.20/16:51:18 solver.py:151 ] => Train  Loss: 1.5173e-02

I 05.20/16:51:20 solver.py:206 ] 
=! Best NMSE: -1.6439e+01 (epoch=130)

I 05.20/16:51:21 solver.py:151 ] => Train  Loss: 1.4994e-02

I 05.20/16:51:22 solver.py:206 ] 
=! Best NMSE: -1.6439e+01 (epoch=130)

I 05.20/16:51:23 solver.py:151 ] => Train  Loss: 1.4832e-02

I 05.20/16:51:24 solver.py:206 ] 
=! Best NMSE: -1.6439e+01 (epoch=130)

I 05.20/16:51:26 solver.py:151 ] => Train  Loss: 1.4641e-02

I 05.20/16:51:27 solver.py:206 ] 
=! Best NMSE: -1.6439e+01 (epoch=130)

I 05.20/16:51:29 solver.py:151 ] => Train  Loss: 1.4508e-02

I 05.20/16:51:29 solver.py:151 ] => Val  Loss: 1.7327e-02

I 05.20/16:51:30 solver.py:285 ] => Test NMSE: -1.6978e+01

I 05.20/16:51:32 solver.py:206 ] 
=! Best NMSE: -1.6978e+01 (epoch=140)

I 05.20/16:51:34 solver.py:151 ] => Train  Loss: 1.4335e-02

I 05.20/16:51:35 solver.py:206 ] 
=! Best NMSE: -1.6978e+01 (epoch=140)

I 05.20/16:51:36 solver.py:151 ] => Train  Loss: 1.4167e-02

I 05.20/16:51:37 solver.py:206 ] 
=! Best NMSE: -1.6978e+01 (epoch=140)

I 05.20/16:51:39 solver.py:151 ] => Train  Loss: 1.4050e-02

I 05.20/16:51:40 solver.py:206 ] 
=! Best NMSE: -1.6978e+01 (epoch=140)

I 05.20/16:51:42 solver.py:151 ] => Train  Loss: 1.3906e-02

I 05.20/16:51:43 solver.py:206 ] 
=! Best NMSE: -1.6978e+01 (epoch=140)

I 05.20/16:51:45 solver.py:151 ] => Train  Loss: 1.3766e-02

I 05.20/16:51:47 solver.py:206 ] 
=! Best NMSE: -1.6978e+01 (epoch=140)

I 05.20/16:51:48 solver.py:151 ] => Train  Loss: 1.3646e-02

I 05.20/16:51:50 solver.py:206 ] 
=! Best NMSE: -1.6978e+01 (epoch=140)

I 05.20/16:51:52 solver.py:151 ] => Train  Loss: 1.3510e-02

I 05.20/16:51:53 solver.py:206 ] 
=! Best NMSE: -1.6978e+01 (epoch=140)

I 05.20/16:51:55 solver.py:151 ] => Train  Loss: 1.3389e-02

I 05.20/16:51:57 solver.py:206 ] 
=! Best NMSE: -1.6978e+01 (epoch=140)

I 05.20/16:51:59 solver.py:151 ] => Train  Loss: 1.3289e-02

I 05.20/16:52:00 solver.py:206 ] 
=! Best NMSE: -1.6978e+01 (epoch=140)

I 05.20/16:52:02 solver.py:151 ] => Train  Loss: 1.3173e-02

I 05.20/16:52:03 solver.py:151 ] => Val  Loss: 1.5953e-02

I 05.20/16:52:03 solver.py:285 ] => Test NMSE: -1.7382e+01

I 05.20/16:52:06 solver.py:206 ] 
=! Best NMSE: -1.7382e+01 (epoch=150)

I 05.20/16:52:08 solver.py:151 ] => Train  Loss: 1.3059e-02

I 05.20/16:52:10 solver.py:206 ] 
=! Best NMSE: -1.7382e+01 (epoch=150)

I 05.20/16:52:12 solver.py:151 ] => Train  Loss: 1.2997e-02

I 05.20/16:52:13 solver.py:206 ] 
=! Best NMSE: -1.7382e+01 (epoch=150)

I 05.20/16:52:14 solver.py:151 ] => Train  Loss: 1.2886e-02

I 05.20/16:52:15 solver.py:206 ] 
=! Best NMSE: -1.7382e+01 (epoch=150)

I 05.20/16:52:17 solver.py:151 ] => Train  Loss: 1.2764e-02

I 05.20/16:52:18 solver.py:206 ] 
=! Best NMSE: -1.7382e+01 (epoch=150)

I 05.20/16:52:20 solver.py:151 ] => Train  Loss: 1.2679e-02

I 05.20/16:52:21 solver.py:206 ] 
=! Best NMSE: -1.7382e+01 (epoch=150)

I 05.20/16:52:24 solver.py:151 ] => Train  Loss: 1.2613e-02

I 05.20/16:52:25 solver.py:206 ] 
=! Best NMSE: -1.7382e+01 (epoch=150)

I 05.20/16:52:28 solver.py:151 ] => Train  Loss: 1.2600e-02

I 05.20/16:52:29 solver.py:206 ] 
=! Best NMSE: -1.7382e+01 (epoch=150)

I 05.20/16:52:31 solver.py:151 ] => Train  Loss: 1.2466e-02

I 05.20/16:52:32 solver.py:206 ] 
=! Best NMSE: -1.7382e+01 (epoch=150)

I 05.20/16:52:34 solver.py:151 ] => Train  Loss: 1.2439e-02

I 05.20/16:52:36 solver.py:206 ] 
=! Best NMSE: -1.7382e+01 (epoch=150)

I 05.20/16:52:38 solver.py:151 ] => Train  Loss: 1.2328e-02

I 05.20/16:52:38 solver.py:151 ] => Val  Loss: 1.5039e-02

I 05.20/16:52:39 solver.py:285 ] => Test NMSE: -1.7663e+01

I 05.20/16:52:41 solver.py:206 ] 
=! Best NMSE: -1.7663e+01 (epoch=160)

I 05.20/16:52:43 solver.py:151 ] => Train  Loss: 1.2268e-02

I 05.20/16:52:44 solver.py:206 ] 
=! Best NMSE: -1.7663e+01 (epoch=160)

I 05.20/16:52:46 solver.py:151 ] => Train  Loss: 1.2235e-02

I 05.20/16:52:47 solver.py:206 ] 
=! Best NMSE: -1.7663e+01 (epoch=160)

I 05.20/16:52:48 solver.py:151 ] => Train  Loss: 1.2124e-02

I 05.20/16:52:49 solver.py:206 ] 
=! Best NMSE: -1.7663e+01 (epoch=160)

I 05.20/16:52:51 solver.py:151 ] => Train  Loss: 1.2094e-02

I 05.20/16:52:52 solver.py:206 ] 
=! Best NMSE: -1.7663e+01 (epoch=160)

I 05.20/16:52:53 solver.py:151 ] => Train  Loss: 1.2041e-02

I 05.20/16:52:54 solver.py:206 ] 
=! Best NMSE: -1.7663e+01 (epoch=160)

I 05.20/16:52:57 solver.py:151 ] => Train  Loss: 1.2006e-02

I 05.20/16:52:58 solver.py:206 ] 
=! Best NMSE: -1.7663e+01 (epoch=160)

I 05.20/16:53:00 solver.py:151 ] => Train  Loss: 1.1968e-02

I 05.20/16:53:01 solver.py:206 ] 
=! Best NMSE: -1.7663e+01 (epoch=160)

I 05.20/16:53:04 solver.py:151 ] => Train  Loss: 1.1886e-02

I 05.20/16:53:06 solver.py:206 ] 
=! Best NMSE: -1.7663e+01 (epoch=160)

I 05.20/16:53:09 solver.py:151 ] => Train  Loss: 1.1855e-02

I 05.20/16:53:11 solver.py:206 ] 
=! Best NMSE: -1.7663e+01 (epoch=160)

I 05.20/16:53:13 solver.py:151 ] => Train  Loss: 1.1794e-02

I 05.20/16:53:13 solver.py:151 ] => Val  Loss: 1.4439e-02

I 05.20/16:53:14 solver.py:285 ] => Test NMSE: -1.7853e+01

I 05.20/16:53:16 solver.py:206 ] 
=! Best NMSE: -1.7853e+01 (epoch=170)

I 05.20/16:53:18 solver.py:151 ] => Train  Loss: 1.1764e-02

I 05.20/16:53:19 solver.py:206 ] 
=! Best NMSE: -1.7853e+01 (epoch=170)

I 05.20/16:53:20 solver.py:151 ] => Train  Loss: 1.1686e-02

I 05.20/16:53:21 solver.py:206 ] 
=! Best NMSE: -1.7853e+01 (epoch=170)

I 05.20/16:53:23 solver.py:151 ] => Train  Loss: 1.1695e-02

I 05.20/16:53:24 solver.py:206 ] 
=! Best NMSE: -1.7853e+01 (epoch=170)

I 05.20/16:53:26 solver.py:151 ] => Train  Loss: 1.1680e-02

I 05.20/16:53:28 solver.py:206 ] 
=! Best NMSE: -1.7853e+01 (epoch=170)

I 05.20/16:53:30 solver.py:151 ] => Train  Loss: 1.1583e-02

I 05.20/16:53:31 solver.py:206 ] 
=! Best NMSE: -1.7853e+01 (epoch=170)

I 05.20/16:53:32 solver.py:151 ] => Train  Loss: 1.1569e-02

I 05.20/16:53:33 solver.py:206 ] 
=! Best NMSE: -1.7853e+01 (epoch=170)

I 05.20/16:53:35 solver.py:151 ] => Train  Loss: 1.1604e-02

I 05.20/16:53:36 solver.py:206 ] 
=! Best NMSE: -1.7853e+01 (epoch=170)

I 05.20/16:53:38 solver.py:151 ] => Train  Loss: 1.1523e-02

I 05.20/16:53:40 solver.py:206 ] 
=! Best NMSE: -1.7853e+01 (epoch=170)

I 05.20/16:53:42 solver.py:151 ] => Train  Loss: 1.1458e-02

I 05.20/16:53:44 solver.py:206 ] 
=! Best NMSE: -1.7853e+01 (epoch=170)

I 05.20/16:53:46 solver.py:151 ] => Train  Loss: 1.1452e-02

I 05.20/16:53:46 solver.py:151 ] => Val  Loss: 1.4008e-02

I 05.20/16:53:47 solver.py:285 ] => Test NMSE: -1.7992e+01

I 05.20/16:53:49 solver.py:206 ] 
=! Best NMSE: -1.7992e+01 (epoch=180)

I 05.20/16:53:51 solver.py:151 ] => Train  Loss: 1.1454e-02

I 05.20/16:53:52 solver.py:206 ] 
=! Best NMSE: -1.7992e+01 (epoch=180)

I 05.20/16:53:55 solver.py:151 ] => Train  Loss: 1.1385e-02

I 05.20/16:53:56 solver.py:206 ] 
=! Best NMSE: -1.7992e+01 (epoch=180)

I 05.20/16:53:58 solver.py:151 ] => Train  Loss: 1.1348e-02

I 05.20/16:53:59 solver.py:206 ] 
=! Best NMSE: -1.7992e+01 (epoch=180)

I 05.20/16:54:02 solver.py:151 ] => Train  Loss: 1.1331e-02

I 05.20/16:54:03 solver.py:206 ] 
=! Best NMSE: -1.7992e+01 (epoch=180)

I 05.20/16:54:05 solver.py:151 ] => Train  Loss: 1.1311e-02

I 05.20/16:54:06 solver.py:206 ] 
=! Best NMSE: -1.7992e+01 (epoch=180)

I 05.20/16:54:08 solver.py:151 ] => Train  Loss: 1.1325e-02

I 05.20/16:54:09 solver.py:206 ] 
=! Best NMSE: -1.7992e+01 (epoch=180)

I 05.20/16:54:10 solver.py:151 ] => Train  Loss: 1.1245e-02

I 05.20/16:54:11 solver.py:206 ] 
=! Best NMSE: -1.7992e+01 (epoch=180)

I 05.20/16:54:12 solver.py:151 ] => Train  Loss: 1.1210e-02

I 05.20/16:54:13 solver.py:206 ] 
=! Best NMSE: -1.7992e+01 (epoch=180)

I 05.20/16:54:15 solver.py:151 ] => Train  Loss: 1.1257e-02

I 05.20/16:54:16 solver.py:206 ] 
=! Best NMSE: -1.7992e+01 (epoch=180)

I 05.20/16:54:17 solver.py:151 ] => Train  Loss: 1.1227e-02

I 05.20/16:54:18 solver.py:151 ] => Val  Loss: 1.3710e-02

I 05.20/16:54:18 solver.py:285 ] => Test NMSE: -1.8087e+01

I 05.20/16:54:21 solver.py:206 ] 
=! Best NMSE: -1.8087e+01 (epoch=190)

I 05.20/16:54:23 solver.py:151 ] => Train  Loss: 1.1209e-02

I 05.20/16:54:24 solver.py:206 ] 
=! Best NMSE: -1.8087e+01 (epoch=190)

I 05.20/16:54:26 solver.py:151 ] => Train  Loss: 1.1171e-02

I 05.20/16:54:27 solver.py:206 ] 
=! Best NMSE: -1.8087e+01 (epoch=190)

I 05.20/16:54:29 solver.py:151 ] => Train  Loss: 1.1145e-02

I 05.20/16:54:30 solver.py:206 ] 
=! Best NMSE: -1.8087e+01 (epoch=190)

I 05.20/16:54:32 solver.py:151 ] => Train  Loss: 1.1173e-02

I 05.20/16:54:33 solver.py:206 ] 
=! Best NMSE: -1.8087e+01 (epoch=190)

I 05.20/16:54:34 solver.py:151 ] => Train  Loss: 1.1128e-02

I 05.20/16:54:35 solver.py:206 ] 
=! Best NMSE: -1.8087e+01 (epoch=190)

I 05.20/16:54:37 solver.py:151 ] => Train  Loss: 1.1104e-02

I 05.20/16:54:38 solver.py:206 ] 
=! Best NMSE: -1.8087e+01 (epoch=190)

I 05.20/16:54:39 solver.py:151 ] => Train  Loss: 1.1094e-02

I 05.20/16:54:40 solver.py:206 ] 
=! Best NMSE: -1.8087e+01 (epoch=190)

I 05.20/16:54:42 solver.py:151 ] => Train  Loss: 1.1108e-02

I 05.20/16:54:43 solver.py:206 ] 
=! Best NMSE: -1.8087e+01 (epoch=190)

I 05.20/16:54:44 solver.py:151 ] => Train  Loss: 1.1100e-02

I 05.20/16:54:45 solver.py:206 ] 
=! Best NMSE: -1.8087e+01 (epoch=190)

I 05.20/16:54:47 solver.py:151 ] => Train  Loss: 1.1044e-02

I 05.20/16:54:47 solver.py:151 ] => Val  Loss: 1.3461e-02

I 05.20/16:54:48 solver.py:285 ] => Test NMSE: -1.8167e+01

I 05.20/16:54:50 solver.py:206 ] 
=! Best NMSE: -1.8167e+01 (epoch=200)

I 05.20/16:54:52 solver.py:151 ] => Train  Loss: 1.1055e-02

I 05.20/16:54:53 solver.py:206 ] 
=! Best NMSE: -1.8167e+01 (epoch=200)

I 05.20/16:54:56 solver.py:151 ] => Train  Loss: 1.1024e-02

I 05.20/16:54:57 solver.py:206 ] 
=! Best NMSE: -1.8167e+01 (epoch=200)

I 05.20/16:54:59 solver.py:151 ] => Train  Loss: 1.1023e-02

I 05.20/16:55:00 solver.py:206 ] 
=! Best NMSE: -1.8167e+01 (epoch=200)

I 05.20/16:55:01 solver.py:151 ] => Train  Loss: 1.0965e-02

I 05.20/16:55:03 solver.py:206 ] 
=! Best NMSE: -1.8167e+01 (epoch=200)

I 05.20/16:55:04 solver.py:151 ] => Train  Loss: 1.0988e-02

I 05.20/16:55:05 solver.py:206 ] 
=! Best NMSE: -1.8167e+01 (epoch=200)

I 05.20/16:55:08 solver.py:151 ] => Train  Loss: 1.0973e-02

I 05.20/16:55:09 solver.py:206 ] 
=! Best NMSE: -1.8167e+01 (epoch=200)

I 05.20/16:55:12 solver.py:151 ] => Train  Loss: 1.0956e-02

I 05.20/16:55:13 solver.py:206 ] 
=! Best NMSE: -1.8167e+01 (epoch=200)

I 05.20/16:55:14 solver.py:151 ] => Train  Loss: 1.0929e-02

I 05.20/16:55:15 solver.py:206 ] 
=! Best NMSE: -1.8167e+01 (epoch=200)

I 05.20/16:55:18 solver.py:151 ] => Train  Loss: 1.0909e-02

I 05.20/16:55:19 solver.py:206 ] 
=! Best NMSE: -1.8167e+01 (epoch=200)

I 05.20/16:55:21 solver.py:151 ] => Train  Loss: 1.0929e-02

I 05.20/16:55:21 solver.py:151 ] => Val  Loss: 1.3268e-02

I 05.20/16:55:21 solver.py:285 ] => Test NMSE: -1.8230e+01

I 05.20/16:55:24 solver.py:206 ] 
=! Best NMSE: -1.8230e+01 (epoch=210)

I 05.20/16:55:26 solver.py:151 ] => Train  Loss: 1.0912e-02

I 05.20/16:55:27 solver.py:206 ] 
=! Best NMSE: -1.8230e+01 (epoch=210)

I 05.20/16:55:29 solver.py:151 ] => Train  Loss: 1.0911e-02

I 05.20/16:55:31 solver.py:206 ] 
=! Best NMSE: -1.8230e+01 (epoch=210)

I 05.20/16:55:33 solver.py:151 ] => Train  Loss: 1.0899e-02

I 05.20/16:55:34 solver.py:206 ] 
=! Best NMSE: -1.8230e+01 (epoch=210)

I 05.20/16:55:36 solver.py:151 ] => Train  Loss: 1.0868e-02

I 05.20/16:55:37 solver.py:206 ] 
=! Best NMSE: -1.8230e+01 (epoch=210)

I 05.20/16:55:38 solver.py:151 ] => Train  Loss: 1.0877e-02

I 05.20/16:55:39 solver.py:206 ] 
=! Best NMSE: -1.8230e+01 (epoch=210)

I 05.20/16:55:41 solver.py:151 ] => Train  Loss: 1.0844e-02

I 05.20/16:55:42 solver.py:206 ] 
=! Best NMSE: -1.8230e+01 (epoch=210)

I 05.20/16:55:44 solver.py:151 ] => Train  Loss: 1.0861e-02

I 05.20/16:55:46 solver.py:206 ] 
=! Best NMSE: -1.8230e+01 (epoch=210)

I 05.20/16:55:48 solver.py:151 ] => Train  Loss: 1.0865e-02

I 05.20/16:55:49 solver.py:206 ] 
=! Best NMSE: -1.8230e+01 (epoch=210)

I 05.20/16:55:51 solver.py:151 ] => Train  Loss: 1.0861e-02

I 05.20/16:55:52 solver.py:206 ] 
=! Best NMSE: -1.8230e+01 (epoch=210)

I 05.20/16:55:53 solver.py:151 ] => Train  Loss: 1.0841e-02

I 05.20/16:55:53 solver.py:151 ] => Val  Loss: 1.3110e-02

I 05.20/16:55:54 solver.py:285 ] => Test NMSE: -1.8281e+01

I 05.20/16:55:56 solver.py:206 ] 
=! Best NMSE: -1.8281e+01 (epoch=220)

I 05.20/16:55:58 solver.py:151 ] => Train  Loss: 1.0831e-02

I 05.20/16:55:59 solver.py:206 ] 
=! Best NMSE: -1.8281e+01 (epoch=220)

I 05.20/16:56:00 solver.py:151 ] => Train  Loss: 1.0801e-02

I 05.20/16:56:01 solver.py:206 ] 
=! Best NMSE: -1.8281e+01 (epoch=220)

I 05.20/16:56:03 solver.py:151 ] => Train  Loss: 1.0765e-02

I 05.20/16:56:04 solver.py:206 ] 
=! Best NMSE: -1.8281e+01 (epoch=220)

I 05.20/16:56:06 solver.py:151 ] => Train  Loss: 1.0771e-02

I 05.20/16:56:08 solver.py:206 ] 
=! Best NMSE: -1.8281e+01 (epoch=220)

I 05.20/16:56:10 solver.py:151 ] => Train  Loss: 1.0762e-02

I 05.20/16:56:12 solver.py:206 ] 
=! Best NMSE: -1.8281e+01 (epoch=220)

I 05.20/16:56:14 solver.py:151 ] => Train  Loss: 1.0752e-02

I 05.20/16:56:15 solver.py:206 ] 
=! Best NMSE: -1.8281e+01 (epoch=220)

I 05.20/16:56:17 solver.py:151 ] => Train  Loss: 1.0780e-02

I 05.20/16:56:19 solver.py:206 ] 
=! Best NMSE: -1.8281e+01 (epoch=220)

I 05.20/16:56:20 solver.py:151 ] => Train  Loss: 1.0798e-02

I 05.20/16:56:21 solver.py:206 ] 
=! Best NMSE: -1.8281e+01 (epoch=220)

I 05.20/16:56:23 solver.py:151 ] => Train  Loss: 1.0736e-02

I 05.20/16:56:25 solver.py:206 ] 
=! Best NMSE: -1.8281e+01 (epoch=220)

I 05.20/16:56:27 solver.py:151 ] => Train  Loss: 1.0731e-02

I 05.20/16:56:28 solver.py:151 ] => Val  Loss: 1.2980e-02

I 05.20/16:56:28 solver.py:285 ] => Test NMSE: -1.8328e+01

I 05.20/16:56:30 solver.py:206 ] 
=! Best NMSE: -1.8328e+01 (epoch=230)

I 05.20/16:56:31 solver.py:151 ] => Train  Loss: 1.0757e-02

I 05.20/16:56:32 solver.py:206 ] 
=! Best NMSE: -1.8328e+01 (epoch=230)

I 05.20/16:56:34 solver.py:151 ] => Train  Loss: 1.0730e-02

I 05.20/16:56:35 solver.py:206 ] 
=! Best NMSE: -1.8328e+01 (epoch=230)

I 05.20/16:56:37 solver.py:151 ] => Train  Loss: 1.0708e-02

I 05.20/16:56:38 solver.py:206 ] 
=! Best NMSE: -1.8328e+01 (epoch=230)

I 05.20/16:56:39 solver.py:151 ] => Train  Loss: 1.0711e-02

I 05.20/16:56:41 solver.py:206 ] 
=! Best NMSE: -1.8328e+01 (epoch=230)

I 05.20/16:56:42 solver.py:151 ] => Train  Loss: 1.0689e-02

I 05.20/16:56:43 solver.py:206 ] 
=! Best NMSE: -1.8328e+01 (epoch=230)

I 05.20/16:56:45 solver.py:151 ] => Train  Loss: 1.0699e-02

I 05.20/16:56:46 solver.py:206 ] 
=! Best NMSE: -1.8328e+01 (epoch=230)

I 05.20/16:56:47 solver.py:151 ] => Train  Loss: 1.0694e-02

I 05.20/16:56:49 solver.py:206 ] 
=! Best NMSE: -1.8328e+01 (epoch=230)

I 05.20/16:56:50 solver.py:151 ] => Train  Loss: 1.0681e-02

I 05.20/16:56:51 solver.py:206 ] 
=! Best NMSE: -1.8328e+01 (epoch=230)

I 05.20/16:56:53 solver.py:151 ] => Train  Loss: 1.0701e-02

I 05.20/16:56:54 solver.py:206 ] 
=! Best NMSE: -1.8328e+01 (epoch=230)

I 05.20/16:56:56 solver.py:151 ] => Train  Loss: 1.0677e-02

I 05.20/16:56:57 solver.py:151 ] => Val  Loss: 1.2864e-02

I 05.20/16:56:57 solver.py:285 ] => Test NMSE: -1.8368e+01

I 05.20/16:56:59 solver.py:206 ] 
=! Best NMSE: -1.8368e+01 (epoch=240)

I 05.20/16:57:01 solver.py:151 ] => Train  Loss: 1.0680e-02

I 05.20/16:57:02 solver.py:206 ] 
=! Best NMSE: -1.8368e+01 (epoch=240)

I 05.20/16:57:04 solver.py:151 ] => Train  Loss: 1.0637e-02

I 05.20/16:57:05 solver.py:206 ] 
=! Best NMSE: -1.8368e+01 (epoch=240)

I 05.20/16:57:06 solver.py:151 ] => Train  Loss: 1.0657e-02

I 05.20/16:57:07 solver.py:206 ] 
=! Best NMSE: -1.8368e+01 (epoch=240)

I 05.20/16:57:08 solver.py:151 ] => Train  Loss: 1.0660e-02

I 05.20/16:57:10 solver.py:206 ] 
=! Best NMSE: -1.8368e+01 (epoch=240)

I 05.20/16:57:11 solver.py:151 ] => Train  Loss: 1.0650e-02

I 05.20/16:57:12 solver.py:206 ] 
=! Best NMSE: -1.8368e+01 (epoch=240)

I 05.20/16:57:14 solver.py:151 ] => Train  Loss: 1.0631e-02

I 05.20/16:57:15 solver.py:206 ] 
=! Best NMSE: -1.8368e+01 (epoch=240)

I 05.20/16:57:17 solver.py:151 ] => Train  Loss: 1.0644e-02

I 05.20/16:57:18 solver.py:206 ] 
=! Best NMSE: -1.8368e+01 (epoch=240)

I 05.20/16:57:20 solver.py:151 ] => Train  Loss: 1.0610e-02

I 05.20/16:57:21 solver.py:206 ] 
=! Best NMSE: -1.8368e+01 (epoch=240)

I 05.20/16:57:22 solver.py:151 ] => Train  Loss: 1.0615e-02

I 05.20/16:57:23 solver.py:206 ] 
=! Best NMSE: -1.8368e+01 (epoch=240)

I 05.20/16:57:25 solver.py:151 ] => Train  Loss: 1.0595e-02

I 05.20/16:57:25 solver.py:151 ] => Val  Loss: 1.2767e-02

I 05.20/16:57:25 solver.py:285 ] => Test NMSE: -1.8405e+01

I 05.20/16:57:28 solver.py:206 ] 
=! Best NMSE: -1.8405e+01 (epoch=250)

I 05.20/16:57:30 solver.py:151 ] => Train  Loss: 1.0598e-02

I 05.20/16:57:32 solver.py:206 ] 
=! Best NMSE: -1.8405e+01 (epoch=250)

I 05.20/16:57:34 solver.py:151 ] => Train  Loss: 1.0596e-02

I 05.20/16:57:35 solver.py:206 ] 
=! Best NMSE: -1.8405e+01 (epoch=250)

I 05.20/16:57:38 solver.py:151 ] => Train  Loss: 1.0592e-02

I 05.20/16:57:39 solver.py:206 ] 
=! Best NMSE: -1.8405e+01 (epoch=250)

I 05.20/16:57:40 solver.py:151 ] => Train  Loss: 1.0603e-02

I 05.20/16:57:41 solver.py:206 ] 
=! Best NMSE: -1.8405e+01 (epoch=250)

I 05.20/16:57:42 solver.py:151 ] => Train  Loss: 1.0576e-02

I 05.20/16:57:44 solver.py:206 ] 
=! Best NMSE: -1.8405e+01 (epoch=250)

I 05.20/16:57:46 solver.py:151 ] => Train  Loss: 1.0576e-02

I 05.20/16:57:47 solver.py:206 ] 
=! Best NMSE: -1.8405e+01 (epoch=250)

I 05.20/16:57:49 solver.py:151 ] => Train  Loss: 1.0574e-02

I 05.20/16:57:50 solver.py:206 ] 
=! Best NMSE: -1.8405e+01 (epoch=250)

I 05.20/16:57:51 solver.py:151 ] => Train  Loss: 1.0564e-02

I 05.20/16:57:52 solver.py:206 ] 
=! Best NMSE: -1.8405e+01 (epoch=250)

I 05.20/16:57:54 solver.py:151 ] => Train  Loss: 1.0564e-02

I 05.20/16:57:55 solver.py:206 ] 
=! Best NMSE: -1.8405e+01 (epoch=250)

I 05.20/16:57:57 solver.py:151 ] => Train  Loss: 1.0577e-02

I 05.20/16:57:57 solver.py:151 ] => Val  Loss: 1.2686e-02

I 05.20/16:57:57 solver.py:285 ] => Test NMSE: -1.8435e+01

I 05.20/16:58:00 solver.py:206 ] 
=! Best NMSE: -1.8435e+01 (epoch=260)

I 05.20/16:58:02 solver.py:151 ] => Train  Loss: 1.0566e-02

I 05.20/16:58:03 solver.py:206 ] 
=! Best NMSE: -1.8435e+01 (epoch=260)

I 05.20/16:58:06 solver.py:151 ] => Train  Loss: 1.0546e-02

I 05.20/16:58:07 solver.py:206 ] 
=! Best NMSE: -1.8435e+01 (epoch=260)

I 05.20/16:58:09 solver.py:151 ] => Train  Loss: 1.0561e-02

I 05.20/16:58:10 solver.py:206 ] 
=! Best NMSE: -1.8435e+01 (epoch=260)

I 05.20/16:58:11 solver.py:151 ] => Train  Loss: 1.0536e-02

I 05.20/16:58:12 solver.py:206 ] 
=! Best NMSE: -1.8435e+01 (epoch=260)

I 05.20/16:58:14 solver.py:151 ] => Train  Loss: 1.0525e-02

I 05.20/16:58:15 solver.py:206 ] 
=! Best NMSE: -1.8435e+01 (epoch=260)

I 05.20/16:58:17 solver.py:151 ] => Train  Loss: 1.0542e-02

I 05.20/16:58:18 solver.py:206 ] 
=! Best NMSE: -1.8435e+01 (epoch=260)

I 05.20/16:58:19 solver.py:151 ] => Train  Loss: 1.0523e-02

I 05.20/16:58:21 solver.py:206 ] 
=! Best NMSE: -1.8435e+01 (epoch=260)

I 05.20/16:58:23 solver.py:151 ] => Train  Loss: 1.0546e-02

I 05.20/16:58:24 solver.py:206 ] 
=! Best NMSE: -1.8435e+01 (epoch=260)

I 05.20/16:58:27 solver.py:151 ] => Train  Loss: 1.0551e-02

I 05.20/16:58:28 solver.py:206 ] 
=! Best NMSE: -1.8435e+01 (epoch=260)

I 05.20/16:58:30 solver.py:151 ] => Train  Loss: 1.0519e-02

I 05.20/16:58:31 solver.py:151 ] => Val  Loss: 1.2603e-02

I 05.20/16:58:31 solver.py:285 ] => Test NMSE: -1.8465e+01

I 05.20/16:58:33 solver.py:206 ] 
=! Best NMSE: -1.8465e+01 (epoch=270)

I 05.20/16:58:36 solver.py:151 ] => Train  Loss: 1.0485e-02

I 05.20/16:58:37 solver.py:206 ] 
=! Best NMSE: -1.8465e+01 (epoch=270)

I 05.20/16:58:39 solver.py:151 ] => Train  Loss: 1.0516e-02

I 05.20/16:58:41 solver.py:206 ] 
=! Best NMSE: -1.8465e+01 (epoch=270)

I 05.20/16:58:43 solver.py:151 ] => Train  Loss: 1.0516e-02

I 05.20/16:58:44 solver.py:206 ] 
=! Best NMSE: -1.8465e+01 (epoch=270)

I 05.20/16:58:46 solver.py:151 ] => Train  Loss: 1.0501e-02

I 05.20/16:58:47 solver.py:206 ] 
=! Best NMSE: -1.8465e+01 (epoch=270)

I 05.20/16:58:48 solver.py:151 ] => Train  Loss: 1.0507e-02

I 05.20/16:58:49 solver.py:206 ] 
=! Best NMSE: -1.8465e+01 (epoch=270)

I 05.20/16:58:51 solver.py:151 ] => Train  Loss: 1.0497e-02

I 05.20/16:58:52 solver.py:206 ] 
=! Best NMSE: -1.8465e+01 (epoch=270)

I 05.20/16:58:53 solver.py:151 ] => Train  Loss: 1.0493e-02

I 05.20/16:58:54 solver.py:206 ] 
=! Best NMSE: -1.8465e+01 (epoch=270)

I 05.20/16:58:57 solver.py:151 ] => Train  Loss: 1.0494e-02

I 05.20/16:58:58 solver.py:206 ] 
=! Best NMSE: -1.8465e+01 (epoch=270)

I 05.20/16:58:59 solver.py:151 ] => Train  Loss: 1.0495e-02

I 05.20/16:59:00 solver.py:206 ] 
=! Best NMSE: -1.8465e+01 (epoch=270)

I 05.20/16:59:02 solver.py:151 ] => Train  Loss: 1.0478e-02

I 05.20/16:59:02 solver.py:151 ] => Val  Loss: 1.2536e-02

I 05.20/16:59:03 solver.py:285 ] => Test NMSE: -1.8489e+01

I 05.20/16:59:06 solver.py:206 ] 
=! Best NMSE: -1.8489e+01 (epoch=280)

I 05.20/16:59:08 solver.py:151 ] => Train  Loss: 1.0483e-02

I 05.20/16:59:09 solver.py:206 ] 
=! Best NMSE: -1.8489e+01 (epoch=280)

I 05.20/16:59:12 solver.py:151 ] => Train  Loss: 1.0439e-02

I 05.20/16:59:13 solver.py:206 ] 
=! Best NMSE: -1.8489e+01 (epoch=280)

I 05.20/16:59:15 solver.py:151 ] => Train  Loss: 1.0480e-02

I 05.20/16:59:16 solver.py:206 ] 
=! Best NMSE: -1.8489e+01 (epoch=280)

I 05.20/16:59:17 solver.py:151 ] => Train  Loss: 1.0456e-02

I 05.20/16:59:18 solver.py:206 ] 
=! Best NMSE: -1.8489e+01 (epoch=280)

I 05.20/16:59:20 solver.py:151 ] => Train  Loss: 1.0464e-02

I 05.20/16:59:21 solver.py:206 ] 
=! Best NMSE: -1.8489e+01 (epoch=280)

I 05.20/16:59:23 solver.py:151 ] => Train  Loss: 1.0452e-02

I 05.20/16:59:24 solver.py:206 ] 
=! Best NMSE: -1.8489e+01 (epoch=280)

I 05.20/16:59:26 solver.py:151 ] => Train  Loss: 1.0432e-02

I 05.20/16:59:28 solver.py:206 ] 
=! Best NMSE: -1.8489e+01 (epoch=280)

I 05.20/16:59:30 solver.py:151 ] => Train  Loss: 1.0497e-02

I 05.20/16:59:32 solver.py:206 ] 
=! Best NMSE: -1.8489e+01 (epoch=280)

I 05.20/16:59:33 solver.py:151 ] => Train  Loss: 1.0422e-02

I 05.20/16:59:34 solver.py:206 ] 
=! Best NMSE: -1.8489e+01 (epoch=280)

I 05.20/16:59:36 solver.py:151 ] => Train  Loss: 1.0422e-02

I 05.20/16:59:36 solver.py:151 ] => Val  Loss: 1.2483e-02

I 05.20/16:59:37 solver.py:285 ] => Test NMSE: -1.8511e+01

I 05.20/16:59:39 solver.py:206 ] 
=! Best NMSE: -1.8511e+01 (epoch=290)

I 05.20/16:59:40 solver.py:151 ] => Train  Loss: 1.0420e-02

I 05.20/16:59:41 solver.py:206 ] 
=! Best NMSE: -1.8511e+01 (epoch=290)

I 05.20/16:59:43 solver.py:151 ] => Train  Loss: 1.0452e-02

I 05.20/16:59:44 solver.py:206 ] 
=! Best NMSE: -1.8511e+01 (epoch=290)

I 05.20/16:59:46 solver.py:151 ] => Train  Loss: 1.0450e-02

I 05.20/16:59:48 solver.py:206 ] 
=! Best NMSE: -1.8511e+01 (epoch=290)

I 05.20/16:59:50 solver.py:151 ] => Train  Loss: 1.0432e-02

I 05.20/16:59:51 solver.py:206 ] 
=! Best NMSE: -1.8511e+01 (epoch=290)

I 05.20/16:59:54 solver.py:151 ] => Train  Loss: 1.0423e-02

I 05.20/16:59:55 solver.py:206 ] 
=! Best NMSE: -1.8511e+01 (epoch=290)

I 05.20/16:59:57 solver.py:151 ] => Train  Loss: 1.0409e-02

I 05.20/16:59:58 solver.py:206 ] 
=! Best NMSE: -1.8511e+01 (epoch=290)

I 05.20/16:59:59 solver.py:151 ] => Train  Loss: 1.0427e-02

I 05.20/17:00:00 solver.py:206 ] 
=! Best NMSE: -1.8511e+01 (epoch=290)

I 05.20/17:00:01 solver.py:151 ] => Train  Loss: 1.0397e-02

I 05.20/17:00:02 solver.py:206 ] 
=! Best NMSE: -1.8511e+01 (epoch=290)

I 05.20/17:00:04 solver.py:151 ] => Train  Loss: 1.0379e-02

I 05.20/17:00:06 solver.py:206 ] 
=! Best NMSE: -1.8511e+01 (epoch=290)

I 05.20/17:00:07 solver.py:151 ] => Train  Loss: 1.0436e-02

I 05.20/17:00:07 solver.py:151 ] => Val  Loss: 1.2428e-02

I 05.20/17:00:07 solver.py:285 ] => Test NMSE: -1.8529e+01

I 05.20/17:00:10 solver.py:206 ] 
=! Best NMSE: -1.8529e+01 (epoch=300)

I 05.20/17:00:11 solver.py:151 ] => Train  Loss: 1.0398e-02

I 05.20/17:00:12 solver.py:206 ] 
=! Best NMSE: -1.8529e+01 (epoch=300)

I 05.20/17:00:13 solver.py:151 ] => Train  Loss: 1.0415e-02

I 05.20/17:00:15 solver.py:206 ] 
=! Best NMSE: -1.8529e+01 (epoch=300)

I 05.20/17:00:17 solver.py:151 ] => Train  Loss: 1.0377e-02

I 05.20/17:00:18 solver.py:206 ] 
=! Best NMSE: -1.8529e+01 (epoch=300)

I 05.20/17:00:20 solver.py:151 ] => Train  Loss: 1.0417e-02

I 05.20/17:00:21 solver.py:206 ] 
=! Best NMSE: -1.8529e+01 (epoch=300)

I 05.20/17:00:22 solver.py:151 ] => Train  Loss: 1.0402e-02

I 05.20/17:00:23 solver.py:206 ] 
=! Best NMSE: -1.8529e+01 (epoch=300)

I 05.20/17:00:25 solver.py:151 ] => Train  Loss: 1.0410e-02

I 05.20/17:00:26 solver.py:206 ] 
=! Best NMSE: -1.8529e+01 (epoch=300)

I 05.20/17:00:29 solver.py:151 ] => Train  Loss: 1.0381e-02

I 05.20/17:00:30 solver.py:206 ] 
=! Best NMSE: -1.8529e+01 (epoch=300)

I 05.20/17:00:32 solver.py:151 ] => Train  Loss: 1.0398e-02

I 05.20/17:00:34 solver.py:206 ] 
=! Best NMSE: -1.8529e+01 (epoch=300)

I 05.20/17:00:35 solver.py:151 ] => Train  Loss: 1.0382e-02

I 05.20/17:00:37 solver.py:206 ] 
=! Best NMSE: -1.8529e+01 (epoch=300)

I 05.20/17:00:39 solver.py:151 ] => Train  Loss: 1.0390e-02

I 05.20/17:00:39 solver.py:151 ] => Val  Loss: 1.2383e-02

I 05.20/17:00:40 solver.py:285 ] => Test NMSE: -1.8548e+01

I 05.20/17:00:42 solver.py:206 ] 
=! Best NMSE: -1.8548e+01 (epoch=310)

I 05.20/17:00:43 solver.py:151 ] => Train  Loss: 1.0371e-02

I 05.20/17:00:44 solver.py:206 ] 
=! Best NMSE: -1.8548e+01 (epoch=310)

I 05.20/17:00:46 solver.py:151 ] => Train  Loss: 1.0353e-02

I 05.20/17:00:47 solver.py:206 ] 
=! Best NMSE: -1.8548e+01 (epoch=310)

I 05.20/17:00:50 solver.py:151 ] => Train  Loss: 1.0373e-02

I 05.20/17:00:51 solver.py:206 ] 
=! Best NMSE: -1.8548e+01 (epoch=310)

I 05.20/17:00:53 solver.py:151 ] => Train  Loss: 1.0367e-02

I 05.20/17:00:54 solver.py:206 ] 
=! Best NMSE: -1.8548e+01 (epoch=310)

I 05.20/17:00:56 solver.py:151 ] => Train  Loss: 1.0357e-02

I 05.20/17:00:57 solver.py:206 ] 
=! Best NMSE: -1.8548e+01 (epoch=310)

I 05.20/17:00:59 solver.py:151 ] => Train  Loss: 1.0369e-02

I 05.20/17:01:00 solver.py:206 ] 
=! Best NMSE: -1.8548e+01 (epoch=310)

I 05.20/17:01:01 solver.py:151 ] => Train  Loss: 1.0364e-02

I 05.20/17:01:02 solver.py:206 ] 
=! Best NMSE: -1.8548e+01 (epoch=310)

I 05.20/17:01:04 solver.py:151 ] => Train  Loss: 1.0324e-02

I 05.20/17:01:05 solver.py:206 ] 
=! Best NMSE: -1.8548e+01 (epoch=310)

I 05.20/17:01:07 solver.py:151 ] => Train  Loss: 1.0367e-02

I 05.20/17:01:08 solver.py:206 ] 
=! Best NMSE: -1.8548e+01 (epoch=310)

I 05.20/17:01:10 solver.py:151 ] => Train  Loss: 1.0378e-02

I 05.20/17:01:10 solver.py:151 ] => Val  Loss: 1.2340e-02

I 05.20/17:01:10 solver.py:285 ] => Test NMSE: -1.8564e+01

I 05.20/17:01:12 solver.py:206 ] 
=! Best NMSE: -1.8564e+01 (epoch=320)

I 05.20/17:01:14 solver.py:151 ] => Train  Loss: 1.0333e-02

I 05.20/17:01:15 solver.py:206 ] 
=! Best NMSE: -1.8564e+01 (epoch=320)

I 05.20/17:01:17 solver.py:151 ] => Train  Loss: 1.0375e-02

I 05.20/17:01:18 solver.py:206 ] 
=! Best NMSE: -1.8564e+01 (epoch=320)

I 05.20/17:01:21 solver.py:151 ] => Train  Loss: 1.0357e-02

I 05.20/17:01:22 solver.py:206 ] 
=! Best NMSE: -1.8564e+01 (epoch=320)

I 05.20/17:01:25 solver.py:151 ] => Train  Loss: 1.0316e-02

I 05.20/17:01:27 solver.py:206 ] 
=! Best NMSE: -1.8564e+01 (epoch=320)

I 05.20/17:01:29 solver.py:151 ] => Train  Loss: 1.0327e-02

I 05.20/17:01:31 solver.py:206 ] 
=! Best NMSE: -1.8564e+01 (epoch=320)

I 05.20/17:01:33 solver.py:151 ] => Train  Loss: 1.0331e-02

I 05.20/17:01:34 solver.py:206 ] 
=! Best NMSE: -1.8564e+01 (epoch=320)

I 05.20/17:01:36 solver.py:151 ] => Train  Loss: 1.0316e-02

I 05.20/17:01:37 solver.py:206 ] 
=! Best NMSE: -1.8564e+01 (epoch=320)

I 05.20/17:01:39 solver.py:151 ] => Train  Loss: 1.0307e-02

I 05.20/17:01:40 solver.py:206 ] 
=! Best NMSE: -1.8564e+01 (epoch=320)

I 05.20/17:01:43 solver.py:151 ] => Train  Loss: 1.0345e-02

I 05.20/17:01:45 solver.py:206 ] 
=! Best NMSE: -1.8564e+01 (epoch=320)

I 05.20/17:01:48 solver.py:151 ] => Train  Loss: 1.0321e-02

I 05.20/17:01:48 solver.py:151 ] => Val  Loss: 1.2306e-02

I 05.20/17:01:48 solver.py:285 ] => Test NMSE: -1.8578e+01

I 05.20/17:01:51 solver.py:206 ] 
=! Best NMSE: -1.8578e+01 (epoch=330)

I 05.20/17:01:54 solver.py:151 ] => Train  Loss: 1.0319e-02

I 05.20/17:01:56 solver.py:206 ] 
=! Best NMSE: -1.8578e+01 (epoch=330)

I 05.20/17:01:58 solver.py:151 ] => Train  Loss: 1.0327e-02

I 05.20/17:01:59 solver.py:206 ] 
=! Best NMSE: -1.8578e+01 (epoch=330)

I 05.20/17:02:00 solver.py:151 ] => Train  Loss: 1.0343e-02

I 05.20/17:02:01 solver.py:206 ] 
=! Best NMSE: -1.8578e+01 (epoch=330)

I 05.20/17:02:03 solver.py:151 ] => Train  Loss: 1.0310e-02

I 05.20/17:02:04 solver.py:206 ] 
=! Best NMSE: -1.8578e+01 (epoch=330)

I 05.20/17:02:07 solver.py:151 ] => Train  Loss: 1.0307e-02

I 05.20/17:02:08 solver.py:206 ] 
=! Best NMSE: -1.8578e+01 (epoch=330)

I 05.20/17:02:10 solver.py:151 ] => Train  Loss: 1.0318e-02

I 05.20/17:02:12 solver.py:206 ] 
=! Best NMSE: -1.8578e+01 (epoch=330)

I 05.20/17:02:14 solver.py:151 ] => Train  Loss: 1.0323e-02

I 05.20/17:02:15 solver.py:206 ] 
=! Best NMSE: -1.8578e+01 (epoch=330)

I 05.20/17:02:18 solver.py:151 ] => Train  Loss: 1.0302e-02

I 05.20/17:02:19 solver.py:206 ] 
=! Best NMSE: -1.8578e+01 (epoch=330)

I 05.20/17:02:20 solver.py:151 ] => Train  Loss: 1.0331e-02

I 05.20/17:02:21 solver.py:206 ] 
=! Best NMSE: -1.8578e+01 (epoch=330)

I 05.20/17:02:23 solver.py:151 ] => Train  Loss: 1.0314e-02

I 05.20/17:02:24 solver.py:151 ] => Val  Loss: 1.2275e-02

I 05.20/17:02:24 solver.py:285 ] => Test NMSE: -1.8589e+01

I 05.20/17:02:26 solver.py:206 ] 
=! Best NMSE: -1.8589e+01 (epoch=340)

I 05.20/17:02:29 solver.py:151 ] => Train  Loss: 1.0342e-02

I 05.20/17:02:30 solver.py:206 ] 
=! Best NMSE: -1.8589e+01 (epoch=340)

I 05.20/17:02:32 solver.py:151 ] => Train  Loss: 1.0290e-02

I 05.20/17:02:33 solver.py:206 ] 
=! Best NMSE: -1.8589e+01 (epoch=340)

I 05.20/17:02:34 solver.py:151 ] => Train  Loss: 1.0301e-02

I 05.20/17:02:35 solver.py:206 ] 
=! Best NMSE: -1.8589e+01 (epoch=340)

I 05.20/17:02:36 solver.py:151 ] => Train  Loss: 1.0297e-02

I 05.20/17:02:37 solver.py:206 ] 
=! Best NMSE: -1.8589e+01 (epoch=340)

I 05.20/17:02:39 solver.py:151 ] => Train  Loss: 1.0282e-02

I 05.20/17:02:40 solver.py:206 ] 
=! Best NMSE: -1.8589e+01 (epoch=340)

I 05.20/17:02:42 solver.py:151 ] => Train  Loss: 1.0319e-02

I 05.20/17:02:43 solver.py:206 ] 
=! Best NMSE: -1.8589e+01 (epoch=340)

I 05.20/17:02:44 solver.py:151 ] => Train  Loss: 1.0298e-02

I 05.20/17:02:45 solver.py:206 ] 
=! Best NMSE: -1.8589e+01 (epoch=340)

I 05.20/17:02:47 solver.py:151 ] => Train  Loss: 1.0296e-02

I 05.20/17:02:48 solver.py:206 ] 
=! Best NMSE: -1.8589e+01 (epoch=340)

I 05.20/17:02:49 solver.py:151 ] => Train  Loss: 1.0282e-02

I 05.20/17:02:50 solver.py:206 ] 
=! Best NMSE: -1.8589e+01 (epoch=340)

I 05.20/17:02:52 solver.py:151 ] => Train  Loss: 1.0292e-02

I 05.20/17:02:52 solver.py:151 ] => Val  Loss: 1.2246e-02

I 05.20/17:02:52 solver.py:285 ] => Test NMSE: -1.8601e+01

I 05.20/17:02:55 solver.py:206 ] 
=! Best NMSE: -1.8601e+01 (epoch=350)

I 05.20/17:02:57 solver.py:151 ] => Train  Loss: 1.0286e-02

I 05.20/17:02:58 solver.py:206 ] 
=! Best NMSE: -1.8601e+01 (epoch=350)

I 05.20/17:02:59 solver.py:151 ] => Train  Loss: 1.0279e-02

I 05.20/17:03:00 solver.py:206 ] 
=! Best NMSE: -1.8601e+01 (epoch=350)

I 05.20/17:03:01 solver.py:151 ] => Train  Loss: 1.0279e-02

I 05.20/17:03:03 solver.py:206 ] 
=! Best NMSE: -1.8601e+01 (epoch=350)

I 05.20/17:03:04 solver.py:151 ] => Train  Loss: 1.0288e-02

I 05.20/17:03:06 solver.py:206 ] 
=! Best NMSE: -1.8601e+01 (epoch=350)

I 05.20/17:03:07 solver.py:151 ] => Train  Loss: 1.0292e-02

I 05.20/17:03:08 solver.py:206 ] 
=! Best NMSE: -1.8601e+01 (epoch=350)

I 05.20/17:03:09 solver.py:151 ] => Train  Loss: 1.0283e-02

I 05.20/17:03:10 solver.py:206 ] 
=! Best NMSE: -1.8601e+01 (epoch=350)

I 05.20/17:03:12 solver.py:151 ] => Train  Loss: 1.0266e-02

I 05.20/17:03:13 solver.py:206 ] 
=! Best NMSE: -1.8601e+01 (epoch=350)

I 05.20/17:03:15 solver.py:151 ] => Train  Loss: 1.0291e-02

I 05.20/17:03:16 solver.py:206 ] 
=! Best NMSE: -1.8601e+01 (epoch=350)

I 05.20/17:03:17 solver.py:151 ] => Train  Loss: 1.0285e-02

I 05.20/17:03:19 solver.py:206 ] 
=! Best NMSE: -1.8601e+01 (epoch=350)

I 05.20/17:03:21 solver.py:151 ] => Train  Loss: 1.0274e-02

I 05.20/17:03:21 solver.py:151 ] => Val  Loss: 1.2221e-02

I 05.20/17:03:21 solver.py:285 ] => Test NMSE: -1.8611e+01

I 05.20/17:03:24 solver.py:206 ] 
=! Best NMSE: -1.8611e+01 (epoch=360)

I 05.20/17:03:25 solver.py:151 ] => Train  Loss: 1.0324e-02

I 05.20/17:03:26 solver.py:206 ] 
=! Best NMSE: -1.8611e+01 (epoch=360)

I 05.20/17:03:27 solver.py:151 ] => Train  Loss: 1.0274e-02

I 05.20/17:03:29 solver.py:206 ] 
=! Best NMSE: -1.8611e+01 (epoch=360)

I 05.20/17:03:31 solver.py:151 ] => Train  Loss: 1.0281e-02

I 05.20/17:03:32 solver.py:206 ] 
=! Best NMSE: -1.8611e+01 (epoch=360)

I 05.20/17:03:34 solver.py:151 ] => Train  Loss: 1.0266e-02

I 05.20/17:03:36 solver.py:206 ] 
=! Best NMSE: -1.8611e+01 (epoch=360)

I 05.20/17:03:38 solver.py:151 ] => Train  Loss: 1.0255e-02

I 05.20/17:03:39 solver.py:206 ] 
=! Best NMSE: -1.8611e+01 (epoch=360)

I 05.20/17:03:42 solver.py:151 ] => Train  Loss: 1.0256e-02

I 05.20/17:03:43 solver.py:206 ] 
=! Best NMSE: -1.8611e+01 (epoch=360)

I 05.20/17:03:45 solver.py:151 ] => Train  Loss: 1.0250e-02

I 05.20/17:03:47 solver.py:206 ] 
=! Best NMSE: -1.8611e+01 (epoch=360)

I 05.20/17:03:49 solver.py:151 ] => Train  Loss: 1.0282e-02

I 05.20/17:03:50 solver.py:206 ] 
=! Best NMSE: -1.8611e+01 (epoch=360)

I 05.20/17:03:51 solver.py:151 ] => Train  Loss: 1.0287e-02

I 05.20/17:03:52 solver.py:206 ] 
=! Best NMSE: -1.8611e+01 (epoch=360)

I 05.20/17:03:54 solver.py:151 ] => Train  Loss: 1.0284e-02

I 05.20/17:03:54 solver.py:151 ] => Val  Loss: 1.2198e-02

I 05.20/17:03:54 solver.py:285 ] => Test NMSE: -1.8620e+01

I 05.20/17:03:56 solver.py:206 ] 
=! Best NMSE: -1.8620e+01 (epoch=370)

I 05.20/17:03:58 solver.py:151 ] => Train  Loss: 1.0271e-02

I 05.20/17:03:59 solver.py:206 ] 
=! Best NMSE: -1.8620e+01 (epoch=370)

I 05.20/17:04:01 solver.py:151 ] => Train  Loss: 1.0257e-02

I 05.20/17:04:03 solver.py:206 ] 
=! Best NMSE: -1.8620e+01 (epoch=370)

I 05.20/17:04:04 solver.py:151 ] => Train  Loss: 1.0291e-02

I 05.20/17:04:06 solver.py:206 ] 
=! Best NMSE: -1.8620e+01 (epoch=370)

I 05.20/17:04:08 solver.py:151 ] => Train  Loss: 1.0240e-02

I 05.20/17:04:09 solver.py:206 ] 
=! Best NMSE: -1.8620e+01 (epoch=370)

I 05.20/17:04:11 solver.py:151 ] => Train  Loss: 1.0271e-02

I 05.20/17:04:12 solver.py:206 ] 
=! Best NMSE: -1.8620e+01 (epoch=370)

I 05.20/17:04:14 solver.py:151 ] => Train  Loss: 1.0257e-02

I 05.20/17:04:16 solver.py:206 ] 
=! Best NMSE: -1.8620e+01 (epoch=370)

I 05.20/17:04:18 solver.py:151 ] => Train  Loss: 1.0241e-02

I 05.20/17:04:19 solver.py:206 ] 
=! Best NMSE: -1.8620e+01 (epoch=370)

I 05.20/17:04:21 solver.py:151 ] => Train  Loss: 1.0257e-02

I 05.20/17:04:22 solver.py:206 ] 
=! Best NMSE: -1.8620e+01 (epoch=370)

I 05.20/17:04:24 solver.py:151 ] => Train  Loss: 1.0239e-02

I 05.20/17:04:25 solver.py:206 ] 
=! Best NMSE: -1.8620e+01 (epoch=370)

I 05.20/17:04:27 solver.py:151 ] => Train  Loss: 1.0231e-02

I 05.20/17:04:28 solver.py:151 ] => Val  Loss: 1.2180e-02

I 05.20/17:04:28 solver.py:285 ] => Test NMSE: -1.8627e+01

I 05.20/17:04:30 solver.py:206 ] 
=! Best NMSE: -1.8627e+01 (epoch=380)

I 05.20/17:04:32 solver.py:151 ] => Train  Loss: 1.0257e-02

I 05.20/17:04:33 solver.py:206 ] 
=! Best NMSE: -1.8627e+01 (epoch=380)

I 05.20/17:04:35 solver.py:151 ] => Train  Loss: 1.0262e-02

I 05.20/17:04:37 solver.py:206 ] 
=! Best NMSE: -1.8627e+01 (epoch=380)

I 05.20/17:04:38 solver.py:151 ] => Train  Loss: 1.0223e-02

I 05.20/17:04:40 solver.py:206 ] 
=! Best NMSE: -1.8627e+01 (epoch=380)

I 05.20/17:04:42 solver.py:151 ] => Train  Loss: 1.0244e-02

I 05.20/17:04:43 solver.py:206 ] 
=! Best NMSE: -1.8627e+01 (epoch=380)

I 05.20/17:04:45 solver.py:151 ] => Train  Loss: 1.0250e-02

I 05.20/17:04:46 solver.py:206 ] 
=! Best NMSE: -1.8627e+01 (epoch=380)

I 05.20/17:04:48 solver.py:151 ] => Train  Loss: 1.0248e-02

I 05.20/17:04:49 solver.py:206 ] 
=! Best NMSE: -1.8627e+01 (epoch=380)

I 05.20/17:04:51 solver.py:151 ] => Train  Loss: 1.0254e-02

I 05.20/17:04:53 solver.py:206 ] 
=! Best NMSE: -1.8627e+01 (epoch=380)

I 05.20/17:04:54 solver.py:151 ] => Train  Loss: 1.0259e-02

I 05.20/17:04:56 solver.py:206 ] 
=! Best NMSE: -1.8627e+01 (epoch=380)

I 05.20/17:04:58 solver.py:151 ] => Train  Loss: 1.0264e-02

I 05.20/17:04:59 solver.py:206 ] 
=! Best NMSE: -1.8627e+01 (epoch=380)

I 05.20/17:05:01 solver.py:151 ] => Train  Loss: 1.0226e-02

I 05.20/17:05:01 solver.py:151 ] => Val  Loss: 1.2161e-02

I 05.20/17:05:02 solver.py:285 ] => Test NMSE: -1.8635e+01

I 05.20/17:05:05 solver.py:206 ] 
=! Best NMSE: -1.8635e+01 (epoch=390)

I 05.20/17:05:07 solver.py:151 ] => Train  Loss: 1.0244e-02

I 05.20/17:05:08 solver.py:206 ] 
=! Best NMSE: -1.8635e+01 (epoch=390)

I 05.20/17:05:10 solver.py:151 ] => Train  Loss: 1.0257e-02

I 05.20/17:05:11 solver.py:206 ] 
=! Best NMSE: -1.8635e+01 (epoch=390)

I 05.20/17:05:13 solver.py:151 ] => Train  Loss: 1.0235e-02

I 05.20/17:05:14 solver.py:206 ] 
=! Best NMSE: -1.8635e+01 (epoch=390)

I 05.20/17:05:16 solver.py:151 ] => Train  Loss: 1.0210e-02

I 05.20/17:05:18 solver.py:206 ] 
=! Best NMSE: -1.8635e+01 (epoch=390)

I 05.20/17:05:20 solver.py:151 ] => Train  Loss: 1.0224e-02

I 05.20/17:05:21 solver.py:206 ] 
=! Best NMSE: -1.8635e+01 (epoch=390)

I 05.20/17:05:23 solver.py:151 ] => Train  Loss: 1.0246e-02

I 05.20/17:05:24 solver.py:206 ] 
=! Best NMSE: -1.8635e+01 (epoch=390)

I 05.20/17:05:26 solver.py:151 ] => Train  Loss: 1.0246e-02

I 05.20/17:05:27 solver.py:206 ] 
=! Best NMSE: -1.8635e+01 (epoch=390)

I 05.20/17:05:29 solver.py:151 ] => Train  Loss: 1.0216e-02

I 05.20/17:05:30 solver.py:206 ] 
=! Best NMSE: -1.8635e+01 (epoch=390)

I 05.20/17:05:32 solver.py:151 ] => Train  Loss: 1.0247e-02

I 05.20/17:05:33 solver.py:206 ] 
=! Best NMSE: -1.8635e+01 (epoch=390)

I 05.20/17:05:35 solver.py:151 ] => Train  Loss: 1.0243e-02

I 05.20/17:05:35 solver.py:151 ] => Val  Loss: 1.2136e-02

I 05.20/17:05:36 solver.py:285 ] => Test NMSE: -1.8643e+01

I 05.20/17:05:38 solver.py:206 ] 
=! Best NMSE: -1.8643e+01 (epoch=400)

I 05.20/17:05:39 solver.py:229 ] => Saved encoder outputs to /storage/hujiacong/zxd/Huawei/TransNet/exps/01878_seed2026_400ep_5e-4/encoder_output.pth
I 05.20/17:05:39 solver.py:285 ] => Test NMSE: -1.8643e+01

I 05.20/17:05:39 solver.py:254 ] 
=> Test result: 
loss: 1.0246e-02    NMSE: -1.8643e+01

I 05.20/17:05:39 main.py:87  ] 
=! Final test loss: 1.0246e-02
         test NMSE: -1.8643e+01

